<?xml version="1.0" encoding="utf-8"?><testsuites><testsuite errors="0" failures="0" hostname="fv-az36" name="pytest" skipped="0" tests="306" time="2.953" timestamp="2020-02-25T19:17:10.984608"><testcase classname="zdevelop.tests.test_abc" file="zdevelop/tests/test_abc.py" line="5" name="test_not_implemented[FileABC-__iter__-args0-kwargs0]" time="0.002"></testcase><testcase classname="zdevelop.tests.test_abc" file="zdevelop/tests/test_abc.py" line="5" name="test_not_implemented[FileABC-__len__-args1-kwargs1]" time="0.001"></testcase><testcase classname="zdevelop.tests.test_abc" file="zdevelop/tests/test_abc.py" line="5" name="test_not_implemented[FileABC-__repr__-args2-kwargs2]" time="0.001"></testcase><testcase classname="zdevelop.tests.test_abc" file="zdevelop/tests/test_abc.py" line="5" name="test_not_implemented[FileABC-move_iter-args3-kwargs3]" time="0.001"></testcase><testcase classname="zdevelop.tests.test_abc" file="zdevelop/tests/test_abc.py" line="5" name="test_not_implemented[FileABC-move-args4-kwargs4]" time="0.001"></testcase><testcase classname="zdevelop.tests.test_abc" file="zdevelop/tests/test_abc.py" line="5" name="test_not_implemented[FileABC-copy_iter-args5-kwargs5]" time="0.001"></testcase><testcase classname="zdevelop.tests.test_abc" file="zdevelop/tests/test_abc.py" line="5" name="test_not_implemented[FileABC-copy-args6-kwargs6]" time="0.001"></testcase><testcase classname="zdevelop.tests.test_abc" file="zdevelop/tests/test_abc.py" line="5" name="test_not_implemented[FileABC-rename_iter-args7-kwargs7]" time="0.001"></testcase><testcase classname="zdevelop.tests.test_abc" file="zdevelop/tests/test_abc.py" line="5" name="test_not_implemented[FileABC-rename-args8-kwargs8]" time="0.001"></testcase><testcase classname="zdevelop.tests.test_abc" file="zdevelop/tests/test_abc.py" line="5" name="test_not_implemented[FileABC-delete_iter-args9-kwargs9]" time="0.001"></testcase><testcase classname="zdevelop.tests.test_abc" file="zdevelop/tests/test_abc.py" line="5" name="test_not_implemented[FileABC-delete-args10-kwargs10]" time="0.001"></testcase><testcase classname="zdevelop.tests.test_abc" file="zdevelop/tests/test_abc.py" line="5" name="test_not_implemented[FileABC-chmod_iter-args11-kwargs11]" time="0.001"></testcase><testcase classname="zdevelop.tests.test_abc" file="zdevelop/tests/test_abc.py" line="5" name="test_not_implemented[FileABC-chmod-args12-kwargs12]" time="0.001"></testcase><testcase classname="zdevelop.tests.test_abc" file="zdevelop/tests/test_abc.py" line="5" name="test_not_implemented[FileBase-__iter__-args13-kwargs13]" time="0.001"></testcase><testcase classname="zdevelop.tests.test_abc" file="zdevelop/tests/test_abc.py" line="5" name="test_not_implemented[FileBase-__len__-args14-kwargs14]" time="0.002"></testcase><testcase classname="zdevelop.tests.test_abc" file="zdevelop/tests/test_abc.py" line="5" name="test_not_implemented[FileBase-init_new-args15-kwargs15]" time="0.001"></testcase><testcase classname="zdevelop.tests.test_abc" file="zdevelop/tests/test_abc.py" line="5" name="test_not_implemented[FileBase-rename_iter-args16-kwargs16]" time="0.002"></testcase><testcase classname="zdevelop.tests.test_abc" file="zdevelop/tests/test_abc.py" line="5" name="test_not_implemented[NameABC-from_path-args17-kwargs17]" time="0.001"></testcase><testcase classname="zdevelop.tests.test_abc" file="zdevelop/tests/test_abc.py" line="5" name="test_not_implemented[NameABC-alter-args18-kwargs18]" time="0.001"></testcase><testcase classname="zdevelop.tests.test_abc" file="zdevelop/tests/test_abc.py" line="5" name="test_not_implemented[NameABC-formatted-args19-kwargs19]" time="0.001"></testcase><testcase classname="zdevelop.tests.test_file.TestDunder" file="zdevelop/tests/test_file.py" line="8" name="test_init_path" time="0.001"></testcase><testcase classname="zdevelop.tests.test_file.TestDunder" file="zdevelop/tests/test_file.py" line="14" name="test_init_str" time="0.001"></testcase><testcase classname="zdevelop.tests.test_file.TestDunder" file="zdevelop/tests/test_file.py" line="20" name="test_init_pure_path" time="0.001"></testcase><testcase classname="zdevelop.tests.test_file.TestDunder" file="zdevelop/tests/test_file.py" line="26" name="test_init_os_path" time="0.001"></testcase><testcase classname="zdevelop.tests.test_file.TestDunder" file="zdevelop/tests/test_file.py" line="32" name="test_len" time="0.001"></testcase><testcase classname="zdevelop.tests.test_file.TestDunder" file="zdevelop/tests/test_file.py" line="38" name="test_iter" time="0.001"></testcase><testcase classname="zdevelop.tests.test_file.TestDunder" file="zdevelop/tests/test_file.py" line="47" name="test_repr" time="0.001"><system-out>&lt;File: &apos;/Volumes/disk/folder/file.txt&apos;&gt;
</system-out></testcase><testcase classname="zdevelop.tests.test_file.TestDisk" file="zdevelop/tests/test_file.py" line="58" name="test_copy_move_iter[move_iter-False]" time="0.004"><system-out>Source Dir ls:
-----------
Destination Dir ls:
1: /tmp/pytest-of-vsts/pytest-0/test_copy_move_iter_move_iter_0/dst/file.txt
</system-out></testcase><testcase classname="zdevelop.tests.test_file.TestDisk" file="zdevelop/tests/test_file.py" line="58" name="test_copy_move_iter[copy_iter-True]" time="0.002"><system-out>Source Dir ls:
1: /tmp/pytest-of-vsts/pytest-0/test_copy_move_iter_copy_iter_0/src/file.txt
-----------
Destination Dir ls:
1: /tmp/pytest-of-vsts/pytest-0/test_copy_move_iter_copy_iter_0/dst/file.txt
</system-out></testcase><testcase classname="zdevelop.tests.test_file.TestDisk" file="zdevelop/tests/test_file.py" line="96" name="test_copy_move[move-False]" time="0.002"><system-out>Source Dir ls:
-----------
Destination Dir ls:
1: /tmp/pytest-of-vsts/pytest-0/test_copy_move_move_False_0/dst/file.txt
</system-out></testcase><testcase classname="zdevelop.tests.test_file.TestDisk" file="zdevelop/tests/test_file.py" line="96" name="test_copy_move[copy-True]" time="0.002"><system-out>Source Dir ls:
1: /tmp/pytest-of-vsts/pytest-0/test_copy_move_copy_True_0/src/file.txt
-----------
Destination Dir ls:
1: /tmp/pytest-of-vsts/pytest-0/test_copy_move_copy_True_0/dst/file.txt
</system-out></testcase><testcase classname="zdevelop.tests.test_file.TestDisk" file="zdevelop/tests/test_file.py" line="123" name="test_rename[True]" time="0.002"><system-out>Original Dir List
/tmp/pytest-of-vsts/pytest-0/test_rename_True_0/src/file.txt
------------------
/tmp/pytest-of-vsts/pytest-0/test_rename_True_0/src/file.txt -&gt; /tmp/pytest-of-vsts/pytest-0/test_rename_True_0/src/new_name.dpx
------------------
Post-rename Dir List
/tmp/pytest-of-vsts/pytest-0/test_rename_True_0/src/new_name.dpx
</system-out></testcase><testcase classname="zdevelop.tests.test_file.TestDisk" file="zdevelop/tests/test_file.py" line="123" name="test_rename[False]" time="0.002"><system-out>Original Dir List
/tmp/pytest-of-vsts/pytest-0/test_rename_False_0/src/file.txt
------------------
------------------
Post-rename Dir List
/tmp/pytest-of-vsts/pytest-0/test_rename_False_0/src/new_name.dpx
</system-out></testcase><testcase classname="zdevelop.tests.test_file.TestDisk" file="zdevelop/tests/test_file.py" line="172" name="test_delete[True]" time="0.002"><system-out>deleted: /tmp/pytest-of-vsts/pytest-0/test_delete_True_0/src/file.txt
--------
Source Dir ls:
</system-out></testcase><testcase classname="zdevelop.tests.test_file.TestDisk" file="zdevelop/tests/test_file.py" line="172" name="test_delete[False]" time="0.002"><system-out>--------
Source Dir ls:
</system-out></testcase><testcase classname="zdevelop.tests.test_file.TestDisk" file="zdevelop/tests/test_file.py" line="196" name="test_chmod[True]" time="0.002"><system-out>Original mode list:
33188 /tmp/pytest-of-vsts/pytest-0/test_chmod_True_0/src/file.txt
--------
changed: /tmp/pytest-of-vsts/pytest-0/test_chmod_True_0/src/file.txt
--------
Changed mode list:
511 /tmp/pytest-of-vsts/pytest-0/test_chmod_True_0/src/file.txt
</system-out></testcase><testcase classname="zdevelop.tests.test_file.TestDisk" file="zdevelop/tests/test_file.py" line="196" name="test_chmod[False]" time="0.003"><system-out>Original mode list:
33188 /tmp/pytest-of-vsts/pytest-0/test_chmod_False_0/src/file.txt
--------
--------
Changed mode list:
511 /tmp/pytest-of-vsts/pytest-0/test_chmod_False_0/src/file.txt
</system-out></testcase><testcase classname="zdevelop.tests.test_file_name" file="zdevelop/tests/test_file_name.py" line="18" name="test_brackets[bracket0-&lt;-&gt;-&lt;text&gt;]" time="0.001"></testcase><testcase classname="zdevelop.tests.test_file_name" file="zdevelop/tests/test_file_name.py" line="18" name="test_brackets[bracket1-(-)-(text)]" time="0.001"></testcase><testcase classname="zdevelop.tests.test_file_name" file="zdevelop/tests/test_file_name.py" line="18" name="test_brackets[bracket2-[-]-[text]]" time="0.001"></testcase><testcase classname="zdevelop.tests.test_file_name" file="zdevelop/tests/test_file_name.py" line="18" name="test_brackets[bracket3-{-}-{text}]" time="0.001"></testcase><testcase classname="zdevelop.tests.test_file_name.TestHelpers" file="zdevelop/tests/test_file_name.py" line="34" name="test_num_end_from_match[group_dict0-None]" time="0.001"></testcase><testcase classname="zdevelop.tests.test_file_name.TestHelpers" file="zdevelop/tests/test_file_name.py" line="34" name="test_num_end_from_match[group_dict1-10]" time="0.001"></testcase><testcase classname="zdevelop.tests.test_file_name.TestHelpers" file="zdevelop/tests/test_file_name.py" line="40" name="test_padding_from_match[group_dict0-3]" time="0.001"></testcase><testcase classname="zdevelop.tests.test_file_name.TestHelpers" file="zdevelop/tests/test_file_name.py" line="40" name="test_padding_from_match[group_dict1-3]" time="0.001"></testcase><testcase classname="zdevelop.tests.test_file_name.TestHelpers" file="zdevelop/tests/test_file_name.py" line="40" name="test_padding_from_match[group_dict2-2]" time="0.001"></testcase><testcase classname="zdevelop.tests.test_file_name.TestHelpers" file="zdevelop/tests/test_file_name.py" line="51" name="test_brackets_from_match[group_dict0-answer0]" time="0.001"></testcase><testcase classname="zdevelop.tests.test_file_name.TestHelpers" file="zdevelop/tests/test_file_name.py" line="51" name="test_brackets_from_match[group_dict1-answer1]" time="0.001"></testcase><testcase classname="zdevelop.tests.test_file_name.TestHelpers" file="zdevelop/tests/test_file_name.py" line="51" name="test_brackets_from_match[group_dict2-answer2]" time="0.001"></testcase><testcase classname="zdevelop.tests.test_file_name.TestHelpers" file="zdevelop/tests/test_file_name.py" line="51" name="test_brackets_from_match[group_dict3-answer3]" time="0.001"></testcase><testcase classname="zdevelop.tests.test_file_name.TestHelpers" file="zdevelop/tests/test_file_name.py" line="63" name="test_brackets_from_match_raises[group_dict0]" time="0.001"></testcase><testcase classname="zdevelop.tests.test_file_name.TestHelpers" file="zdevelop/tests/test_file_name.py" line="63" name="test_brackets_from_match_raises[group_dict1]" time="0.001"></testcase><testcase classname="zdevelop.tests.test_file_name.TestHelpers" file="zdevelop/tests/test_file_name.py" line="63" name="test_brackets_from_match_raises[group_dict2]" time="0.001"></testcase><testcase classname="zdevelop.tests.test_file_name.TestHelpers" file="zdevelop/tests/test_file_name.py" line="63" name="test_brackets_from_match_raises[group_dict3]" time="0.001"></testcase><testcase classname="zdevelop.tests.test_file_name.TestHelpers" file="zdevelop/tests/test_file_name.py" line="76" name="test_format_range_pieces[None-None---]" time="0.002"></testcase><testcase classname="zdevelop.tests.test_file_name.TestHelpers" file="zdevelop/tests/test_file_name.py" line="76" name="test_format_range_pieces[brackets1-None---]" time="0.002"></testcase><testcase classname="zdevelop.tests.test_file_name.TestHelpers" file="zdevelop/tests/test_file_name.py" line="76" name="test_format_range_pieces[None-100----]" time="0.002"></testcase><testcase classname="zdevelop.tests.test_file_name.TestHelpers" file="zdevelop/tests/test_file_name.py" line="76" name="test_format_range_pieces[brackets3-100-[-]--]" time="0.002"></testcase><testcase classname="zdevelop.tests.test_file_name.TestHelpers" file="zdevelop/tests/test_file_name.py" line="76" name="test_format_range_pieces[brackets4-100-(-)--]" time="0.002"></testcase><testcase classname="zdevelop.tests.test_file_name.TestHelpers" file="zdevelop/tests/test_file_name.py" line="97" name="test_format_file_nums[100-None-0-100-]" time="0.002"></testcase><testcase classname="zdevelop.tests.test_file_name.TestHelpers" file="zdevelop/tests/test_file_name.py" line="97" name="test_format_file_nums[1-100-0-1-100]" time="0.002"></testcase><testcase classname="zdevelop.tests.test_file_name.TestHelpers" file="zdevelop/tests/test_file_name.py" line="97" name="test_format_file_nums[1-100-4-0001-0100]" time="0.002"></testcase><testcase classname="zdevelop.tests.test_file_name.TestHelpers" file="zdevelop/tests/test_file_name.py" line="97" name="test_format_file_nums[1-10000-4-0001-10000]" time="0.002"></testcase><testcase classname="zdevelop.tests.test_file_name.TestHelpers" file="zdevelop/tests/test_file_name.py" line="114" name="test_regex_passes[file.10.exr]" time="0.001"><system-out>{&apos;base&apos;: &apos;file&apos;, &apos;sep&apos;: &apos;.&apos;, &apos;open&apos;: None, &apos;start&apos;: &apos;10&apos;, &apos;end&apos;: None, &apos;close&apos;: None, &apos;extension&apos;: &apos;.exr&apos;}
</system-out></testcase><testcase classname="zdevelop.tests.test_file_name.TestHelpers" file="zdevelop/tests/test_file_name.py" line="114" name="test_regex_passes[file.#.exr]" time="0.001"><system-out>{&apos;base&apos;: &apos;file&apos;, &apos;sep&apos;: &apos;.&apos;, &apos;open&apos;: None, &apos;start&apos;: &apos;#&apos;, &apos;end&apos;: None, &apos;close&apos;: None, &apos;extension&apos;: &apos;.exr&apos;}
</system-out></testcase><testcase classname="zdevelop.tests.test_file_name.TestHelpers" file="zdevelop/tests/test_file_name.py" line="114" name="test_regex_passes[file.#######.exr]" time="0.001"><system-out>{&apos;base&apos;: &apos;file&apos;, &apos;sep&apos;: &apos;.&apos;, &apos;open&apos;: None, &apos;start&apos;: &apos;#######&apos;, &apos;end&apos;: None, &apos;close&apos;: None, &apos;extension&apos;: &apos;.exr&apos;}
</system-out></testcase><testcase classname="zdevelop.tests.test_file_name.TestHelpers" file="zdevelop/tests/test_file_name.py" line="114" name="test_regex_passes[file_10.exr]" time="0.001"><system-out>{&apos;base&apos;: &apos;file&apos;, &apos;sep&apos;: &apos;_&apos;, &apos;open&apos;: None, &apos;start&apos;: &apos;10&apos;, &apos;end&apos;: None, &apos;close&apos;: None, &apos;extension&apos;: &apos;.exr&apos;}
</system-out></testcase><testcase classname="zdevelop.tests.test_file_name.TestHelpers" file="zdevelop/tests/test_file_name.py" line="114" name="test_regex_passes[file.001]" time="0.001"><system-out>{&apos;base&apos;: &apos;file&apos;, &apos;sep&apos;: &apos;.&apos;, &apos;open&apos;: None, &apos;start&apos;: &apos;001&apos;, &apos;end&apos;: None, &apos;close&apos;: None, &apos;extension&apos;: None}
</system-out></testcase><testcase classname="zdevelop.tests.test_file_name.TestHelpers" file="zdevelop/tests/test_file_name.py" line="114" name="test_regex_passes[file.010.exr]" time="0.001"><system-out>{&apos;base&apos;: &apos;file&apos;, &apos;sep&apos;: &apos;.&apos;, &apos;open&apos;: None, &apos;start&apos;: &apos;010&apos;, &apos;end&apos;: None, &apos;close&apos;: None, &apos;extension&apos;: &apos;.exr&apos;}
</system-out></testcase><testcase classname="zdevelop.tests.test_file_name.TestHelpers" file="zdevelop/tests/test_file_name.py" line="114" name="test_regex_passes[file_010.exr]" time="0.001"><system-out>{&apos;base&apos;: &apos;file&apos;, &apos;sep&apos;: &apos;_&apos;, &apos;open&apos;: None, &apos;start&apos;: &apos;010&apos;, &apos;end&apos;: None, &apos;close&apos;: None, &apos;extension&apos;: &apos;.exr&apos;}
</system-out></testcase><testcase classname="zdevelop.tests.test_file_name.TestHelpers" file="zdevelop/tests/test_file_name.py" line="114" name="test_regex_passes[file.000010.exr]" time="0.002"><system-out>{&apos;base&apos;: &apos;file&apos;, &apos;sep&apos;: &apos;.&apos;, &apos;open&apos;: None, &apos;start&apos;: &apos;000010&apos;, &apos;end&apos;: None, &apos;close&apos;: None, &apos;extension&apos;: &apos;.exr&apos;}
</system-out></testcase><testcase classname="zdevelop.tests.test_file_name.TestHelpers" file="zdevelop/tests/test_file_name.py" line="114" name="test_regex_passes[file_000010.exr]" time="0.001"><system-out>{&apos;base&apos;: &apos;file&apos;, &apos;sep&apos;: &apos;_&apos;, &apos;open&apos;: None, &apos;start&apos;: &apos;000010&apos;, &apos;end&apos;: None, &apos;close&apos;: None, &apos;extension&apos;: &apos;.exr&apos;}
</system-out></testcase><testcase classname="zdevelop.tests.test_file_name.TestHelpers" file="zdevelop/tests/test_file_name.py" line="114" name="test_regex_passes[file_#.exr]" time="0.001"><system-out>{&apos;base&apos;: &apos;file&apos;, &apos;sep&apos;: &apos;_&apos;, &apos;open&apos;: None, &apos;start&apos;: &apos;#&apos;, &apos;end&apos;: None, &apos;close&apos;: None, &apos;extension&apos;: &apos;.exr&apos;}
</system-out></testcase><testcase classname="zdevelop.tests.test_file_name.TestHelpers" file="zdevelop/tests/test_file_name.py" line="114" name="test_regex_passes[file_#######.exr]" time="0.001"><system-out>{&apos;base&apos;: &apos;file&apos;, &apos;sep&apos;: &apos;_&apos;, &apos;open&apos;: None, &apos;start&apos;: &apos;#######&apos;, &apos;end&apos;: None, &apos;close&apos;: None, &apos;extension&apos;: &apos;.exr&apos;}
</system-out></testcase><testcase classname="zdevelop.tests.test_file_name.TestHelpers" file="zdevelop/tests/test_file_name.py" line="114" name="test_regex_passes[file.10-11.exr]" time="0.001"><system-out>{&apos;base&apos;: &apos;file&apos;, &apos;sep&apos;: &apos;.&apos;, &apos;open&apos;: None, &apos;start&apos;: &apos;10&apos;, &apos;end&apos;: &apos;11&apos;, &apos;close&apos;: None, &apos;extension&apos;: &apos;.exr&apos;}
</system-out></testcase><testcase classname="zdevelop.tests.test_file_name.TestHelpers" file="zdevelop/tests/test_file_name.py" line="114" name="test_regex_passes[file_10-11.exr]" time="0.001"><system-out>{&apos;base&apos;: &apos;file&apos;, &apos;sep&apos;: &apos;_&apos;, &apos;open&apos;: None, &apos;start&apos;: &apos;10&apos;, &apos;end&apos;: &apos;11&apos;, &apos;close&apos;: None, &apos;extension&apos;: &apos;.exr&apos;}
</system-out></testcase><testcase classname="zdevelop.tests.test_file_name.TestHelpers" file="zdevelop/tests/test_file_name.py" line="114" name="test_regex_passes[file.010-011.exr]" time="0.001"><system-out>{&apos;base&apos;: &apos;file&apos;, &apos;sep&apos;: &apos;.&apos;, &apos;open&apos;: None, &apos;start&apos;: &apos;010&apos;, &apos;end&apos;: &apos;011&apos;, &apos;close&apos;: None, &apos;extension&apos;: &apos;.exr&apos;}
</system-out></testcase><testcase classname="zdevelop.tests.test_file_name.TestHelpers" file="zdevelop/tests/test_file_name.py" line="114" name="test_regex_passes[file_010-011.exr]" time="0.001"><system-out>{&apos;base&apos;: &apos;file&apos;, &apos;sep&apos;: &apos;_&apos;, &apos;open&apos;: None, &apos;start&apos;: &apos;010&apos;, &apos;end&apos;: &apos;011&apos;, &apos;close&apos;: None, &apos;extension&apos;: &apos;.exr&apos;}
</system-out></testcase><testcase classname="zdevelop.tests.test_file_name.TestHelpers" file="zdevelop/tests/test_file_name.py" line="114" name="test_regex_passes[file_#-#.exr]" time="0.001"><system-out>{&apos;base&apos;: &apos;file&apos;, &apos;sep&apos;: &apos;_&apos;, &apos;open&apos;: None, &apos;start&apos;: &apos;#&apos;, &apos;end&apos;: &apos;#&apos;, &apos;close&apos;: None, &apos;extension&apos;: &apos;.exr&apos;}
</system-out></testcase><testcase classname="zdevelop.tests.test_file_name.TestHelpers" file="zdevelop/tests/test_file_name.py" line="114" name="test_regex_passes[file_#######-#######.exr]" time="0.001"><system-out>{&apos;base&apos;: &apos;file&apos;, &apos;sep&apos;: &apos;_&apos;, &apos;open&apos;: None, &apos;start&apos;: &apos;#######&apos;, &apos;end&apos;: &apos;#######&apos;, &apos;close&apos;: None, &apos;extension&apos;: &apos;.exr&apos;}
</system-out></testcase><testcase classname="zdevelop.tests.test_file_name.TestHelpers" file="zdevelop/tests/test_file_name.py" line="114" name="test_regex_passes[file.000010-000011.exr]" time="0.001"><system-out>{&apos;base&apos;: &apos;file&apos;, &apos;sep&apos;: &apos;.&apos;, &apos;open&apos;: None, &apos;start&apos;: &apos;000010&apos;, &apos;end&apos;: &apos;000011&apos;, &apos;close&apos;: None, &apos;extension&apos;: &apos;.exr&apos;}
</system-out></testcase><testcase classname="zdevelop.tests.test_file_name.TestHelpers" file="zdevelop/tests/test_file_name.py" line="114" name="test_regex_passes[file.#-#.exr]" time="0.001"><system-out>{&apos;base&apos;: &apos;file&apos;, &apos;sep&apos;: &apos;.&apos;, &apos;open&apos;: None, &apos;start&apos;: &apos;#&apos;, &apos;end&apos;: &apos;#&apos;, &apos;close&apos;: None, &apos;extension&apos;: &apos;.exr&apos;}
</system-out></testcase><testcase classname="zdevelop.tests.test_file_name.TestHelpers" file="zdevelop/tests/test_file_name.py" line="114" name="test_regex_passes[file.#######-#######.exr]" time="0.001"><system-out>{&apos;base&apos;: &apos;file&apos;, &apos;sep&apos;: &apos;.&apos;, &apos;open&apos;: None, &apos;start&apos;: &apos;#######&apos;, &apos;end&apos;: &apos;#######&apos;, &apos;close&apos;: None, &apos;extension&apos;: &apos;.exr&apos;}
</system-out></testcase><testcase classname="zdevelop.tests.test_file_name.TestHelpers" file="zdevelop/tests/test_file_name.py" line="114" name="test_regex_passes[file.[010-011].exr]" time="0.001"><system-out>{&apos;base&apos;: &apos;file&apos;, &apos;sep&apos;: &apos;.&apos;, &apos;open&apos;: &apos;[&apos;, &apos;start&apos;: &apos;010&apos;, &apos;end&apos;: &apos;011&apos;, &apos;close&apos;: &apos;]&apos;, &apos;extension&apos;: &apos;.exr&apos;}
</system-out></testcase><testcase classname="zdevelop.tests.test_file_name.TestHelpers" file="zdevelop/tests/test_file_name.py" line="114" name="test_regex_passes[file.[#-#].exr]" time="0.001"><system-out>{&apos;base&apos;: &apos;file&apos;, &apos;sep&apos;: &apos;.&apos;, &apos;open&apos;: &apos;[&apos;, &apos;start&apos;: &apos;#&apos;, &apos;end&apos;: &apos;#&apos;, &apos;close&apos;: &apos;]&apos;, &apos;extension&apos;: &apos;.exr&apos;}
</system-out></testcase><testcase classname="zdevelop.tests.test_file_name.TestHelpers" file="zdevelop/tests/test_file_name.py" line="114" name="test_regex_passes[file.[#######-#######].exr]" time="0.001"><system-out>{&apos;base&apos;: &apos;file&apos;, &apos;sep&apos;: &apos;.&apos;, &apos;open&apos;: &apos;[&apos;, &apos;start&apos;: &apos;#######&apos;, &apos;end&apos;: &apos;#######&apos;, &apos;close&apos;: &apos;]&apos;, &apos;extension&apos;: &apos;.exr&apos;}
</system-out></testcase><testcase classname="zdevelop.tests.test_file_name.TestHelpers" file="zdevelop/tests/test_file_name.py" line="114" name="test_regex_passes[file_[010-011].exr]" time="0.001"><system-out>{&apos;base&apos;: &apos;file&apos;, &apos;sep&apos;: &apos;_&apos;, &apos;open&apos;: &apos;[&apos;, &apos;start&apos;: &apos;010&apos;, &apos;end&apos;: &apos;011&apos;, &apos;close&apos;: &apos;]&apos;, &apos;extension&apos;: &apos;.exr&apos;}
</system-out></testcase><testcase classname="zdevelop.tests.test_file_name.TestHelpers" file="zdevelop/tests/test_file_name.py" line="114" name="test_regex_passes[file_[#-#].exr]" time="0.001"><system-out>{&apos;base&apos;: &apos;file&apos;, &apos;sep&apos;: &apos;_&apos;, &apos;open&apos;: &apos;[&apos;, &apos;start&apos;: &apos;#&apos;, &apos;end&apos;: &apos;#&apos;, &apos;close&apos;: &apos;]&apos;, &apos;extension&apos;: &apos;.exr&apos;}
</system-out></testcase><testcase classname="zdevelop.tests.test_file_name.TestHelpers" file="zdevelop/tests/test_file_name.py" line="114" name="test_regex_passes[file_[#######-#######].exr]" time="0.001"><system-out>{&apos;base&apos;: &apos;file&apos;, &apos;sep&apos;: &apos;_&apos;, &apos;open&apos;: &apos;[&apos;, &apos;start&apos;: &apos;#######&apos;, &apos;end&apos;: &apos;#######&apos;, &apos;close&apos;: &apos;]&apos;, &apos;extension&apos;: &apos;.exr&apos;}
</system-out></testcase><testcase classname="zdevelop.tests.test_file_name.TestHelpers" file="zdevelop/tests/test_file_name.py" line="114" name="test_regex_passes[file.{010-011}.exr]" time="0.001"><system-out>{&apos;base&apos;: &apos;file&apos;, &apos;sep&apos;: &apos;.&apos;, &apos;open&apos;: &apos;{&apos;, &apos;start&apos;: &apos;010&apos;, &apos;end&apos;: &apos;011&apos;, &apos;close&apos;: &apos;}&apos;, &apos;extension&apos;: &apos;.exr&apos;}
</system-out></testcase><testcase classname="zdevelop.tests.test_file_name.TestHelpers" file="zdevelop/tests/test_file_name.py" line="114" name="test_regex_passes[file_{010-011}.exr]" time="0.001"><system-out>{&apos;base&apos;: &apos;file&apos;, &apos;sep&apos;: &apos;_&apos;, &apos;open&apos;: &apos;{&apos;, &apos;start&apos;: &apos;010&apos;, &apos;end&apos;: &apos;011&apos;, &apos;close&apos;: &apos;}&apos;, &apos;extension&apos;: &apos;.exr&apos;}
</system-out></testcase><testcase classname="zdevelop.tests.test_file_name.TestHelpers" file="zdevelop/tests/test_file_name.py" line="114" name="test_regex_passes[file.(010-011).exr]" time="0.001"><system-out>{&apos;base&apos;: &apos;file&apos;, &apos;sep&apos;: &apos;.&apos;, &apos;open&apos;: &apos;(&apos;, &apos;start&apos;: &apos;010&apos;, &apos;end&apos;: &apos;011&apos;, &apos;close&apos;: &apos;)&apos;, &apos;extension&apos;: &apos;.exr&apos;}
</system-out></testcase><testcase classname="zdevelop.tests.test_file_name.TestHelpers" file="zdevelop/tests/test_file_name.py" line="114" name="test_regex_passes[file_(010-011).exr]" time="0.001"><system-out>{&apos;base&apos;: &apos;file&apos;, &apos;sep&apos;: &apos;_&apos;, &apos;open&apos;: &apos;(&apos;, &apos;start&apos;: &apos;010&apos;, &apos;end&apos;: &apos;011&apos;, &apos;close&apos;: &apos;)&apos;, &apos;extension&apos;: &apos;.exr&apos;}
</system-out></testcase><testcase classname="zdevelop.tests.test_file_name.TestHelpers" file="zdevelop/tests/test_file_name.py" line="114" name="test_regex_passes[file.&lt;010-011&gt;.exr]" time="0.001"><system-out>{&apos;base&apos;: &apos;file&apos;, &apos;sep&apos;: &apos;.&apos;, &apos;open&apos;: &apos;&lt;&apos;, &apos;start&apos;: &apos;010&apos;, &apos;end&apos;: &apos;011&apos;, &apos;close&apos;: &apos;&gt;&apos;, &apos;extension&apos;: &apos;.exr&apos;}
</system-out></testcase><testcase classname="zdevelop.tests.test_file_name.TestHelpers" file="zdevelop/tests/test_file_name.py" line="114" name="test_regex_passes[file_&lt;010-011&gt;.exr]" time="0.001"><system-out>{&apos;base&apos;: &apos;file&apos;, &apos;sep&apos;: &apos;_&apos;, &apos;open&apos;: &apos;&lt;&apos;, &apos;start&apos;: &apos;010&apos;, &apos;end&apos;: &apos;011&apos;, &apos;close&apos;: &apos;&gt;&apos;, &apos;extension&apos;: &apos;.exr&apos;}
</system-out></testcase><testcase classname="zdevelop.tests.test_file_name.TestHelpers" file="zdevelop/tests/test_file_name.py" line="158" name="test_regex_fails[file.mov]" time="0.001"></testcase><testcase classname="zdevelop.tests.test_file_name.TestHelpers" file="zdevelop/tests/test_file_name.py" line="158" name="test_regex_fails[file001]" time="0.001"></testcase><testcase classname="zdevelop.tests.test_file_name.TestHelpers" file="zdevelop/tests/test_file_name.py" line="158" name="test_regex_fails[file10.exr]" time="0.001"></testcase><testcase classname="zdevelop.tests.test_file_name.TestHelpers" file="zdevelop/tests/test_file_name.py" line="158" name="test_regex_fails[file010.exr]" time="0.001"></testcase><testcase classname="zdevelop.tests.test_file_name.TestHelpers" file="zdevelop/tests/test_file_name.py" line="158" name="test_regex_fails[file.#thing.exr]" time="0.001"></testcase><testcase classname="zdevelop.tests.test_file_name.TestHelpers" file="zdevelop/tests/test_file_name.py" line="158" name="test_regex_fails[file.##010.exr]" time="0.001"></testcase><testcase classname="zdevelop.tests.test_file_name.TestHelpers" file="zdevelop/tests/test_file_name.py" line="158" name="test_regex_fails[file.####-##thing.exr]" time="0.001"></testcase><testcase classname="zdevelop.tests.test_file_name.TestHelpers" file="zdevelop/tests/test_file_name.py" line="158" name="test_regex_fails[file.[####-##thing].exr]" time="0.001"></testcase><testcase classname="zdevelop.tests.test_file_name.TestHelpers" file="zdevelop/tests/test_file_name.py" line="178" name="test_extract_pieces[file.001.exr-name-file]" time="0.002"></testcase><testcase classname="zdevelop.tests.test_file_name.TestHelpers" file="zdevelop/tests/test_file_name.py" line="178" name="test_extract_pieces[file.001.exr-sep-.]" time="0.001"></testcase><testcase classname="zdevelop.tests.test_file_name.TestHelpers" file="zdevelop/tests/test_file_name.py" line="178" name="test_extract_pieces[file.001.exr-start-1]" time="0.001"></testcase><testcase classname="zdevelop.tests.test_file_name.TestHelpers" file="zdevelop/tests/test_file_name.py" line="178" name="test_extract_pieces[file.001.exr-num_end-None]" time="0.001"></testcase><testcase classname="zdevelop.tests.test_file_name.TestHelpers" file="zdevelop/tests/test_file_name.py" line="178" name="test_extract_pieces[file.001.exr-padding-3]" time="0.001"></testcase><testcase classname="zdevelop.tests.test_file_name.TestHelpers" file="zdevelop/tests/test_file_name.py" line="178" name="test_extract_pieces[file.001.exr-brackets-None]" time="0.001"></testcase><testcase classname="zdevelop.tests.test_file_name.TestHelpers" file="zdevelop/tests/test_file_name.py" line="178" name="test_extract_pieces[file.001.exr-extension-.exr]" time="0.002"></testcase><testcase classname="zdevelop.tests.test_file_name.TestHelpers" file="zdevelop/tests/test_file_name.py" line="178" name="test_extract_pieces[file.#.exr-name-file]" time="0.002"></testcase><testcase classname="zdevelop.tests.test_file_name.TestHelpers" file="zdevelop/tests/test_file_name.py" line="178" name="test_extract_pieces[file.#.exr-sep-.]" time="0.001"></testcase><testcase classname="zdevelop.tests.test_file_name.TestHelpers" file="zdevelop/tests/test_file_name.py" line="178" name="test_extract_pieces[file.#.exr-start-#]" time="0.001"></testcase><testcase classname="zdevelop.tests.test_file_name.TestHelpers" file="zdevelop/tests/test_file_name.py" line="178" name="test_extract_pieces[file.#.exr-num_end-None]" time="0.001"></testcase><testcase classname="zdevelop.tests.test_file_name.TestHelpers" file="zdevelop/tests/test_file_name.py" line="178" name="test_extract_pieces[file.#.exr-padding-1]" time="0.001"></testcase><testcase classname="zdevelop.tests.test_file_name.TestHelpers" file="zdevelop/tests/test_file_name.py" line="178" name="test_extract_pieces[file.#.exr-brackets-None]" time="0.001"></testcase><testcase classname="zdevelop.tests.test_file_name.TestHelpers" file="zdevelop/tests/test_file_name.py" line="178" name="test_extract_pieces[file.#.exr-extension-.exr]" time="0.001"></testcase><testcase classname="zdevelop.tests.test_file_name.TestHelpers" file="zdevelop/tests/test_file_name.py" line="178" name="test_extract_pieces[file.###.exr-name-file]" time="0.001"></testcase><testcase classname="zdevelop.tests.test_file_name.TestHelpers" file="zdevelop/tests/test_file_name.py" line="178" name="test_extract_pieces[file.###.exr-sep-.]" time="0.001"></testcase><testcase classname="zdevelop.tests.test_file_name.TestHelpers" file="zdevelop/tests/test_file_name.py" line="178" name="test_extract_pieces[file.###.exr-start-#]" time="0.002"></testcase><testcase classname="zdevelop.tests.test_file_name.TestHelpers" file="zdevelop/tests/test_file_name.py" line="178" name="test_extract_pieces[file.###.exr-num_end-None]" time="0.002"></testcase><testcase classname="zdevelop.tests.test_file_name.TestHelpers" file="zdevelop/tests/test_file_name.py" line="178" name="test_extract_pieces[file.###.exr-padding-3]" time="0.002"></testcase><testcase classname="zdevelop.tests.test_file_name.TestHelpers" file="zdevelop/tests/test_file_name.py" line="178" name="test_extract_pieces[file.###.exr-brackets-None]" time="0.002"></testcase><testcase classname="zdevelop.tests.test_file_name.TestHelpers" file="zdevelop/tests/test_file_name.py" line="178" name="test_extract_pieces[file.###.exr-extension-.exr]" time="0.002"></testcase><testcase classname="zdevelop.tests.test_file_name.TestHelpers" file="zdevelop/tests/test_file_name.py" line="178" name="test_extract_pieces[file_001.exr-name-file]" time="0.002"></testcase><testcase classname="zdevelop.tests.test_file_name.TestHelpers" file="zdevelop/tests/test_file_name.py" line="178" name="test_extract_pieces[file_001.exr-sep-_]" time="0.001"></testcase><testcase classname="zdevelop.tests.test_file_name.TestHelpers" file="zdevelop/tests/test_file_name.py" line="178" name="test_extract_pieces[file_001.exr-start-1]" time="0.002"></testcase><testcase classname="zdevelop.tests.test_file_name.TestHelpers" file="zdevelop/tests/test_file_name.py" line="178" name="test_extract_pieces[file_001.exr-num_end-None]" time="0.002"></testcase><testcase classname="zdevelop.tests.test_file_name.TestHelpers" file="zdevelop/tests/test_file_name.py" line="178" name="test_extract_pieces[file_001.exr-padding-3]" time="0.001"></testcase><testcase classname="zdevelop.tests.test_file_name.TestHelpers" file="zdevelop/tests/test_file_name.py" line="178" name="test_extract_pieces[file_001.exr-brackets-None]" time="0.002"></testcase><testcase classname="zdevelop.tests.test_file_name.TestHelpers" file="zdevelop/tests/test_file_name.py" line="178" name="test_extract_pieces[file_001.exr-extension-.exr]" time="0.002"></testcase><testcase classname="zdevelop.tests.test_file_name.TestHelpers" file="zdevelop/tests/test_file_name.py" line="178" name="test_extract_pieces[file_001-name-file]" time="0.001"></testcase><testcase classname="zdevelop.tests.test_file_name.TestHelpers" file="zdevelop/tests/test_file_name.py" line="178" name="test_extract_pieces[file_001-sep-_]" time="0.001"></testcase><testcase classname="zdevelop.tests.test_file_name.TestHelpers" file="zdevelop/tests/test_file_name.py" line="178" name="test_extract_pieces[file_001-start-1]" time="0.001"></testcase><testcase classname="zdevelop.tests.test_file_name.TestHelpers" file="zdevelop/tests/test_file_name.py" line="178" name="test_extract_pieces[file_001-num_end-None]" time="0.002"></testcase><testcase classname="zdevelop.tests.test_file_name.TestHelpers" file="zdevelop/tests/test_file_name.py" line="178" name="test_extract_pieces[file_001-padding-3]" time="0.001"></testcase><testcase classname="zdevelop.tests.test_file_name.TestHelpers" file="zdevelop/tests/test_file_name.py" line="178" name="test_extract_pieces[file_001-brackets-None]" time="0.002"></testcase><testcase classname="zdevelop.tests.test_file_name.TestHelpers" file="zdevelop/tests/test_file_name.py" line="178" name="test_extract_pieces[file_001-extension-None]" time="0.001"></testcase><testcase classname="zdevelop.tests.test_file_name.TestHelpers" file="zdevelop/tests/test_file_name.py" line="178" name="test_extract_pieces[file_thing.test.010.exr-name-file_thing.test]" time="0.002"></testcase><testcase classname="zdevelop.tests.test_file_name.TestHelpers" file="zdevelop/tests/test_file_name.py" line="178" name="test_extract_pieces[file_thing.test.010.exr-sep-.]" time="0.002"></testcase><testcase classname="zdevelop.tests.test_file_name.TestHelpers" file="zdevelop/tests/test_file_name.py" line="178" name="test_extract_pieces[file_thing.test.010.exr-start-10]" time="0.002"></testcase><testcase classname="zdevelop.tests.test_file_name.TestHelpers" file="zdevelop/tests/test_file_name.py" line="178" name="test_extract_pieces[file_thing.test.010.exr-num_end-None]" time="0.001"></testcase><testcase classname="zdevelop.tests.test_file_name.TestHelpers" file="zdevelop/tests/test_file_name.py" line="178" name="test_extract_pieces[file_thing.test.010.exr-padding-3]" time="0.002"></testcase><testcase classname="zdevelop.tests.test_file_name.TestHelpers" file="zdevelop/tests/test_file_name.py" line="178" name="test_extract_pieces[file_thing.test.010.exr-brackets-None]" time="0.002"></testcase><testcase classname="zdevelop.tests.test_file_name.TestHelpers" file="zdevelop/tests/test_file_name.py" line="178" name="test_extract_pieces[file_thing.test.010.exr-extension-.exr]" time="0.002"></testcase><testcase classname="zdevelop.tests.test_file_name.TestHelpers" file="zdevelop/tests/test_file_name.py" line="178" name="test_extract_pieces[file_thing.test.010-name-file_thing.test]" time="0.001"></testcase><testcase classname="zdevelop.tests.test_file_name.TestHelpers" file="zdevelop/tests/test_file_name.py" line="178" name="test_extract_pieces[file_thing.test.010-sep-.]" time="0.001"></testcase><testcase classname="zdevelop.tests.test_file_name.TestHelpers" file="zdevelop/tests/test_file_name.py" line="178" name="test_extract_pieces[file_thing.test.010-start-10]" time="0.002"></testcase><testcase classname="zdevelop.tests.test_file_name.TestHelpers" file="zdevelop/tests/test_file_name.py" line="178" name="test_extract_pieces[file_thing.test.010-num_end-None]" time="0.002"></testcase><testcase classname="zdevelop.tests.test_file_name.TestHelpers" file="zdevelop/tests/test_file_name.py" line="178" name="test_extract_pieces[file_thing.test.010-padding-3]" time="0.001"></testcase><testcase classname="zdevelop.tests.test_file_name.TestHelpers" file="zdevelop/tests/test_file_name.py" line="178" name="test_extract_pieces[file_thing.test.010-brackets-None]" time="0.002"></testcase><testcase classname="zdevelop.tests.test_file_name.TestHelpers" file="zdevelop/tests/test_file_name.py" line="178" name="test_extract_pieces[file_thing.test.010-extension-None]" time="0.002"></testcase><testcase classname="zdevelop.tests.test_file_name.TestHelpers" file="zdevelop/tests/test_file_name.py" line="178" name="test_extract_pieces[file.001-010.exr-name-file]" time="0.001"></testcase><testcase classname="zdevelop.tests.test_file_name.TestHelpers" file="zdevelop/tests/test_file_name.py" line="178" name="test_extract_pieces[file.001-010.exr-sep-.]" time="0.001"></testcase><testcase classname="zdevelop.tests.test_file_name.TestHelpers" file="zdevelop/tests/test_file_name.py" line="178" name="test_extract_pieces[file.001-010.exr-start-1]" time="0.002"></testcase><testcase classname="zdevelop.tests.test_file_name.TestHelpers" file="zdevelop/tests/test_file_name.py" line="178" name="test_extract_pieces[file.001-010.exr-num_end-10]" time="0.002"></testcase><testcase classname="zdevelop.tests.test_file_name.TestHelpers" file="zdevelop/tests/test_file_name.py" line="178" name="test_extract_pieces[file.001-010.exr-padding-3]" time="0.001"></testcase><testcase classname="zdevelop.tests.test_file_name.TestHelpers" file="zdevelop/tests/test_file_name.py" line="178" name="test_extract_pieces[file.001-010.exr-brackets-None]" time="0.001"></testcase><testcase classname="zdevelop.tests.test_file_name.TestHelpers" file="zdevelop/tests/test_file_name.py" line="178" name="test_extract_pieces[file.001-010.exr-extension-.exr]" time="0.001"></testcase><testcase classname="zdevelop.tests.test_file_name.TestHelpers" file="zdevelop/tests/test_file_name.py" line="178" name="test_extract_pieces[file.###-###.exr-name-file]" time="0.001"></testcase><testcase classname="zdevelop.tests.test_file_name.TestHelpers" file="zdevelop/tests/test_file_name.py" line="178" name="test_extract_pieces[file.###-###.exr-sep-.]" time="0.002"></testcase><testcase classname="zdevelop.tests.test_file_name.TestHelpers" file="zdevelop/tests/test_file_name.py" line="178" name="test_extract_pieces[file.###-###.exr-start-#]" time="0.002"></testcase><testcase classname="zdevelop.tests.test_file_name.TestHelpers" file="zdevelop/tests/test_file_name.py" line="178" name="test_extract_pieces[file.###-###.exr-num_end-#]" time="0.002"></testcase><testcase classname="zdevelop.tests.test_file_name.TestHelpers" file="zdevelop/tests/test_file_name.py" line="178" name="test_extract_pieces[file.###-###.exr-padding-3]" time="0.002"></testcase><testcase classname="zdevelop.tests.test_file_name.TestHelpers" file="zdevelop/tests/test_file_name.py" line="178" name="test_extract_pieces[file.###-###.exr-brackets-None]" time="0.001"></testcase><testcase classname="zdevelop.tests.test_file_name.TestHelpers" file="zdevelop/tests/test_file_name.py" line="178" name="test_extract_pieces[file.###-###.exr-extension-.exr]" time="0.002"></testcase><testcase classname="zdevelop.tests.test_file_name.TestHelpers" file="zdevelop/tests/test_file_name.py" line="178" name="test_extract_pieces[file.[001-010].exr-name-file]" time="0.002"></testcase><testcase classname="zdevelop.tests.test_file_name.TestHelpers" file="zdevelop/tests/test_file_name.py" line="178" name="test_extract_pieces[file.[001-010].exr-sep-.]" time="0.001"></testcase><testcase classname="zdevelop.tests.test_file_name.TestHelpers" file="zdevelop/tests/test_file_name.py" line="178" name="test_extract_pieces[file.[001-010].exr-start-1]" time="0.001"></testcase><testcase classname="zdevelop.tests.test_file_name.TestHelpers" file="zdevelop/tests/test_file_name.py" line="178" name="test_extract_pieces[file.[001-010].exr-num_end-10]" time="0.001"></testcase><testcase classname="zdevelop.tests.test_file_name.TestHelpers" file="zdevelop/tests/test_file_name.py" line="178" name="test_extract_pieces[file.[001-010].exr-padding-3]" time="0.002"></testcase><testcase classname="zdevelop.tests.test_file_name.TestHelpers" file="zdevelop/tests/test_file_name.py" line="178" name="test_extract_pieces[file.[001-010].exr-brackets-answer68]" time="0.001"></testcase><testcase classname="zdevelop.tests.test_file_name.TestHelpers" file="zdevelop/tests/test_file_name.py" line="178" name="test_extract_pieces[file.[001-010].exr-extension-.exr]" time="0.001"></testcase><testcase classname="zdevelop.tests.test_file_name.TestHelpers" file="zdevelop/tests/test_file_name.py" line="178" name="test_extract_pieces[file.[###-###].exr-name-file]" time="0.001"></testcase><testcase classname="zdevelop.tests.test_file_name.TestHelpers" file="zdevelop/tests/test_file_name.py" line="178" name="test_extract_pieces[file.[###-###].exr-sep-.]" time="0.001"></testcase><testcase classname="zdevelop.tests.test_file_name.TestHelpers" file="zdevelop/tests/test_file_name.py" line="178" name="test_extract_pieces[file.[###-###].exr-start-#]" time="0.002"></testcase><testcase classname="zdevelop.tests.test_file_name.TestHelpers" file="zdevelop/tests/test_file_name.py" line="178" name="test_extract_pieces[file.[###-###].exr-num_end-#]" time="0.001"></testcase><testcase classname="zdevelop.tests.test_file_name.TestHelpers" file="zdevelop/tests/test_file_name.py" line="178" name="test_extract_pieces[file.[###-###].exr-padding-3]" time="0.002"></testcase><testcase classname="zdevelop.tests.test_file_name.TestHelpers" file="zdevelop/tests/test_file_name.py" line="178" name="test_extract_pieces[file.[###-###].exr-brackets-answer75]" time="0.002"></testcase><testcase classname="zdevelop.tests.test_file_name.TestHelpers" file="zdevelop/tests/test_file_name.py" line="178" name="test_extract_pieces[file.[###-###].exr-extension-.exr]" time="0.001"></testcase><testcase classname="zdevelop.tests.test_file_name.TestHelpers" file="zdevelop/tests/test_file_name.py" line="178" name="test_extract_pieces[file.[001-010]-name-file]" time="0.002"></testcase><testcase classname="zdevelop.tests.test_file_name.TestHelpers" file="zdevelop/tests/test_file_name.py" line="178" name="test_extract_pieces[file.[001-010]-sep-.]" time="0.001"></testcase><testcase classname="zdevelop.tests.test_file_name.TestHelpers" file="zdevelop/tests/test_file_name.py" line="178" name="test_extract_pieces[file.[001-010]-start-1]" time="0.001"></testcase><testcase classname="zdevelop.tests.test_file_name.TestHelpers" file="zdevelop/tests/test_file_name.py" line="178" name="test_extract_pieces[file.[001-010]-num_end-10]" time="0.001"></testcase><testcase classname="zdevelop.tests.test_file_name.TestHelpers" file="zdevelop/tests/test_file_name.py" line="178" name="test_extract_pieces[file.[001-010]-padding-3]" time="0.002"></testcase><testcase classname="zdevelop.tests.test_file_name.TestHelpers" file="zdevelop/tests/test_file_name.py" line="178" name="test_extract_pieces[file.[001-010]-brackets-answer82]" time="0.002"></testcase><testcase classname="zdevelop.tests.test_file_name.TestHelpers" file="zdevelop/tests/test_file_name.py" line="178" name="test_extract_pieces[file.[001-010]-extension-None]" time="0.002"></testcase><testcase classname="zdevelop.tests.test_file_name.TestHelpers" file="zdevelop/tests/test_file_name.py" line="178" name="test_extract_pieces[file_[100-110].dpx.[001-010].exr-name-file_[100-110].dpx]" time="0.002"></testcase><testcase classname="zdevelop.tests.test_file_name.TestHelpers" file="zdevelop/tests/test_file_name.py" line="178" name="test_extract_pieces[file_[100-110].dpx.[001-010].exr-sep-.]" time="0.001"></testcase><testcase classname="zdevelop.tests.test_file_name.TestHelpers" file="zdevelop/tests/test_file_name.py" line="178" name="test_extract_pieces[file_[100-110].dpx.[001-010].exr-start-1]" time="0.002"></testcase><testcase classname="zdevelop.tests.test_file_name.TestHelpers" file="zdevelop/tests/test_file_name.py" line="178" name="test_extract_pieces[file_[100-110].dpx.[001-010].exr-num_end-10]" time="0.002"></testcase><testcase classname="zdevelop.tests.test_file_name.TestHelpers" file="zdevelop/tests/test_file_name.py" line="178" name="test_extract_pieces[file_[100-110].dpx.[001-010].exr-padding-3]" time="0.001"></testcase><testcase classname="zdevelop.tests.test_file_name.TestHelpers" file="zdevelop/tests/test_file_name.py" line="178" name="test_extract_pieces[file_[100-110].dpx.[001-010].exr-brackets-answer89]" time="0.001"></testcase><testcase classname="zdevelop.tests.test_file_name.TestHelpers" file="zdevelop/tests/test_file_name.py" line="178" name="test_extract_pieces[file_[100-110].dpx.[001-010].exr-extension-.exr]" time="0.001"></testcase><testcase classname="zdevelop.tests.test_file_name.TestHelpers" file="zdevelop/tests/test_file_name.py" line="178" name="test_extract_pieces[file_100.dpx.[001-010].exr-name-file_100.dpx]" time="0.001"></testcase><testcase classname="zdevelop.tests.test_file_name.TestHelpers" file="zdevelop/tests/test_file_name.py" line="178" name="test_extract_pieces[file_100.dpx.[001-010].exr-sep-.]" time="0.002"></testcase><testcase classname="zdevelop.tests.test_file_name.TestHelpers" file="zdevelop/tests/test_file_name.py" line="178" name="test_extract_pieces[file_100.dpx.[001-010].exr-start-1]" time="0.001"></testcase><testcase classname="zdevelop.tests.test_file_name.TestHelpers" file="zdevelop/tests/test_file_name.py" line="178" name="test_extract_pieces[file_100.dpx.[001-010].exr-num_end-10]" time="0.002"></testcase><testcase classname="zdevelop.tests.test_file_name.TestHelpers" file="zdevelop/tests/test_file_name.py" line="178" name="test_extract_pieces[file_100.dpx.[001-010].exr-padding-3]" time="0.002"></testcase><testcase classname="zdevelop.tests.test_file_name.TestHelpers" file="zdevelop/tests/test_file_name.py" line="178" name="test_extract_pieces[file_100.dpx.[001-010].exr-brackets-answer96]" time="0.002"></testcase><testcase classname="zdevelop.tests.test_file_name.TestHelpers" file="zdevelop/tests/test_file_name.py" line="178" name="test_extract_pieces[file_100.dpx.[001-010].exr-extension-.exr]" time="0.002"></testcase><testcase classname="zdevelop.tests.test_file_name.TestHelpers" file="zdevelop/tests/test_file_name.py" line="305" name="test_post_init_start_end[1-1]" time="0.001"></testcase><testcase classname="zdevelop.tests.test_file_name.TestHelpers" file="zdevelop/tests/test_file_name.py" line="305" name="test_post_init_start_end[342-342]" time="0.001"></testcase><testcase classname="zdevelop.tests.test_file_name.TestHelpers" file="zdevelop/tests/test_file_name.py" line="305" name="test_post_init_start_end[#-#]" time="0.001"></testcase><testcase classname="zdevelop.tests.test_file_name.TestHelpers" file="zdevelop/tests/test_file_name.py" line="305" name="test_post_init_start_end[##-#]" time="0.001"></testcase><testcase classname="zdevelop.tests.test_file_name.TestHelpers" file="zdevelop/tests/test_file_name.py" line="305" name="test_post_init_start_end[None-None]" time="0.001"></testcase><testcase classname="zdevelop.tests.test_file_name.TestFileName" file="zdevelop/tests/test_file_name.py" line="313" name="test_print[file-txt-file.txt]" time="0.001"></testcase><testcase classname="zdevelop.tests.test_file_name.TestFileName" file="zdevelop/tests/test_file_name.py" line="313" name="test_print[file-.txt-file.txt]" time="0.002"></testcase><testcase classname="zdevelop.tests.test_file_name.TestFileName" file="zdevelop/tests/test_file_name.py" line="313" name="test_print[file-None-file]" time="0.001"></testcase><testcase classname="zdevelop.tests.test_file_name.TestFileName" file="zdevelop/tests/test_file_name.py" line="324" name="test_alter[new-.txt-new-.txt]" time="0.001"></testcase><testcase classname="zdevelop.tests.test_file_name.TestFileName" file="zdevelop/tests/test_file_name.py" line="324" name="test_alter[new-None-new-None]" time="0.001"></testcase><testcase classname="zdevelop.tests.test_file_name.TestFileName" file="zdevelop/tests/test_file_name.py" line="324" name="test_alter[new-ext2-new-.ext]" time="0.002"></testcase><testcase classname="zdevelop.tests.test_file_name.TestFileName" file="zdevelop/tests/test_file_name.py" line="324" name="test_alter[base3-ext3-base-.ext]" time="0.001"></testcase><testcase classname="zdevelop.tests.test_file_name.TestFileName" file="zdevelop/tests/test_file_name.py" line="324" name="test_alter[base4-txt-base-.txt]" time="0.001"></testcase><testcase classname="zdevelop.tests.test_file_name.TestSequenceName" file="zdevelop/tests/test_file_name.py" line="341" name="test_init_defaults" time="0.001"></testcase><testcase classname="zdevelop.tests.test_file_name.TestSequenceName" file="zdevelop/tests/test_file_name.py" line="351" name="test_add_extension_period" time="0.001"></testcase><testcase classname="zdevelop.tests.test_file_name.TestSequenceName" file="zdevelop/tests/test_file_name.py" line="354" name="test_extension_none" time="0.001"></testcase><testcase classname="zdevelop.tests.test_file_name.TestSequenceName" file="zdevelop/tests/test_file_name.py" line="357" name="test_from_path[file_name.[01-20].exr-1-20-brackets0]" time="0.001"></testcase><testcase classname="zdevelop.tests.test_file_name.TestSequenceName" file="zdevelop/tests/test_file_name.py" line="357" name="test_from_path[file_name.01.exr-1-None-None]" time="0.002"></testcase><testcase classname="zdevelop.tests.test_file_name.TestSequenceName" file="zdevelop/tests/test_file_name.py" line="357" name="test_from_path[file_name.##.exr-#-None-None]" time="0.001"></testcase><testcase classname="zdevelop.tests.test_file_name.TestSequenceName" file="zdevelop/tests/test_file_name.py" line="357" name="test_from_path[path3-1-20-brackets3]" time="0.002"></testcase><testcase classname="zdevelop.tests.test_file_name.TestSequenceName" file="zdevelop/tests/test_file_name.py" line="357" name="test_from_path[path4-#-#-brackets4]" time="0.001"></testcase><testcase classname="zdevelop.tests.test_file_name.TestSequenceName" file="zdevelop/tests/test_file_name.py" line="384" name="test_format_string[file.001.exr-file-.exr-.-1-None-3-None]" time="0.002"></testcase><testcase classname="zdevelop.tests.test_file_name.TestSequenceName" file="zdevelop/tests/test_file_name.py" line="384" name="test_format_string[file.###.exr-file-.exr-.-#-None-3-None]" time="0.002"></testcase><testcase classname="zdevelop.tests.test_file_name.TestSequenceName" file="zdevelop/tests/test_file_name.py" line="384" name="test_format_string[file_001.exr-file-.exr-_-1-None-3-None]" time="0.002"></testcase><testcase classname="zdevelop.tests.test_file_name.TestSequenceName" file="zdevelop/tests/test_file_name.py" line="384" name="test_format_string[file_0000001.exr-file-.exr-_-1-None-7-None]" time="0.002"></testcase><testcase classname="zdevelop.tests.test_file_name.TestSequenceName" file="zdevelop/tests/test_file_name.py" line="384" name="test_format_string[file.1.exr-file-.exr-.-1-None-0-None]" time="0.002"></testcase><testcase classname="zdevelop.tests.test_file_name.TestSequenceName" file="zdevelop/tests/test_file_name.py" line="384" name="test_format_string[file.001-file-None-.-1-None-3-None]" time="0.002"></testcase><testcase classname="zdevelop.tests.test_file_name.TestSequenceName" file="zdevelop/tests/test_file_name.py" line="384" name="test_format_string[file.001-010.exr-file-.exr-.-1-10-3-None]" time="0.002"></testcase><testcase classname="zdevelop.tests.test_file_name.TestSequenceName" file="zdevelop/tests/test_file_name.py" line="384" name="test_format_string[file.###-###.exr-file-.exr-.-#-#-3-None]" time="0.002"></testcase><testcase classname="zdevelop.tests.test_file_name.TestSequenceName" file="zdevelop/tests/test_file_name.py" line="384" name="test_format_string[file.[001-010].exr-file-.exr-.-1-10-3-brackets8]" time="0.002"></testcase><testcase classname="zdevelop.tests.test_file_name.TestSequenceName" file="zdevelop/tests/test_file_name.py" line="384" name="test_format_string[file.&lt;001-010&gt;.exr-file-.exr-.-1-10-3-brackets9]" time="0.002"></testcase><testcase classname="zdevelop.tests.test_file_name.TestSequenceName" file="zdevelop/tests/test_file_name.py" line="412" name="test_alter_seq_name[changes_dict0]" time="0.001"><system-out>org: file.100.exr
new: file.200.exr
changes:{&apos;start&apos;: 200}
</system-out></testcase><testcase classname="zdevelop.tests.test_file_name.TestSequenceName" file="zdevelop/tests/test_file_name.py" line="412" name="test_alter_seq_name[changes_dict1]" time="0.001"><system-out>org: file.100.exr
new: file.200-210.exr
changes:{&apos;start&apos;: 200, &apos;end&apos;: 210}
</system-out></testcase><testcase classname="zdevelop.tests.test_file_name.TestSequenceName" file="zdevelop/tests/test_file_name.py" line="412" name="test_alter_seq_name[changes_dict2]" time="0.001"><system-out>org: file.100.exr
new: file2.100.exr
changes:{&apos;base&apos;: &apos;file2&apos;}
</system-out></testcase><testcase classname="zdevelop.tests.test_file_name.TestSequenceName" file="zdevelop/tests/test_file_name.py" line="412" name="test_alter_seq_name[changes_dict3]" time="0.001"><system-out>org: file.100.exr
new: file2.100
changes:{&apos;base&apos;: &apos;file2&apos;, &apos;extension&apos;: None}
</system-out></testcase><testcase classname="zdevelop.tests.test_file_name.TestSequenceName" file="zdevelop/tests/test_file_name.py" line="437" name="test_alter_extension_adds_period" time="0.001"><system-out>new_extension: .dpx
</system-out></testcase><testcase classname="zdevelop.tests.test_file_name.TestSequenceName" file="zdevelop/tests/test_file_name.py" line="443" name="test_is_frozen" time="0.001"></testcase><testcase classname="zdevelop.tests.test_file_seq.TestSeqDunder" file="zdevelop/tests/test_file_seq.py" line="10" name="test_init[/Volumes/disk/folder/file.100.txt]" time="0.001"><system-out>file.###.txt 100 200 0
path: /Volumes/disk/folder/file.100.txt
start:100
end:200
file.###.txt 100 200 0
</system-out></testcase><testcase classname="zdevelop.tests.test_file_seq.TestSeqDunder" file="zdevelop/tests/test_file_seq.py" line="10" name="test_init[path1]" time="0.002"><system-out>file.###.txt 100 200 0
path: /Volumes/disk/folder/file.100.txt
start:100
end:200
file.###.txt 100 200 0
</system-out></testcase><testcase classname="zdevelop.tests.test_file_seq.TestSeqDunder" file="zdevelop/tests/test_file_seq.py" line="26" name="test_len" time="0.001"></testcase><testcase classname="zdevelop.tests.test_file_seq.TestSeqDunder" file="zdevelop/tests/test_file_seq.py" line="29" name="test_get_index[0-/Volumes/disk/folder/file.100.txt]" time="0.002"><system-out>file.###.txt 100 200 0
</system-out></testcase><testcase classname="zdevelop.tests.test_file_seq.TestSeqDunder" file="zdevelop/tests/test_file_seq.py" line="29" name="test_get_index[1-/Volumes/disk/folder/file.101.txt]" time="0.001"><system-out>file.###.txt 100 200 1
</system-out></testcase><testcase classname="zdevelop.tests.test_file_seq.TestSeqDunder" file="zdevelop/tests/test_file_seq.py" line="29" name="test_get_index[-1-/Volumes/disk/folder/file.200.txt]" time="0.001"><system-out>file.###.txt 100 200 -1
</system-out></testcase><testcase classname="zdevelop.tests.test_file_seq.TestSeqDunder" file="zdevelop/tests/test_file_seq.py" line="29" name="test_get_index[-2-/Volumes/disk/folder/file.199.txt]" time="0.002"><system-out>file.###.txt 100 200 -2
</system-out></testcase><testcase classname="zdevelop.tests.test_file_seq.TestSeqDunder" file="zdevelop/tests/test_file_seq.py" line="29" name="test_get_index[50-/Volumes/disk/folder/file.150.txt]" time="0.002"><system-out>file.###.txt 100 200 50
</system-out></testcase><testcase classname="zdevelop.tests.test_file_seq.TestSeqDunder" file="zdevelop/tests/test_file_seq.py" line="29" name="test_get_index[-50-/Volumes/disk/folder/file.151.txt]" time="0.002"><system-out>file.###.txt 100 200 -50
</system-out></testcase><testcase classname="zdevelop.tests.test_file_seq.TestSeqDunder" file="zdevelop/tests/test_file_seq.py" line="43" name="test_get_index_raises[-102]" time="0.002"><system-out>file.###.txt 100 200 -102
</system-out></testcase><testcase classname="zdevelop.tests.test_file_seq.TestSeqDunder" file="zdevelop/tests/test_file_seq.py" line="43" name="test_get_index_raises[101]" time="0.001"><system-out>file.###.txt 100 200 101
</system-out></testcase><testcase classname="zdevelop.tests.test_file_seq.TestSeqDunder" file="zdevelop/tests/test_file_seq.py" line="43" name="test_get_index_raises[-300]" time="0.002"><system-out>file.###.txt 100 200 -300
</system-out></testcase><testcase classname="zdevelop.tests.test_file_seq.TestSeqDunder" file="zdevelop/tests/test_file_seq.py" line="43" name="test_get_index_raises[300]" time="0.001"><system-out>file.###.txt 100 200 300
</system-out></testcase><testcase classname="zdevelop.tests.test_file_seq.TestSeqDunder" file="zdevelop/tests/test_file_seq.py" line="49" name="test_get_slice[bounds0-150-175]" time="0.002"><system-out>file.###.txt 100 200 0
</system-out></testcase><testcase classname="zdevelop.tests.test_file_seq.TestSeqDunder" file="zdevelop/tests/test_file_seq.py" line="49" name="test_get_slice[bounds1-100-150]" time="0.002"><system-out>file.###.txt 100 200 0
</system-out></testcase><testcase classname="zdevelop.tests.test_file_seq.TestSeqDunder" file="zdevelop/tests/test_file_seq.py" line="49" name="test_get_slice[bounds2-143-200]" time="0.002"><system-out>file.###.txt 100 200 0
</system-out></testcase><testcase classname="zdevelop.tests.test_file_seq.TestSeqDunder" file="zdevelop/tests/test_file_seq.py" line="49" name="test_get_slice[bounds3-143-199]" time="0.002"><system-out>file.###.txt 100 200 0
</system-out></testcase><testcase classname="zdevelop.tests.test_file_seq.TestSeqDunder" file="zdevelop/tests/test_file_seq.py" line="49" name="test_get_slice[bounds4-151-200]" time="0.002"><system-out>file.###.txt 100 200 0
</system-out></testcase><testcase classname="zdevelop.tests.test_file_seq.TestSeqDunder" file="zdevelop/tests/test_file_seq.py" line="49" name="test_get_slice[bounds5-100-200]" time="0.002"><system-out>file.###.txt 100 200 0
</system-out></testcase><testcase classname="zdevelop.tests.test_file_seq.TestSeqDunder" file="zdevelop/tests/test_file_seq.py" line="67" name="test_get_file_num[100-/Volumes/disk/folder/file.100.txt]" time="0.001"><system-out>file.###.txt 100 200 0
</system-out></testcase><testcase classname="zdevelop.tests.test_file_seq.TestSeqDunder" file="zdevelop/tests/test_file_seq.py" line="67" name="test_get_file_num[101-/Volumes/disk/folder/file.101.txt]" time="0.001"><system-out>file.###.txt 100 200 1
</system-out></testcase><testcase classname="zdevelop.tests.test_file_seq.TestSeqDunder" file="zdevelop/tests/test_file_seq.py" line="67" name="test_get_file_num[-1-/Volumes/disk/folder/file.200.txt]" time="0.001"><system-out>file.###.txt 100 200 -1
</system-out></testcase><testcase classname="zdevelop.tests.test_file_seq.TestSeqDunder" file="zdevelop/tests/test_file_seq.py" line="67" name="test_get_file_num[-2-/Volumes/disk/folder/file.199.txt]" time="0.001"><system-out>file.###.txt 100 200 -2
</system-out></testcase><testcase classname="zdevelop.tests.test_file_seq.TestSeqDunder" file="zdevelop/tests/test_file_seq.py" line="67" name="test_get_file_num[150-/Volumes/disk/folder/file.150.txt]" time="0.002"><system-out>file.###.txt 100 200 50
</system-out></testcase><testcase classname="zdevelop.tests.test_file_seq.TestSeqDunder" file="zdevelop/tests/test_file_seq.py" line="67" name="test_get_file_num[-50-/Volumes/disk/folder/file.151.txt]" time="0.001"><system-out>file.###.txt 100 200 -50
</system-out></testcase><testcase classname="zdevelop.tests.test_file_seq.TestSeqDunder" file="zdevelop/tests/test_file_seq.py" line="67" name="test_get_file_num[-101-/Volumes/disk/folder/file.100.txt]" time="0.002"><system-out>file.###.txt 100 200 -101
</system-out></testcase><testcase classname="zdevelop.tests.test_file_seq.TestSeqDunder" file="zdevelop/tests/test_file_seq.py" line="82" name="test_get_file_num_raises[99]" time="0.001"></testcase><testcase classname="zdevelop.tests.test_file_seq.TestSeqDunder" file="zdevelop/tests/test_file_seq.py" line="82" name="test_get_file_num_raises[201]" time="0.001"><system-out>file.###.txt 100 200 101
</system-out></testcase><testcase classname="zdevelop.tests.test_file_seq.TestSeqDunder" file="zdevelop/tests/test_file_seq.py" line="82" name="test_get_file_num_raises[-102]" time="0.001"><system-out>file.###.txt 100 200 -102
</system-out></testcase><testcase classname="zdevelop.tests.test_file_seq.TestSeqDunder" file="zdevelop/tests/test_file_seq.py" line="82" name="test_get_file_num_raises[-300]" time="0.002"><system-out>file.###.txt 100 200 -300
</system-out></testcase><testcase classname="zdevelop.tests.test_file_seq.TestSeqDunder" file="zdevelop/tests/test_file_seq.py" line="82" name="test_get_file_num_raises[300]" time="0.001"><system-out>file.###.txt 100 200 200
</system-out></testcase><testcase classname="zdevelop.tests.test_file_seq.TestSeqDunder" file="zdevelop/tests/test_file_seq.py" line="88" name="test_filenum_get_slice[bounds0-150-175]" time="0.002"><system-out>file.###.txt 100 200 0
</system-out></testcase><testcase classname="zdevelop.tests.test_file_seq.TestSeqDunder" file="zdevelop/tests/test_file_seq.py" line="88" name="test_filenum_get_slice[bounds1-100-150]" time="0.002"><system-out>file.###.txt 100 200 0
</system-out></testcase><testcase classname="zdevelop.tests.test_file_seq.TestSeqDunder" file="zdevelop/tests/test_file_seq.py" line="88" name="test_filenum_get_slice[bounds2-143-200]" time="0.002"><system-out>file.###.txt 100 200 0
</system-out></testcase><testcase classname="zdevelop.tests.test_file_seq.TestSeqDunder" file="zdevelop/tests/test_file_seq.py" line="88" name="test_filenum_get_slice[bounds3-143-199]" time="0.002"><system-out>file.###.txt 100 200 0
</system-out></testcase><testcase classname="zdevelop.tests.test_file_seq.TestSeqDunder" file="zdevelop/tests/test_file_seq.py" line="88" name="test_filenum_get_slice[bounds4-151-200]" time="0.002"><system-out>file.###.txt 100 200 0
</system-out></testcase><testcase classname="zdevelop.tests.test_file_seq.TestSeqDunder" file="zdevelop/tests/test_file_seq.py" line="88" name="test_filenum_get_slice[bounds5-100-200]" time="0.002"><system-out>file.###.txt 100 200 0
</system-out></testcase><testcase classname="zdevelop.tests.test_file_seq.TestSeqDunder" file="zdevelop/tests/test_file_seq.py" line="106" name="test_iter" time="0.011"><system-out>file.###.txt 100 200 0
/Volumes/disk/folder/file.100.txt
file.###.txt 100 200 1
/Volumes/disk/folder/file.101.txt
file.###.txt 100 200 2
/Volumes/disk/folder/file.102.txt
file.###.txt 100 200 3
/Volumes/disk/folder/file.103.txt
file.###.txt 100 200 4
/Volumes/disk/folder/file.104.txt
file.###.txt 100 200 5
/Volumes/disk/folder/file.105.txt
file.###.txt 100 200 6
/Volumes/disk/folder/file.106.txt
file.###.txt 100 200 7
/Volumes/disk/folder/file.107.txt
file.###.txt 100 200 8
/Volumes/disk/folder/file.108.txt
file.###.txt 100 200 9
/Volumes/disk/folder/file.109.txt
file.###.txt 100 200 10
/Volumes/disk/folder/file.110.txt
file.###.txt 100 200 11
/Volumes/disk/folder/file.111.txt
file.###.txt 100 200 12
/Volumes/disk/folder/file.112.txt
file.###.txt 100 200 13
/Volumes/disk/folder/file.113.txt
file.###.txt 100 200 14
/Volumes/disk/folder/file.114.txt
file.###.txt 100 200 15
/Volumes/disk/folder/file.115.txt
file.###.txt 100 200 16
/Volumes/disk/folder/file.116.txt
file.###.txt 100 200 17
/Volumes/disk/folder/file.117.txt
file.###.txt 100 200 18
/Volumes/disk/folder/file.118.txt
file.###.txt 100 200 19
/Volumes/disk/folder/file.119.txt
file.###.txt 100 200 20
/Volumes/disk/folder/file.120.txt
file.###.txt 100 200 21
/Volumes/disk/folder/file.121.txt
file.###.txt 100 200 22
/Volumes/disk/folder/file.122.txt
file.###.txt 100 200 23
/Volumes/disk/folder/file.123.txt
file.###.txt 100 200 24
/Volumes/disk/folder/file.124.txt
file.###.txt 100 200 25
/Volumes/disk/folder/file.125.txt
file.###.txt 100 200 26
/Volumes/disk/folder/file.126.txt
file.###.txt 100 200 27
/Volumes/disk/folder/file.127.txt
file.###.txt 100 200 28
/Volumes/disk/folder/file.128.txt
file.###.txt 100 200 29
/Volumes/disk/folder/file.129.txt
file.###.txt 100 200 30
/Volumes/disk/folder/file.130.txt
file.###.txt 100 200 31
/Volumes/disk/folder/file.131.txt
file.###.txt 100 200 32
/Volumes/disk/folder/file.132.txt
file.###.txt 100 200 33
/Volumes/disk/folder/file.133.txt
file.###.txt 100 200 34
/Volumes/disk/folder/file.134.txt
file.###.txt 100 200 35
/Volumes/disk/folder/file.135.txt
file.###.txt 100 200 36
/Volumes/disk/folder/file.136.txt
file.###.txt 100 200 37
/Volumes/disk/folder/file.137.txt
file.###.txt 100 200 38
/Volumes/disk/folder/file.138.txt
file.###.txt 100 200 39
/Volumes/disk/folder/file.139.txt
file.###.txt 100 200 40
/Volumes/disk/folder/file.140.txt
file.###.txt 100 200 41
/Volumes/disk/folder/file.141.txt
file.###.txt 100 200 42
/Volumes/disk/folder/file.142.txt
file.###.txt 100 200 43
/Volumes/disk/folder/file.143.txt
file.###.txt 100 200 44
/Volumes/disk/folder/file.144.txt
file.###.txt 100 200 45
/Volumes/disk/folder/file.145.txt
file.###.txt 100 200 46
/Volumes/disk/folder/file.146.txt
file.###.txt 100 200 47
/Volumes/disk/folder/file.147.txt
file.###.txt 100 200 48
/Volumes/disk/folder/file.148.txt
file.###.txt 100 200 49
/Volumes/disk/folder/file.149.txt
file.###.txt 100 200 50
/Volumes/disk/folder/file.150.txt
file.###.txt 100 200 51
/Volumes/disk/folder/file.151.txt
file.###.txt 100 200 52
/Volumes/disk/folder/file.152.txt
file.###.txt 100 200 53
/Volumes/disk/folder/file.153.txt
file.###.txt 100 200 54
/Volumes/disk/folder/file.154.txt
file.###.txt 100 200 55
/Volumes/disk/folder/file.155.txt
file.###.txt 100 200 56
/Volumes/disk/folder/file.156.txt
file.###.txt 100 200 57
/Volumes/disk/folder/file.157.txt
file.###.txt 100 200 58
/Volumes/disk/folder/file.158.txt
file.###.txt 100 200 59
/Volumes/disk/folder/file.159.txt
file.###.txt 100 200 60
/Volumes/disk/folder/file.160.txt
file.###.txt 100 200 61
/Volumes/disk/folder/file.161.txt
file.###.txt 100 200 62
/Volumes/disk/folder/file.162.txt
file.###.txt 100 200 63
/Volumes/disk/folder/file.163.txt
file.###.txt 100 200 64
/Volumes/disk/folder/file.164.txt
file.###.txt 100 200 65
/Volumes/disk/folder/file.165.txt
file.###.txt 100 200 66
/Volumes/disk/folder/file.166.txt
file.###.txt 100 200 67
/Volumes/disk/folder/file.167.txt
file.###.txt 100 200 68
/Volumes/disk/folder/file.168.txt
file.###.txt 100 200 69
/Volumes/disk/folder/file.169.txt
file.###.txt 100 200 70
/Volumes/disk/folder/file.170.txt
file.###.txt 100 200 71
/Volumes/disk/folder/file.171.txt
file.###.txt 100 200 72
/Volumes/disk/folder/file.172.txt
file.###.txt 100 200 73
/Volumes/disk/folder/file.173.txt
file.###.txt 100 200 74
/Volumes/disk/folder/file.174.txt
file.###.txt 100 200 75
/Volumes/disk/folder/file.175.txt
file.###.txt 100 200 76
/Volumes/disk/folder/file.176.txt
file.###.txt 100 200 77
/Volumes/disk/folder/file.177.txt
file.###.txt 100 200 78
/Volumes/disk/folder/file.178.txt
file.###.txt 100 200 79
/Volumes/disk/folder/file.179.txt
file.###.txt 100 200 80
/Volumes/disk/folder/file.180.txt
file.###.txt 100 200 81
/Volumes/disk/folder/file.181.txt
file.###.txt 100 200 82
/Volumes/disk/folder/file.182.txt
file.###.txt 100 200 83
/Volumes/disk/folder/file.183.txt
file.###.txt 100 200 84
/Volumes/disk/folder/file.184.txt
file.###.txt 100 200 85
/Volumes/disk/folder/file.185.txt
file.###.txt 100 200 86
/Volumes/disk/folder/file.186.txt
file.###.txt 100 200 87
/Volumes/disk/folder/file.187.txt
file.###.txt 100 200 88
/Volumes/disk/folder/file.188.txt
file.###.txt 100 200 89
/Volumes/disk/folder/file.189.txt
file.###.txt 100 200 90
/Volumes/disk/folder/file.190.txt
file.###.txt 100 200 91
/Volumes/disk/folder/file.191.txt
file.###.txt 100 200 92
/Volumes/disk/folder/file.192.txt
file.###.txt 100 200 93
/Volumes/disk/folder/file.193.txt
file.###.txt 100 200 94
/Volumes/disk/folder/file.194.txt
file.###.txt 100 200 95
/Volumes/disk/folder/file.195.txt
file.###.txt 100 200 96
/Volumes/disk/folder/file.196.txt
file.###.txt 100 200 97
/Volumes/disk/folder/file.197.txt
file.###.txt 100 200 98
/Volumes/disk/folder/file.198.txt
file.###.txt 100 200 99
/Volumes/disk/folder/file.199.txt
file.###.txt 100 200 100
/Volumes/disk/folder/file.200.txt
</system-out></testcase><testcase classname="zdevelop.tests.test_file_seq.TestSeqDisk" file="zdevelop/tests/test_file_seq.py" line="115" name="test_copy_move_iter[False-move_iter-False]" time="0.057"><system-out>file.###.txt 100 200 0
copied/moved: /tmp/pytest-of-vsts/pytest-0/test_copy_move_iter_False_move0/dst/file.100.txt
file.###.txt 100 200 1
copied/moved: /tmp/pytest-of-vsts/pytest-0/test_copy_move_iter_False_move0/dst/file.101.txt
file.###.txt 100 200 2
copied/moved: /tmp/pytest-of-vsts/pytest-0/test_copy_move_iter_False_move0/dst/file.102.txt
file.###.txt 100 200 3
copied/moved: /tmp/pytest-of-vsts/pytest-0/test_copy_move_iter_False_move0/dst/file.103.txt
file.###.txt 100 200 4
copied/moved: /tmp/pytest-of-vsts/pytest-0/test_copy_move_iter_False_move0/dst/file.104.txt
file.###.txt 100 200 5
copied/moved: /tmp/pytest-of-vsts/pytest-0/test_copy_move_iter_False_move0/dst/file.105.txt
file.###.txt 100 200 6
copied/moved: /tmp/pytest-of-vsts/pytest-0/test_copy_move_iter_False_move0/dst/file.106.txt
file.###.txt 100 200 7
copied/moved: /tmp/pytest-of-vsts/pytest-0/test_copy_move_iter_False_move0/dst/file.107.txt
file.###.txt 100 200 8
copied/moved: /tmp/pytest-of-vsts/pytest-0/test_copy_move_iter_False_move0/dst/file.108.txt
file.###.txt 100 200 9
copied/moved: /tmp/pytest-of-vsts/pytest-0/test_copy_move_iter_False_move0/dst/file.109.txt
file.###.txt 100 200 10
copied/moved: /tmp/pytest-of-vsts/pytest-0/test_copy_move_iter_False_move0/dst/file.110.txt
file.###.txt 100 200 11
copied/moved: /tmp/pytest-of-vsts/pytest-0/test_copy_move_iter_False_move0/dst/file.111.txt
file.###.txt 100 200 12
copied/moved: /tmp/pytest-of-vsts/pytest-0/test_copy_move_iter_False_move0/dst/file.112.txt
file.###.txt 100 200 13
copied/moved: /tmp/pytest-of-vsts/pytest-0/test_copy_move_iter_False_move0/dst/file.113.txt
file.###.txt 100 200 14
copied/moved: /tmp/pytest-of-vsts/pytest-0/test_copy_move_iter_False_move0/dst/file.114.txt
file.###.txt 100 200 15
copied/moved: /tmp/pytest-of-vsts/pytest-0/test_copy_move_iter_False_move0/dst/file.115.txt
file.###.txt 100 200 16
copied/moved: /tmp/pytest-of-vsts/pytest-0/test_copy_move_iter_False_move0/dst/file.116.txt
file.###.txt 100 200 17
copied/moved: /tmp/pytest-of-vsts/pytest-0/test_copy_move_iter_False_move0/dst/file.117.txt
file.###.txt 100 200 18
copied/moved: /tmp/pytest-of-vsts/pytest-0/test_copy_move_iter_False_move0/dst/file.118.txt
file.###.txt 100 200 19
copied/moved: /tmp/pytest-of-vsts/pytest-0/test_copy_move_iter_False_move0/dst/file.119.txt
file.###.txt 100 200 20
copied/moved: /tmp/pytest-of-vsts/pytest-0/test_copy_move_iter_False_move0/dst/file.120.txt
file.###.txt 100 200 21
copied/moved: /tmp/pytest-of-vsts/pytest-0/test_copy_move_iter_False_move0/dst/file.121.txt
file.###.txt 100 200 22
copied/moved: /tmp/pytest-of-vsts/pytest-0/test_copy_move_iter_False_move0/dst/file.122.txt
file.###.txt 100 200 23
copied/moved: /tmp/pytest-of-vsts/pytest-0/test_copy_move_iter_False_move0/dst/file.123.txt
file.###.txt 100 200 24
copied/moved: /tmp/pytest-of-vsts/pytest-0/test_copy_move_iter_False_move0/dst/file.124.txt
file.###.txt 100 200 25
copied/moved: /tmp/pytest-of-vsts/pytest-0/test_copy_move_iter_False_move0/dst/file.125.txt
file.###.txt 100 200 26
copied/moved: /tmp/pytest-of-vsts/pytest-0/test_copy_move_iter_False_move0/dst/file.126.txt
file.###.txt 100 200 27
copied/moved: /tmp/pytest-of-vsts/pytest-0/test_copy_move_iter_False_move0/dst/file.127.txt
file.###.txt 100 200 28
copied/moved: /tmp/pytest-of-vsts/pytest-0/test_copy_move_iter_False_move0/dst/file.128.txt
file.###.txt 100 200 29
copied/moved: /tmp/pytest-of-vsts/pytest-0/test_copy_move_iter_False_move0/dst/file.129.txt
file.###.txt 100 200 30
copied/moved: /tmp/pytest-of-vsts/pytest-0/test_copy_move_iter_False_move0/dst/file.130.txt
file.###.txt 100 200 31
copied/moved: /tmp/pytest-of-vsts/pytest-0/test_copy_move_iter_False_move0/dst/file.131.txt
file.###.txt 100 200 32
copied/moved: /tmp/pytest-of-vsts/pytest-0/test_copy_move_iter_False_move0/dst/file.132.txt
file.###.txt 100 200 33
copied/moved: /tmp/pytest-of-vsts/pytest-0/test_copy_move_iter_False_move0/dst/file.133.txt
file.###.txt 100 200 34
copied/moved: /tmp/pytest-of-vsts/pytest-0/test_copy_move_iter_False_move0/dst/file.134.txt
file.###.txt 100 200 35
copied/moved: /tmp/pytest-of-vsts/pytest-0/test_copy_move_iter_False_move0/dst/file.135.txt
file.###.txt 100 200 36
copied/moved: /tmp/pytest-of-vsts/pytest-0/test_copy_move_iter_False_move0/dst/file.136.txt
file.###.txt 100 200 37
copied/moved: /tmp/pytest-of-vsts/pytest-0/test_copy_move_iter_False_move0/dst/file.137.txt
file.###.txt 100 200 38
copied/moved: /tmp/pytest-of-vsts/pytest-0/test_copy_move_iter_False_move0/dst/file.138.txt
file.###.txt 100 200 39
copied/moved: /tmp/pytest-of-vsts/pytest-0/test_copy_move_iter_False_move0/dst/file.139.txt
file.###.txt 100 200 40
copied/moved: /tmp/pytest-of-vsts/pytest-0/test_copy_move_iter_False_move0/dst/file.140.txt
file.###.txt 100 200 41
copied/moved: /tmp/pytest-of-vsts/pytest-0/test_copy_move_iter_False_move0/dst/file.141.txt
file.###.txt 100 200 42
copied/moved: /tmp/pytest-of-vsts/pytest-0/test_copy_move_iter_False_move0/dst/file.142.txt
file.###.txt 100 200 43
copied/moved: /tmp/pytest-of-vsts/pytest-0/test_copy_move_iter_False_move0/dst/file.143.txt
file.###.txt 100 200 44
copied/moved: /tmp/pytest-of-vsts/pytest-0/test_copy_move_iter_False_move0/dst/file.144.txt
file.###.txt 100 200 45
copied/moved: /tmp/pytest-of-vsts/pytest-0/test_copy_move_iter_False_move0/dst/file.145.txt
file.###.txt 100 200 46
copied/moved: /tmp/pytest-of-vsts/pytest-0/test_copy_move_iter_False_move0/dst/file.146.txt
file.###.txt 100 200 47
copied/moved: /tmp/pytest-of-vsts/pytest-0/test_copy_move_iter_False_move0/dst/file.147.txt
file.###.txt 100 200 48
copied/moved: /tmp/pytest-of-vsts/pytest-0/test_copy_move_iter_False_move0/dst/file.148.txt
file.###.txt 100 200 49
copied/moved: /tmp/pytest-of-vsts/pytest-0/test_copy_move_iter_False_move0/dst/file.149.txt
file.###.txt 100 200 50
copied/moved: /tmp/pytest-of-vsts/pytest-0/test_copy_move_iter_False_move0/dst/file.150.txt
file.###.txt 100 200 51
copied/moved: /tmp/pytest-of-vsts/pytest-0/test_copy_move_iter_False_move0/dst/file.151.txt
file.###.txt 100 200 52
copied/moved: /tmp/pytest-of-vsts/pytest-0/test_copy_move_iter_False_move0/dst/file.152.txt
file.###.txt 100 200 53
copied/moved: /tmp/pytest-of-vsts/pytest-0/test_copy_move_iter_False_move0/dst/file.153.txt
file.###.txt 100 200 54
copied/moved: /tmp/pytest-of-vsts/pytest-0/test_copy_move_iter_False_move0/dst/file.154.txt
file.###.txt 100 200 55
copied/moved: /tmp/pytest-of-vsts/pytest-0/test_copy_move_iter_False_move0/dst/file.155.txt
file.###.txt 100 200 56
copied/moved: /tmp/pytest-of-vsts/pytest-0/test_copy_move_iter_False_move0/dst/file.156.txt
file.###.txt 100 200 57
copied/moved: /tmp/pytest-of-vsts/pytest-0/test_copy_move_iter_False_move0/dst/file.157.txt
file.###.txt 100 200 58
copied/moved: /tmp/pytest-of-vsts/pytest-0/test_copy_move_iter_False_move0/dst/file.158.txt
file.###.txt 100 200 59
copied/moved: /tmp/pytest-of-vsts/pytest-0/test_copy_move_iter_False_move0/dst/file.159.txt
file.###.txt 100 200 60
copied/moved: /tmp/pytest-of-vsts/pytest-0/test_copy_move_iter_False_move0/dst/file.160.txt
file.###.txt 100 200 61
copied/moved: /tmp/pytest-of-vsts/pytest-0/test_copy_move_iter_False_move0/dst/file.161.txt
file.###.txt 100 200 62
copied/moved: /tmp/pytest-of-vsts/pytest-0/test_copy_move_iter_False_move0/dst/file.162.txt
file.###.txt 100 200 63
copied/moved: /tmp/pytest-of-vsts/pytest-0/test_copy_move_iter_False_move0/dst/file.163.txt
file.###.txt 100 200 64
copied/moved: /tmp/pytest-of-vsts/pytest-0/test_copy_move_iter_False_move0/dst/file.164.txt
file.###.txt 100 200 65
copied/moved: /tmp/pytest-of-vsts/pytest-0/test_copy_move_iter_False_move0/dst/file.165.txt
file.###.txt 100 200 66
copied/moved: /tmp/pytest-of-vsts/pytest-0/test_copy_move_iter_False_move0/dst/file.166.txt
file.###.txt 100 200 67
copied/moved: /tmp/pytest-of-vsts/pytest-0/test_copy_move_iter_False_move0/dst/file.167.txt
file.###.txt 100 200 68
copied/moved: /tmp/pytest-of-vsts/pytest-0/test_copy_move_iter_False_move0/dst/file.168.txt
file.###.txt 100 200 69
copied/moved: /tmp/pytest-of-vsts/pytest-0/test_copy_move_iter_False_move0/dst/file.169.txt
file.###.txt 100 200 70
copied/moved: /tmp/pytest-of-vsts/pytest-0/test_copy_move_iter_False_move0/dst/file.170.txt
file.###.txt 100 200 71
copied/moved: /tmp/pytest-of-vsts/pytest-0/test_copy_move_iter_False_move0/dst/file.171.txt
file.###.txt 100 200 72
copied/moved: /tmp/pytest-of-vsts/pytest-0/test_copy_move_iter_False_move0/dst/file.172.txt
file.###.txt 100 200 73
copied/moved: /tmp/pytest-of-vsts/pytest-0/test_copy_move_iter_False_move0/dst/file.173.txt
file.###.txt 100 200 74
copied/moved: /tmp/pytest-of-vsts/pytest-0/test_copy_move_iter_False_move0/dst/file.174.txt
file.###.txt 100 200 75
copied/moved: /tmp/pytest-of-vsts/pytest-0/test_copy_move_iter_False_move0/dst/file.175.txt
file.###.txt 100 200 76
copied/moved: /tmp/pytest-of-vsts/pytest-0/test_copy_move_iter_False_move0/dst/file.176.txt
file.###.txt 100 200 77
copied/moved: /tmp/pytest-of-vsts/pytest-0/test_copy_move_iter_False_move0/dst/file.177.txt
file.###.txt 100 200 78
copied/moved: /tmp/pytest-of-vsts/pytest-0/test_copy_move_iter_False_move0/dst/file.178.txt
file.###.txt 100 200 79
copied/moved: /tmp/pytest-of-vsts/pytest-0/test_copy_move_iter_False_move0/dst/file.179.txt
file.###.txt 100 200 80
copied/moved: /tmp/pytest-of-vsts/pytest-0/test_copy_move_iter_False_move0/dst/file.180.txt
file.###.txt 100 200 81
copied/moved: /tmp/pytest-of-vsts/pytest-0/test_copy_move_iter_False_move0/dst/file.181.txt
file.###.txt 100 200 82
copied/moved: /tmp/pytest-of-vsts/pytest-0/test_copy_move_iter_False_move0/dst/file.182.txt
file.###.txt 100 200 83
copied/moved: /tmp/pytest-of-vsts/pytest-0/test_copy_move_iter_False_move0/dst/file.183.txt
file.###.txt 100 200 84
copied/moved: /tmp/pytest-of-vsts/pytest-0/test_copy_move_iter_False_move0/dst/file.184.txt
file.###.txt 100 200 85
copied/moved: /tmp/pytest-of-vsts/pytest-0/test_copy_move_iter_False_move0/dst/file.185.txt
file.###.txt 100 200 86
copied/moved: /tmp/pytest-of-vsts/pytest-0/test_copy_move_iter_False_move0/dst/file.186.txt
file.###.txt 100 200 87
copied/moved: /tmp/pytest-of-vsts/pytest-0/test_copy_move_iter_False_move0/dst/file.187.txt
file.###.txt 100 200 88
copied/moved: /tmp/pytest-of-vsts/pytest-0/test_copy_move_iter_False_move0/dst/file.188.txt
file.###.txt 100 200 89
copied/moved: /tmp/pytest-of-vsts/pytest-0/test_copy_move_iter_False_move0/dst/file.189.txt
file.###.txt 100 200 90
copied/moved: /tmp/pytest-of-vsts/pytest-0/test_copy_move_iter_False_move0/dst/file.190.txt
file.###.txt 100 200 91
copied/moved: /tmp/pytest-of-vsts/pytest-0/test_copy_move_iter_False_move0/dst/file.191.txt
file.###.txt 100 200 92
copied/moved: /tmp/pytest-of-vsts/pytest-0/test_copy_move_iter_False_move0/dst/file.192.txt
file.###.txt 100 200 93
copied/moved: /tmp/pytest-of-vsts/pytest-0/test_copy_move_iter_False_move0/dst/file.193.txt
file.###.txt 100 200 94
copied/moved: /tmp/pytest-of-vsts/pytest-0/test_copy_move_iter_False_move0/dst/file.194.txt
file.###.txt 100 200 95
copied/moved: /tmp/pytest-of-vsts/pytest-0/test_copy_move_iter_False_move0/dst/file.195.txt
file.###.txt 100 200 96
copied/moved: /tmp/pytest-of-vsts/pytest-0/test_copy_move_iter_False_move0/dst/file.196.txt
file.###.txt 100 200 97
copied/moved: /tmp/pytest-of-vsts/pytest-0/test_copy_move_iter_False_move0/dst/file.197.txt
file.###.txt 100 200 98
copied/moved: /tmp/pytest-of-vsts/pytest-0/test_copy_move_iter_False_move0/dst/file.198.txt
file.###.txt 100 200 99
copied/moved: /tmp/pytest-of-vsts/pytest-0/test_copy_move_iter_False_move0/dst/file.199.txt
file.###.txt 100 200 100
copied/moved: /tmp/pytest-of-vsts/pytest-0/test_copy_move_iter_False_move0/dst/file.200.txt
file.###.txt 100 200 0
copied/moved: &lt;FileSequence: &apos;/tmp/pytest-of-vsts/pytest-0/test_copy_move_iter_False_move0/dst/file.[100-200].txt&apos;&gt;
file.###.txt 100 200 0
file.###.txt 100 200 0
file.###.txt 100 200 0
False /tmp/pytest-of-vsts/pytest-0/test_copy_move_iter_False_move0/src/file.100.txt
file.###.txt 100 200 1
False /tmp/pytest-of-vsts/pytest-0/test_copy_move_iter_False_move0/src/file.101.txt
file.###.txt 100 200 2
False /tmp/pytest-of-vsts/pytest-0/test_copy_move_iter_False_move0/src/file.102.txt
file.###.txt 100 200 3
False /tmp/pytest-of-vsts/pytest-0/test_copy_move_iter_False_move0/src/file.103.txt
file.###.txt 100 200 4
False /tmp/pytest-of-vsts/pytest-0/test_copy_move_iter_False_move0/src/file.104.txt
file.###.txt 100 200 5
False /tmp/pytest-of-vsts/pytest-0/test_copy_move_iter_False_move0/src/file.105.txt
file.###.txt 100 200 6
False /tmp/pytest-of-vsts/pytest-0/test_copy_move_iter_False_move0/src/file.106.txt
file.###.txt 100 200 7
False /tmp/pytest-of-vsts/pytest-0/test_copy_move_iter_False_move0/src/file.107.txt
file.###.txt 100 200 8
False /tmp/pytest-of-vsts/pytest-0/test_copy_move_iter_False_move0/src/file.108.txt
file.###.txt 100 200 9
False /tmp/pytest-of-vsts/pytest-0/test_copy_move_iter_False_move0/src/file.109.txt
file.###.txt 100 200 10
False /tmp/pytest-of-vsts/pytest-0/test_copy_move_iter_False_move0/src/file.110.txt
file.###.txt 100 200 11
False /tmp/pytest-of-vsts/pytest-0/test_copy_move_iter_False_move0/src/file.111.txt
file.###.txt 100 200 12
False /tmp/pytest-of-vsts/pytest-0/test_copy_move_iter_False_move0/src/file.112.txt
file.###.txt 100 200 13
False /tmp/pytest-of-vsts/pytest-0/test_copy_move_iter_False_move0/src/file.113.txt
file.###.txt 100 200 14
False /tmp/pytest-of-vsts/pytest-0/test_copy_move_iter_False_move0/src/file.114.txt
file.###.txt 100 200 15
False /tmp/pytest-of-vsts/pytest-0/test_copy_move_iter_False_move0/src/file.115.txt
file.###.txt 100 200 16
False /tmp/pytest-of-vsts/pytest-0/test_copy_move_iter_False_move0/src/file.116.txt
file.###.txt 100 200 17
False /tmp/pytest-of-vsts/pytest-0/test_copy_move_iter_False_move0/src/file.117.txt
file.###.txt 100 200 18
False /tmp/pytest-of-vsts/pytest-0/test_copy_move_iter_False_move0/src/file.118.txt
file.###.txt 100 200 19
False /tmp/pytest-of-vsts/pytest-0/test_copy_move_iter_False_move0/src/file.119.txt
file.###.txt 100 200 20
False /tmp/pytest-of-vsts/pytest-0/test_copy_move_iter_False_move0/src/file.120.txt
file.###.txt 100 200 21
False /tmp/pytest-of-vsts/pytest-0/test_copy_move_iter_False_move0/src/file.121.txt
file.###.txt 100 200 22
False /tmp/pytest-of-vsts/pytest-0/test_copy_move_iter_False_move0/src/file.122.txt
file.###.txt 100 200 23
False /tmp/pytest-of-vsts/pytest-0/test_copy_move_iter_False_move0/src/file.123.txt
file.###.txt 100 200 24
False /tmp/pytest-of-vsts/pytest-0/test_copy_move_iter_False_move0/src/file.124.txt
file.###.txt 100 200 25
False /tmp/pytest-of-vsts/pytest-0/test_copy_move_iter_False_move0/src/file.125.txt
file.###.txt 100 200 26
False /tmp/pytest-of-vsts/pytest-0/test_copy_move_iter_False_move0/src/file.126.txt
file.###.txt 100 200 27
False /tmp/pytest-of-vsts/pytest-0/test_copy_move_iter_False_move0/src/file.127.txt
file.###.txt 100 200 28
False /tmp/pytest-of-vsts/pytest-0/test_copy_move_iter_False_move0/src/file.128.txt
file.###.txt 100 200 29
False /tmp/pytest-of-vsts/pytest-0/test_copy_move_iter_False_move0/src/file.129.txt
file.###.txt 100 200 30
False /tmp/pytest-of-vsts/pytest-0/test_copy_move_iter_False_move0/src/file.130.txt
file.###.txt 100 200 31
False /tmp/pytest-of-vsts/pytest-0/test_copy_move_iter_False_move0/src/file.131.txt
file.###.txt 100 200 32
False /tmp/pytest-of-vsts/pytest-0/test_copy_move_iter_False_move0/src/file.132.txt
file.###.txt 100 200 33
False /tmp/pytest-of-vsts/pytest-0/test_copy_move_iter_False_move0/src/file.133.txt
file.###.txt 100 200 34
False /tmp/pytest-of-vsts/pytest-0/test_copy_move_iter_False_move0/src/file.134.txt
file.###.txt 100 200 35
False /tmp/pytest-of-vsts/pytest-0/test_copy_move_iter_False_move0/src/file.135.txt
file.###.txt 100 200 36
False /tmp/pytest-of-vsts/pytest-0/test_copy_move_iter_False_move0/src/file.136.txt
file.###.txt 100 200 37
False /tmp/pytest-of-vsts/pytest-0/test_copy_move_iter_False_move0/src/file.137.txt
file.###.txt 100 200 38
False /tmp/pytest-of-vsts/pytest-0/test_copy_move_iter_False_move0/src/file.138.txt
file.###.txt 100 200 39
False /tmp/pytest-of-vsts/pytest-0/test_copy_move_iter_False_move0/src/file.139.txt
file.###.txt 100 200 40
False /tmp/pytest-of-vsts/pytest-0/test_copy_move_iter_False_move0/src/file.140.txt
file.###.txt 100 200 41
False /tmp/pytest-of-vsts/pytest-0/test_copy_move_iter_False_move0/src/file.141.txt
file.###.txt 100 200 42
False /tmp/pytest-of-vsts/pytest-0/test_copy_move_iter_False_move0/src/file.142.txt
file.###.txt 100 200 43
False /tmp/pytest-of-vsts/pytest-0/test_copy_move_iter_False_move0/src/file.143.txt
file.###.txt 100 200 44
False /tmp/pytest-of-vsts/pytest-0/test_copy_move_iter_False_move0/src/file.144.txt
file.###.txt 100 200 45
False /tmp/pytest-of-vsts/pytest-0/test_copy_move_iter_False_move0/src/file.145.txt
file.###.txt 100 200 46
False /tmp/pytest-of-vsts/pytest-0/test_copy_move_iter_False_move0/src/file.146.txt
file.###.txt 100 200 47
False /tmp/pytest-of-vsts/pytest-0/test_copy_move_iter_False_move0/src/file.147.txt
file.###.txt 100 200 48
False /tmp/pytest-of-vsts/pytest-0/test_copy_move_iter_False_move0/src/file.148.txt
file.###.txt 100 200 49
False /tmp/pytest-of-vsts/pytest-0/test_copy_move_iter_False_move0/src/file.149.txt
file.###.txt 100 200 50
False /tmp/pytest-of-vsts/pytest-0/test_copy_move_iter_False_move0/src/file.150.txt
file.###.txt 100 200 51
False /tmp/pytest-of-vsts/pytest-0/test_copy_move_iter_False_move0/src/file.151.txt
file.###.txt 100 200 52
False /tmp/pytest-of-vsts/pytest-0/test_copy_move_iter_False_move0/src/file.152.txt
file.###.txt 100 200 53
False /tmp/pytest-of-vsts/pytest-0/test_copy_move_iter_False_move0/src/file.153.txt
file.###.txt 100 200 54
False /tmp/pytest-of-vsts/pytest-0/test_copy_move_iter_False_move0/src/file.154.txt
file.###.txt 100 200 55
False /tmp/pytest-of-vsts/pytest-0/test_copy_move_iter_False_move0/src/file.155.txt
file.###.txt 100 200 56
False /tmp/pytest-of-vsts/pytest-0/test_copy_move_iter_False_move0/src/file.156.txt
file.###.txt 100 200 57
False /tmp/pytest-of-vsts/pytest-0/test_copy_move_iter_False_move0/src/file.157.txt
file.###.txt 100 200 58
False /tmp/pytest-of-vsts/pytest-0/test_copy_move_iter_False_move0/src/file.158.txt
file.###.txt 100 200 59
False /tmp/pytest-of-vsts/pytest-0/test_copy_move_iter_False_move0/src/file.159.txt
file.###.txt 100 200 60
False /tmp/pytest-of-vsts/pytest-0/test_copy_move_iter_False_move0/src/file.160.txt
file.###.txt 100 200 61
False /tmp/pytest-of-vsts/pytest-0/test_copy_move_iter_False_move0/src/file.161.txt
file.###.txt 100 200 62
False /tmp/pytest-of-vsts/pytest-0/test_copy_move_iter_False_move0/src/file.162.txt
file.###.txt 100 200 63
False /tmp/pytest-of-vsts/pytest-0/test_copy_move_iter_False_move0/src/file.163.txt
file.###.txt 100 200 64
False /tmp/pytest-of-vsts/pytest-0/test_copy_move_iter_False_move0/src/file.164.txt
file.###.txt 100 200 65
False /tmp/pytest-of-vsts/pytest-0/test_copy_move_iter_False_move0/src/file.165.txt
file.###.txt 100 200 66
False /tmp/pytest-of-vsts/pytest-0/test_copy_move_iter_False_move0/src/file.166.txt
file.###.txt 100 200 67
False /tmp/pytest-of-vsts/pytest-0/test_copy_move_iter_False_move0/src/file.167.txt
file.###.txt 100 200 68
False /tmp/pytest-of-vsts/pytest-0/test_copy_move_iter_False_move0/src/file.168.txt
file.###.txt 100 200 69
False /tmp/pytest-of-vsts/pytest-0/test_copy_move_iter_False_move0/src/file.169.txt
file.###.txt 100 200 70
False /tmp/pytest-of-vsts/pytest-0/test_copy_move_iter_False_move0/src/file.170.txt
file.###.txt 100 200 71
False /tmp/pytest-of-vsts/pytest-0/test_copy_move_iter_False_move0/src/file.171.txt
file.###.txt 100 200 72
False /tmp/pytest-of-vsts/pytest-0/test_copy_move_iter_False_move0/src/file.172.txt
file.###.txt 100 200 73
False /tmp/pytest-of-vsts/pytest-0/test_copy_move_iter_False_move0/src/file.173.txt
file.###.txt 100 200 74
False /tmp/pytest-of-vsts/pytest-0/test_copy_move_iter_False_move0/src/file.174.txt
file.###.txt 100 200 75
False /tmp/pytest-of-vsts/pytest-0/test_copy_move_iter_False_move0/src/file.175.txt
file.###.txt 100 200 76
False /tmp/pytest-of-vsts/pytest-0/test_copy_move_iter_False_move0/src/file.176.txt
file.###.txt 100 200 77
False /tmp/pytest-of-vsts/pytest-0/test_copy_move_iter_False_move0/src/file.177.txt
file.###.txt 100 200 78
False /tmp/pytest-of-vsts/pytest-0/test_copy_move_iter_False_move0/src/file.178.txt
file.###.txt 100 200 79
False /tmp/pytest-of-vsts/pytest-0/test_copy_move_iter_False_move0/src/file.179.txt
file.###.txt 100 200 80
False /tmp/pytest-of-vsts/pytest-0/test_copy_move_iter_False_move0/src/file.180.txt
file.###.txt 100 200 81
False /tmp/pytest-of-vsts/pytest-0/test_copy_move_iter_False_move0/src/file.181.txt
file.###.txt 100 200 82
False /tmp/pytest-of-vsts/pytest-0/test_copy_move_iter_False_move0/src/file.182.txt
file.###.txt 100 200 83
False /tmp/pytest-of-vsts/pytest-0/test_copy_move_iter_False_move0/src/file.183.txt
file.###.txt 100 200 84
False /tmp/pytest-of-vsts/pytest-0/test_copy_move_iter_False_move0/src/file.184.txt
file.###.txt 100 200 85
False /tmp/pytest-of-vsts/pytest-0/test_copy_move_iter_False_move0/src/file.185.txt
file.###.txt 100 200 86
False /tmp/pytest-of-vsts/pytest-0/test_copy_move_iter_False_move0/src/file.186.txt
file.###.txt 100 200 87
False /tmp/pytest-of-vsts/pytest-0/test_copy_move_iter_False_move0/src/file.187.txt
file.###.txt 100 200 88
False /tmp/pytest-of-vsts/pytest-0/test_copy_move_iter_False_move0/src/file.188.txt
file.###.txt 100 200 89
False /tmp/pytest-of-vsts/pytest-0/test_copy_move_iter_False_move0/src/file.189.txt
file.###.txt 100 200 90
False /tmp/pytest-of-vsts/pytest-0/test_copy_move_iter_False_move0/src/file.190.txt
file.###.txt 100 200 91
False /tmp/pytest-of-vsts/pytest-0/test_copy_move_iter_False_move0/src/file.191.txt
file.###.txt 100 200 92
False /tmp/pytest-of-vsts/pytest-0/test_copy_move_iter_False_move0/src/file.192.txt
file.###.txt 100 200 93
False /tmp/pytest-of-vsts/pytest-0/test_copy_move_iter_False_move0/src/file.193.txt
file.###.txt 100 200 94
False /tmp/pytest-of-vsts/pytest-0/test_copy_move_iter_False_move0/src/file.194.txt
file.###.txt 100 200 95
False /tmp/pytest-of-vsts/pytest-0/test_copy_move_iter_False_move0/src/file.195.txt
file.###.txt 100 200 96
False /tmp/pytest-of-vsts/pytest-0/test_copy_move_iter_False_move0/src/file.196.txt
file.###.txt 100 200 97
False /tmp/pytest-of-vsts/pytest-0/test_copy_move_iter_False_move0/src/file.197.txt
file.###.txt 100 200 98
False /tmp/pytest-of-vsts/pytest-0/test_copy_move_iter_False_move0/src/file.198.txt
file.###.txt 100 200 99
False /tmp/pytest-of-vsts/pytest-0/test_copy_move_iter_False_move0/src/file.199.txt
file.###.txt 100 200 100
False /tmp/pytest-of-vsts/pytest-0/test_copy_move_iter_False_move0/src/file.200.txt
file.###.txt 100 200 0
file.###.txt 100 200 1
file.###.txt 100 200 2
file.###.txt 100 200 3
file.###.txt 100 200 4
file.###.txt 100 200 5
file.###.txt 100 200 6
file.###.txt 100 200 7
file.###.txt 100 200 8
file.###.txt 100 200 9
file.###.txt 100 200 10
file.###.txt 100 200 11
file.###.txt 100 200 12
file.###.txt 100 200 13
file.###.txt 100 200 14
file.###.txt 100 200 15
file.###.txt 100 200 16
file.###.txt 100 200 17
file.###.txt 100 200 18
file.###.txt 100 200 19
file.###.txt 100 200 20
file.###.txt 100 200 21
file.###.txt 100 200 22
file.###.txt 100 200 23
file.###.txt 100 200 24
file.###.txt 100 200 25
file.###.txt 100 200 26
file.###.txt 100 200 27
file.###.txt 100 200 28
file.###.txt 100 200 29
file.###.txt 100 200 30
file.###.txt 100 200 31
file.###.txt 100 200 32
file.###.txt 100 200 33
file.###.txt 100 200 34
file.###.txt 100 200 35
file.###.txt 100 200 36
file.###.txt 100 200 37
file.###.txt 100 200 38
file.###.txt 100 200 39
file.###.txt 100 200 40
file.###.txt 100 200 41
file.###.txt 100 200 42
file.###.txt 100 200 43
file.###.txt 100 200 44
file.###.txt 100 200 45
file.###.txt 100 200 46
file.###.txt 100 200 47
file.###.txt 100 200 48
file.###.txt 100 200 49
file.###.txt 100 200 50
file.###.txt 100 200 51
file.###.txt 100 200 52
file.###.txt 100 200 53
file.###.txt 100 200 54
file.###.txt 100 200 55
file.###.txt 100 200 56
file.###.txt 100 200 57
file.###.txt 100 200 58
file.###.txt 100 200 59
file.###.txt 100 200 60
file.###.txt 100 200 61
file.###.txt 100 200 62
file.###.txt 100 200 63
file.###.txt 100 200 64
file.###.txt 100 200 65
file.###.txt 100 200 66
file.###.txt 100 200 67
file.###.txt 100 200 68
file.###.txt 100 200 69
file.###.txt 100 200 70
file.###.txt 100 200 71
file.###.txt 100 200 72
file.###.txt 100 200 73
file.###.txt 100 200 74
file.###.txt 100 200 75
file.###.txt 100 200 76
file.###.txt 100 200 77
file.###.txt 100 200 78
file.###.txt 100 200 79
file.###.txt 100 200 80
file.###.txt 100 200 81
file.###.txt 100 200 82
file.###.txt 100 200 83
file.###.txt 100 200 84
file.###.txt 100 200 85
file.###.txt 100 200 86
file.###.txt 100 200 87
file.###.txt 100 200 88
file.###.txt 100 200 89
file.###.txt 100 200 90
file.###.txt 100 200 91
file.###.txt 100 200 92
file.###.txt 100 200 93
file.###.txt 100 200 94
file.###.txt 100 200 95
file.###.txt 100 200 96
file.###.txt 100 200 97
file.###.txt 100 200 98
file.###.txt 100 200 99
file.###.txt 100 200 100
Source Dir ls:
file.###.txt 100 200 0
-----------
Destination Dir ls:
1: /tmp/pytest-of-vsts/pytest-0/test_copy_move_iter_False_move0/dst/file.123.txt
2: /tmp/pytest-of-vsts/pytest-0/test_copy_move_iter_False_move0/dst/file.116.txt
3: /tmp/pytest-of-vsts/pytest-0/test_copy_move_iter_False_move0/dst/file.140.txt
4: /tmp/pytest-of-vsts/pytest-0/test_copy_move_iter_False_move0/dst/file.182.txt
5: /tmp/pytest-of-vsts/pytest-0/test_copy_move_iter_False_move0/dst/file.181.txt
6: /tmp/pytest-of-vsts/pytest-0/test_copy_move_iter_False_move0/dst/file.180.txt
7: /tmp/pytest-of-vsts/pytest-0/test_copy_move_iter_False_move0/dst/file.101.txt
8: /tmp/pytest-of-vsts/pytest-0/test_copy_move_iter_False_move0/dst/file.166.txt
9: /tmp/pytest-of-vsts/pytest-0/test_copy_move_iter_False_move0/dst/file.167.txt
10: /tmp/pytest-of-vsts/pytest-0/test_copy_move_iter_False_move0/dst/file.191.txt
11: /tmp/pytest-of-vsts/pytest-0/test_copy_move_iter_False_move0/dst/file.113.txt
12: /tmp/pytest-of-vsts/pytest-0/test_copy_move_iter_False_move0/dst/file.122.txt
13: /tmp/pytest-of-vsts/pytest-0/test_copy_move_iter_False_move0/dst/file.110.txt
14: /tmp/pytest-of-vsts/pytest-0/test_copy_move_iter_False_move0/dst/file.148.txt
15: /tmp/pytest-of-vsts/pytest-0/test_copy_move_iter_False_move0/dst/file.154.txt
16: /tmp/pytest-of-vsts/pytest-0/test_copy_move_iter_False_move0/dst/file.200.txt
17: /tmp/pytest-of-vsts/pytest-0/test_copy_move_iter_False_move0/dst/file.177.txt
18: /tmp/pytest-of-vsts/pytest-0/test_copy_move_iter_False_move0/dst/file.186.txt
19: /tmp/pytest-of-vsts/pytest-0/test_copy_move_iter_False_move0/dst/file.115.txt
20: /tmp/pytest-of-vsts/pytest-0/test_copy_move_iter_False_move0/dst/file.190.txt
21: /tmp/pytest-of-vsts/pytest-0/test_copy_move_iter_False_move0/dst/file.119.txt
22: /tmp/pytest-of-vsts/pytest-0/test_copy_move_iter_False_move0/dst/file.151.txt
23: /tmp/pytest-of-vsts/pytest-0/test_copy_move_iter_False_move0/dst/file.195.txt
24: /tmp/pytest-of-vsts/pytest-0/test_copy_move_iter_False_move0/dst/file.169.txt
25: /tmp/pytest-of-vsts/pytest-0/test_copy_move_iter_False_move0/dst/file.149.txt
26: /tmp/pytest-of-vsts/pytest-0/test_copy_move_iter_False_move0/dst/file.128.txt
27: /tmp/pytest-of-vsts/pytest-0/test_copy_move_iter_False_move0/dst/file.198.txt
28: /tmp/pytest-of-vsts/pytest-0/test_copy_move_iter_False_move0/dst/file.118.txt
29: /tmp/pytest-of-vsts/pytest-0/test_copy_move_iter_False_move0/dst/file.139.txt
30: /tmp/pytest-of-vsts/pytest-0/test_copy_move_iter_False_move0/dst/file.129.txt
31: /tmp/pytest-of-vsts/pytest-0/test_copy_move_iter_False_move0/dst/file.106.txt
32: /tmp/pytest-of-vsts/pytest-0/test_copy_move_iter_False_move0/dst/file.147.txt
33: /tmp/pytest-of-vsts/pytest-0/test_copy_move_iter_False_move0/dst/file.184.txt
34: /tmp/pytest-of-vsts/pytest-0/test_copy_move_iter_False_move0/dst/file.170.txt
35: /tmp/pytest-of-vsts/pytest-0/test_copy_move_iter_False_move0/dst/file.165.txt
36: /tmp/pytest-of-vsts/pytest-0/test_copy_move_iter_False_move0/dst/file.161.txt
37: /tmp/pytest-of-vsts/pytest-0/test_copy_move_iter_False_move0/dst/file.160.txt
38: /tmp/pytest-of-vsts/pytest-0/test_copy_move_iter_False_move0/dst/file.132.txt
39: /tmp/pytest-of-vsts/pytest-0/test_copy_move_iter_False_move0/dst/file.100.txt
40: /tmp/pytest-of-vsts/pytest-0/test_copy_move_iter_False_move0/dst/file.187.txt
41: /tmp/pytest-of-vsts/pytest-0/test_copy_move_iter_False_move0/dst/file.108.txt
42: /tmp/pytest-of-vsts/pytest-0/test_copy_move_iter_False_move0/dst/file.102.txt
43: /tmp/pytest-of-vsts/pytest-0/test_copy_move_iter_False_move0/dst/file.130.txt
44: /tmp/pytest-of-vsts/pytest-0/test_copy_move_iter_False_move0/dst/file.172.txt
45: /tmp/pytest-of-vsts/pytest-0/test_copy_move_iter_False_move0/dst/file.178.txt
46: /tmp/pytest-of-vsts/pytest-0/test_copy_move_iter_False_move0/dst/file.176.txt
47: /tmp/pytest-of-vsts/pytest-0/test_copy_move_iter_False_move0/dst/file.175.txt
48: /tmp/pytest-of-vsts/pytest-0/test_copy_move_iter_False_move0/dst/file.189.txt
49: /tmp/pytest-of-vsts/pytest-0/test_copy_move_iter_False_move0/dst/file.136.txt
50: /tmp/pytest-of-vsts/pytest-0/test_copy_move_iter_False_move0/dst/file.131.txt
51: /tmp/pytest-of-vsts/pytest-0/test_copy_move_iter_False_move0/dst/file.142.txt
52: /tmp/pytest-of-vsts/pytest-0/test_copy_move_iter_False_move0/dst/file.127.txt
53: /tmp/pytest-of-vsts/pytest-0/test_copy_move_iter_False_move0/dst/file.145.txt
54: /tmp/pytest-of-vsts/pytest-0/test_copy_move_iter_False_move0/dst/file.168.txt
55: /tmp/pytest-of-vsts/pytest-0/test_copy_move_iter_False_move0/dst/file.174.txt
56: /tmp/pytest-of-vsts/pytest-0/test_copy_move_iter_False_move0/dst/file.107.txt
57: /tmp/pytest-of-vsts/pytest-0/test_copy_move_iter_False_move0/dst/file.125.txt
58: /tmp/pytest-of-vsts/pytest-0/test_copy_move_iter_False_move0/dst/file.146.txt
59: /tmp/pytest-of-vsts/pytest-0/test_copy_move_iter_False_move0/dst/file.193.txt
60: /tmp/pytest-of-vsts/pytest-0/test_copy_move_iter_False_move0/dst/file.194.txt
61: /tmp/pytest-of-vsts/pytest-0/test_copy_move_iter_False_move0/dst/file.158.txt
62: /tmp/pytest-of-vsts/pytest-0/test_copy_move_iter_False_move0/dst/file.133.txt
63: /tmp/pytest-of-vsts/pytest-0/test_copy_move_iter_False_move0/dst/file.137.txt
64: /tmp/pytest-of-vsts/pytest-0/test_copy_move_iter_False_move0/dst/file.183.txt
65: /tmp/pytest-of-vsts/pytest-0/test_copy_move_iter_False_move0/dst/file.156.txt
66: /tmp/pytest-of-vsts/pytest-0/test_copy_move_iter_False_move0/dst/file.155.txt
67: /tmp/pytest-of-vsts/pytest-0/test_copy_move_iter_False_move0/dst/file.179.txt
68: /tmp/pytest-of-vsts/pytest-0/test_copy_move_iter_False_move0/dst/file.173.txt
69: /tmp/pytest-of-vsts/pytest-0/test_copy_move_iter_False_move0/dst/file.112.txt
70: /tmp/pytest-of-vsts/pytest-0/test_copy_move_iter_False_move0/dst/file.135.txt
71: /tmp/pytest-of-vsts/pytest-0/test_copy_move_iter_False_move0/dst/file.121.txt
72: /tmp/pytest-of-vsts/pytest-0/test_copy_move_iter_False_move0/dst/file.124.txt
73: /tmp/pytest-of-vsts/pytest-0/test_copy_move_iter_False_move0/dst/file.117.txt
74: /tmp/pytest-of-vsts/pytest-0/test_copy_move_iter_False_move0/dst/file.143.txt
75: /tmp/pytest-of-vsts/pytest-0/test_copy_move_iter_False_move0/dst/file.105.txt
76: /tmp/pytest-of-vsts/pytest-0/test_copy_move_iter_False_move0/dst/file.153.txt
77: /tmp/pytest-of-vsts/pytest-0/test_copy_move_iter_False_move0/dst/file.188.txt
78: /tmp/pytest-of-vsts/pytest-0/test_copy_move_iter_False_move0/dst/file.162.txt
79: /tmp/pytest-of-vsts/pytest-0/test_copy_move_iter_False_move0/dst/file.164.txt
80: /tmp/pytest-of-vsts/pytest-0/test_copy_move_iter_False_move0/dst/file.185.txt
81: /tmp/pytest-of-vsts/pytest-0/test_copy_move_iter_False_move0/dst/file.157.txt
82: /tmp/pytest-of-vsts/pytest-0/test_copy_move_iter_False_move0/dst/file.171.txt
83: /tmp/pytest-of-vsts/pytest-0/test_copy_move_iter_False_move0/dst/file.138.txt
84: /tmp/pytest-of-vsts/pytest-0/test_copy_move_iter_False_move0/dst/file.111.txt
85: /tmp/pytest-of-vsts/pytest-0/test_copy_move_iter_False_move0/dst/file.196.txt
86: /tmp/pytest-of-vsts/pytest-0/test_copy_move_iter_False_move0/dst/file.197.txt
87: /tmp/pytest-of-vsts/pytest-0/test_copy_move_iter_False_move0/dst/file.103.txt
88: /tmp/pytest-of-vsts/pytest-0/test_copy_move_iter_False_move0/dst/file.109.txt
89: /tmp/pytest-of-vsts/pytest-0/test_copy_move_iter_False_move0/dst/file.152.txt
90: /tmp/pytest-of-vsts/pytest-0/test_copy_move_iter_False_move0/dst/file.126.txt
91: /tmp/pytest-of-vsts/pytest-0/test_copy_move_iter_False_move0/dst/file.120.txt
92: /tmp/pytest-of-vsts/pytest-0/test_copy_move_iter_False_move0/dst/file.141.txt
93: /tmp/pytest-of-vsts/pytest-0/test_copy_move_iter_False_move0/dst/file.192.txt
94: /tmp/pytest-of-vsts/pytest-0/test_copy_move_iter_False_move0/dst/file.199.txt
95: /tmp/pytest-of-vsts/pytest-0/test_copy_move_iter_False_move0/dst/file.150.txt
96: /tmp/pytest-of-vsts/pytest-0/test_copy_move_iter_False_move0/dst/file.104.txt
97: /tmp/pytest-of-vsts/pytest-0/test_copy_move_iter_False_move0/dst/file.144.txt
98: /tmp/pytest-of-vsts/pytest-0/test_copy_move_iter_False_move0/dst/file.134.txt
99: /tmp/pytest-of-vsts/pytest-0/test_copy_move_iter_False_move0/dst/file.159.txt
100: /tmp/pytest-of-vsts/pytest-0/test_copy_move_iter_False_move0/dst/file.114.txt
101: /tmp/pytest-of-vsts/pytest-0/test_copy_move_iter_False_move0/dst/file.163.txt
</system-out></testcase><testcase classname="zdevelop.tests.test_file_seq.TestSeqDisk" file="zdevelop/tests/test_file_seq.py" line="115" name="test_copy_move_iter[False-copy_iter-True]" time="0.063"><system-out>file.###.txt 100 200 0
copied/moved: /tmp/pytest-of-vsts/pytest-0/test_copy_move_iter_False_copy0/dst/file.100.txt
file.###.txt 100 200 1
copied/moved: /tmp/pytest-of-vsts/pytest-0/test_copy_move_iter_False_copy0/dst/file.101.txt
file.###.txt 100 200 2
copied/moved: /tmp/pytest-of-vsts/pytest-0/test_copy_move_iter_False_copy0/dst/file.102.txt
file.###.txt 100 200 3
copied/moved: /tmp/pytest-of-vsts/pytest-0/test_copy_move_iter_False_copy0/dst/file.103.txt
file.###.txt 100 200 4
copied/moved: /tmp/pytest-of-vsts/pytest-0/test_copy_move_iter_False_copy0/dst/file.104.txt
file.###.txt 100 200 5
copied/moved: /tmp/pytest-of-vsts/pytest-0/test_copy_move_iter_False_copy0/dst/file.105.txt
file.###.txt 100 200 6
copied/moved: /tmp/pytest-of-vsts/pytest-0/test_copy_move_iter_False_copy0/dst/file.106.txt
file.###.txt 100 200 7
copied/moved: /tmp/pytest-of-vsts/pytest-0/test_copy_move_iter_False_copy0/dst/file.107.txt
file.###.txt 100 200 8
copied/moved: /tmp/pytest-of-vsts/pytest-0/test_copy_move_iter_False_copy0/dst/file.108.txt
file.###.txt 100 200 9
copied/moved: /tmp/pytest-of-vsts/pytest-0/test_copy_move_iter_False_copy0/dst/file.109.txt
file.###.txt 100 200 10
copied/moved: /tmp/pytest-of-vsts/pytest-0/test_copy_move_iter_False_copy0/dst/file.110.txt
file.###.txt 100 200 11
copied/moved: /tmp/pytest-of-vsts/pytest-0/test_copy_move_iter_False_copy0/dst/file.111.txt
file.###.txt 100 200 12
copied/moved: /tmp/pytest-of-vsts/pytest-0/test_copy_move_iter_False_copy0/dst/file.112.txt
file.###.txt 100 200 13
copied/moved: /tmp/pytest-of-vsts/pytest-0/test_copy_move_iter_False_copy0/dst/file.113.txt
file.###.txt 100 200 14
copied/moved: /tmp/pytest-of-vsts/pytest-0/test_copy_move_iter_False_copy0/dst/file.114.txt
file.###.txt 100 200 15
copied/moved: /tmp/pytest-of-vsts/pytest-0/test_copy_move_iter_False_copy0/dst/file.115.txt
file.###.txt 100 200 16
copied/moved: /tmp/pytest-of-vsts/pytest-0/test_copy_move_iter_False_copy0/dst/file.116.txt
file.###.txt 100 200 17
copied/moved: /tmp/pytest-of-vsts/pytest-0/test_copy_move_iter_False_copy0/dst/file.117.txt
file.###.txt 100 200 18
copied/moved: /tmp/pytest-of-vsts/pytest-0/test_copy_move_iter_False_copy0/dst/file.118.txt
file.###.txt 100 200 19
copied/moved: /tmp/pytest-of-vsts/pytest-0/test_copy_move_iter_False_copy0/dst/file.119.txt
file.###.txt 100 200 20
copied/moved: /tmp/pytest-of-vsts/pytest-0/test_copy_move_iter_False_copy0/dst/file.120.txt
file.###.txt 100 200 21
copied/moved: /tmp/pytest-of-vsts/pytest-0/test_copy_move_iter_False_copy0/dst/file.121.txt
file.###.txt 100 200 22
copied/moved: /tmp/pytest-of-vsts/pytest-0/test_copy_move_iter_False_copy0/dst/file.122.txt
file.###.txt 100 200 23
copied/moved: /tmp/pytest-of-vsts/pytest-0/test_copy_move_iter_False_copy0/dst/file.123.txt
file.###.txt 100 200 24
copied/moved: /tmp/pytest-of-vsts/pytest-0/test_copy_move_iter_False_copy0/dst/file.124.txt
file.###.txt 100 200 25
copied/moved: /tmp/pytest-of-vsts/pytest-0/test_copy_move_iter_False_copy0/dst/file.125.txt
file.###.txt 100 200 26
copied/moved: /tmp/pytest-of-vsts/pytest-0/test_copy_move_iter_False_copy0/dst/file.126.txt
file.###.txt 100 200 27
copied/moved: /tmp/pytest-of-vsts/pytest-0/test_copy_move_iter_False_copy0/dst/file.127.txt
file.###.txt 100 200 28
copied/moved: /tmp/pytest-of-vsts/pytest-0/test_copy_move_iter_False_copy0/dst/file.128.txt
file.###.txt 100 200 29
copied/moved: /tmp/pytest-of-vsts/pytest-0/test_copy_move_iter_False_copy0/dst/file.129.txt
file.###.txt 100 200 30
copied/moved: /tmp/pytest-of-vsts/pytest-0/test_copy_move_iter_False_copy0/dst/file.130.txt
file.###.txt 100 200 31
copied/moved: /tmp/pytest-of-vsts/pytest-0/test_copy_move_iter_False_copy0/dst/file.131.txt
file.###.txt 100 200 32
copied/moved: /tmp/pytest-of-vsts/pytest-0/test_copy_move_iter_False_copy0/dst/file.132.txt
file.###.txt 100 200 33
copied/moved: /tmp/pytest-of-vsts/pytest-0/test_copy_move_iter_False_copy0/dst/file.133.txt
file.###.txt 100 200 34
copied/moved: /tmp/pytest-of-vsts/pytest-0/test_copy_move_iter_False_copy0/dst/file.134.txt
file.###.txt 100 200 35
copied/moved: /tmp/pytest-of-vsts/pytest-0/test_copy_move_iter_False_copy0/dst/file.135.txt
file.###.txt 100 200 36
copied/moved: /tmp/pytest-of-vsts/pytest-0/test_copy_move_iter_False_copy0/dst/file.136.txt
file.###.txt 100 200 37
copied/moved: /tmp/pytest-of-vsts/pytest-0/test_copy_move_iter_False_copy0/dst/file.137.txt
file.###.txt 100 200 38
copied/moved: /tmp/pytest-of-vsts/pytest-0/test_copy_move_iter_False_copy0/dst/file.138.txt
file.###.txt 100 200 39
copied/moved: /tmp/pytest-of-vsts/pytest-0/test_copy_move_iter_False_copy0/dst/file.139.txt
file.###.txt 100 200 40
copied/moved: /tmp/pytest-of-vsts/pytest-0/test_copy_move_iter_False_copy0/dst/file.140.txt
file.###.txt 100 200 41
copied/moved: /tmp/pytest-of-vsts/pytest-0/test_copy_move_iter_False_copy0/dst/file.141.txt
file.###.txt 100 200 42
copied/moved: /tmp/pytest-of-vsts/pytest-0/test_copy_move_iter_False_copy0/dst/file.142.txt
file.###.txt 100 200 43
copied/moved: /tmp/pytest-of-vsts/pytest-0/test_copy_move_iter_False_copy0/dst/file.143.txt
file.###.txt 100 200 44
copied/moved: /tmp/pytest-of-vsts/pytest-0/test_copy_move_iter_False_copy0/dst/file.144.txt
file.###.txt 100 200 45
copied/moved: /tmp/pytest-of-vsts/pytest-0/test_copy_move_iter_False_copy0/dst/file.145.txt
file.###.txt 100 200 46
copied/moved: /tmp/pytest-of-vsts/pytest-0/test_copy_move_iter_False_copy0/dst/file.146.txt
file.###.txt 100 200 47
copied/moved: /tmp/pytest-of-vsts/pytest-0/test_copy_move_iter_False_copy0/dst/file.147.txt
file.###.txt 100 200 48
copied/moved: /tmp/pytest-of-vsts/pytest-0/test_copy_move_iter_False_copy0/dst/file.148.txt
file.###.txt 100 200 49
copied/moved: /tmp/pytest-of-vsts/pytest-0/test_copy_move_iter_False_copy0/dst/file.149.txt
file.###.txt 100 200 50
copied/moved: /tmp/pytest-of-vsts/pytest-0/test_copy_move_iter_False_copy0/dst/file.150.txt
file.###.txt 100 200 51
copied/moved: /tmp/pytest-of-vsts/pytest-0/test_copy_move_iter_False_copy0/dst/file.151.txt
file.###.txt 100 200 52
copied/moved: /tmp/pytest-of-vsts/pytest-0/test_copy_move_iter_False_copy0/dst/file.152.txt
file.###.txt 100 200 53
copied/moved: /tmp/pytest-of-vsts/pytest-0/test_copy_move_iter_False_copy0/dst/file.153.txt
file.###.txt 100 200 54
copied/moved: /tmp/pytest-of-vsts/pytest-0/test_copy_move_iter_False_copy0/dst/file.154.txt
file.###.txt 100 200 55
copied/moved: /tmp/pytest-of-vsts/pytest-0/test_copy_move_iter_False_copy0/dst/file.155.txt
file.###.txt 100 200 56
copied/moved: /tmp/pytest-of-vsts/pytest-0/test_copy_move_iter_False_copy0/dst/file.156.txt
file.###.txt 100 200 57
copied/moved: /tmp/pytest-of-vsts/pytest-0/test_copy_move_iter_False_copy0/dst/file.157.txt
file.###.txt 100 200 58
copied/moved: /tmp/pytest-of-vsts/pytest-0/test_copy_move_iter_False_copy0/dst/file.158.txt
file.###.txt 100 200 59
copied/moved: /tmp/pytest-of-vsts/pytest-0/test_copy_move_iter_False_copy0/dst/file.159.txt
file.###.txt 100 200 60
copied/moved: /tmp/pytest-of-vsts/pytest-0/test_copy_move_iter_False_copy0/dst/file.160.txt
file.###.txt 100 200 61
copied/moved: /tmp/pytest-of-vsts/pytest-0/test_copy_move_iter_False_copy0/dst/file.161.txt
file.###.txt 100 200 62
copied/moved: /tmp/pytest-of-vsts/pytest-0/test_copy_move_iter_False_copy0/dst/file.162.txt
file.###.txt 100 200 63
copied/moved: /tmp/pytest-of-vsts/pytest-0/test_copy_move_iter_False_copy0/dst/file.163.txt
file.###.txt 100 200 64
copied/moved: /tmp/pytest-of-vsts/pytest-0/test_copy_move_iter_False_copy0/dst/file.164.txt
file.###.txt 100 200 65
copied/moved: /tmp/pytest-of-vsts/pytest-0/test_copy_move_iter_False_copy0/dst/file.165.txt
file.###.txt 100 200 66
copied/moved: /tmp/pytest-of-vsts/pytest-0/test_copy_move_iter_False_copy0/dst/file.166.txt
file.###.txt 100 200 67
copied/moved: /tmp/pytest-of-vsts/pytest-0/test_copy_move_iter_False_copy0/dst/file.167.txt
file.###.txt 100 200 68
copied/moved: /tmp/pytest-of-vsts/pytest-0/test_copy_move_iter_False_copy0/dst/file.168.txt
file.###.txt 100 200 69
copied/moved: /tmp/pytest-of-vsts/pytest-0/test_copy_move_iter_False_copy0/dst/file.169.txt
file.###.txt 100 200 70
copied/moved: /tmp/pytest-of-vsts/pytest-0/test_copy_move_iter_False_copy0/dst/file.170.txt
file.###.txt 100 200 71
copied/moved: /tmp/pytest-of-vsts/pytest-0/test_copy_move_iter_False_copy0/dst/file.171.txt
file.###.txt 100 200 72
copied/moved: /tmp/pytest-of-vsts/pytest-0/test_copy_move_iter_False_copy0/dst/file.172.txt
file.###.txt 100 200 73
copied/moved: /tmp/pytest-of-vsts/pytest-0/test_copy_move_iter_False_copy0/dst/file.173.txt
file.###.txt 100 200 74
copied/moved: /tmp/pytest-of-vsts/pytest-0/test_copy_move_iter_False_copy0/dst/file.174.txt
file.###.txt 100 200 75
copied/moved: /tmp/pytest-of-vsts/pytest-0/test_copy_move_iter_False_copy0/dst/file.175.txt
file.###.txt 100 200 76
copied/moved: /tmp/pytest-of-vsts/pytest-0/test_copy_move_iter_False_copy0/dst/file.176.txt
file.###.txt 100 200 77
copied/moved: /tmp/pytest-of-vsts/pytest-0/test_copy_move_iter_False_copy0/dst/file.177.txt
file.###.txt 100 200 78
copied/moved: /tmp/pytest-of-vsts/pytest-0/test_copy_move_iter_False_copy0/dst/file.178.txt
file.###.txt 100 200 79
copied/moved: /tmp/pytest-of-vsts/pytest-0/test_copy_move_iter_False_copy0/dst/file.179.txt
file.###.txt 100 200 80
copied/moved: /tmp/pytest-of-vsts/pytest-0/test_copy_move_iter_False_copy0/dst/file.180.txt
file.###.txt 100 200 81
copied/moved: /tmp/pytest-of-vsts/pytest-0/test_copy_move_iter_False_copy0/dst/file.181.txt
file.###.txt 100 200 82
copied/moved: /tmp/pytest-of-vsts/pytest-0/test_copy_move_iter_False_copy0/dst/file.182.txt
file.###.txt 100 200 83
copied/moved: /tmp/pytest-of-vsts/pytest-0/test_copy_move_iter_False_copy0/dst/file.183.txt
file.###.txt 100 200 84
copied/moved: /tmp/pytest-of-vsts/pytest-0/test_copy_move_iter_False_copy0/dst/file.184.txt
file.###.txt 100 200 85
copied/moved: /tmp/pytest-of-vsts/pytest-0/test_copy_move_iter_False_copy0/dst/file.185.txt
file.###.txt 100 200 86
copied/moved: /tmp/pytest-of-vsts/pytest-0/test_copy_move_iter_False_copy0/dst/file.186.txt
file.###.txt 100 200 87
copied/moved: /tmp/pytest-of-vsts/pytest-0/test_copy_move_iter_False_copy0/dst/file.187.txt
file.###.txt 100 200 88
copied/moved: /tmp/pytest-of-vsts/pytest-0/test_copy_move_iter_False_copy0/dst/file.188.txt
file.###.txt 100 200 89
copied/moved: /tmp/pytest-of-vsts/pytest-0/test_copy_move_iter_False_copy0/dst/file.189.txt
file.###.txt 100 200 90
copied/moved: /tmp/pytest-of-vsts/pytest-0/test_copy_move_iter_False_copy0/dst/file.190.txt
file.###.txt 100 200 91
copied/moved: /tmp/pytest-of-vsts/pytest-0/test_copy_move_iter_False_copy0/dst/file.191.txt
file.###.txt 100 200 92
copied/moved: /tmp/pytest-of-vsts/pytest-0/test_copy_move_iter_False_copy0/dst/file.192.txt
file.###.txt 100 200 93
copied/moved: /tmp/pytest-of-vsts/pytest-0/test_copy_move_iter_False_copy0/dst/file.193.txt
file.###.txt 100 200 94
copied/moved: /tmp/pytest-of-vsts/pytest-0/test_copy_move_iter_False_copy0/dst/file.194.txt
file.###.txt 100 200 95
copied/moved: /tmp/pytest-of-vsts/pytest-0/test_copy_move_iter_False_copy0/dst/file.195.txt
file.###.txt 100 200 96
copied/moved: /tmp/pytest-of-vsts/pytest-0/test_copy_move_iter_False_copy0/dst/file.196.txt
file.###.txt 100 200 97
copied/moved: /tmp/pytest-of-vsts/pytest-0/test_copy_move_iter_False_copy0/dst/file.197.txt
file.###.txt 100 200 98
copied/moved: /tmp/pytest-of-vsts/pytest-0/test_copy_move_iter_False_copy0/dst/file.198.txt
file.###.txt 100 200 99
copied/moved: /tmp/pytest-of-vsts/pytest-0/test_copy_move_iter_False_copy0/dst/file.199.txt
file.###.txt 100 200 100
copied/moved: /tmp/pytest-of-vsts/pytest-0/test_copy_move_iter_False_copy0/dst/file.200.txt
file.###.txt 100 200 0
copied/moved: &lt;FileSequence: &apos;/tmp/pytest-of-vsts/pytest-0/test_copy_move_iter_False_copy0/dst/file.[100-200].txt&apos;&gt;
file.###.txt 100 200 0
file.###.txt 100 200 0
file.###.txt 100 200 0
True /tmp/pytest-of-vsts/pytest-0/test_copy_move_iter_False_copy0/src/file.100.txt
file.###.txt 100 200 1
True /tmp/pytest-of-vsts/pytest-0/test_copy_move_iter_False_copy0/src/file.101.txt
file.###.txt 100 200 2
True /tmp/pytest-of-vsts/pytest-0/test_copy_move_iter_False_copy0/src/file.102.txt
file.###.txt 100 200 3
True /tmp/pytest-of-vsts/pytest-0/test_copy_move_iter_False_copy0/src/file.103.txt
file.###.txt 100 200 4
True /tmp/pytest-of-vsts/pytest-0/test_copy_move_iter_False_copy0/src/file.104.txt
file.###.txt 100 200 5
True /tmp/pytest-of-vsts/pytest-0/test_copy_move_iter_False_copy0/src/file.105.txt
file.###.txt 100 200 6
True /tmp/pytest-of-vsts/pytest-0/test_copy_move_iter_False_copy0/src/file.106.txt
file.###.txt 100 200 7
True /tmp/pytest-of-vsts/pytest-0/test_copy_move_iter_False_copy0/src/file.107.txt
file.###.txt 100 200 8
True /tmp/pytest-of-vsts/pytest-0/test_copy_move_iter_False_copy0/src/file.108.txt
file.###.txt 100 200 9
True /tmp/pytest-of-vsts/pytest-0/test_copy_move_iter_False_copy0/src/file.109.txt
file.###.txt 100 200 10
True /tmp/pytest-of-vsts/pytest-0/test_copy_move_iter_False_copy0/src/file.110.txt
file.###.txt 100 200 11
True /tmp/pytest-of-vsts/pytest-0/test_copy_move_iter_False_copy0/src/file.111.txt
file.###.txt 100 200 12
True /tmp/pytest-of-vsts/pytest-0/test_copy_move_iter_False_copy0/src/file.112.txt
file.###.txt 100 200 13
True /tmp/pytest-of-vsts/pytest-0/test_copy_move_iter_False_copy0/src/file.113.txt
file.###.txt 100 200 14
True /tmp/pytest-of-vsts/pytest-0/test_copy_move_iter_False_copy0/src/file.114.txt
file.###.txt 100 200 15
True /tmp/pytest-of-vsts/pytest-0/test_copy_move_iter_False_copy0/src/file.115.txt
file.###.txt 100 200 16
True /tmp/pytest-of-vsts/pytest-0/test_copy_move_iter_False_copy0/src/file.116.txt
file.###.txt 100 200 17
True /tmp/pytest-of-vsts/pytest-0/test_copy_move_iter_False_copy0/src/file.117.txt
file.###.txt 100 200 18
True /tmp/pytest-of-vsts/pytest-0/test_copy_move_iter_False_copy0/src/file.118.txt
file.###.txt 100 200 19
True /tmp/pytest-of-vsts/pytest-0/test_copy_move_iter_False_copy0/src/file.119.txt
file.###.txt 100 200 20
True /tmp/pytest-of-vsts/pytest-0/test_copy_move_iter_False_copy0/src/file.120.txt
file.###.txt 100 200 21
True /tmp/pytest-of-vsts/pytest-0/test_copy_move_iter_False_copy0/src/file.121.txt
file.###.txt 100 200 22
True /tmp/pytest-of-vsts/pytest-0/test_copy_move_iter_False_copy0/src/file.122.txt
file.###.txt 100 200 23
True /tmp/pytest-of-vsts/pytest-0/test_copy_move_iter_False_copy0/src/file.123.txt
file.###.txt 100 200 24
True /tmp/pytest-of-vsts/pytest-0/test_copy_move_iter_False_copy0/src/file.124.txt
file.###.txt 100 200 25
True /tmp/pytest-of-vsts/pytest-0/test_copy_move_iter_False_copy0/src/file.125.txt
file.###.txt 100 200 26
True /tmp/pytest-of-vsts/pytest-0/test_copy_move_iter_False_copy0/src/file.126.txt
file.###.txt 100 200 27
True /tmp/pytest-of-vsts/pytest-0/test_copy_move_iter_False_copy0/src/file.127.txt
file.###.txt 100 200 28
True /tmp/pytest-of-vsts/pytest-0/test_copy_move_iter_False_copy0/src/file.128.txt
file.###.txt 100 200 29
True /tmp/pytest-of-vsts/pytest-0/test_copy_move_iter_False_copy0/src/file.129.txt
file.###.txt 100 200 30
True /tmp/pytest-of-vsts/pytest-0/test_copy_move_iter_False_copy0/src/file.130.txt
file.###.txt 100 200 31
True /tmp/pytest-of-vsts/pytest-0/test_copy_move_iter_False_copy0/src/file.131.txt
file.###.txt 100 200 32
True /tmp/pytest-of-vsts/pytest-0/test_copy_move_iter_False_copy0/src/file.132.txt
file.###.txt 100 200 33
True /tmp/pytest-of-vsts/pytest-0/test_copy_move_iter_False_copy0/src/file.133.txt
file.###.txt 100 200 34
True /tmp/pytest-of-vsts/pytest-0/test_copy_move_iter_False_copy0/src/file.134.txt
file.###.txt 100 200 35
True /tmp/pytest-of-vsts/pytest-0/test_copy_move_iter_False_copy0/src/file.135.txt
file.###.txt 100 200 36
True /tmp/pytest-of-vsts/pytest-0/test_copy_move_iter_False_copy0/src/file.136.txt
file.###.txt 100 200 37
True /tmp/pytest-of-vsts/pytest-0/test_copy_move_iter_False_copy0/src/file.137.txt
file.###.txt 100 200 38
True /tmp/pytest-of-vsts/pytest-0/test_copy_move_iter_False_copy0/src/file.138.txt
file.###.txt 100 200 39
True /tmp/pytest-of-vsts/pytest-0/test_copy_move_iter_False_copy0/src/file.139.txt
file.###.txt 100 200 40
True /tmp/pytest-of-vsts/pytest-0/test_copy_move_iter_False_copy0/src/file.140.txt
file.###.txt 100 200 41
True /tmp/pytest-of-vsts/pytest-0/test_copy_move_iter_False_copy0/src/file.141.txt
file.###.txt 100 200 42
True /tmp/pytest-of-vsts/pytest-0/test_copy_move_iter_False_copy0/src/file.142.txt
file.###.txt 100 200 43
True /tmp/pytest-of-vsts/pytest-0/test_copy_move_iter_False_copy0/src/file.143.txt
file.###.txt 100 200 44
True /tmp/pytest-of-vsts/pytest-0/test_copy_move_iter_False_copy0/src/file.144.txt
file.###.txt 100 200 45
True /tmp/pytest-of-vsts/pytest-0/test_copy_move_iter_False_copy0/src/file.145.txt
file.###.txt 100 200 46
True /tmp/pytest-of-vsts/pytest-0/test_copy_move_iter_False_copy0/src/file.146.txt
file.###.txt 100 200 47
True /tmp/pytest-of-vsts/pytest-0/test_copy_move_iter_False_copy0/src/file.147.txt
file.###.txt 100 200 48
True /tmp/pytest-of-vsts/pytest-0/test_copy_move_iter_False_copy0/src/file.148.txt
file.###.txt 100 200 49
True /tmp/pytest-of-vsts/pytest-0/test_copy_move_iter_False_copy0/src/file.149.txt
file.###.txt 100 200 50
True /tmp/pytest-of-vsts/pytest-0/test_copy_move_iter_False_copy0/src/file.150.txt
file.###.txt 100 200 51
True /tmp/pytest-of-vsts/pytest-0/test_copy_move_iter_False_copy0/src/file.151.txt
file.###.txt 100 200 52
True /tmp/pytest-of-vsts/pytest-0/test_copy_move_iter_False_copy0/src/file.152.txt
file.###.txt 100 200 53
True /tmp/pytest-of-vsts/pytest-0/test_copy_move_iter_False_copy0/src/file.153.txt
file.###.txt 100 200 54
True /tmp/pytest-of-vsts/pytest-0/test_copy_move_iter_False_copy0/src/file.154.txt
file.###.txt 100 200 55
True /tmp/pytest-of-vsts/pytest-0/test_copy_move_iter_False_copy0/src/file.155.txt
file.###.txt 100 200 56
True /tmp/pytest-of-vsts/pytest-0/test_copy_move_iter_False_copy0/src/file.156.txt
file.###.txt 100 200 57
True /tmp/pytest-of-vsts/pytest-0/test_copy_move_iter_False_copy0/src/file.157.txt
file.###.txt 100 200 58
True /tmp/pytest-of-vsts/pytest-0/test_copy_move_iter_False_copy0/src/file.158.txt
file.###.txt 100 200 59
True /tmp/pytest-of-vsts/pytest-0/test_copy_move_iter_False_copy0/src/file.159.txt
file.###.txt 100 200 60
True /tmp/pytest-of-vsts/pytest-0/test_copy_move_iter_False_copy0/src/file.160.txt
file.###.txt 100 200 61
True /tmp/pytest-of-vsts/pytest-0/test_copy_move_iter_False_copy0/src/file.161.txt
file.###.txt 100 200 62
True /tmp/pytest-of-vsts/pytest-0/test_copy_move_iter_False_copy0/src/file.162.txt
file.###.txt 100 200 63
True /tmp/pytest-of-vsts/pytest-0/test_copy_move_iter_False_copy0/src/file.163.txt
file.###.txt 100 200 64
True /tmp/pytest-of-vsts/pytest-0/test_copy_move_iter_False_copy0/src/file.164.txt
file.###.txt 100 200 65
True /tmp/pytest-of-vsts/pytest-0/test_copy_move_iter_False_copy0/src/file.165.txt
file.###.txt 100 200 66
True /tmp/pytest-of-vsts/pytest-0/test_copy_move_iter_False_copy0/src/file.166.txt
file.###.txt 100 200 67
True /tmp/pytest-of-vsts/pytest-0/test_copy_move_iter_False_copy0/src/file.167.txt
file.###.txt 100 200 68
True /tmp/pytest-of-vsts/pytest-0/test_copy_move_iter_False_copy0/src/file.168.txt
file.###.txt 100 200 69
True /tmp/pytest-of-vsts/pytest-0/test_copy_move_iter_False_copy0/src/file.169.txt
file.###.txt 100 200 70
True /tmp/pytest-of-vsts/pytest-0/test_copy_move_iter_False_copy0/src/file.170.txt
file.###.txt 100 200 71
True /tmp/pytest-of-vsts/pytest-0/test_copy_move_iter_False_copy0/src/file.171.txt
file.###.txt 100 200 72
True /tmp/pytest-of-vsts/pytest-0/test_copy_move_iter_False_copy0/src/file.172.txt
file.###.txt 100 200 73
True /tmp/pytest-of-vsts/pytest-0/test_copy_move_iter_False_copy0/src/file.173.txt
file.###.txt 100 200 74
True /tmp/pytest-of-vsts/pytest-0/test_copy_move_iter_False_copy0/src/file.174.txt
file.###.txt 100 200 75
True /tmp/pytest-of-vsts/pytest-0/test_copy_move_iter_False_copy0/src/file.175.txt
file.###.txt 100 200 76
True /tmp/pytest-of-vsts/pytest-0/test_copy_move_iter_False_copy0/src/file.176.txt
file.###.txt 100 200 77
True /tmp/pytest-of-vsts/pytest-0/test_copy_move_iter_False_copy0/src/file.177.txt
file.###.txt 100 200 78
True /tmp/pytest-of-vsts/pytest-0/test_copy_move_iter_False_copy0/src/file.178.txt
file.###.txt 100 200 79
True /tmp/pytest-of-vsts/pytest-0/test_copy_move_iter_False_copy0/src/file.179.txt
file.###.txt 100 200 80
True /tmp/pytest-of-vsts/pytest-0/test_copy_move_iter_False_copy0/src/file.180.txt
file.###.txt 100 200 81
True /tmp/pytest-of-vsts/pytest-0/test_copy_move_iter_False_copy0/src/file.181.txt
file.###.txt 100 200 82
True /tmp/pytest-of-vsts/pytest-0/test_copy_move_iter_False_copy0/src/file.182.txt
file.###.txt 100 200 83
True /tmp/pytest-of-vsts/pytest-0/test_copy_move_iter_False_copy0/src/file.183.txt
file.###.txt 100 200 84
True /tmp/pytest-of-vsts/pytest-0/test_copy_move_iter_False_copy0/src/file.184.txt
file.###.txt 100 200 85
True /tmp/pytest-of-vsts/pytest-0/test_copy_move_iter_False_copy0/src/file.185.txt
file.###.txt 100 200 86
True /tmp/pytest-of-vsts/pytest-0/test_copy_move_iter_False_copy0/src/file.186.txt
file.###.txt 100 200 87
True /tmp/pytest-of-vsts/pytest-0/test_copy_move_iter_False_copy0/src/file.187.txt
file.###.txt 100 200 88
True /tmp/pytest-of-vsts/pytest-0/test_copy_move_iter_False_copy0/src/file.188.txt
file.###.txt 100 200 89
True /tmp/pytest-of-vsts/pytest-0/test_copy_move_iter_False_copy0/src/file.189.txt
file.###.txt 100 200 90
True /tmp/pytest-of-vsts/pytest-0/test_copy_move_iter_False_copy0/src/file.190.txt
file.###.txt 100 200 91
True /tmp/pytest-of-vsts/pytest-0/test_copy_move_iter_False_copy0/src/file.191.txt
file.###.txt 100 200 92
True /tmp/pytest-of-vsts/pytest-0/test_copy_move_iter_False_copy0/src/file.192.txt
file.###.txt 100 200 93
True /tmp/pytest-of-vsts/pytest-0/test_copy_move_iter_False_copy0/src/file.193.txt
file.###.txt 100 200 94
True /tmp/pytest-of-vsts/pytest-0/test_copy_move_iter_False_copy0/src/file.194.txt
file.###.txt 100 200 95
True /tmp/pytest-of-vsts/pytest-0/test_copy_move_iter_False_copy0/src/file.195.txt
file.###.txt 100 200 96
True /tmp/pytest-of-vsts/pytest-0/test_copy_move_iter_False_copy0/src/file.196.txt
file.###.txt 100 200 97
True /tmp/pytest-of-vsts/pytest-0/test_copy_move_iter_False_copy0/src/file.197.txt
file.###.txt 100 200 98
True /tmp/pytest-of-vsts/pytest-0/test_copy_move_iter_False_copy0/src/file.198.txt
file.###.txt 100 200 99
True /tmp/pytest-of-vsts/pytest-0/test_copy_move_iter_False_copy0/src/file.199.txt
file.###.txt 100 200 100
True /tmp/pytest-of-vsts/pytest-0/test_copy_move_iter_False_copy0/src/file.200.txt
file.###.txt 100 200 0
file.###.txt 100 200 1
file.###.txt 100 200 2
file.###.txt 100 200 3
file.###.txt 100 200 4
file.###.txt 100 200 5
file.###.txt 100 200 6
file.###.txt 100 200 7
file.###.txt 100 200 8
file.###.txt 100 200 9
file.###.txt 100 200 10
file.###.txt 100 200 11
file.###.txt 100 200 12
file.###.txt 100 200 13
file.###.txt 100 200 14
file.###.txt 100 200 15
file.###.txt 100 200 16
file.###.txt 100 200 17
file.###.txt 100 200 18
file.###.txt 100 200 19
file.###.txt 100 200 20
file.###.txt 100 200 21
file.###.txt 100 200 22
file.###.txt 100 200 23
file.###.txt 100 200 24
file.###.txt 100 200 25
file.###.txt 100 200 26
file.###.txt 100 200 27
file.###.txt 100 200 28
file.###.txt 100 200 29
file.###.txt 100 200 30
file.###.txt 100 200 31
file.###.txt 100 200 32
file.###.txt 100 200 33
file.###.txt 100 200 34
file.###.txt 100 200 35
file.###.txt 100 200 36
file.###.txt 100 200 37
file.###.txt 100 200 38
file.###.txt 100 200 39
file.###.txt 100 200 40
file.###.txt 100 200 41
file.###.txt 100 200 42
file.###.txt 100 200 43
file.###.txt 100 200 44
file.###.txt 100 200 45
file.###.txt 100 200 46
file.###.txt 100 200 47
file.###.txt 100 200 48
file.###.txt 100 200 49
file.###.txt 100 200 50
file.###.txt 100 200 51
file.###.txt 100 200 52
file.###.txt 100 200 53
file.###.txt 100 200 54
file.###.txt 100 200 55
file.###.txt 100 200 56
file.###.txt 100 200 57
file.###.txt 100 200 58
file.###.txt 100 200 59
file.###.txt 100 200 60
file.###.txt 100 200 61
file.###.txt 100 200 62
file.###.txt 100 200 63
file.###.txt 100 200 64
file.###.txt 100 200 65
file.###.txt 100 200 66
file.###.txt 100 200 67
file.###.txt 100 200 68
file.###.txt 100 200 69
file.###.txt 100 200 70
file.###.txt 100 200 71
file.###.txt 100 200 72
file.###.txt 100 200 73
file.###.txt 100 200 74
file.###.txt 100 200 75
file.###.txt 100 200 76
file.###.txt 100 200 77
file.###.txt 100 200 78
file.###.txt 100 200 79
file.###.txt 100 200 80
file.###.txt 100 200 81
file.###.txt 100 200 82
file.###.txt 100 200 83
file.###.txt 100 200 84
file.###.txt 100 200 85
file.###.txt 100 200 86
file.###.txt 100 200 87
file.###.txt 100 200 88
file.###.txt 100 200 89
file.###.txt 100 200 90
file.###.txt 100 200 91
file.###.txt 100 200 92
file.###.txt 100 200 93
file.###.txt 100 200 94
file.###.txt 100 200 95
file.###.txt 100 200 96
file.###.txt 100 200 97
file.###.txt 100 200 98
file.###.txt 100 200 99
file.###.txt 100 200 100
Source Dir ls:
file.###.txt 100 200 0
1: /tmp/pytest-of-vsts/pytest-0/test_copy_move_iter_False_copy0/src/file.123.txt
2: /tmp/pytest-of-vsts/pytest-0/test_copy_move_iter_False_copy0/src/file.116.txt
3: /tmp/pytest-of-vsts/pytest-0/test_copy_move_iter_False_copy0/src/file.140.txt
4: /tmp/pytest-of-vsts/pytest-0/test_copy_move_iter_False_copy0/src/file.182.txt
5: /tmp/pytest-of-vsts/pytest-0/test_copy_move_iter_False_copy0/src/file.181.txt
6: /tmp/pytest-of-vsts/pytest-0/test_copy_move_iter_False_copy0/src/file.180.txt
7: /tmp/pytest-of-vsts/pytest-0/test_copy_move_iter_False_copy0/src/file.101.txt
8: /tmp/pytest-of-vsts/pytest-0/test_copy_move_iter_False_copy0/src/file.166.txt
9: /tmp/pytest-of-vsts/pytest-0/test_copy_move_iter_False_copy0/src/file.167.txt
10: /tmp/pytest-of-vsts/pytest-0/test_copy_move_iter_False_copy0/src/file.191.txt
11: /tmp/pytest-of-vsts/pytest-0/test_copy_move_iter_False_copy0/src/file.113.txt
12: /tmp/pytest-of-vsts/pytest-0/test_copy_move_iter_False_copy0/src/file.122.txt
13: /tmp/pytest-of-vsts/pytest-0/test_copy_move_iter_False_copy0/src/file.110.txt
14: /tmp/pytest-of-vsts/pytest-0/test_copy_move_iter_False_copy0/src/file.148.txt
15: /tmp/pytest-of-vsts/pytest-0/test_copy_move_iter_False_copy0/src/file.154.txt
16: /tmp/pytest-of-vsts/pytest-0/test_copy_move_iter_False_copy0/src/file.200.txt
17: /tmp/pytest-of-vsts/pytest-0/test_copy_move_iter_False_copy0/src/file.177.txt
18: /tmp/pytest-of-vsts/pytest-0/test_copy_move_iter_False_copy0/src/file.186.txt
19: /tmp/pytest-of-vsts/pytest-0/test_copy_move_iter_False_copy0/src/file.115.txt
20: /tmp/pytest-of-vsts/pytest-0/test_copy_move_iter_False_copy0/src/file.190.txt
21: /tmp/pytest-of-vsts/pytest-0/test_copy_move_iter_False_copy0/src/file.119.txt
22: /tmp/pytest-of-vsts/pytest-0/test_copy_move_iter_False_copy0/src/file.151.txt
23: /tmp/pytest-of-vsts/pytest-0/test_copy_move_iter_False_copy0/src/file.195.txt
24: /tmp/pytest-of-vsts/pytest-0/test_copy_move_iter_False_copy0/src/file.169.txt
25: /tmp/pytest-of-vsts/pytest-0/test_copy_move_iter_False_copy0/src/file.149.txt
26: /tmp/pytest-of-vsts/pytest-0/test_copy_move_iter_False_copy0/src/file.128.txt
27: /tmp/pytest-of-vsts/pytest-0/test_copy_move_iter_False_copy0/src/file.198.txt
28: /tmp/pytest-of-vsts/pytest-0/test_copy_move_iter_False_copy0/src/file.118.txt
29: /tmp/pytest-of-vsts/pytest-0/test_copy_move_iter_False_copy0/src/file.139.txt
30: /tmp/pytest-of-vsts/pytest-0/test_copy_move_iter_False_copy0/src/file.129.txt
31: /tmp/pytest-of-vsts/pytest-0/test_copy_move_iter_False_copy0/src/file.106.txt
32: /tmp/pytest-of-vsts/pytest-0/test_copy_move_iter_False_copy0/src/file.147.txt
33: /tmp/pytest-of-vsts/pytest-0/test_copy_move_iter_False_copy0/src/file.184.txt
34: /tmp/pytest-of-vsts/pytest-0/test_copy_move_iter_False_copy0/src/file.170.txt
35: /tmp/pytest-of-vsts/pytest-0/test_copy_move_iter_False_copy0/src/file.165.txt
36: /tmp/pytest-of-vsts/pytest-0/test_copy_move_iter_False_copy0/src/file.161.txt
37: /tmp/pytest-of-vsts/pytest-0/test_copy_move_iter_False_copy0/src/file.160.txt
38: /tmp/pytest-of-vsts/pytest-0/test_copy_move_iter_False_copy0/src/file.132.txt
39: /tmp/pytest-of-vsts/pytest-0/test_copy_move_iter_False_copy0/src/file.100.txt
40: /tmp/pytest-of-vsts/pytest-0/test_copy_move_iter_False_copy0/src/file.187.txt
41: /tmp/pytest-of-vsts/pytest-0/test_copy_move_iter_False_copy0/src/file.108.txt
42: /tmp/pytest-of-vsts/pytest-0/test_copy_move_iter_False_copy0/src/file.102.txt
43: /tmp/pytest-of-vsts/pytest-0/test_copy_move_iter_False_copy0/src/file.130.txt
44: /tmp/pytest-of-vsts/pytest-0/test_copy_move_iter_False_copy0/src/file.172.txt
45: /tmp/pytest-of-vsts/pytest-0/test_copy_move_iter_False_copy0/src/file.178.txt
46: /tmp/pytest-of-vsts/pytest-0/test_copy_move_iter_False_copy0/src/file.176.txt
47: /tmp/pytest-of-vsts/pytest-0/test_copy_move_iter_False_copy0/src/file.175.txt
48: /tmp/pytest-of-vsts/pytest-0/test_copy_move_iter_False_copy0/src/file.189.txt
49: /tmp/pytest-of-vsts/pytest-0/test_copy_move_iter_False_copy0/src/file.136.txt
50: /tmp/pytest-of-vsts/pytest-0/test_copy_move_iter_False_copy0/src/file.131.txt
51: /tmp/pytest-of-vsts/pytest-0/test_copy_move_iter_False_copy0/src/file.142.txt
52: /tmp/pytest-of-vsts/pytest-0/test_copy_move_iter_False_copy0/src/file.127.txt
53: /tmp/pytest-of-vsts/pytest-0/test_copy_move_iter_False_copy0/src/file.145.txt
54: /tmp/pytest-of-vsts/pytest-0/test_copy_move_iter_False_copy0/src/file.168.txt
55: /tmp/pytest-of-vsts/pytest-0/test_copy_move_iter_False_copy0/src/file.174.txt
56: /tmp/pytest-of-vsts/pytest-0/test_copy_move_iter_False_copy0/src/file.107.txt
57: /tmp/pytest-of-vsts/pytest-0/test_copy_move_iter_False_copy0/src/file.125.txt
58: /tmp/pytest-of-vsts/pytest-0/test_copy_move_iter_False_copy0/src/file.146.txt
59: /tmp/pytest-of-vsts/pytest-0/test_copy_move_iter_False_copy0/src/file.193.txt
60: /tmp/pytest-of-vsts/pytest-0/test_copy_move_iter_False_copy0/src/file.194.txt
61: /tmp/pytest-of-vsts/pytest-0/test_copy_move_iter_False_copy0/src/file.158.txt
62: /tmp/pytest-of-vsts/pytest-0/test_copy_move_iter_False_copy0/src/file.133.txt
63: /tmp/pytest-of-vsts/pytest-0/test_copy_move_iter_False_copy0/src/file.137.txt
64: /tmp/pytest-of-vsts/pytest-0/test_copy_move_iter_False_copy0/src/file.183.txt
65: /tmp/pytest-of-vsts/pytest-0/test_copy_move_iter_False_copy0/src/file.156.txt
66: /tmp/pytest-of-vsts/pytest-0/test_copy_move_iter_False_copy0/src/file.155.txt
67: /tmp/pytest-of-vsts/pytest-0/test_copy_move_iter_False_copy0/src/file.179.txt
68: /tmp/pytest-of-vsts/pytest-0/test_copy_move_iter_False_copy0/src/file.173.txt
69: /tmp/pytest-of-vsts/pytest-0/test_copy_move_iter_False_copy0/src/file.112.txt
70: /tmp/pytest-of-vsts/pytest-0/test_copy_move_iter_False_copy0/src/file.135.txt
71: /tmp/pytest-of-vsts/pytest-0/test_copy_move_iter_False_copy0/src/file.121.txt
72: /tmp/pytest-of-vsts/pytest-0/test_copy_move_iter_False_copy0/src/file.124.txt
73: /tmp/pytest-of-vsts/pytest-0/test_copy_move_iter_False_copy0/src/file.117.txt
74: /tmp/pytest-of-vsts/pytest-0/test_copy_move_iter_False_copy0/src/file.143.txt
75: /tmp/pytest-of-vsts/pytest-0/test_copy_move_iter_False_copy0/src/file.105.txt
76: /tmp/pytest-of-vsts/pytest-0/test_copy_move_iter_False_copy0/src/file.153.txt
77: /tmp/pytest-of-vsts/pytest-0/test_copy_move_iter_False_copy0/src/file.188.txt
78: /tmp/pytest-of-vsts/pytest-0/test_copy_move_iter_False_copy0/src/file.162.txt
79: /tmp/pytest-of-vsts/pytest-0/test_copy_move_iter_False_copy0/src/file.164.txt
80: /tmp/pytest-of-vsts/pytest-0/test_copy_move_iter_False_copy0/src/file.185.txt
81: /tmp/pytest-of-vsts/pytest-0/test_copy_move_iter_False_copy0/src/file.157.txt
82: /tmp/pytest-of-vsts/pytest-0/test_copy_move_iter_False_copy0/src/file.171.txt
83: /tmp/pytest-of-vsts/pytest-0/test_copy_move_iter_False_copy0/src/file.138.txt
84: /tmp/pytest-of-vsts/pytest-0/test_copy_move_iter_False_copy0/src/file.111.txt
85: /tmp/pytest-of-vsts/pytest-0/test_copy_move_iter_False_copy0/src/file.196.txt
86: /tmp/pytest-of-vsts/pytest-0/test_copy_move_iter_False_copy0/src/file.197.txt
87: /tmp/pytest-of-vsts/pytest-0/test_copy_move_iter_False_copy0/src/file.103.txt
88: /tmp/pytest-of-vsts/pytest-0/test_copy_move_iter_False_copy0/src/file.109.txt
89: /tmp/pytest-of-vsts/pytest-0/test_copy_move_iter_False_copy0/src/file.152.txt
90: /tmp/pytest-of-vsts/pytest-0/test_copy_move_iter_False_copy0/src/file.126.txt
91: /tmp/pytest-of-vsts/pytest-0/test_copy_move_iter_False_copy0/src/file.120.txt
92: /tmp/pytest-of-vsts/pytest-0/test_copy_move_iter_False_copy0/src/file.141.txt
93: /tmp/pytest-of-vsts/pytest-0/test_copy_move_iter_False_copy0/src/file.192.txt
94: /tmp/pytest-of-vsts/pytest-0/test_copy_move_iter_False_copy0/src/file.199.txt
95: /tmp/pytest-of-vsts/pytest-0/test_copy_move_iter_False_copy0/src/file.150.txt
96: /tmp/pytest-of-vsts/pytest-0/test_copy_move_iter_False_copy0/src/file.104.txt
97: /tmp/pytest-of-vsts/pytest-0/test_copy_move_iter_False_copy0/src/file.144.txt
98: /tmp/pytest-of-vsts/pytest-0/test_copy_move_iter_False_copy0/src/file.134.txt
99: /tmp/pytest-of-vsts/pytest-0/test_copy_move_iter_False_copy0/src/file.159.txt
100: /tmp/pytest-of-vsts/pytest-0/test_copy_move_iter_False_copy0/src/file.114.txt
101: /tmp/pytest-of-vsts/pytest-0/test_copy_move_iter_False_copy0/src/file.163.txt
-----------
Destination Dir ls:
1: /tmp/pytest-of-vsts/pytest-0/test_copy_move_iter_False_copy0/dst/file.123.txt
2: /tmp/pytest-of-vsts/pytest-0/test_copy_move_iter_False_copy0/dst/file.116.txt
3: /tmp/pytest-of-vsts/pytest-0/test_copy_move_iter_False_copy0/dst/file.140.txt
4: /tmp/pytest-of-vsts/pytest-0/test_copy_move_iter_False_copy0/dst/file.182.txt
5: /tmp/pytest-of-vsts/pytest-0/test_copy_move_iter_False_copy0/dst/file.181.txt
6: /tmp/pytest-of-vsts/pytest-0/test_copy_move_iter_False_copy0/dst/file.180.txt
7: /tmp/pytest-of-vsts/pytest-0/test_copy_move_iter_False_copy0/dst/file.101.txt
8: /tmp/pytest-of-vsts/pytest-0/test_copy_move_iter_False_copy0/dst/file.166.txt
9: /tmp/pytest-of-vsts/pytest-0/test_copy_move_iter_False_copy0/dst/file.167.txt
10: /tmp/pytest-of-vsts/pytest-0/test_copy_move_iter_False_copy0/dst/file.191.txt
11: /tmp/pytest-of-vsts/pytest-0/test_copy_move_iter_False_copy0/dst/file.113.txt
12: /tmp/pytest-of-vsts/pytest-0/test_copy_move_iter_False_copy0/dst/file.122.txt
13: /tmp/pytest-of-vsts/pytest-0/test_copy_move_iter_False_copy0/dst/file.110.txt
14: /tmp/pytest-of-vsts/pytest-0/test_copy_move_iter_False_copy0/dst/file.148.txt
15: /tmp/pytest-of-vsts/pytest-0/test_copy_move_iter_False_copy0/dst/file.154.txt
16: /tmp/pytest-of-vsts/pytest-0/test_copy_move_iter_False_copy0/dst/file.200.txt
17: /tmp/pytest-of-vsts/pytest-0/test_copy_move_iter_False_copy0/dst/file.177.txt
18: /tmp/pytest-of-vsts/pytest-0/test_copy_move_iter_False_copy0/dst/file.186.txt
19: /tmp/pytest-of-vsts/pytest-0/test_copy_move_iter_False_copy0/dst/file.115.txt
20: /tmp/pytest-of-vsts/pytest-0/test_copy_move_iter_False_copy0/dst/file.190.txt
21: /tmp/pytest-of-vsts/pytest-0/test_copy_move_iter_False_copy0/dst/file.119.txt
22: /tmp/pytest-of-vsts/pytest-0/test_copy_move_iter_False_copy0/dst/file.151.txt
23: /tmp/pytest-of-vsts/pytest-0/test_copy_move_iter_False_copy0/dst/file.195.txt
24: /tmp/pytest-of-vsts/pytest-0/test_copy_move_iter_False_copy0/dst/file.169.txt
25: /tmp/pytest-of-vsts/pytest-0/test_copy_move_iter_False_copy0/dst/file.149.txt
26: /tmp/pytest-of-vsts/pytest-0/test_copy_move_iter_False_copy0/dst/file.128.txt
27: /tmp/pytest-of-vsts/pytest-0/test_copy_move_iter_False_copy0/dst/file.198.txt
28: /tmp/pytest-of-vsts/pytest-0/test_copy_move_iter_False_copy0/dst/file.118.txt
29: /tmp/pytest-of-vsts/pytest-0/test_copy_move_iter_False_copy0/dst/file.139.txt
30: /tmp/pytest-of-vsts/pytest-0/test_copy_move_iter_False_copy0/dst/file.129.txt
31: /tmp/pytest-of-vsts/pytest-0/test_copy_move_iter_False_copy0/dst/file.106.txt
32: /tmp/pytest-of-vsts/pytest-0/test_copy_move_iter_False_copy0/dst/file.147.txt
33: /tmp/pytest-of-vsts/pytest-0/test_copy_move_iter_False_copy0/dst/file.184.txt
34: /tmp/pytest-of-vsts/pytest-0/test_copy_move_iter_False_copy0/dst/file.170.txt
35: /tmp/pytest-of-vsts/pytest-0/test_copy_move_iter_False_copy0/dst/file.165.txt
36: /tmp/pytest-of-vsts/pytest-0/test_copy_move_iter_False_copy0/dst/file.161.txt
37: /tmp/pytest-of-vsts/pytest-0/test_copy_move_iter_False_copy0/dst/file.160.txt
38: /tmp/pytest-of-vsts/pytest-0/test_copy_move_iter_False_copy0/dst/file.132.txt
39: /tmp/pytest-of-vsts/pytest-0/test_copy_move_iter_False_copy0/dst/file.100.txt
40: /tmp/pytest-of-vsts/pytest-0/test_copy_move_iter_False_copy0/dst/file.187.txt
41: /tmp/pytest-of-vsts/pytest-0/test_copy_move_iter_False_copy0/dst/file.108.txt
42: /tmp/pytest-of-vsts/pytest-0/test_copy_move_iter_False_copy0/dst/file.102.txt
43: /tmp/pytest-of-vsts/pytest-0/test_copy_move_iter_False_copy0/dst/file.130.txt
44: /tmp/pytest-of-vsts/pytest-0/test_copy_move_iter_False_copy0/dst/file.172.txt
45: /tmp/pytest-of-vsts/pytest-0/test_copy_move_iter_False_copy0/dst/file.178.txt
46: /tmp/pytest-of-vsts/pytest-0/test_copy_move_iter_False_copy0/dst/file.176.txt
47: /tmp/pytest-of-vsts/pytest-0/test_copy_move_iter_False_copy0/dst/file.175.txt
48: /tmp/pytest-of-vsts/pytest-0/test_copy_move_iter_False_copy0/dst/file.189.txt
49: /tmp/pytest-of-vsts/pytest-0/test_copy_move_iter_False_copy0/dst/file.136.txt
50: /tmp/pytest-of-vsts/pytest-0/test_copy_move_iter_False_copy0/dst/file.131.txt
51: /tmp/pytest-of-vsts/pytest-0/test_copy_move_iter_False_copy0/dst/file.142.txt
52: /tmp/pytest-of-vsts/pytest-0/test_copy_move_iter_False_copy0/dst/file.127.txt
53: /tmp/pytest-of-vsts/pytest-0/test_copy_move_iter_False_copy0/dst/file.145.txt
54: /tmp/pytest-of-vsts/pytest-0/test_copy_move_iter_False_copy0/dst/file.168.txt
55: /tmp/pytest-of-vsts/pytest-0/test_copy_move_iter_False_copy0/dst/file.174.txt
56: /tmp/pytest-of-vsts/pytest-0/test_copy_move_iter_False_copy0/dst/file.107.txt
57: /tmp/pytest-of-vsts/pytest-0/test_copy_move_iter_False_copy0/dst/file.125.txt
58: /tmp/pytest-of-vsts/pytest-0/test_copy_move_iter_False_copy0/dst/file.146.txt
59: /tmp/pytest-of-vsts/pytest-0/test_copy_move_iter_False_copy0/dst/file.193.txt
60: /tmp/pytest-of-vsts/pytest-0/test_copy_move_iter_False_copy0/dst/file.194.txt
61: /tmp/pytest-of-vsts/pytest-0/test_copy_move_iter_False_copy0/dst/file.158.txt
62: /tmp/pytest-of-vsts/pytest-0/test_copy_move_iter_False_copy0/dst/file.133.txt
63: /tmp/pytest-of-vsts/pytest-0/test_copy_move_iter_False_copy0/dst/file.137.txt
64: /tmp/pytest-of-vsts/pytest-0/test_copy_move_iter_False_copy0/dst/file.183.txt
65: /tmp/pytest-of-vsts/pytest-0/test_copy_move_iter_False_copy0/dst/file.156.txt
66: /tmp/pytest-of-vsts/pytest-0/test_copy_move_iter_False_copy0/dst/file.155.txt
67: /tmp/pytest-of-vsts/pytest-0/test_copy_move_iter_False_copy0/dst/file.179.txt
68: /tmp/pytest-of-vsts/pytest-0/test_copy_move_iter_False_copy0/dst/file.173.txt
69: /tmp/pytest-of-vsts/pytest-0/test_copy_move_iter_False_copy0/dst/file.112.txt
70: /tmp/pytest-of-vsts/pytest-0/test_copy_move_iter_False_copy0/dst/file.135.txt
71: /tmp/pytest-of-vsts/pytest-0/test_copy_move_iter_False_copy0/dst/file.121.txt
72: /tmp/pytest-of-vsts/pytest-0/test_copy_move_iter_False_copy0/dst/file.124.txt
73: /tmp/pytest-of-vsts/pytest-0/test_copy_move_iter_False_copy0/dst/file.117.txt
74: /tmp/pytest-of-vsts/pytest-0/test_copy_move_iter_False_copy0/dst/file.143.txt
75: /tmp/pytest-of-vsts/pytest-0/test_copy_move_iter_False_copy0/dst/file.105.txt
76: /tmp/pytest-of-vsts/pytest-0/test_copy_move_iter_False_copy0/dst/file.153.txt
77: /tmp/pytest-of-vsts/pytest-0/test_copy_move_iter_False_copy0/dst/file.188.txt
78: /tmp/pytest-of-vsts/pytest-0/test_copy_move_iter_False_copy0/dst/file.162.txt
79: /tmp/pytest-of-vsts/pytest-0/test_copy_move_iter_False_copy0/dst/file.164.txt
80: /tmp/pytest-of-vsts/pytest-0/test_copy_move_iter_False_copy0/dst/file.185.txt
81: /tmp/pytest-of-vsts/pytest-0/test_copy_move_iter_False_copy0/dst/file.157.txt
82: /tmp/pytest-of-vsts/pytest-0/test_copy_move_iter_False_copy0/dst/file.171.txt
83: /tmp/pytest-of-vsts/pytest-0/test_copy_move_iter_False_copy0/dst/file.138.txt
84: /tmp/pytest-of-vsts/pytest-0/test_copy_move_iter_False_copy0/dst/file.111.txt
85: /tmp/pytest-of-vsts/pytest-0/test_copy_move_iter_False_copy0/dst/file.196.txt
86: /tmp/pytest-of-vsts/pytest-0/test_copy_move_iter_False_copy0/dst/file.197.txt
87: /tmp/pytest-of-vsts/pytest-0/test_copy_move_iter_False_copy0/dst/file.103.txt
88: /tmp/pytest-of-vsts/pytest-0/test_copy_move_iter_False_copy0/dst/file.109.txt
89: /tmp/pytest-of-vsts/pytest-0/test_copy_move_iter_False_copy0/dst/file.152.txt
90: /tmp/pytest-of-vsts/pytest-0/test_copy_move_iter_False_copy0/dst/file.126.txt
91: /tmp/pytest-of-vsts/pytest-0/test_copy_move_iter_False_copy0/dst/file.120.txt
92: /tmp/pytest-of-vsts/pytest-0/test_copy_move_iter_False_copy0/dst/file.141.txt
93: /tmp/pytest-of-vsts/pytest-0/test_copy_move_iter_False_copy0/dst/file.192.txt
94: /tmp/pytest-of-vsts/pytest-0/test_copy_move_iter_False_copy0/dst/file.199.txt
95: /tmp/pytest-of-vsts/pytest-0/test_copy_move_iter_False_copy0/dst/file.150.txt
96: /tmp/pytest-of-vsts/pytest-0/test_copy_move_iter_False_copy0/dst/file.104.txt
97: /tmp/pytest-of-vsts/pytest-0/test_copy_move_iter_False_copy0/dst/file.144.txt
98: /tmp/pytest-of-vsts/pytest-0/test_copy_move_iter_False_copy0/dst/file.134.txt
99: /tmp/pytest-of-vsts/pytest-0/test_copy_move_iter_False_copy0/dst/file.159.txt
100: /tmp/pytest-of-vsts/pytest-0/test_copy_move_iter_False_copy0/dst/file.114.txt
101: /tmp/pytest-of-vsts/pytest-0/test_copy_move_iter_False_copy0/dst/file.163.txt
</system-out></testcase><testcase classname="zdevelop.tests.test_file_seq.TestSeqDisk" file="zdevelop/tests/test_file_seq.py" line="115" name="test_copy_move_iter[True-move_iter-False]" time="0.062"><system-out>file.###.txt 100 200 0
copied/moved: /tmp/pytest-of-vsts/pytest-0/test_copy_move_iter_True_move_0/dst/file.100.txt
file.###.txt 100 200 1
copied/moved: /tmp/pytest-of-vsts/pytest-0/test_copy_move_iter_True_move_0/dst/file.101.txt
file.###.txt 100 200 2
copied/moved: /tmp/pytest-of-vsts/pytest-0/test_copy_move_iter_True_move_0/dst/file.102.txt
file.###.txt 100 200 3
copied/moved: /tmp/pytest-of-vsts/pytest-0/test_copy_move_iter_True_move_0/dst/file.103.txt
file.###.txt 100 200 4
copied/moved: /tmp/pytest-of-vsts/pytest-0/test_copy_move_iter_True_move_0/dst/file.104.txt
file.###.txt 100 200 5
copied/moved: /tmp/pytest-of-vsts/pytest-0/test_copy_move_iter_True_move_0/dst/file.105.txt
file.###.txt 100 200 6
copied/moved: /tmp/pytest-of-vsts/pytest-0/test_copy_move_iter_True_move_0/dst/file.106.txt
file.###.txt 100 200 7
copied/moved: /tmp/pytest-of-vsts/pytest-0/test_copy_move_iter_True_move_0/dst/file.107.txt
file.###.txt 100 200 8
copied/moved: /tmp/pytest-of-vsts/pytest-0/test_copy_move_iter_True_move_0/dst/file.108.txt
file.###.txt 100 200 9
copied/moved: /tmp/pytest-of-vsts/pytest-0/test_copy_move_iter_True_move_0/dst/file.109.txt
file.###.txt 100 200 10
copied/moved: /tmp/pytest-of-vsts/pytest-0/test_copy_move_iter_True_move_0/dst/file.110.txt
file.###.txt 100 200 11
copied/moved: /tmp/pytest-of-vsts/pytest-0/test_copy_move_iter_True_move_0/dst/file.111.txt
file.###.txt 100 200 12
copied/moved: /tmp/pytest-of-vsts/pytest-0/test_copy_move_iter_True_move_0/dst/file.112.txt
file.###.txt 100 200 13
copied/moved: /tmp/pytest-of-vsts/pytest-0/test_copy_move_iter_True_move_0/dst/file.113.txt
file.###.txt 100 200 14
copied/moved: /tmp/pytest-of-vsts/pytest-0/test_copy_move_iter_True_move_0/dst/file.114.txt
file.###.txt 100 200 15
copied/moved: /tmp/pytest-of-vsts/pytest-0/test_copy_move_iter_True_move_0/dst/file.115.txt
file.###.txt 100 200 16
copied/moved: /tmp/pytest-of-vsts/pytest-0/test_copy_move_iter_True_move_0/dst/file.116.txt
file.###.txt 100 200 17
copied/moved: /tmp/pytest-of-vsts/pytest-0/test_copy_move_iter_True_move_0/dst/file.117.txt
file.###.txt 100 200 18
copied/moved: /tmp/pytest-of-vsts/pytest-0/test_copy_move_iter_True_move_0/dst/file.118.txt
file.###.txt 100 200 19
copied/moved: /tmp/pytest-of-vsts/pytest-0/test_copy_move_iter_True_move_0/dst/file.119.txt
file.###.txt 100 200 20
copied/moved: /tmp/pytest-of-vsts/pytest-0/test_copy_move_iter_True_move_0/dst/file.120.txt
file.###.txt 100 200 21
copied/moved: /tmp/pytest-of-vsts/pytest-0/test_copy_move_iter_True_move_0/dst/file.121.txt
file.###.txt 100 200 22
copied/moved: /tmp/pytest-of-vsts/pytest-0/test_copy_move_iter_True_move_0/dst/file.122.txt
file.###.txt 100 200 23
copied/moved: /tmp/pytest-of-vsts/pytest-0/test_copy_move_iter_True_move_0/dst/file.123.txt
file.###.txt 100 200 24
copied/moved: /tmp/pytest-of-vsts/pytest-0/test_copy_move_iter_True_move_0/dst/file.124.txt
file.###.txt 100 200 25
copied/moved: /tmp/pytest-of-vsts/pytest-0/test_copy_move_iter_True_move_0/dst/file.125.txt
file.###.txt 100 200 26
copied/moved: /tmp/pytest-of-vsts/pytest-0/test_copy_move_iter_True_move_0/dst/file.126.txt
file.###.txt 100 200 27
copied/moved: /tmp/pytest-of-vsts/pytest-0/test_copy_move_iter_True_move_0/dst/file.127.txt
file.###.txt 100 200 28
copied/moved: /tmp/pytest-of-vsts/pytest-0/test_copy_move_iter_True_move_0/dst/file.128.txt
file.###.txt 100 200 29
copied/moved: /tmp/pytest-of-vsts/pytest-0/test_copy_move_iter_True_move_0/dst/file.129.txt
file.###.txt 100 200 30
copied/moved: /tmp/pytest-of-vsts/pytest-0/test_copy_move_iter_True_move_0/dst/file.130.txt
file.###.txt 100 200 31
copied/moved: /tmp/pytest-of-vsts/pytest-0/test_copy_move_iter_True_move_0/dst/file.131.txt
file.###.txt 100 200 32
copied/moved: /tmp/pytest-of-vsts/pytest-0/test_copy_move_iter_True_move_0/dst/file.132.txt
file.###.txt 100 200 33
copied/moved: /tmp/pytest-of-vsts/pytest-0/test_copy_move_iter_True_move_0/dst/file.133.txt
file.###.txt 100 200 34
copied/moved: /tmp/pytest-of-vsts/pytest-0/test_copy_move_iter_True_move_0/dst/file.134.txt
file.###.txt 100 200 35
copied/moved: /tmp/pytest-of-vsts/pytest-0/test_copy_move_iter_True_move_0/dst/file.135.txt
file.###.txt 100 200 36
copied/moved: /tmp/pytest-of-vsts/pytest-0/test_copy_move_iter_True_move_0/dst/file.136.txt
file.###.txt 100 200 37
copied/moved: /tmp/pytest-of-vsts/pytest-0/test_copy_move_iter_True_move_0/dst/file.137.txt
file.###.txt 100 200 38
copied/moved: /tmp/pytest-of-vsts/pytest-0/test_copy_move_iter_True_move_0/dst/file.138.txt
file.###.txt 100 200 39
copied/moved: /tmp/pytest-of-vsts/pytest-0/test_copy_move_iter_True_move_0/dst/file.139.txt
file.###.txt 100 200 40
copied/moved: /tmp/pytest-of-vsts/pytest-0/test_copy_move_iter_True_move_0/dst/file.140.txt
file.###.txt 100 200 41
copied/moved: /tmp/pytest-of-vsts/pytest-0/test_copy_move_iter_True_move_0/dst/file.141.txt
file.###.txt 100 200 42
copied/moved: /tmp/pytest-of-vsts/pytest-0/test_copy_move_iter_True_move_0/dst/file.142.txt
file.###.txt 100 200 43
copied/moved: /tmp/pytest-of-vsts/pytest-0/test_copy_move_iter_True_move_0/dst/file.143.txt
file.###.txt 100 200 44
copied/moved: /tmp/pytest-of-vsts/pytest-0/test_copy_move_iter_True_move_0/dst/file.144.txt
file.###.txt 100 200 45
copied/moved: /tmp/pytest-of-vsts/pytest-0/test_copy_move_iter_True_move_0/dst/file.145.txt
file.###.txt 100 200 46
copied/moved: /tmp/pytest-of-vsts/pytest-0/test_copy_move_iter_True_move_0/dst/file.146.txt
file.###.txt 100 200 47
copied/moved: /tmp/pytest-of-vsts/pytest-0/test_copy_move_iter_True_move_0/dst/file.147.txt
file.###.txt 100 200 48
copied/moved: /tmp/pytest-of-vsts/pytest-0/test_copy_move_iter_True_move_0/dst/file.148.txt
file.###.txt 100 200 49
copied/moved: /tmp/pytest-of-vsts/pytest-0/test_copy_move_iter_True_move_0/dst/file.149.txt
file.###.txt 100 200 50
copied/moved: /tmp/pytest-of-vsts/pytest-0/test_copy_move_iter_True_move_0/dst/file.150.txt
file.###.txt 100 200 51
copied/moved: /tmp/pytest-of-vsts/pytest-0/test_copy_move_iter_True_move_0/dst/file.151.txt
file.###.txt 100 200 52
copied/moved: /tmp/pytest-of-vsts/pytest-0/test_copy_move_iter_True_move_0/dst/file.152.txt
file.###.txt 100 200 53
copied/moved: /tmp/pytest-of-vsts/pytest-0/test_copy_move_iter_True_move_0/dst/file.153.txt
file.###.txt 100 200 54
copied/moved: /tmp/pytest-of-vsts/pytest-0/test_copy_move_iter_True_move_0/dst/file.154.txt
file.###.txt 100 200 55
copied/moved: /tmp/pytest-of-vsts/pytest-0/test_copy_move_iter_True_move_0/dst/file.155.txt
file.###.txt 100 200 56
copied/moved: /tmp/pytest-of-vsts/pytest-0/test_copy_move_iter_True_move_0/dst/file.156.txt
file.###.txt 100 200 57
copied/moved: /tmp/pytest-of-vsts/pytest-0/test_copy_move_iter_True_move_0/dst/file.157.txt
file.###.txt 100 200 58
copied/moved: /tmp/pytest-of-vsts/pytest-0/test_copy_move_iter_True_move_0/dst/file.158.txt
file.###.txt 100 200 59
copied/moved: /tmp/pytest-of-vsts/pytest-0/test_copy_move_iter_True_move_0/dst/file.159.txt
file.###.txt 100 200 60
copied/moved: /tmp/pytest-of-vsts/pytest-0/test_copy_move_iter_True_move_0/dst/file.160.txt
file.###.txt 100 200 61
copied/moved: /tmp/pytest-of-vsts/pytest-0/test_copy_move_iter_True_move_0/dst/file.161.txt
file.###.txt 100 200 62
copied/moved: /tmp/pytest-of-vsts/pytest-0/test_copy_move_iter_True_move_0/dst/file.162.txt
file.###.txt 100 200 63
copied/moved: /tmp/pytest-of-vsts/pytest-0/test_copy_move_iter_True_move_0/dst/file.163.txt
file.###.txt 100 200 64
copied/moved: /tmp/pytest-of-vsts/pytest-0/test_copy_move_iter_True_move_0/dst/file.164.txt
file.###.txt 100 200 65
copied/moved: /tmp/pytest-of-vsts/pytest-0/test_copy_move_iter_True_move_0/dst/file.165.txt
file.###.txt 100 200 66
copied/moved: /tmp/pytest-of-vsts/pytest-0/test_copy_move_iter_True_move_0/dst/file.166.txt
file.###.txt 100 200 67
copied/moved: /tmp/pytest-of-vsts/pytest-0/test_copy_move_iter_True_move_0/dst/file.167.txt
file.###.txt 100 200 68
copied/moved: /tmp/pytest-of-vsts/pytest-0/test_copy_move_iter_True_move_0/dst/file.168.txt
file.###.txt 100 200 69
copied/moved: /tmp/pytest-of-vsts/pytest-0/test_copy_move_iter_True_move_0/dst/file.169.txt
file.###.txt 100 200 70
copied/moved: /tmp/pytest-of-vsts/pytest-0/test_copy_move_iter_True_move_0/dst/file.170.txt
file.###.txt 100 200 71
copied/moved: /tmp/pytest-of-vsts/pytest-0/test_copy_move_iter_True_move_0/dst/file.171.txt
file.###.txt 100 200 72
copied/moved: /tmp/pytest-of-vsts/pytest-0/test_copy_move_iter_True_move_0/dst/file.172.txt
file.###.txt 100 200 73
copied/moved: /tmp/pytest-of-vsts/pytest-0/test_copy_move_iter_True_move_0/dst/file.173.txt
file.###.txt 100 200 74
copied/moved: /tmp/pytest-of-vsts/pytest-0/test_copy_move_iter_True_move_0/dst/file.174.txt
file.###.txt 100 200 75
copied/moved: /tmp/pytest-of-vsts/pytest-0/test_copy_move_iter_True_move_0/dst/file.175.txt
file.###.txt 100 200 76
copied/moved: /tmp/pytest-of-vsts/pytest-0/test_copy_move_iter_True_move_0/dst/file.176.txt
file.###.txt 100 200 77
copied/moved: /tmp/pytest-of-vsts/pytest-0/test_copy_move_iter_True_move_0/dst/file.177.txt
file.###.txt 100 200 78
copied/moved: /tmp/pytest-of-vsts/pytest-0/test_copy_move_iter_True_move_0/dst/file.178.txt
file.###.txt 100 200 79
copied/moved: /tmp/pytest-of-vsts/pytest-0/test_copy_move_iter_True_move_0/dst/file.179.txt
file.###.txt 100 200 80
copied/moved: /tmp/pytest-of-vsts/pytest-0/test_copy_move_iter_True_move_0/dst/file.180.txt
file.###.txt 100 200 81
copied/moved: /tmp/pytest-of-vsts/pytest-0/test_copy_move_iter_True_move_0/dst/file.181.txt
file.###.txt 100 200 82
copied/moved: /tmp/pytest-of-vsts/pytest-0/test_copy_move_iter_True_move_0/dst/file.182.txt
file.###.txt 100 200 83
copied/moved: /tmp/pytest-of-vsts/pytest-0/test_copy_move_iter_True_move_0/dst/file.183.txt
file.###.txt 100 200 84
copied/moved: /tmp/pytest-of-vsts/pytest-0/test_copy_move_iter_True_move_0/dst/file.184.txt
file.###.txt 100 200 85
copied/moved: /tmp/pytest-of-vsts/pytest-0/test_copy_move_iter_True_move_0/dst/file.185.txt
file.###.txt 100 200 86
copied/moved: /tmp/pytest-of-vsts/pytest-0/test_copy_move_iter_True_move_0/dst/file.186.txt
file.###.txt 100 200 87
copied/moved: /tmp/pytest-of-vsts/pytest-0/test_copy_move_iter_True_move_0/dst/file.187.txt
file.###.txt 100 200 88
copied/moved: /tmp/pytest-of-vsts/pytest-0/test_copy_move_iter_True_move_0/dst/file.188.txt
file.###.txt 100 200 89
copied/moved: /tmp/pytest-of-vsts/pytest-0/test_copy_move_iter_True_move_0/dst/file.189.txt
file.###.txt 100 200 90
copied/moved: /tmp/pytest-of-vsts/pytest-0/test_copy_move_iter_True_move_0/dst/file.190.txt
file.###.txt 100 200 91
copied/moved: /tmp/pytest-of-vsts/pytest-0/test_copy_move_iter_True_move_0/dst/file.191.txt
file.###.txt 100 200 92
copied/moved: /tmp/pytest-of-vsts/pytest-0/test_copy_move_iter_True_move_0/dst/file.192.txt
file.###.txt 100 200 93
copied/moved: /tmp/pytest-of-vsts/pytest-0/test_copy_move_iter_True_move_0/dst/file.193.txt
file.###.txt 100 200 94
copied/moved: /tmp/pytest-of-vsts/pytest-0/test_copy_move_iter_True_move_0/dst/file.194.txt
file.###.txt 100 200 95
copied/moved: /tmp/pytest-of-vsts/pytest-0/test_copy_move_iter_True_move_0/dst/file.195.txt
file.###.txt 100 200 96
copied/moved: /tmp/pytest-of-vsts/pytest-0/test_copy_move_iter_True_move_0/dst/file.196.txt
file.###.txt 100 200 97
copied/moved: /tmp/pytest-of-vsts/pytest-0/test_copy_move_iter_True_move_0/dst/file.197.txt
file.###.txt 100 200 98
copied/moved: /tmp/pytest-of-vsts/pytest-0/test_copy_move_iter_True_move_0/dst/file.198.txt
file.###.txt 100 200 99
copied/moved: /tmp/pytest-of-vsts/pytest-0/test_copy_move_iter_True_move_0/dst/file.199.txt
file.###.txt 100 200 100
copied/moved: /tmp/pytest-of-vsts/pytest-0/test_copy_move_iter_True_move_0/dst/file.200.txt
file.###.txt 100 200 0
copied/moved: &lt;FileSequence: &apos;/tmp/pytest-of-vsts/pytest-0/test_copy_move_iter_True_move_0/dst/file.[100-200].txt&apos;&gt;
file.###.txt 100 200 0
file.###.txt 100 200 0
file.###.txt 100 200 0
False /tmp/pytest-of-vsts/pytest-0/test_copy_move_iter_True_move_0/src/file.100.txt
file.###.txt 100 200 1
False /tmp/pytest-of-vsts/pytest-0/test_copy_move_iter_True_move_0/src/file.101.txt
file.###.txt 100 200 2
False /tmp/pytest-of-vsts/pytest-0/test_copy_move_iter_True_move_0/src/file.102.txt
file.###.txt 100 200 3
False /tmp/pytest-of-vsts/pytest-0/test_copy_move_iter_True_move_0/src/file.103.txt
file.###.txt 100 200 4
False /tmp/pytest-of-vsts/pytest-0/test_copy_move_iter_True_move_0/src/file.104.txt
file.###.txt 100 200 5
False /tmp/pytest-of-vsts/pytest-0/test_copy_move_iter_True_move_0/src/file.105.txt
file.###.txt 100 200 6
False /tmp/pytest-of-vsts/pytest-0/test_copy_move_iter_True_move_0/src/file.106.txt
file.###.txt 100 200 7
False /tmp/pytest-of-vsts/pytest-0/test_copy_move_iter_True_move_0/src/file.107.txt
file.###.txt 100 200 8
False /tmp/pytest-of-vsts/pytest-0/test_copy_move_iter_True_move_0/src/file.108.txt
file.###.txt 100 200 9
False /tmp/pytest-of-vsts/pytest-0/test_copy_move_iter_True_move_0/src/file.109.txt
file.###.txt 100 200 10
False /tmp/pytest-of-vsts/pytest-0/test_copy_move_iter_True_move_0/src/file.110.txt
file.###.txt 100 200 11
False /tmp/pytest-of-vsts/pytest-0/test_copy_move_iter_True_move_0/src/file.111.txt
file.###.txt 100 200 12
False /tmp/pytest-of-vsts/pytest-0/test_copy_move_iter_True_move_0/src/file.112.txt
file.###.txt 100 200 13
False /tmp/pytest-of-vsts/pytest-0/test_copy_move_iter_True_move_0/src/file.113.txt
file.###.txt 100 200 14
False /tmp/pytest-of-vsts/pytest-0/test_copy_move_iter_True_move_0/src/file.114.txt
file.###.txt 100 200 15
False /tmp/pytest-of-vsts/pytest-0/test_copy_move_iter_True_move_0/src/file.115.txt
file.###.txt 100 200 16
False /tmp/pytest-of-vsts/pytest-0/test_copy_move_iter_True_move_0/src/file.116.txt
file.###.txt 100 200 17
False /tmp/pytest-of-vsts/pytest-0/test_copy_move_iter_True_move_0/src/file.117.txt
file.###.txt 100 200 18
False /tmp/pytest-of-vsts/pytest-0/test_copy_move_iter_True_move_0/src/file.118.txt
file.###.txt 100 200 19
False /tmp/pytest-of-vsts/pytest-0/test_copy_move_iter_True_move_0/src/file.119.txt
file.###.txt 100 200 20
False /tmp/pytest-of-vsts/pytest-0/test_copy_move_iter_True_move_0/src/file.120.txt
file.###.txt 100 200 21
False /tmp/pytest-of-vsts/pytest-0/test_copy_move_iter_True_move_0/src/file.121.txt
file.###.txt 100 200 22
False /tmp/pytest-of-vsts/pytest-0/test_copy_move_iter_True_move_0/src/file.122.txt
file.###.txt 100 200 23
False /tmp/pytest-of-vsts/pytest-0/test_copy_move_iter_True_move_0/src/file.123.txt
file.###.txt 100 200 24
False /tmp/pytest-of-vsts/pytest-0/test_copy_move_iter_True_move_0/src/file.124.txt
file.###.txt 100 200 25
False /tmp/pytest-of-vsts/pytest-0/test_copy_move_iter_True_move_0/src/file.125.txt
file.###.txt 100 200 26
False /tmp/pytest-of-vsts/pytest-0/test_copy_move_iter_True_move_0/src/file.126.txt
file.###.txt 100 200 27
False /tmp/pytest-of-vsts/pytest-0/test_copy_move_iter_True_move_0/src/file.127.txt
file.###.txt 100 200 28
False /tmp/pytest-of-vsts/pytest-0/test_copy_move_iter_True_move_0/src/file.128.txt
file.###.txt 100 200 29
False /tmp/pytest-of-vsts/pytest-0/test_copy_move_iter_True_move_0/src/file.129.txt
file.###.txt 100 200 30
False /tmp/pytest-of-vsts/pytest-0/test_copy_move_iter_True_move_0/src/file.130.txt
file.###.txt 100 200 31
False /tmp/pytest-of-vsts/pytest-0/test_copy_move_iter_True_move_0/src/file.131.txt
file.###.txt 100 200 32
False /tmp/pytest-of-vsts/pytest-0/test_copy_move_iter_True_move_0/src/file.132.txt
file.###.txt 100 200 33
False /tmp/pytest-of-vsts/pytest-0/test_copy_move_iter_True_move_0/src/file.133.txt
file.###.txt 100 200 34
False /tmp/pytest-of-vsts/pytest-0/test_copy_move_iter_True_move_0/src/file.134.txt
file.###.txt 100 200 35
False /tmp/pytest-of-vsts/pytest-0/test_copy_move_iter_True_move_0/src/file.135.txt
file.###.txt 100 200 36
False /tmp/pytest-of-vsts/pytest-0/test_copy_move_iter_True_move_0/src/file.136.txt
file.###.txt 100 200 37
False /tmp/pytest-of-vsts/pytest-0/test_copy_move_iter_True_move_0/src/file.137.txt
file.###.txt 100 200 38
False /tmp/pytest-of-vsts/pytest-0/test_copy_move_iter_True_move_0/src/file.138.txt
file.###.txt 100 200 39
False /tmp/pytest-of-vsts/pytest-0/test_copy_move_iter_True_move_0/src/file.139.txt
file.###.txt 100 200 40
False /tmp/pytest-of-vsts/pytest-0/test_copy_move_iter_True_move_0/src/file.140.txt
file.###.txt 100 200 41
False /tmp/pytest-of-vsts/pytest-0/test_copy_move_iter_True_move_0/src/file.141.txt
file.###.txt 100 200 42
False /tmp/pytest-of-vsts/pytest-0/test_copy_move_iter_True_move_0/src/file.142.txt
file.###.txt 100 200 43
False /tmp/pytest-of-vsts/pytest-0/test_copy_move_iter_True_move_0/src/file.143.txt
file.###.txt 100 200 44
False /tmp/pytest-of-vsts/pytest-0/test_copy_move_iter_True_move_0/src/file.144.txt
file.###.txt 100 200 45
False /tmp/pytest-of-vsts/pytest-0/test_copy_move_iter_True_move_0/src/file.145.txt
file.###.txt 100 200 46
False /tmp/pytest-of-vsts/pytest-0/test_copy_move_iter_True_move_0/src/file.146.txt
file.###.txt 100 200 47
False /tmp/pytest-of-vsts/pytest-0/test_copy_move_iter_True_move_0/src/file.147.txt
file.###.txt 100 200 48
False /tmp/pytest-of-vsts/pytest-0/test_copy_move_iter_True_move_0/src/file.148.txt
file.###.txt 100 200 49
False /tmp/pytest-of-vsts/pytest-0/test_copy_move_iter_True_move_0/src/file.149.txt
file.###.txt 100 200 50
False /tmp/pytest-of-vsts/pytest-0/test_copy_move_iter_True_move_0/src/file.150.txt
file.###.txt 100 200 51
False /tmp/pytest-of-vsts/pytest-0/test_copy_move_iter_True_move_0/src/file.151.txt
file.###.txt 100 200 52
False /tmp/pytest-of-vsts/pytest-0/test_copy_move_iter_True_move_0/src/file.152.txt
file.###.txt 100 200 53
False /tmp/pytest-of-vsts/pytest-0/test_copy_move_iter_True_move_0/src/file.153.txt
file.###.txt 100 200 54
False /tmp/pytest-of-vsts/pytest-0/test_copy_move_iter_True_move_0/src/file.154.txt
file.###.txt 100 200 55
False /tmp/pytest-of-vsts/pytest-0/test_copy_move_iter_True_move_0/src/file.155.txt
file.###.txt 100 200 56
False /tmp/pytest-of-vsts/pytest-0/test_copy_move_iter_True_move_0/src/file.156.txt
file.###.txt 100 200 57
False /tmp/pytest-of-vsts/pytest-0/test_copy_move_iter_True_move_0/src/file.157.txt
file.###.txt 100 200 58
False /tmp/pytest-of-vsts/pytest-0/test_copy_move_iter_True_move_0/src/file.158.txt
file.###.txt 100 200 59
False /tmp/pytest-of-vsts/pytest-0/test_copy_move_iter_True_move_0/src/file.159.txt
file.###.txt 100 200 60
False /tmp/pytest-of-vsts/pytest-0/test_copy_move_iter_True_move_0/src/file.160.txt
file.###.txt 100 200 61
False /tmp/pytest-of-vsts/pytest-0/test_copy_move_iter_True_move_0/src/file.161.txt
file.###.txt 100 200 62
False /tmp/pytest-of-vsts/pytest-0/test_copy_move_iter_True_move_0/src/file.162.txt
file.###.txt 100 200 63
False /tmp/pytest-of-vsts/pytest-0/test_copy_move_iter_True_move_0/src/file.163.txt
file.###.txt 100 200 64
False /tmp/pytest-of-vsts/pytest-0/test_copy_move_iter_True_move_0/src/file.164.txt
file.###.txt 100 200 65
False /tmp/pytest-of-vsts/pytest-0/test_copy_move_iter_True_move_0/src/file.165.txt
file.###.txt 100 200 66
False /tmp/pytest-of-vsts/pytest-0/test_copy_move_iter_True_move_0/src/file.166.txt
file.###.txt 100 200 67
False /tmp/pytest-of-vsts/pytest-0/test_copy_move_iter_True_move_0/src/file.167.txt
file.###.txt 100 200 68
False /tmp/pytest-of-vsts/pytest-0/test_copy_move_iter_True_move_0/src/file.168.txt
file.###.txt 100 200 69
False /tmp/pytest-of-vsts/pytest-0/test_copy_move_iter_True_move_0/src/file.169.txt
file.###.txt 100 200 70
False /tmp/pytest-of-vsts/pytest-0/test_copy_move_iter_True_move_0/src/file.170.txt
file.###.txt 100 200 71
False /tmp/pytest-of-vsts/pytest-0/test_copy_move_iter_True_move_0/src/file.171.txt
file.###.txt 100 200 72
False /tmp/pytest-of-vsts/pytest-0/test_copy_move_iter_True_move_0/src/file.172.txt
file.###.txt 100 200 73
False /tmp/pytest-of-vsts/pytest-0/test_copy_move_iter_True_move_0/src/file.173.txt
file.###.txt 100 200 74
False /tmp/pytest-of-vsts/pytest-0/test_copy_move_iter_True_move_0/src/file.174.txt
file.###.txt 100 200 75
False /tmp/pytest-of-vsts/pytest-0/test_copy_move_iter_True_move_0/src/file.175.txt
file.###.txt 100 200 76
False /tmp/pytest-of-vsts/pytest-0/test_copy_move_iter_True_move_0/src/file.176.txt
file.###.txt 100 200 77
False /tmp/pytest-of-vsts/pytest-0/test_copy_move_iter_True_move_0/src/file.177.txt
file.###.txt 100 200 78
False /tmp/pytest-of-vsts/pytest-0/test_copy_move_iter_True_move_0/src/file.178.txt
file.###.txt 100 200 79
False /tmp/pytest-of-vsts/pytest-0/test_copy_move_iter_True_move_0/src/file.179.txt
file.###.txt 100 200 80
False /tmp/pytest-of-vsts/pytest-0/test_copy_move_iter_True_move_0/src/file.180.txt
file.###.txt 100 200 81
False /tmp/pytest-of-vsts/pytest-0/test_copy_move_iter_True_move_0/src/file.181.txt
file.###.txt 100 200 82
False /tmp/pytest-of-vsts/pytest-0/test_copy_move_iter_True_move_0/src/file.182.txt
file.###.txt 100 200 83
False /tmp/pytest-of-vsts/pytest-0/test_copy_move_iter_True_move_0/src/file.183.txt
file.###.txt 100 200 84
False /tmp/pytest-of-vsts/pytest-0/test_copy_move_iter_True_move_0/src/file.184.txt
file.###.txt 100 200 85
False /tmp/pytest-of-vsts/pytest-0/test_copy_move_iter_True_move_0/src/file.185.txt
file.###.txt 100 200 86
False /tmp/pytest-of-vsts/pytest-0/test_copy_move_iter_True_move_0/src/file.186.txt
file.###.txt 100 200 87
False /tmp/pytest-of-vsts/pytest-0/test_copy_move_iter_True_move_0/src/file.187.txt
file.###.txt 100 200 88
False /tmp/pytest-of-vsts/pytest-0/test_copy_move_iter_True_move_0/src/file.188.txt
file.###.txt 100 200 89
False /tmp/pytest-of-vsts/pytest-0/test_copy_move_iter_True_move_0/src/file.189.txt
file.###.txt 100 200 90
False /tmp/pytest-of-vsts/pytest-0/test_copy_move_iter_True_move_0/src/file.190.txt
file.###.txt 100 200 91
False /tmp/pytest-of-vsts/pytest-0/test_copy_move_iter_True_move_0/src/file.191.txt
file.###.txt 100 200 92
False /tmp/pytest-of-vsts/pytest-0/test_copy_move_iter_True_move_0/src/file.192.txt
file.###.txt 100 200 93
False /tmp/pytest-of-vsts/pytest-0/test_copy_move_iter_True_move_0/src/file.193.txt
file.###.txt 100 200 94
False /tmp/pytest-of-vsts/pytest-0/test_copy_move_iter_True_move_0/src/file.194.txt
file.###.txt 100 200 95
False /tmp/pytest-of-vsts/pytest-0/test_copy_move_iter_True_move_0/src/file.195.txt
file.###.txt 100 200 96
False /tmp/pytest-of-vsts/pytest-0/test_copy_move_iter_True_move_0/src/file.196.txt
file.###.txt 100 200 97
False /tmp/pytest-of-vsts/pytest-0/test_copy_move_iter_True_move_0/src/file.197.txt
file.###.txt 100 200 98
False /tmp/pytest-of-vsts/pytest-0/test_copy_move_iter_True_move_0/src/file.198.txt
file.###.txt 100 200 99
False /tmp/pytest-of-vsts/pytest-0/test_copy_move_iter_True_move_0/src/file.199.txt
file.###.txt 100 200 100
False /tmp/pytest-of-vsts/pytest-0/test_copy_move_iter_True_move_0/src/file.200.txt
file.###.txt 100 200 0
file.###.txt 100 200 1
file.###.txt 100 200 2
file.###.txt 100 200 3
file.###.txt 100 200 4
file.###.txt 100 200 5
file.###.txt 100 200 6
file.###.txt 100 200 7
file.###.txt 100 200 8
file.###.txt 100 200 9
file.###.txt 100 200 10
file.###.txt 100 200 11
file.###.txt 100 200 12
file.###.txt 100 200 13
file.###.txt 100 200 14
file.###.txt 100 200 15
file.###.txt 100 200 16
file.###.txt 100 200 17
file.###.txt 100 200 18
file.###.txt 100 200 19
file.###.txt 100 200 20
file.###.txt 100 200 21
file.###.txt 100 200 22
file.###.txt 100 200 23
file.###.txt 100 200 24
file.###.txt 100 200 25
file.###.txt 100 200 26
file.###.txt 100 200 27
file.###.txt 100 200 28
file.###.txt 100 200 29
file.###.txt 100 200 30
file.###.txt 100 200 31
file.###.txt 100 200 32
file.###.txt 100 200 33
file.###.txt 100 200 34
file.###.txt 100 200 35
file.###.txt 100 200 36
file.###.txt 100 200 37
file.###.txt 100 200 38
file.###.txt 100 200 39
file.###.txt 100 200 40
file.###.txt 100 200 41
file.###.txt 100 200 42
file.###.txt 100 200 43
file.###.txt 100 200 44
file.###.txt 100 200 45
file.###.txt 100 200 46
file.###.txt 100 200 47
file.###.txt 100 200 48
file.###.txt 100 200 49
file.###.txt 100 200 50
file.###.txt 100 200 51
file.###.txt 100 200 52
file.###.txt 100 200 53
file.###.txt 100 200 54
file.###.txt 100 200 55
file.###.txt 100 200 56
file.###.txt 100 200 57
file.###.txt 100 200 58
file.###.txt 100 200 59
file.###.txt 100 200 60
file.###.txt 100 200 61
file.###.txt 100 200 62
file.###.txt 100 200 63
file.###.txt 100 200 64
file.###.txt 100 200 65
file.###.txt 100 200 66
file.###.txt 100 200 67
file.###.txt 100 200 68
file.###.txt 100 200 69
file.###.txt 100 200 70
file.###.txt 100 200 71
file.###.txt 100 200 72
file.###.txt 100 200 73
file.###.txt 100 200 74
file.###.txt 100 200 75
file.###.txt 100 200 76
file.###.txt 100 200 77
file.###.txt 100 200 78
file.###.txt 100 200 79
file.###.txt 100 200 80
file.###.txt 100 200 81
file.###.txt 100 200 82
file.###.txt 100 200 83
file.###.txt 100 200 84
file.###.txt 100 200 85
file.###.txt 100 200 86
file.###.txt 100 200 87
file.###.txt 100 200 88
file.###.txt 100 200 89
file.###.txt 100 200 90
file.###.txt 100 200 91
file.###.txt 100 200 92
file.###.txt 100 200 93
file.###.txt 100 200 94
file.###.txt 100 200 95
file.###.txt 100 200 96
file.###.txt 100 200 97
file.###.txt 100 200 98
file.###.txt 100 200 99
file.###.txt 100 200 100
Source Dir ls:
file.###.txt 100 200 0
-----------
Destination Dir ls:
1: /tmp/pytest-of-vsts/pytest-0/test_copy_move_iter_True_move_0/dst/file.123.txt
2: /tmp/pytest-of-vsts/pytest-0/test_copy_move_iter_True_move_0/dst/file.116.txt
3: /tmp/pytest-of-vsts/pytest-0/test_copy_move_iter_True_move_0/dst/file.140.txt
4: /tmp/pytest-of-vsts/pytest-0/test_copy_move_iter_True_move_0/dst/file.182.txt
5: /tmp/pytest-of-vsts/pytest-0/test_copy_move_iter_True_move_0/dst/file.181.txt
6: /tmp/pytest-of-vsts/pytest-0/test_copy_move_iter_True_move_0/dst/file.180.txt
7: /tmp/pytest-of-vsts/pytest-0/test_copy_move_iter_True_move_0/dst/file.101.txt
8: /tmp/pytest-of-vsts/pytest-0/test_copy_move_iter_True_move_0/dst/file.166.txt
9: /tmp/pytest-of-vsts/pytest-0/test_copy_move_iter_True_move_0/dst/file.167.txt
10: /tmp/pytest-of-vsts/pytest-0/test_copy_move_iter_True_move_0/dst/file.191.txt
11: /tmp/pytest-of-vsts/pytest-0/test_copy_move_iter_True_move_0/dst/file.113.txt
12: /tmp/pytest-of-vsts/pytest-0/test_copy_move_iter_True_move_0/dst/file.122.txt
13: /tmp/pytest-of-vsts/pytest-0/test_copy_move_iter_True_move_0/dst/file.110.txt
14: /tmp/pytest-of-vsts/pytest-0/test_copy_move_iter_True_move_0/dst/file.148.txt
15: /tmp/pytest-of-vsts/pytest-0/test_copy_move_iter_True_move_0/dst/file.154.txt
16: /tmp/pytest-of-vsts/pytest-0/test_copy_move_iter_True_move_0/dst/file.200.txt
17: /tmp/pytest-of-vsts/pytest-0/test_copy_move_iter_True_move_0/dst/file.177.txt
18: /tmp/pytest-of-vsts/pytest-0/test_copy_move_iter_True_move_0/dst/file.186.txt
19: /tmp/pytest-of-vsts/pytest-0/test_copy_move_iter_True_move_0/dst/file.115.txt
20: /tmp/pytest-of-vsts/pytest-0/test_copy_move_iter_True_move_0/dst/file.190.txt
21: /tmp/pytest-of-vsts/pytest-0/test_copy_move_iter_True_move_0/dst/file.119.txt
22: /tmp/pytest-of-vsts/pytest-0/test_copy_move_iter_True_move_0/dst/file.151.txt
23: /tmp/pytest-of-vsts/pytest-0/test_copy_move_iter_True_move_0/dst/file.195.txt
24: /tmp/pytest-of-vsts/pytest-0/test_copy_move_iter_True_move_0/dst/file.169.txt
25: /tmp/pytest-of-vsts/pytest-0/test_copy_move_iter_True_move_0/dst/file.149.txt
26: /tmp/pytest-of-vsts/pytest-0/test_copy_move_iter_True_move_0/dst/file.128.txt
27: /tmp/pytest-of-vsts/pytest-0/test_copy_move_iter_True_move_0/dst/file.198.txt
28: /tmp/pytest-of-vsts/pytest-0/test_copy_move_iter_True_move_0/dst/file.118.txt
29: /tmp/pytest-of-vsts/pytest-0/test_copy_move_iter_True_move_0/dst/file.139.txt
30: /tmp/pytest-of-vsts/pytest-0/test_copy_move_iter_True_move_0/dst/file.129.txt
31: /tmp/pytest-of-vsts/pytest-0/test_copy_move_iter_True_move_0/dst/file.106.txt
32: /tmp/pytest-of-vsts/pytest-0/test_copy_move_iter_True_move_0/dst/file.147.txt
33: /tmp/pytest-of-vsts/pytest-0/test_copy_move_iter_True_move_0/dst/file.184.txt
34: /tmp/pytest-of-vsts/pytest-0/test_copy_move_iter_True_move_0/dst/file.170.txt
35: /tmp/pytest-of-vsts/pytest-0/test_copy_move_iter_True_move_0/dst/file.165.txt
36: /tmp/pytest-of-vsts/pytest-0/test_copy_move_iter_True_move_0/dst/file.161.txt
37: /tmp/pytest-of-vsts/pytest-0/test_copy_move_iter_True_move_0/dst/file.160.txt
38: /tmp/pytest-of-vsts/pytest-0/test_copy_move_iter_True_move_0/dst/file.132.txt
39: /tmp/pytest-of-vsts/pytest-0/test_copy_move_iter_True_move_0/dst/file.100.txt
40: /tmp/pytest-of-vsts/pytest-0/test_copy_move_iter_True_move_0/dst/file.187.txt
41: /tmp/pytest-of-vsts/pytest-0/test_copy_move_iter_True_move_0/dst/file.108.txt
42: /tmp/pytest-of-vsts/pytest-0/test_copy_move_iter_True_move_0/dst/file.102.txt
43: /tmp/pytest-of-vsts/pytest-0/test_copy_move_iter_True_move_0/dst/file.130.txt
44: /tmp/pytest-of-vsts/pytest-0/test_copy_move_iter_True_move_0/dst/file.172.txt
45: /tmp/pytest-of-vsts/pytest-0/test_copy_move_iter_True_move_0/dst/file.178.txt
46: /tmp/pytest-of-vsts/pytest-0/test_copy_move_iter_True_move_0/dst/file.176.txt
47: /tmp/pytest-of-vsts/pytest-0/test_copy_move_iter_True_move_0/dst/file.175.txt
48: /tmp/pytest-of-vsts/pytest-0/test_copy_move_iter_True_move_0/dst/file.189.txt
49: /tmp/pytest-of-vsts/pytest-0/test_copy_move_iter_True_move_0/dst/file.136.txt
50: /tmp/pytest-of-vsts/pytest-0/test_copy_move_iter_True_move_0/dst/file.131.txt
51: /tmp/pytest-of-vsts/pytest-0/test_copy_move_iter_True_move_0/dst/file.142.txt
52: /tmp/pytest-of-vsts/pytest-0/test_copy_move_iter_True_move_0/dst/file.127.txt
53: /tmp/pytest-of-vsts/pytest-0/test_copy_move_iter_True_move_0/dst/file.145.txt
54: /tmp/pytest-of-vsts/pytest-0/test_copy_move_iter_True_move_0/dst/file.168.txt
55: /tmp/pytest-of-vsts/pytest-0/test_copy_move_iter_True_move_0/dst/file.174.txt
56: /tmp/pytest-of-vsts/pytest-0/test_copy_move_iter_True_move_0/dst/file.107.txt
57: /tmp/pytest-of-vsts/pytest-0/test_copy_move_iter_True_move_0/dst/file.125.txt
58: /tmp/pytest-of-vsts/pytest-0/test_copy_move_iter_True_move_0/dst/file.146.txt
59: /tmp/pytest-of-vsts/pytest-0/test_copy_move_iter_True_move_0/dst/file.193.txt
60: /tmp/pytest-of-vsts/pytest-0/test_copy_move_iter_True_move_0/dst/file.194.txt
61: /tmp/pytest-of-vsts/pytest-0/test_copy_move_iter_True_move_0/dst/file.158.txt
62: /tmp/pytest-of-vsts/pytest-0/test_copy_move_iter_True_move_0/dst/file.133.txt
63: /tmp/pytest-of-vsts/pytest-0/test_copy_move_iter_True_move_0/dst/file.137.txt
64: /tmp/pytest-of-vsts/pytest-0/test_copy_move_iter_True_move_0/dst/file.183.txt
65: /tmp/pytest-of-vsts/pytest-0/test_copy_move_iter_True_move_0/dst/file.156.txt
66: /tmp/pytest-of-vsts/pytest-0/test_copy_move_iter_True_move_0/dst/file.155.txt
67: /tmp/pytest-of-vsts/pytest-0/test_copy_move_iter_True_move_0/dst/file.179.txt
68: /tmp/pytest-of-vsts/pytest-0/test_copy_move_iter_True_move_0/dst/file.173.txt
69: /tmp/pytest-of-vsts/pytest-0/test_copy_move_iter_True_move_0/dst/file.112.txt
70: /tmp/pytest-of-vsts/pytest-0/test_copy_move_iter_True_move_0/dst/file.135.txt
71: /tmp/pytest-of-vsts/pytest-0/test_copy_move_iter_True_move_0/dst/file.121.txt
72: /tmp/pytest-of-vsts/pytest-0/test_copy_move_iter_True_move_0/dst/file.124.txt
73: /tmp/pytest-of-vsts/pytest-0/test_copy_move_iter_True_move_0/dst/file.117.txt
74: /tmp/pytest-of-vsts/pytest-0/test_copy_move_iter_True_move_0/dst/file.143.txt
75: /tmp/pytest-of-vsts/pytest-0/test_copy_move_iter_True_move_0/dst/file.105.txt
76: /tmp/pytest-of-vsts/pytest-0/test_copy_move_iter_True_move_0/dst/file.153.txt
77: /tmp/pytest-of-vsts/pytest-0/test_copy_move_iter_True_move_0/dst/file.188.txt
78: /tmp/pytest-of-vsts/pytest-0/test_copy_move_iter_True_move_0/dst/file.162.txt
79: /tmp/pytest-of-vsts/pytest-0/test_copy_move_iter_True_move_0/dst/file.164.txt
80: /tmp/pytest-of-vsts/pytest-0/test_copy_move_iter_True_move_0/dst/file.185.txt
81: /tmp/pytest-of-vsts/pytest-0/test_copy_move_iter_True_move_0/dst/file.157.txt
82: /tmp/pytest-of-vsts/pytest-0/test_copy_move_iter_True_move_0/dst/file.171.txt
83: /tmp/pytest-of-vsts/pytest-0/test_copy_move_iter_True_move_0/dst/file.138.txt
84: /tmp/pytest-of-vsts/pytest-0/test_copy_move_iter_True_move_0/dst/file.111.txt
85: /tmp/pytest-of-vsts/pytest-0/test_copy_move_iter_True_move_0/dst/file.196.txt
86: /tmp/pytest-of-vsts/pytest-0/test_copy_move_iter_True_move_0/dst/file.197.txt
87: /tmp/pytest-of-vsts/pytest-0/test_copy_move_iter_True_move_0/dst/file.103.txt
88: /tmp/pytest-of-vsts/pytest-0/test_copy_move_iter_True_move_0/dst/file.109.txt
89: /tmp/pytest-of-vsts/pytest-0/test_copy_move_iter_True_move_0/dst/file.152.txt
90: /tmp/pytest-of-vsts/pytest-0/test_copy_move_iter_True_move_0/dst/file.126.txt
91: /tmp/pytest-of-vsts/pytest-0/test_copy_move_iter_True_move_0/dst/file.120.txt
92: /tmp/pytest-of-vsts/pytest-0/test_copy_move_iter_True_move_0/dst/file.141.txt
93: /tmp/pytest-of-vsts/pytest-0/test_copy_move_iter_True_move_0/dst/file.192.txt
94: /tmp/pytest-of-vsts/pytest-0/test_copy_move_iter_True_move_0/dst/file.199.txt
95: /tmp/pytest-of-vsts/pytest-0/test_copy_move_iter_True_move_0/dst/file.150.txt
96: /tmp/pytest-of-vsts/pytest-0/test_copy_move_iter_True_move_0/dst/file.104.txt
97: /tmp/pytest-of-vsts/pytest-0/test_copy_move_iter_True_move_0/dst/file.144.txt
98: /tmp/pytest-of-vsts/pytest-0/test_copy_move_iter_True_move_0/dst/file.134.txt
99: /tmp/pytest-of-vsts/pytest-0/test_copy_move_iter_True_move_0/dst/file.159.txt
100: /tmp/pytest-of-vsts/pytest-0/test_copy_move_iter_True_move_0/dst/file.114.txt
101: /tmp/pytest-of-vsts/pytest-0/test_copy_move_iter_True_move_0/dst/file.163.txt
</system-out></testcase><testcase classname="zdevelop.tests.test_file_seq.TestSeqDisk" file="zdevelop/tests/test_file_seq.py" line="115" name="test_copy_move_iter[True-copy_iter-True]" time="0.069"><system-out>file.###.txt 100 200 0
copied/moved: /tmp/pytest-of-vsts/pytest-0/test_copy_move_iter_True_copy_0/dst/file.100.txt
file.###.txt 100 200 1
copied/moved: /tmp/pytest-of-vsts/pytest-0/test_copy_move_iter_True_copy_0/dst/file.101.txt
file.###.txt 100 200 2
copied/moved: /tmp/pytest-of-vsts/pytest-0/test_copy_move_iter_True_copy_0/dst/file.102.txt
file.###.txt 100 200 3
copied/moved: /tmp/pytest-of-vsts/pytest-0/test_copy_move_iter_True_copy_0/dst/file.103.txt
file.###.txt 100 200 4
copied/moved: /tmp/pytest-of-vsts/pytest-0/test_copy_move_iter_True_copy_0/dst/file.104.txt
file.###.txt 100 200 5
copied/moved: /tmp/pytest-of-vsts/pytest-0/test_copy_move_iter_True_copy_0/dst/file.105.txt
file.###.txt 100 200 6
copied/moved: /tmp/pytest-of-vsts/pytest-0/test_copy_move_iter_True_copy_0/dst/file.106.txt
file.###.txt 100 200 7
copied/moved: /tmp/pytest-of-vsts/pytest-0/test_copy_move_iter_True_copy_0/dst/file.107.txt
file.###.txt 100 200 8
copied/moved: /tmp/pytest-of-vsts/pytest-0/test_copy_move_iter_True_copy_0/dst/file.108.txt
file.###.txt 100 200 9
copied/moved: /tmp/pytest-of-vsts/pytest-0/test_copy_move_iter_True_copy_0/dst/file.109.txt
file.###.txt 100 200 10
copied/moved: /tmp/pytest-of-vsts/pytest-0/test_copy_move_iter_True_copy_0/dst/file.110.txt
file.###.txt 100 200 11
copied/moved: /tmp/pytest-of-vsts/pytest-0/test_copy_move_iter_True_copy_0/dst/file.111.txt
file.###.txt 100 200 12
copied/moved: /tmp/pytest-of-vsts/pytest-0/test_copy_move_iter_True_copy_0/dst/file.112.txt
file.###.txt 100 200 13
copied/moved: /tmp/pytest-of-vsts/pytest-0/test_copy_move_iter_True_copy_0/dst/file.113.txt
file.###.txt 100 200 14
copied/moved: /tmp/pytest-of-vsts/pytest-0/test_copy_move_iter_True_copy_0/dst/file.114.txt
file.###.txt 100 200 15
copied/moved: /tmp/pytest-of-vsts/pytest-0/test_copy_move_iter_True_copy_0/dst/file.115.txt
file.###.txt 100 200 16
copied/moved: /tmp/pytest-of-vsts/pytest-0/test_copy_move_iter_True_copy_0/dst/file.116.txt
file.###.txt 100 200 17
copied/moved: /tmp/pytest-of-vsts/pytest-0/test_copy_move_iter_True_copy_0/dst/file.117.txt
file.###.txt 100 200 18
copied/moved: /tmp/pytest-of-vsts/pytest-0/test_copy_move_iter_True_copy_0/dst/file.118.txt
file.###.txt 100 200 19
copied/moved: /tmp/pytest-of-vsts/pytest-0/test_copy_move_iter_True_copy_0/dst/file.119.txt
file.###.txt 100 200 20
copied/moved: /tmp/pytest-of-vsts/pytest-0/test_copy_move_iter_True_copy_0/dst/file.120.txt
file.###.txt 100 200 21
copied/moved: /tmp/pytest-of-vsts/pytest-0/test_copy_move_iter_True_copy_0/dst/file.121.txt
file.###.txt 100 200 22
copied/moved: /tmp/pytest-of-vsts/pytest-0/test_copy_move_iter_True_copy_0/dst/file.122.txt
file.###.txt 100 200 23
copied/moved: /tmp/pytest-of-vsts/pytest-0/test_copy_move_iter_True_copy_0/dst/file.123.txt
file.###.txt 100 200 24
copied/moved: /tmp/pytest-of-vsts/pytest-0/test_copy_move_iter_True_copy_0/dst/file.124.txt
file.###.txt 100 200 25
copied/moved: /tmp/pytest-of-vsts/pytest-0/test_copy_move_iter_True_copy_0/dst/file.125.txt
file.###.txt 100 200 26
copied/moved: /tmp/pytest-of-vsts/pytest-0/test_copy_move_iter_True_copy_0/dst/file.126.txt
file.###.txt 100 200 27
copied/moved: /tmp/pytest-of-vsts/pytest-0/test_copy_move_iter_True_copy_0/dst/file.127.txt
file.###.txt 100 200 28
copied/moved: /tmp/pytest-of-vsts/pytest-0/test_copy_move_iter_True_copy_0/dst/file.128.txt
file.###.txt 100 200 29
copied/moved: /tmp/pytest-of-vsts/pytest-0/test_copy_move_iter_True_copy_0/dst/file.129.txt
file.###.txt 100 200 30
copied/moved: /tmp/pytest-of-vsts/pytest-0/test_copy_move_iter_True_copy_0/dst/file.130.txt
file.###.txt 100 200 31
copied/moved: /tmp/pytest-of-vsts/pytest-0/test_copy_move_iter_True_copy_0/dst/file.131.txt
file.###.txt 100 200 32
copied/moved: /tmp/pytest-of-vsts/pytest-0/test_copy_move_iter_True_copy_0/dst/file.132.txt
file.###.txt 100 200 33
copied/moved: /tmp/pytest-of-vsts/pytest-0/test_copy_move_iter_True_copy_0/dst/file.133.txt
file.###.txt 100 200 34
copied/moved: /tmp/pytest-of-vsts/pytest-0/test_copy_move_iter_True_copy_0/dst/file.134.txt
file.###.txt 100 200 35
copied/moved: /tmp/pytest-of-vsts/pytest-0/test_copy_move_iter_True_copy_0/dst/file.135.txt
file.###.txt 100 200 36
copied/moved: /tmp/pytest-of-vsts/pytest-0/test_copy_move_iter_True_copy_0/dst/file.136.txt
file.###.txt 100 200 37
copied/moved: /tmp/pytest-of-vsts/pytest-0/test_copy_move_iter_True_copy_0/dst/file.137.txt
file.###.txt 100 200 38
copied/moved: /tmp/pytest-of-vsts/pytest-0/test_copy_move_iter_True_copy_0/dst/file.138.txt
file.###.txt 100 200 39
copied/moved: /tmp/pytest-of-vsts/pytest-0/test_copy_move_iter_True_copy_0/dst/file.139.txt
file.###.txt 100 200 40
copied/moved: /tmp/pytest-of-vsts/pytest-0/test_copy_move_iter_True_copy_0/dst/file.140.txt
file.###.txt 100 200 41
copied/moved: /tmp/pytest-of-vsts/pytest-0/test_copy_move_iter_True_copy_0/dst/file.141.txt
file.###.txt 100 200 42
copied/moved: /tmp/pytest-of-vsts/pytest-0/test_copy_move_iter_True_copy_0/dst/file.142.txt
file.###.txt 100 200 43
copied/moved: /tmp/pytest-of-vsts/pytest-0/test_copy_move_iter_True_copy_0/dst/file.143.txt
file.###.txt 100 200 44
copied/moved: /tmp/pytest-of-vsts/pytest-0/test_copy_move_iter_True_copy_0/dst/file.144.txt
file.###.txt 100 200 45
copied/moved: /tmp/pytest-of-vsts/pytest-0/test_copy_move_iter_True_copy_0/dst/file.145.txt
file.###.txt 100 200 46
copied/moved: /tmp/pytest-of-vsts/pytest-0/test_copy_move_iter_True_copy_0/dst/file.146.txt
file.###.txt 100 200 47
copied/moved: /tmp/pytest-of-vsts/pytest-0/test_copy_move_iter_True_copy_0/dst/file.147.txt
file.###.txt 100 200 48
copied/moved: /tmp/pytest-of-vsts/pytest-0/test_copy_move_iter_True_copy_0/dst/file.148.txt
file.###.txt 100 200 49
copied/moved: /tmp/pytest-of-vsts/pytest-0/test_copy_move_iter_True_copy_0/dst/file.149.txt
file.###.txt 100 200 50
copied/moved: /tmp/pytest-of-vsts/pytest-0/test_copy_move_iter_True_copy_0/dst/file.150.txt
file.###.txt 100 200 51
copied/moved: /tmp/pytest-of-vsts/pytest-0/test_copy_move_iter_True_copy_0/dst/file.151.txt
file.###.txt 100 200 52
copied/moved: /tmp/pytest-of-vsts/pytest-0/test_copy_move_iter_True_copy_0/dst/file.152.txt
file.###.txt 100 200 53
copied/moved: /tmp/pytest-of-vsts/pytest-0/test_copy_move_iter_True_copy_0/dst/file.153.txt
file.###.txt 100 200 54
copied/moved: /tmp/pytest-of-vsts/pytest-0/test_copy_move_iter_True_copy_0/dst/file.154.txt
file.###.txt 100 200 55
copied/moved: /tmp/pytest-of-vsts/pytest-0/test_copy_move_iter_True_copy_0/dst/file.155.txt
file.###.txt 100 200 56
copied/moved: /tmp/pytest-of-vsts/pytest-0/test_copy_move_iter_True_copy_0/dst/file.156.txt
file.###.txt 100 200 57
copied/moved: /tmp/pytest-of-vsts/pytest-0/test_copy_move_iter_True_copy_0/dst/file.157.txt
file.###.txt 100 200 58
copied/moved: /tmp/pytest-of-vsts/pytest-0/test_copy_move_iter_True_copy_0/dst/file.158.txt
file.###.txt 100 200 59
copied/moved: /tmp/pytest-of-vsts/pytest-0/test_copy_move_iter_True_copy_0/dst/file.159.txt
file.###.txt 100 200 60
copied/moved: /tmp/pytest-of-vsts/pytest-0/test_copy_move_iter_True_copy_0/dst/file.160.txt
file.###.txt 100 200 61
copied/moved: /tmp/pytest-of-vsts/pytest-0/test_copy_move_iter_True_copy_0/dst/file.161.txt
file.###.txt 100 200 62
copied/moved: /tmp/pytest-of-vsts/pytest-0/test_copy_move_iter_True_copy_0/dst/file.162.txt
file.###.txt 100 200 63
copied/moved: /tmp/pytest-of-vsts/pytest-0/test_copy_move_iter_True_copy_0/dst/file.163.txt
file.###.txt 100 200 64
copied/moved: /tmp/pytest-of-vsts/pytest-0/test_copy_move_iter_True_copy_0/dst/file.164.txt
file.###.txt 100 200 65
copied/moved: /tmp/pytest-of-vsts/pytest-0/test_copy_move_iter_True_copy_0/dst/file.165.txt
file.###.txt 100 200 66
copied/moved: /tmp/pytest-of-vsts/pytest-0/test_copy_move_iter_True_copy_0/dst/file.166.txt
file.###.txt 100 200 67
copied/moved: /tmp/pytest-of-vsts/pytest-0/test_copy_move_iter_True_copy_0/dst/file.167.txt
file.###.txt 100 200 68
copied/moved: /tmp/pytest-of-vsts/pytest-0/test_copy_move_iter_True_copy_0/dst/file.168.txt
file.###.txt 100 200 69
copied/moved: /tmp/pytest-of-vsts/pytest-0/test_copy_move_iter_True_copy_0/dst/file.169.txt
file.###.txt 100 200 70
copied/moved: /tmp/pytest-of-vsts/pytest-0/test_copy_move_iter_True_copy_0/dst/file.170.txt
file.###.txt 100 200 71
copied/moved: /tmp/pytest-of-vsts/pytest-0/test_copy_move_iter_True_copy_0/dst/file.171.txt
file.###.txt 100 200 72
copied/moved: /tmp/pytest-of-vsts/pytest-0/test_copy_move_iter_True_copy_0/dst/file.172.txt
file.###.txt 100 200 73
copied/moved: /tmp/pytest-of-vsts/pytest-0/test_copy_move_iter_True_copy_0/dst/file.173.txt
file.###.txt 100 200 74
copied/moved: /tmp/pytest-of-vsts/pytest-0/test_copy_move_iter_True_copy_0/dst/file.174.txt
file.###.txt 100 200 75
copied/moved: /tmp/pytest-of-vsts/pytest-0/test_copy_move_iter_True_copy_0/dst/file.175.txt
file.###.txt 100 200 76
copied/moved: /tmp/pytest-of-vsts/pytest-0/test_copy_move_iter_True_copy_0/dst/file.176.txt
file.###.txt 100 200 77
copied/moved: /tmp/pytest-of-vsts/pytest-0/test_copy_move_iter_True_copy_0/dst/file.177.txt
file.###.txt 100 200 78
copied/moved: /tmp/pytest-of-vsts/pytest-0/test_copy_move_iter_True_copy_0/dst/file.178.txt
file.###.txt 100 200 79
copied/moved: /tmp/pytest-of-vsts/pytest-0/test_copy_move_iter_True_copy_0/dst/file.179.txt
file.###.txt 100 200 80
copied/moved: /tmp/pytest-of-vsts/pytest-0/test_copy_move_iter_True_copy_0/dst/file.180.txt
file.###.txt 100 200 81
copied/moved: /tmp/pytest-of-vsts/pytest-0/test_copy_move_iter_True_copy_0/dst/file.181.txt
file.###.txt 100 200 82
copied/moved: /tmp/pytest-of-vsts/pytest-0/test_copy_move_iter_True_copy_0/dst/file.182.txt
file.###.txt 100 200 83
copied/moved: /tmp/pytest-of-vsts/pytest-0/test_copy_move_iter_True_copy_0/dst/file.183.txt
file.###.txt 100 200 84
copied/moved: /tmp/pytest-of-vsts/pytest-0/test_copy_move_iter_True_copy_0/dst/file.184.txt
file.###.txt 100 200 85
copied/moved: /tmp/pytest-of-vsts/pytest-0/test_copy_move_iter_True_copy_0/dst/file.185.txt
file.###.txt 100 200 86
copied/moved: /tmp/pytest-of-vsts/pytest-0/test_copy_move_iter_True_copy_0/dst/file.186.txt
file.###.txt 100 200 87
copied/moved: /tmp/pytest-of-vsts/pytest-0/test_copy_move_iter_True_copy_0/dst/file.187.txt
file.###.txt 100 200 88
copied/moved: /tmp/pytest-of-vsts/pytest-0/test_copy_move_iter_True_copy_0/dst/file.188.txt
file.###.txt 100 200 89
copied/moved: /tmp/pytest-of-vsts/pytest-0/test_copy_move_iter_True_copy_0/dst/file.189.txt
file.###.txt 100 200 90
copied/moved: /tmp/pytest-of-vsts/pytest-0/test_copy_move_iter_True_copy_0/dst/file.190.txt
file.###.txt 100 200 91
copied/moved: /tmp/pytest-of-vsts/pytest-0/test_copy_move_iter_True_copy_0/dst/file.191.txt
file.###.txt 100 200 92
copied/moved: /tmp/pytest-of-vsts/pytest-0/test_copy_move_iter_True_copy_0/dst/file.192.txt
file.###.txt 100 200 93
copied/moved: /tmp/pytest-of-vsts/pytest-0/test_copy_move_iter_True_copy_0/dst/file.193.txt
file.###.txt 100 200 94
copied/moved: /tmp/pytest-of-vsts/pytest-0/test_copy_move_iter_True_copy_0/dst/file.194.txt
file.###.txt 100 200 95
copied/moved: /tmp/pytest-of-vsts/pytest-0/test_copy_move_iter_True_copy_0/dst/file.195.txt
file.###.txt 100 200 96
copied/moved: /tmp/pytest-of-vsts/pytest-0/test_copy_move_iter_True_copy_0/dst/file.196.txt
file.###.txt 100 200 97
copied/moved: /tmp/pytest-of-vsts/pytest-0/test_copy_move_iter_True_copy_0/dst/file.197.txt
file.###.txt 100 200 98
copied/moved: /tmp/pytest-of-vsts/pytest-0/test_copy_move_iter_True_copy_0/dst/file.198.txt
file.###.txt 100 200 99
copied/moved: /tmp/pytest-of-vsts/pytest-0/test_copy_move_iter_True_copy_0/dst/file.199.txt
file.###.txt 100 200 100
copied/moved: /tmp/pytest-of-vsts/pytest-0/test_copy_move_iter_True_copy_0/dst/file.200.txt
file.###.txt 100 200 0
copied/moved: &lt;FileSequence: &apos;/tmp/pytest-of-vsts/pytest-0/test_copy_move_iter_True_copy_0/dst/file.[100-200].txt&apos;&gt;
file.###.txt 100 200 0
file.###.txt 100 200 0
file.###.txt 100 200 0
True /tmp/pytest-of-vsts/pytest-0/test_copy_move_iter_True_copy_0/src/file.100.txt
file.###.txt 100 200 1
True /tmp/pytest-of-vsts/pytest-0/test_copy_move_iter_True_copy_0/src/file.101.txt
file.###.txt 100 200 2
True /tmp/pytest-of-vsts/pytest-0/test_copy_move_iter_True_copy_0/src/file.102.txt
file.###.txt 100 200 3
True /tmp/pytest-of-vsts/pytest-0/test_copy_move_iter_True_copy_0/src/file.103.txt
file.###.txt 100 200 4
True /tmp/pytest-of-vsts/pytest-0/test_copy_move_iter_True_copy_0/src/file.104.txt
file.###.txt 100 200 5
True /tmp/pytest-of-vsts/pytest-0/test_copy_move_iter_True_copy_0/src/file.105.txt
file.###.txt 100 200 6
True /tmp/pytest-of-vsts/pytest-0/test_copy_move_iter_True_copy_0/src/file.106.txt
file.###.txt 100 200 7
True /tmp/pytest-of-vsts/pytest-0/test_copy_move_iter_True_copy_0/src/file.107.txt
file.###.txt 100 200 8
True /tmp/pytest-of-vsts/pytest-0/test_copy_move_iter_True_copy_0/src/file.108.txt
file.###.txt 100 200 9
True /tmp/pytest-of-vsts/pytest-0/test_copy_move_iter_True_copy_0/src/file.109.txt
file.###.txt 100 200 10
True /tmp/pytest-of-vsts/pytest-0/test_copy_move_iter_True_copy_0/src/file.110.txt
file.###.txt 100 200 11
True /tmp/pytest-of-vsts/pytest-0/test_copy_move_iter_True_copy_0/src/file.111.txt
file.###.txt 100 200 12
True /tmp/pytest-of-vsts/pytest-0/test_copy_move_iter_True_copy_0/src/file.112.txt
file.###.txt 100 200 13
True /tmp/pytest-of-vsts/pytest-0/test_copy_move_iter_True_copy_0/src/file.113.txt
file.###.txt 100 200 14
True /tmp/pytest-of-vsts/pytest-0/test_copy_move_iter_True_copy_0/src/file.114.txt
file.###.txt 100 200 15
True /tmp/pytest-of-vsts/pytest-0/test_copy_move_iter_True_copy_0/src/file.115.txt
file.###.txt 100 200 16
True /tmp/pytest-of-vsts/pytest-0/test_copy_move_iter_True_copy_0/src/file.116.txt
file.###.txt 100 200 17
True /tmp/pytest-of-vsts/pytest-0/test_copy_move_iter_True_copy_0/src/file.117.txt
file.###.txt 100 200 18
True /tmp/pytest-of-vsts/pytest-0/test_copy_move_iter_True_copy_0/src/file.118.txt
file.###.txt 100 200 19
True /tmp/pytest-of-vsts/pytest-0/test_copy_move_iter_True_copy_0/src/file.119.txt
file.###.txt 100 200 20
True /tmp/pytest-of-vsts/pytest-0/test_copy_move_iter_True_copy_0/src/file.120.txt
file.###.txt 100 200 21
True /tmp/pytest-of-vsts/pytest-0/test_copy_move_iter_True_copy_0/src/file.121.txt
file.###.txt 100 200 22
True /tmp/pytest-of-vsts/pytest-0/test_copy_move_iter_True_copy_0/src/file.122.txt
file.###.txt 100 200 23
True /tmp/pytest-of-vsts/pytest-0/test_copy_move_iter_True_copy_0/src/file.123.txt
file.###.txt 100 200 24
True /tmp/pytest-of-vsts/pytest-0/test_copy_move_iter_True_copy_0/src/file.124.txt
file.###.txt 100 200 25
True /tmp/pytest-of-vsts/pytest-0/test_copy_move_iter_True_copy_0/src/file.125.txt
file.###.txt 100 200 26
True /tmp/pytest-of-vsts/pytest-0/test_copy_move_iter_True_copy_0/src/file.126.txt
file.###.txt 100 200 27
True /tmp/pytest-of-vsts/pytest-0/test_copy_move_iter_True_copy_0/src/file.127.txt
file.###.txt 100 200 28
True /tmp/pytest-of-vsts/pytest-0/test_copy_move_iter_True_copy_0/src/file.128.txt
file.###.txt 100 200 29
True /tmp/pytest-of-vsts/pytest-0/test_copy_move_iter_True_copy_0/src/file.129.txt
file.###.txt 100 200 30
True /tmp/pytest-of-vsts/pytest-0/test_copy_move_iter_True_copy_0/src/file.130.txt
file.###.txt 100 200 31
True /tmp/pytest-of-vsts/pytest-0/test_copy_move_iter_True_copy_0/src/file.131.txt
file.###.txt 100 200 32
True /tmp/pytest-of-vsts/pytest-0/test_copy_move_iter_True_copy_0/src/file.132.txt
file.###.txt 100 200 33
True /tmp/pytest-of-vsts/pytest-0/test_copy_move_iter_True_copy_0/src/file.133.txt
file.###.txt 100 200 34
True /tmp/pytest-of-vsts/pytest-0/test_copy_move_iter_True_copy_0/src/file.134.txt
file.###.txt 100 200 35
True /tmp/pytest-of-vsts/pytest-0/test_copy_move_iter_True_copy_0/src/file.135.txt
file.###.txt 100 200 36
True /tmp/pytest-of-vsts/pytest-0/test_copy_move_iter_True_copy_0/src/file.136.txt
file.###.txt 100 200 37
True /tmp/pytest-of-vsts/pytest-0/test_copy_move_iter_True_copy_0/src/file.137.txt
file.###.txt 100 200 38
True /tmp/pytest-of-vsts/pytest-0/test_copy_move_iter_True_copy_0/src/file.138.txt
file.###.txt 100 200 39
True /tmp/pytest-of-vsts/pytest-0/test_copy_move_iter_True_copy_0/src/file.139.txt
file.###.txt 100 200 40
True /tmp/pytest-of-vsts/pytest-0/test_copy_move_iter_True_copy_0/src/file.140.txt
file.###.txt 100 200 41
True /tmp/pytest-of-vsts/pytest-0/test_copy_move_iter_True_copy_0/src/file.141.txt
file.###.txt 100 200 42
True /tmp/pytest-of-vsts/pytest-0/test_copy_move_iter_True_copy_0/src/file.142.txt
file.###.txt 100 200 43
True /tmp/pytest-of-vsts/pytest-0/test_copy_move_iter_True_copy_0/src/file.143.txt
file.###.txt 100 200 44
True /tmp/pytest-of-vsts/pytest-0/test_copy_move_iter_True_copy_0/src/file.144.txt
file.###.txt 100 200 45
True /tmp/pytest-of-vsts/pytest-0/test_copy_move_iter_True_copy_0/src/file.145.txt
file.###.txt 100 200 46
True /tmp/pytest-of-vsts/pytest-0/test_copy_move_iter_True_copy_0/src/file.146.txt
file.###.txt 100 200 47
True /tmp/pytest-of-vsts/pytest-0/test_copy_move_iter_True_copy_0/src/file.147.txt
file.###.txt 100 200 48
True /tmp/pytest-of-vsts/pytest-0/test_copy_move_iter_True_copy_0/src/file.148.txt
file.###.txt 100 200 49
True /tmp/pytest-of-vsts/pytest-0/test_copy_move_iter_True_copy_0/src/file.149.txt
file.###.txt 100 200 50
True /tmp/pytest-of-vsts/pytest-0/test_copy_move_iter_True_copy_0/src/file.150.txt
file.###.txt 100 200 51
True /tmp/pytest-of-vsts/pytest-0/test_copy_move_iter_True_copy_0/src/file.151.txt
file.###.txt 100 200 52
True /tmp/pytest-of-vsts/pytest-0/test_copy_move_iter_True_copy_0/src/file.152.txt
file.###.txt 100 200 53
True /tmp/pytest-of-vsts/pytest-0/test_copy_move_iter_True_copy_0/src/file.153.txt
file.###.txt 100 200 54
True /tmp/pytest-of-vsts/pytest-0/test_copy_move_iter_True_copy_0/src/file.154.txt
file.###.txt 100 200 55
True /tmp/pytest-of-vsts/pytest-0/test_copy_move_iter_True_copy_0/src/file.155.txt
file.###.txt 100 200 56
True /tmp/pytest-of-vsts/pytest-0/test_copy_move_iter_True_copy_0/src/file.156.txt
file.###.txt 100 200 57
True /tmp/pytest-of-vsts/pytest-0/test_copy_move_iter_True_copy_0/src/file.157.txt
file.###.txt 100 200 58
True /tmp/pytest-of-vsts/pytest-0/test_copy_move_iter_True_copy_0/src/file.158.txt
file.###.txt 100 200 59
True /tmp/pytest-of-vsts/pytest-0/test_copy_move_iter_True_copy_0/src/file.159.txt
file.###.txt 100 200 60
True /tmp/pytest-of-vsts/pytest-0/test_copy_move_iter_True_copy_0/src/file.160.txt
file.###.txt 100 200 61
True /tmp/pytest-of-vsts/pytest-0/test_copy_move_iter_True_copy_0/src/file.161.txt
file.###.txt 100 200 62
True /tmp/pytest-of-vsts/pytest-0/test_copy_move_iter_True_copy_0/src/file.162.txt
file.###.txt 100 200 63
True /tmp/pytest-of-vsts/pytest-0/test_copy_move_iter_True_copy_0/src/file.163.txt
file.###.txt 100 200 64
True /tmp/pytest-of-vsts/pytest-0/test_copy_move_iter_True_copy_0/src/file.164.txt
file.###.txt 100 200 65
True /tmp/pytest-of-vsts/pytest-0/test_copy_move_iter_True_copy_0/src/file.165.txt
file.###.txt 100 200 66
True /tmp/pytest-of-vsts/pytest-0/test_copy_move_iter_True_copy_0/src/file.166.txt
file.###.txt 100 200 67
True /tmp/pytest-of-vsts/pytest-0/test_copy_move_iter_True_copy_0/src/file.167.txt
file.###.txt 100 200 68
True /tmp/pytest-of-vsts/pytest-0/test_copy_move_iter_True_copy_0/src/file.168.txt
file.###.txt 100 200 69
True /tmp/pytest-of-vsts/pytest-0/test_copy_move_iter_True_copy_0/src/file.169.txt
file.###.txt 100 200 70
True /tmp/pytest-of-vsts/pytest-0/test_copy_move_iter_True_copy_0/src/file.170.txt
file.###.txt 100 200 71
True /tmp/pytest-of-vsts/pytest-0/test_copy_move_iter_True_copy_0/src/file.171.txt
file.###.txt 100 200 72
True /tmp/pytest-of-vsts/pytest-0/test_copy_move_iter_True_copy_0/src/file.172.txt
file.###.txt 100 200 73
True /tmp/pytest-of-vsts/pytest-0/test_copy_move_iter_True_copy_0/src/file.173.txt
file.###.txt 100 200 74
True /tmp/pytest-of-vsts/pytest-0/test_copy_move_iter_True_copy_0/src/file.174.txt
file.###.txt 100 200 75
True /tmp/pytest-of-vsts/pytest-0/test_copy_move_iter_True_copy_0/src/file.175.txt
file.###.txt 100 200 76
True /tmp/pytest-of-vsts/pytest-0/test_copy_move_iter_True_copy_0/src/file.176.txt
file.###.txt 100 200 77
True /tmp/pytest-of-vsts/pytest-0/test_copy_move_iter_True_copy_0/src/file.177.txt
file.###.txt 100 200 78
True /tmp/pytest-of-vsts/pytest-0/test_copy_move_iter_True_copy_0/src/file.178.txt
file.###.txt 100 200 79
True /tmp/pytest-of-vsts/pytest-0/test_copy_move_iter_True_copy_0/src/file.179.txt
file.###.txt 100 200 80
True /tmp/pytest-of-vsts/pytest-0/test_copy_move_iter_True_copy_0/src/file.180.txt
file.###.txt 100 200 81
True /tmp/pytest-of-vsts/pytest-0/test_copy_move_iter_True_copy_0/src/file.181.txt
file.###.txt 100 200 82
True /tmp/pytest-of-vsts/pytest-0/test_copy_move_iter_True_copy_0/src/file.182.txt
file.###.txt 100 200 83
True /tmp/pytest-of-vsts/pytest-0/test_copy_move_iter_True_copy_0/src/file.183.txt
file.###.txt 100 200 84
True /tmp/pytest-of-vsts/pytest-0/test_copy_move_iter_True_copy_0/src/file.184.txt
file.###.txt 100 200 85
True /tmp/pytest-of-vsts/pytest-0/test_copy_move_iter_True_copy_0/src/file.185.txt
file.###.txt 100 200 86
True /tmp/pytest-of-vsts/pytest-0/test_copy_move_iter_True_copy_0/src/file.186.txt
file.###.txt 100 200 87
True /tmp/pytest-of-vsts/pytest-0/test_copy_move_iter_True_copy_0/src/file.187.txt
file.###.txt 100 200 88
True /tmp/pytest-of-vsts/pytest-0/test_copy_move_iter_True_copy_0/src/file.188.txt
file.###.txt 100 200 89
True /tmp/pytest-of-vsts/pytest-0/test_copy_move_iter_True_copy_0/src/file.189.txt
file.###.txt 100 200 90
True /tmp/pytest-of-vsts/pytest-0/test_copy_move_iter_True_copy_0/src/file.190.txt
file.###.txt 100 200 91
True /tmp/pytest-of-vsts/pytest-0/test_copy_move_iter_True_copy_0/src/file.191.txt
file.###.txt 100 200 92
True /tmp/pytest-of-vsts/pytest-0/test_copy_move_iter_True_copy_0/src/file.192.txt
file.###.txt 100 200 93
True /tmp/pytest-of-vsts/pytest-0/test_copy_move_iter_True_copy_0/src/file.193.txt
file.###.txt 100 200 94
True /tmp/pytest-of-vsts/pytest-0/test_copy_move_iter_True_copy_0/src/file.194.txt
file.###.txt 100 200 95
True /tmp/pytest-of-vsts/pytest-0/test_copy_move_iter_True_copy_0/src/file.195.txt
file.###.txt 100 200 96
True /tmp/pytest-of-vsts/pytest-0/test_copy_move_iter_True_copy_0/src/file.196.txt
file.###.txt 100 200 97
True /tmp/pytest-of-vsts/pytest-0/test_copy_move_iter_True_copy_0/src/file.197.txt
file.###.txt 100 200 98
True /tmp/pytest-of-vsts/pytest-0/test_copy_move_iter_True_copy_0/src/file.198.txt
file.###.txt 100 200 99
True /tmp/pytest-of-vsts/pytest-0/test_copy_move_iter_True_copy_0/src/file.199.txt
file.###.txt 100 200 100
True /tmp/pytest-of-vsts/pytest-0/test_copy_move_iter_True_copy_0/src/file.200.txt
file.###.txt 100 200 0
file.###.txt 100 200 1
file.###.txt 100 200 2
file.###.txt 100 200 3
file.###.txt 100 200 4
file.###.txt 100 200 5
file.###.txt 100 200 6
file.###.txt 100 200 7
file.###.txt 100 200 8
file.###.txt 100 200 9
file.###.txt 100 200 10
file.###.txt 100 200 11
file.###.txt 100 200 12
file.###.txt 100 200 13
file.###.txt 100 200 14
file.###.txt 100 200 15
file.###.txt 100 200 16
file.###.txt 100 200 17
file.###.txt 100 200 18
file.###.txt 100 200 19
file.###.txt 100 200 20
file.###.txt 100 200 21
file.###.txt 100 200 22
file.###.txt 100 200 23
file.###.txt 100 200 24
file.###.txt 100 200 25
file.###.txt 100 200 26
file.###.txt 100 200 27
file.###.txt 100 200 28
file.###.txt 100 200 29
file.###.txt 100 200 30
file.###.txt 100 200 31
file.###.txt 100 200 32
file.###.txt 100 200 33
file.###.txt 100 200 34
file.###.txt 100 200 35
file.###.txt 100 200 36
file.###.txt 100 200 37
file.###.txt 100 200 38
file.###.txt 100 200 39
file.###.txt 100 200 40
file.###.txt 100 200 41
file.###.txt 100 200 42
file.###.txt 100 200 43
file.###.txt 100 200 44
file.###.txt 100 200 45
file.###.txt 100 200 46
file.###.txt 100 200 47
file.###.txt 100 200 48
file.###.txt 100 200 49
file.###.txt 100 200 50
file.###.txt 100 200 51
file.###.txt 100 200 52
file.###.txt 100 200 53
file.###.txt 100 200 54
file.###.txt 100 200 55
file.###.txt 100 200 56
file.###.txt 100 200 57
file.###.txt 100 200 58
file.###.txt 100 200 59
file.###.txt 100 200 60
file.###.txt 100 200 61
file.###.txt 100 200 62
file.###.txt 100 200 63
file.###.txt 100 200 64
file.###.txt 100 200 65
file.###.txt 100 200 66
file.###.txt 100 200 67
file.###.txt 100 200 68
file.###.txt 100 200 69
file.###.txt 100 200 70
file.###.txt 100 200 71
file.###.txt 100 200 72
file.###.txt 100 200 73
file.###.txt 100 200 74
file.###.txt 100 200 75
file.###.txt 100 200 76
file.###.txt 100 200 77
file.###.txt 100 200 78
file.###.txt 100 200 79
file.###.txt 100 200 80
file.###.txt 100 200 81
file.###.txt 100 200 82
file.###.txt 100 200 83
file.###.txt 100 200 84
file.###.txt 100 200 85
file.###.txt 100 200 86
file.###.txt 100 200 87
file.###.txt 100 200 88
file.###.txt 100 200 89
file.###.txt 100 200 90
file.###.txt 100 200 91
file.###.txt 100 200 92
file.###.txt 100 200 93
file.###.txt 100 200 94
file.###.txt 100 200 95
file.###.txt 100 200 96
file.###.txt 100 200 97
file.###.txt 100 200 98
file.###.txt 100 200 99
file.###.txt 100 200 100
Source Dir ls:
file.###.txt 100 200 0
1: /tmp/pytest-of-vsts/pytest-0/test_copy_move_iter_True_copy_0/src/file.123.txt
2: /tmp/pytest-of-vsts/pytest-0/test_copy_move_iter_True_copy_0/src/file.116.txt
3: /tmp/pytest-of-vsts/pytest-0/test_copy_move_iter_True_copy_0/src/file.140.txt
4: /tmp/pytest-of-vsts/pytest-0/test_copy_move_iter_True_copy_0/src/file.182.txt
5: /tmp/pytest-of-vsts/pytest-0/test_copy_move_iter_True_copy_0/src/file.181.txt
6: /tmp/pytest-of-vsts/pytest-0/test_copy_move_iter_True_copy_0/src/file.180.txt
7: /tmp/pytest-of-vsts/pytest-0/test_copy_move_iter_True_copy_0/src/file.101.txt
8: /tmp/pytest-of-vsts/pytest-0/test_copy_move_iter_True_copy_0/src/file.166.txt
9: /tmp/pytest-of-vsts/pytest-0/test_copy_move_iter_True_copy_0/src/file.167.txt
10: /tmp/pytest-of-vsts/pytest-0/test_copy_move_iter_True_copy_0/src/file.191.txt
11: /tmp/pytest-of-vsts/pytest-0/test_copy_move_iter_True_copy_0/src/file.113.txt
12: /tmp/pytest-of-vsts/pytest-0/test_copy_move_iter_True_copy_0/src/file.122.txt
13: /tmp/pytest-of-vsts/pytest-0/test_copy_move_iter_True_copy_0/src/file.110.txt
14: /tmp/pytest-of-vsts/pytest-0/test_copy_move_iter_True_copy_0/src/file.148.txt
15: /tmp/pytest-of-vsts/pytest-0/test_copy_move_iter_True_copy_0/src/file.154.txt
16: /tmp/pytest-of-vsts/pytest-0/test_copy_move_iter_True_copy_0/src/file.200.txt
17: /tmp/pytest-of-vsts/pytest-0/test_copy_move_iter_True_copy_0/src/file.177.txt
18: /tmp/pytest-of-vsts/pytest-0/test_copy_move_iter_True_copy_0/src/file.186.txt
19: /tmp/pytest-of-vsts/pytest-0/test_copy_move_iter_True_copy_0/src/file.115.txt
20: /tmp/pytest-of-vsts/pytest-0/test_copy_move_iter_True_copy_0/src/file.190.txt
21: /tmp/pytest-of-vsts/pytest-0/test_copy_move_iter_True_copy_0/src/file.119.txt
22: /tmp/pytest-of-vsts/pytest-0/test_copy_move_iter_True_copy_0/src/file.151.txt
23: /tmp/pytest-of-vsts/pytest-0/test_copy_move_iter_True_copy_0/src/file.195.txt
24: /tmp/pytest-of-vsts/pytest-0/test_copy_move_iter_True_copy_0/src/file.169.txt
25: /tmp/pytest-of-vsts/pytest-0/test_copy_move_iter_True_copy_0/src/file.149.txt
26: /tmp/pytest-of-vsts/pytest-0/test_copy_move_iter_True_copy_0/src/file.128.txt
27: /tmp/pytest-of-vsts/pytest-0/test_copy_move_iter_True_copy_0/src/file.198.txt
28: /tmp/pytest-of-vsts/pytest-0/test_copy_move_iter_True_copy_0/src/file.118.txt
29: /tmp/pytest-of-vsts/pytest-0/test_copy_move_iter_True_copy_0/src/file.139.txt
30: /tmp/pytest-of-vsts/pytest-0/test_copy_move_iter_True_copy_0/src/file.129.txt
31: /tmp/pytest-of-vsts/pytest-0/test_copy_move_iter_True_copy_0/src/file.106.txt
32: /tmp/pytest-of-vsts/pytest-0/test_copy_move_iter_True_copy_0/src/file.147.txt
33: /tmp/pytest-of-vsts/pytest-0/test_copy_move_iter_True_copy_0/src/file.184.txt
34: /tmp/pytest-of-vsts/pytest-0/test_copy_move_iter_True_copy_0/src/file.170.txt
35: /tmp/pytest-of-vsts/pytest-0/test_copy_move_iter_True_copy_0/src/file.165.txt
36: /tmp/pytest-of-vsts/pytest-0/test_copy_move_iter_True_copy_0/src/file.161.txt
37: /tmp/pytest-of-vsts/pytest-0/test_copy_move_iter_True_copy_0/src/file.160.txt
38: /tmp/pytest-of-vsts/pytest-0/test_copy_move_iter_True_copy_0/src/file.132.txt
39: /tmp/pytest-of-vsts/pytest-0/test_copy_move_iter_True_copy_0/src/file.100.txt
40: /tmp/pytest-of-vsts/pytest-0/test_copy_move_iter_True_copy_0/src/file.187.txt
41: /tmp/pytest-of-vsts/pytest-0/test_copy_move_iter_True_copy_0/src/file.108.txt
42: /tmp/pytest-of-vsts/pytest-0/test_copy_move_iter_True_copy_0/src/file.102.txt
43: /tmp/pytest-of-vsts/pytest-0/test_copy_move_iter_True_copy_0/src/file.130.txt
44: /tmp/pytest-of-vsts/pytest-0/test_copy_move_iter_True_copy_0/src/file.172.txt
45: /tmp/pytest-of-vsts/pytest-0/test_copy_move_iter_True_copy_0/src/file.178.txt
46: /tmp/pytest-of-vsts/pytest-0/test_copy_move_iter_True_copy_0/src/file.176.txt
47: /tmp/pytest-of-vsts/pytest-0/test_copy_move_iter_True_copy_0/src/file.175.txt
48: /tmp/pytest-of-vsts/pytest-0/test_copy_move_iter_True_copy_0/src/file.189.txt
49: /tmp/pytest-of-vsts/pytest-0/test_copy_move_iter_True_copy_0/src/file.136.txt
50: /tmp/pytest-of-vsts/pytest-0/test_copy_move_iter_True_copy_0/src/file.131.txt
51: /tmp/pytest-of-vsts/pytest-0/test_copy_move_iter_True_copy_0/src/file.142.txt
52: /tmp/pytest-of-vsts/pytest-0/test_copy_move_iter_True_copy_0/src/file.127.txt
53: /tmp/pytest-of-vsts/pytest-0/test_copy_move_iter_True_copy_0/src/file.145.txt
54: /tmp/pytest-of-vsts/pytest-0/test_copy_move_iter_True_copy_0/src/file.168.txt
55: /tmp/pytest-of-vsts/pytest-0/test_copy_move_iter_True_copy_0/src/file.174.txt
56: /tmp/pytest-of-vsts/pytest-0/test_copy_move_iter_True_copy_0/src/file.107.txt
57: /tmp/pytest-of-vsts/pytest-0/test_copy_move_iter_True_copy_0/src/file.125.txt
58: /tmp/pytest-of-vsts/pytest-0/test_copy_move_iter_True_copy_0/src/file.146.txt
59: /tmp/pytest-of-vsts/pytest-0/test_copy_move_iter_True_copy_0/src/file.193.txt
60: /tmp/pytest-of-vsts/pytest-0/test_copy_move_iter_True_copy_0/src/file.194.txt
61: /tmp/pytest-of-vsts/pytest-0/test_copy_move_iter_True_copy_0/src/file.158.txt
62: /tmp/pytest-of-vsts/pytest-0/test_copy_move_iter_True_copy_0/src/file.133.txt
63: /tmp/pytest-of-vsts/pytest-0/test_copy_move_iter_True_copy_0/src/file.137.txt
64: /tmp/pytest-of-vsts/pytest-0/test_copy_move_iter_True_copy_0/src/file.183.txt
65: /tmp/pytest-of-vsts/pytest-0/test_copy_move_iter_True_copy_0/src/file.156.txt
66: /tmp/pytest-of-vsts/pytest-0/test_copy_move_iter_True_copy_0/src/file.155.txt
67: /tmp/pytest-of-vsts/pytest-0/test_copy_move_iter_True_copy_0/src/file.179.txt
68: /tmp/pytest-of-vsts/pytest-0/test_copy_move_iter_True_copy_0/src/file.173.txt
69: /tmp/pytest-of-vsts/pytest-0/test_copy_move_iter_True_copy_0/src/file.112.txt
70: /tmp/pytest-of-vsts/pytest-0/test_copy_move_iter_True_copy_0/src/file.135.txt
71: /tmp/pytest-of-vsts/pytest-0/test_copy_move_iter_True_copy_0/src/file.121.txt
72: /tmp/pytest-of-vsts/pytest-0/test_copy_move_iter_True_copy_0/src/file.124.txt
73: /tmp/pytest-of-vsts/pytest-0/test_copy_move_iter_True_copy_0/src/file.117.txt
74: /tmp/pytest-of-vsts/pytest-0/test_copy_move_iter_True_copy_0/src/file.143.txt
75: /tmp/pytest-of-vsts/pytest-0/test_copy_move_iter_True_copy_0/src/file.105.txt
76: /tmp/pytest-of-vsts/pytest-0/test_copy_move_iter_True_copy_0/src/file.153.txt
77: /tmp/pytest-of-vsts/pytest-0/test_copy_move_iter_True_copy_0/src/file.188.txt
78: /tmp/pytest-of-vsts/pytest-0/test_copy_move_iter_True_copy_0/src/file.162.txt
79: /tmp/pytest-of-vsts/pytest-0/test_copy_move_iter_True_copy_0/src/file.164.txt
80: /tmp/pytest-of-vsts/pytest-0/test_copy_move_iter_True_copy_0/src/file.185.txt
81: /tmp/pytest-of-vsts/pytest-0/test_copy_move_iter_True_copy_0/src/file.157.txt
82: /tmp/pytest-of-vsts/pytest-0/test_copy_move_iter_True_copy_0/src/file.171.txt
83: /tmp/pytest-of-vsts/pytest-0/test_copy_move_iter_True_copy_0/src/file.138.txt
84: /tmp/pytest-of-vsts/pytest-0/test_copy_move_iter_True_copy_0/src/file.111.txt
85: /tmp/pytest-of-vsts/pytest-0/test_copy_move_iter_True_copy_0/src/file.196.txt
86: /tmp/pytest-of-vsts/pytest-0/test_copy_move_iter_True_copy_0/src/file.197.txt
87: /tmp/pytest-of-vsts/pytest-0/test_copy_move_iter_True_copy_0/src/file.103.txt
88: /tmp/pytest-of-vsts/pytest-0/test_copy_move_iter_True_copy_0/src/file.109.txt
89: /tmp/pytest-of-vsts/pytest-0/test_copy_move_iter_True_copy_0/src/file.152.txt
90: /tmp/pytest-of-vsts/pytest-0/test_copy_move_iter_True_copy_0/src/file.126.txt
91: /tmp/pytest-of-vsts/pytest-0/test_copy_move_iter_True_copy_0/src/file.120.txt
92: /tmp/pytest-of-vsts/pytest-0/test_copy_move_iter_True_copy_0/src/file.141.txt
93: /tmp/pytest-of-vsts/pytest-0/test_copy_move_iter_True_copy_0/src/file.192.txt
94: /tmp/pytest-of-vsts/pytest-0/test_copy_move_iter_True_copy_0/src/file.199.txt
95: /tmp/pytest-of-vsts/pytest-0/test_copy_move_iter_True_copy_0/src/file.150.txt
96: /tmp/pytest-of-vsts/pytest-0/test_copy_move_iter_True_copy_0/src/file.104.txt
97: /tmp/pytest-of-vsts/pytest-0/test_copy_move_iter_True_copy_0/src/file.144.txt
98: /tmp/pytest-of-vsts/pytest-0/test_copy_move_iter_True_copy_0/src/file.134.txt
99: /tmp/pytest-of-vsts/pytest-0/test_copy_move_iter_True_copy_0/src/file.159.txt
100: /tmp/pytest-of-vsts/pytest-0/test_copy_move_iter_True_copy_0/src/file.114.txt
101: /tmp/pytest-of-vsts/pytest-0/test_copy_move_iter_True_copy_0/src/file.163.txt
-----------
Destination Dir ls:
1: /tmp/pytest-of-vsts/pytest-0/test_copy_move_iter_True_copy_0/dst/file.123.txt
2: /tmp/pytest-of-vsts/pytest-0/test_copy_move_iter_True_copy_0/dst/file.116.txt
3: /tmp/pytest-of-vsts/pytest-0/test_copy_move_iter_True_copy_0/dst/file.140.txt
4: /tmp/pytest-of-vsts/pytest-0/test_copy_move_iter_True_copy_0/dst/file.182.txt
5: /tmp/pytest-of-vsts/pytest-0/test_copy_move_iter_True_copy_0/dst/file.181.txt
6: /tmp/pytest-of-vsts/pytest-0/test_copy_move_iter_True_copy_0/dst/file.180.txt
7: /tmp/pytest-of-vsts/pytest-0/test_copy_move_iter_True_copy_0/dst/file.101.txt
8: /tmp/pytest-of-vsts/pytest-0/test_copy_move_iter_True_copy_0/dst/file.166.txt
9: /tmp/pytest-of-vsts/pytest-0/test_copy_move_iter_True_copy_0/dst/file.167.txt
10: /tmp/pytest-of-vsts/pytest-0/test_copy_move_iter_True_copy_0/dst/file.191.txt
11: /tmp/pytest-of-vsts/pytest-0/test_copy_move_iter_True_copy_0/dst/file.113.txt
12: /tmp/pytest-of-vsts/pytest-0/test_copy_move_iter_True_copy_0/dst/file.122.txt
13: /tmp/pytest-of-vsts/pytest-0/test_copy_move_iter_True_copy_0/dst/file.110.txt
14: /tmp/pytest-of-vsts/pytest-0/test_copy_move_iter_True_copy_0/dst/file.148.txt
15: /tmp/pytest-of-vsts/pytest-0/test_copy_move_iter_True_copy_0/dst/file.154.txt
16: /tmp/pytest-of-vsts/pytest-0/test_copy_move_iter_True_copy_0/dst/file.200.txt
17: /tmp/pytest-of-vsts/pytest-0/test_copy_move_iter_True_copy_0/dst/file.177.txt
18: /tmp/pytest-of-vsts/pytest-0/test_copy_move_iter_True_copy_0/dst/file.186.txt
19: /tmp/pytest-of-vsts/pytest-0/test_copy_move_iter_True_copy_0/dst/file.115.txt
20: /tmp/pytest-of-vsts/pytest-0/test_copy_move_iter_True_copy_0/dst/file.190.txt
21: /tmp/pytest-of-vsts/pytest-0/test_copy_move_iter_True_copy_0/dst/file.119.txt
22: /tmp/pytest-of-vsts/pytest-0/test_copy_move_iter_True_copy_0/dst/file.151.txt
23: /tmp/pytest-of-vsts/pytest-0/test_copy_move_iter_True_copy_0/dst/file.195.txt
24: /tmp/pytest-of-vsts/pytest-0/test_copy_move_iter_True_copy_0/dst/file.169.txt
25: /tmp/pytest-of-vsts/pytest-0/test_copy_move_iter_True_copy_0/dst/file.149.txt
26: /tmp/pytest-of-vsts/pytest-0/test_copy_move_iter_True_copy_0/dst/file.128.txt
27: /tmp/pytest-of-vsts/pytest-0/test_copy_move_iter_True_copy_0/dst/file.198.txt
28: /tmp/pytest-of-vsts/pytest-0/test_copy_move_iter_True_copy_0/dst/file.118.txt
29: /tmp/pytest-of-vsts/pytest-0/test_copy_move_iter_True_copy_0/dst/file.139.txt
30: /tmp/pytest-of-vsts/pytest-0/test_copy_move_iter_True_copy_0/dst/file.129.txt
31: /tmp/pytest-of-vsts/pytest-0/test_copy_move_iter_True_copy_0/dst/file.106.txt
32: /tmp/pytest-of-vsts/pytest-0/test_copy_move_iter_True_copy_0/dst/file.147.txt
33: /tmp/pytest-of-vsts/pytest-0/test_copy_move_iter_True_copy_0/dst/file.184.txt
34: /tmp/pytest-of-vsts/pytest-0/test_copy_move_iter_True_copy_0/dst/file.170.txt
35: /tmp/pytest-of-vsts/pytest-0/test_copy_move_iter_True_copy_0/dst/file.165.txt
36: /tmp/pytest-of-vsts/pytest-0/test_copy_move_iter_True_copy_0/dst/file.161.txt
37: /tmp/pytest-of-vsts/pytest-0/test_copy_move_iter_True_copy_0/dst/file.160.txt
38: /tmp/pytest-of-vsts/pytest-0/test_copy_move_iter_True_copy_0/dst/file.132.txt
39: /tmp/pytest-of-vsts/pytest-0/test_copy_move_iter_True_copy_0/dst/file.100.txt
40: /tmp/pytest-of-vsts/pytest-0/test_copy_move_iter_True_copy_0/dst/file.187.txt
41: /tmp/pytest-of-vsts/pytest-0/test_copy_move_iter_True_copy_0/dst/file.108.txt
42: /tmp/pytest-of-vsts/pytest-0/test_copy_move_iter_True_copy_0/dst/file.102.txt
43: /tmp/pytest-of-vsts/pytest-0/test_copy_move_iter_True_copy_0/dst/file.130.txt
44: /tmp/pytest-of-vsts/pytest-0/test_copy_move_iter_True_copy_0/dst/file.172.txt
45: /tmp/pytest-of-vsts/pytest-0/test_copy_move_iter_True_copy_0/dst/file.178.txt
46: /tmp/pytest-of-vsts/pytest-0/test_copy_move_iter_True_copy_0/dst/file.176.txt
47: /tmp/pytest-of-vsts/pytest-0/test_copy_move_iter_True_copy_0/dst/file.175.txt
48: /tmp/pytest-of-vsts/pytest-0/test_copy_move_iter_True_copy_0/dst/file.189.txt
49: /tmp/pytest-of-vsts/pytest-0/test_copy_move_iter_True_copy_0/dst/file.136.txt
50: /tmp/pytest-of-vsts/pytest-0/test_copy_move_iter_True_copy_0/dst/file.131.txt
51: /tmp/pytest-of-vsts/pytest-0/test_copy_move_iter_True_copy_0/dst/file.142.txt
52: /tmp/pytest-of-vsts/pytest-0/test_copy_move_iter_True_copy_0/dst/file.127.txt
53: /tmp/pytest-of-vsts/pytest-0/test_copy_move_iter_True_copy_0/dst/file.145.txt
54: /tmp/pytest-of-vsts/pytest-0/test_copy_move_iter_True_copy_0/dst/file.168.txt
55: /tmp/pytest-of-vsts/pytest-0/test_copy_move_iter_True_copy_0/dst/file.174.txt
56: /tmp/pytest-of-vsts/pytest-0/test_copy_move_iter_True_copy_0/dst/file.107.txt
57: /tmp/pytest-of-vsts/pytest-0/test_copy_move_iter_True_copy_0/dst/file.125.txt
58: /tmp/pytest-of-vsts/pytest-0/test_copy_move_iter_True_copy_0/dst/file.146.txt
59: /tmp/pytest-of-vsts/pytest-0/test_copy_move_iter_True_copy_0/dst/file.193.txt
60: /tmp/pytest-of-vsts/pytest-0/test_copy_move_iter_True_copy_0/dst/file.194.txt
61: /tmp/pytest-of-vsts/pytest-0/test_copy_move_iter_True_copy_0/dst/file.158.txt
62: /tmp/pytest-of-vsts/pytest-0/test_copy_move_iter_True_copy_0/dst/file.133.txt
63: /tmp/pytest-of-vsts/pytest-0/test_copy_move_iter_True_copy_0/dst/file.137.txt
64: /tmp/pytest-of-vsts/pytest-0/test_copy_move_iter_True_copy_0/dst/file.183.txt
65: /tmp/pytest-of-vsts/pytest-0/test_copy_move_iter_True_copy_0/dst/file.156.txt
66: /tmp/pytest-of-vsts/pytest-0/test_copy_move_iter_True_copy_0/dst/file.155.txt
67: /tmp/pytest-of-vsts/pytest-0/test_copy_move_iter_True_copy_0/dst/file.179.txt
68: /tmp/pytest-of-vsts/pytest-0/test_copy_move_iter_True_copy_0/dst/file.173.txt
69: /tmp/pytest-of-vsts/pytest-0/test_copy_move_iter_True_copy_0/dst/file.112.txt
70: /tmp/pytest-of-vsts/pytest-0/test_copy_move_iter_True_copy_0/dst/file.135.txt
71: /tmp/pytest-of-vsts/pytest-0/test_copy_move_iter_True_copy_0/dst/file.121.txt
72: /tmp/pytest-of-vsts/pytest-0/test_copy_move_iter_True_copy_0/dst/file.124.txt
73: /tmp/pytest-of-vsts/pytest-0/test_copy_move_iter_True_copy_0/dst/file.117.txt
74: /tmp/pytest-of-vsts/pytest-0/test_copy_move_iter_True_copy_0/dst/file.143.txt
75: /tmp/pytest-of-vsts/pytest-0/test_copy_move_iter_True_copy_0/dst/file.105.txt
76: /tmp/pytest-of-vsts/pytest-0/test_copy_move_iter_True_copy_0/dst/file.153.txt
77: /tmp/pytest-of-vsts/pytest-0/test_copy_move_iter_True_copy_0/dst/file.188.txt
78: /tmp/pytest-of-vsts/pytest-0/test_copy_move_iter_True_copy_0/dst/file.162.txt
79: /tmp/pytest-of-vsts/pytest-0/test_copy_move_iter_True_copy_0/dst/file.164.txt
80: /tmp/pytest-of-vsts/pytest-0/test_copy_move_iter_True_copy_0/dst/file.185.txt
81: /tmp/pytest-of-vsts/pytest-0/test_copy_move_iter_True_copy_0/dst/file.157.txt
82: /tmp/pytest-of-vsts/pytest-0/test_copy_move_iter_True_copy_0/dst/file.171.txt
83: /tmp/pytest-of-vsts/pytest-0/test_copy_move_iter_True_copy_0/dst/file.138.txt
84: /tmp/pytest-of-vsts/pytest-0/test_copy_move_iter_True_copy_0/dst/file.111.txt
85: /tmp/pytest-of-vsts/pytest-0/test_copy_move_iter_True_copy_0/dst/file.196.txt
86: /tmp/pytest-of-vsts/pytest-0/test_copy_move_iter_True_copy_0/dst/file.197.txt
87: /tmp/pytest-of-vsts/pytest-0/test_copy_move_iter_True_copy_0/dst/file.103.txt
88: /tmp/pytest-of-vsts/pytest-0/test_copy_move_iter_True_copy_0/dst/file.109.txt
89: /tmp/pytest-of-vsts/pytest-0/test_copy_move_iter_True_copy_0/dst/file.152.txt
90: /tmp/pytest-of-vsts/pytest-0/test_copy_move_iter_True_copy_0/dst/file.126.txt
91: /tmp/pytest-of-vsts/pytest-0/test_copy_move_iter_True_copy_0/dst/file.120.txt
92: /tmp/pytest-of-vsts/pytest-0/test_copy_move_iter_True_copy_0/dst/file.141.txt
93: /tmp/pytest-of-vsts/pytest-0/test_copy_move_iter_True_copy_0/dst/file.192.txt
94: /tmp/pytest-of-vsts/pytest-0/test_copy_move_iter_True_copy_0/dst/file.199.txt
95: /tmp/pytest-of-vsts/pytest-0/test_copy_move_iter_True_copy_0/dst/file.150.txt
96: /tmp/pytest-of-vsts/pytest-0/test_copy_move_iter_True_copy_0/dst/file.104.txt
97: /tmp/pytest-of-vsts/pytest-0/test_copy_move_iter_True_copy_0/dst/file.144.txt
98: /tmp/pytest-of-vsts/pytest-0/test_copy_move_iter_True_copy_0/dst/file.134.txt
99: /tmp/pytest-of-vsts/pytest-0/test_copy_move_iter_True_copy_0/dst/file.159.txt
100: /tmp/pytest-of-vsts/pytest-0/test_copy_move_iter_True_copy_0/dst/file.114.txt
101: /tmp/pytest-of-vsts/pytest-0/test_copy_move_iter_True_copy_0/dst/file.163.txt
</system-out></testcase><testcase classname="zdevelop.tests.test_file_seq.TestSeqDisk" file="zdevelop/tests/test_file_seq.py" line="164" name="test_copy_move[False-move-False]" time="0.058"><system-out>file.###.txt 100 200 0
file.###.txt 100 200 1
file.###.txt 100 200 2
file.###.txt 100 200 3
file.###.txt 100 200 4
file.###.txt 100 200 5
file.###.txt 100 200 6
file.###.txt 100 200 7
file.###.txt 100 200 8
file.###.txt 100 200 9
file.###.txt 100 200 10
file.###.txt 100 200 11
file.###.txt 100 200 12
file.###.txt 100 200 13
file.###.txt 100 200 14
file.###.txt 100 200 15
file.###.txt 100 200 16
file.###.txt 100 200 17
file.###.txt 100 200 18
file.###.txt 100 200 19
file.###.txt 100 200 20
file.###.txt 100 200 21
file.###.txt 100 200 22
file.###.txt 100 200 23
file.###.txt 100 200 24
file.###.txt 100 200 25
file.###.txt 100 200 26
file.###.txt 100 200 27
file.###.txt 100 200 28
file.###.txt 100 200 29
file.###.txt 100 200 30
file.###.txt 100 200 31
file.###.txt 100 200 32
file.###.txt 100 200 33
file.###.txt 100 200 34
file.###.txt 100 200 35
file.###.txt 100 200 36
file.###.txt 100 200 37
file.###.txt 100 200 38
file.###.txt 100 200 39
file.###.txt 100 200 40
file.###.txt 100 200 41
file.###.txt 100 200 42
file.###.txt 100 200 43
file.###.txt 100 200 44
file.###.txt 100 200 45
file.###.txt 100 200 46
file.###.txt 100 200 47
file.###.txt 100 200 48
file.###.txt 100 200 49
file.###.txt 100 200 50
file.###.txt 100 200 51
file.###.txt 100 200 52
file.###.txt 100 200 53
file.###.txt 100 200 54
file.###.txt 100 200 55
file.###.txt 100 200 56
file.###.txt 100 200 57
file.###.txt 100 200 58
file.###.txt 100 200 59
file.###.txt 100 200 60
file.###.txt 100 200 61
file.###.txt 100 200 62
file.###.txt 100 200 63
file.###.txt 100 200 64
file.###.txt 100 200 65
file.###.txt 100 200 66
file.###.txt 100 200 67
file.###.txt 100 200 68
file.###.txt 100 200 69
file.###.txt 100 200 70
file.###.txt 100 200 71
file.###.txt 100 200 72
file.###.txt 100 200 73
file.###.txt 100 200 74
file.###.txt 100 200 75
file.###.txt 100 200 76
file.###.txt 100 200 77
file.###.txt 100 200 78
file.###.txt 100 200 79
file.###.txt 100 200 80
file.###.txt 100 200 81
file.###.txt 100 200 82
file.###.txt 100 200 83
file.###.txt 100 200 84
file.###.txt 100 200 85
file.###.txt 100 200 86
file.###.txt 100 200 87
file.###.txt 100 200 88
file.###.txt 100 200 89
file.###.txt 100 200 90
file.###.txt 100 200 91
file.###.txt 100 200 92
file.###.txt 100 200 93
file.###.txt 100 200 94
file.###.txt 100 200 95
file.###.txt 100 200 96
file.###.txt 100 200 97
file.###.txt 100 200 98
file.###.txt 100 200 99
file.###.txt 100 200 100
file.###.txt 100 200 0
file.###.txt 100 200 0
file.###.txt 100 200 0
False /tmp/pytest-of-vsts/pytest-0/test_copy_move_False_move_Fals0/src/file.100.txt
file.###.txt 100 200 1
False /tmp/pytest-of-vsts/pytest-0/test_copy_move_False_move_Fals0/src/file.101.txt
file.###.txt 100 200 2
False /tmp/pytest-of-vsts/pytest-0/test_copy_move_False_move_Fals0/src/file.102.txt
file.###.txt 100 200 3
False /tmp/pytest-of-vsts/pytest-0/test_copy_move_False_move_Fals0/src/file.103.txt
file.###.txt 100 200 4
False /tmp/pytest-of-vsts/pytest-0/test_copy_move_False_move_Fals0/src/file.104.txt
file.###.txt 100 200 5
False /tmp/pytest-of-vsts/pytest-0/test_copy_move_False_move_Fals0/src/file.105.txt
file.###.txt 100 200 6
False /tmp/pytest-of-vsts/pytest-0/test_copy_move_False_move_Fals0/src/file.106.txt
file.###.txt 100 200 7
False /tmp/pytest-of-vsts/pytest-0/test_copy_move_False_move_Fals0/src/file.107.txt
file.###.txt 100 200 8
False /tmp/pytest-of-vsts/pytest-0/test_copy_move_False_move_Fals0/src/file.108.txt
file.###.txt 100 200 9
False /tmp/pytest-of-vsts/pytest-0/test_copy_move_False_move_Fals0/src/file.109.txt
file.###.txt 100 200 10
False /tmp/pytest-of-vsts/pytest-0/test_copy_move_False_move_Fals0/src/file.110.txt
file.###.txt 100 200 11
False /tmp/pytest-of-vsts/pytest-0/test_copy_move_False_move_Fals0/src/file.111.txt
file.###.txt 100 200 12
False /tmp/pytest-of-vsts/pytest-0/test_copy_move_False_move_Fals0/src/file.112.txt
file.###.txt 100 200 13
False /tmp/pytest-of-vsts/pytest-0/test_copy_move_False_move_Fals0/src/file.113.txt
file.###.txt 100 200 14
False /tmp/pytest-of-vsts/pytest-0/test_copy_move_False_move_Fals0/src/file.114.txt
file.###.txt 100 200 15
False /tmp/pytest-of-vsts/pytest-0/test_copy_move_False_move_Fals0/src/file.115.txt
file.###.txt 100 200 16
False /tmp/pytest-of-vsts/pytest-0/test_copy_move_False_move_Fals0/src/file.116.txt
file.###.txt 100 200 17
False /tmp/pytest-of-vsts/pytest-0/test_copy_move_False_move_Fals0/src/file.117.txt
file.###.txt 100 200 18
False /tmp/pytest-of-vsts/pytest-0/test_copy_move_False_move_Fals0/src/file.118.txt
file.###.txt 100 200 19
False /tmp/pytest-of-vsts/pytest-0/test_copy_move_False_move_Fals0/src/file.119.txt
file.###.txt 100 200 20
False /tmp/pytest-of-vsts/pytest-0/test_copy_move_False_move_Fals0/src/file.120.txt
file.###.txt 100 200 21
False /tmp/pytest-of-vsts/pytest-0/test_copy_move_False_move_Fals0/src/file.121.txt
file.###.txt 100 200 22
False /tmp/pytest-of-vsts/pytest-0/test_copy_move_False_move_Fals0/src/file.122.txt
file.###.txt 100 200 23
False /tmp/pytest-of-vsts/pytest-0/test_copy_move_False_move_Fals0/src/file.123.txt
file.###.txt 100 200 24
False /tmp/pytest-of-vsts/pytest-0/test_copy_move_False_move_Fals0/src/file.124.txt
file.###.txt 100 200 25
False /tmp/pytest-of-vsts/pytest-0/test_copy_move_False_move_Fals0/src/file.125.txt
file.###.txt 100 200 26
False /tmp/pytest-of-vsts/pytest-0/test_copy_move_False_move_Fals0/src/file.126.txt
file.###.txt 100 200 27
False /tmp/pytest-of-vsts/pytest-0/test_copy_move_False_move_Fals0/src/file.127.txt
file.###.txt 100 200 28
False /tmp/pytest-of-vsts/pytest-0/test_copy_move_False_move_Fals0/src/file.128.txt
file.###.txt 100 200 29
False /tmp/pytest-of-vsts/pytest-0/test_copy_move_False_move_Fals0/src/file.129.txt
file.###.txt 100 200 30
False /tmp/pytest-of-vsts/pytest-0/test_copy_move_False_move_Fals0/src/file.130.txt
file.###.txt 100 200 31
False /tmp/pytest-of-vsts/pytest-0/test_copy_move_False_move_Fals0/src/file.131.txt
file.###.txt 100 200 32
False /tmp/pytest-of-vsts/pytest-0/test_copy_move_False_move_Fals0/src/file.132.txt
file.###.txt 100 200 33
False /tmp/pytest-of-vsts/pytest-0/test_copy_move_False_move_Fals0/src/file.133.txt
file.###.txt 100 200 34
False /tmp/pytest-of-vsts/pytest-0/test_copy_move_False_move_Fals0/src/file.134.txt
file.###.txt 100 200 35
False /tmp/pytest-of-vsts/pytest-0/test_copy_move_False_move_Fals0/src/file.135.txt
file.###.txt 100 200 36
False /tmp/pytest-of-vsts/pytest-0/test_copy_move_False_move_Fals0/src/file.136.txt
file.###.txt 100 200 37
False /tmp/pytest-of-vsts/pytest-0/test_copy_move_False_move_Fals0/src/file.137.txt
file.###.txt 100 200 38
False /tmp/pytest-of-vsts/pytest-0/test_copy_move_False_move_Fals0/src/file.138.txt
file.###.txt 100 200 39
False /tmp/pytest-of-vsts/pytest-0/test_copy_move_False_move_Fals0/src/file.139.txt
file.###.txt 100 200 40
False /tmp/pytest-of-vsts/pytest-0/test_copy_move_False_move_Fals0/src/file.140.txt
file.###.txt 100 200 41
False /tmp/pytest-of-vsts/pytest-0/test_copy_move_False_move_Fals0/src/file.141.txt
file.###.txt 100 200 42
False /tmp/pytest-of-vsts/pytest-0/test_copy_move_False_move_Fals0/src/file.142.txt
file.###.txt 100 200 43
False /tmp/pytest-of-vsts/pytest-0/test_copy_move_False_move_Fals0/src/file.143.txt
file.###.txt 100 200 44
False /tmp/pytest-of-vsts/pytest-0/test_copy_move_False_move_Fals0/src/file.144.txt
file.###.txt 100 200 45
False /tmp/pytest-of-vsts/pytest-0/test_copy_move_False_move_Fals0/src/file.145.txt
file.###.txt 100 200 46
False /tmp/pytest-of-vsts/pytest-0/test_copy_move_False_move_Fals0/src/file.146.txt
file.###.txt 100 200 47
False /tmp/pytest-of-vsts/pytest-0/test_copy_move_False_move_Fals0/src/file.147.txt
file.###.txt 100 200 48
False /tmp/pytest-of-vsts/pytest-0/test_copy_move_False_move_Fals0/src/file.148.txt
file.###.txt 100 200 49
False /tmp/pytest-of-vsts/pytest-0/test_copy_move_False_move_Fals0/src/file.149.txt
file.###.txt 100 200 50
False /tmp/pytest-of-vsts/pytest-0/test_copy_move_False_move_Fals0/src/file.150.txt
file.###.txt 100 200 51
False /tmp/pytest-of-vsts/pytest-0/test_copy_move_False_move_Fals0/src/file.151.txt
file.###.txt 100 200 52
False /tmp/pytest-of-vsts/pytest-0/test_copy_move_False_move_Fals0/src/file.152.txt
file.###.txt 100 200 53
False /tmp/pytest-of-vsts/pytest-0/test_copy_move_False_move_Fals0/src/file.153.txt
file.###.txt 100 200 54
False /tmp/pytest-of-vsts/pytest-0/test_copy_move_False_move_Fals0/src/file.154.txt
file.###.txt 100 200 55
False /tmp/pytest-of-vsts/pytest-0/test_copy_move_False_move_Fals0/src/file.155.txt
file.###.txt 100 200 56
False /tmp/pytest-of-vsts/pytest-0/test_copy_move_False_move_Fals0/src/file.156.txt
file.###.txt 100 200 57
False /tmp/pytest-of-vsts/pytest-0/test_copy_move_False_move_Fals0/src/file.157.txt
file.###.txt 100 200 58
False /tmp/pytest-of-vsts/pytest-0/test_copy_move_False_move_Fals0/src/file.158.txt
file.###.txt 100 200 59
False /tmp/pytest-of-vsts/pytest-0/test_copy_move_False_move_Fals0/src/file.159.txt
file.###.txt 100 200 60
False /tmp/pytest-of-vsts/pytest-0/test_copy_move_False_move_Fals0/src/file.160.txt
file.###.txt 100 200 61
False /tmp/pytest-of-vsts/pytest-0/test_copy_move_False_move_Fals0/src/file.161.txt
file.###.txt 100 200 62
False /tmp/pytest-of-vsts/pytest-0/test_copy_move_False_move_Fals0/src/file.162.txt
file.###.txt 100 200 63
False /tmp/pytest-of-vsts/pytest-0/test_copy_move_False_move_Fals0/src/file.163.txt
file.###.txt 100 200 64
False /tmp/pytest-of-vsts/pytest-0/test_copy_move_False_move_Fals0/src/file.164.txt
file.###.txt 100 200 65
False /tmp/pytest-of-vsts/pytest-0/test_copy_move_False_move_Fals0/src/file.165.txt
file.###.txt 100 200 66
False /tmp/pytest-of-vsts/pytest-0/test_copy_move_False_move_Fals0/src/file.166.txt
file.###.txt 100 200 67
False /tmp/pytest-of-vsts/pytest-0/test_copy_move_False_move_Fals0/src/file.167.txt
file.###.txt 100 200 68
False /tmp/pytest-of-vsts/pytest-0/test_copy_move_False_move_Fals0/src/file.168.txt
file.###.txt 100 200 69
False /tmp/pytest-of-vsts/pytest-0/test_copy_move_False_move_Fals0/src/file.169.txt
file.###.txt 100 200 70
False /tmp/pytest-of-vsts/pytest-0/test_copy_move_False_move_Fals0/src/file.170.txt
file.###.txt 100 200 71
False /tmp/pytest-of-vsts/pytest-0/test_copy_move_False_move_Fals0/src/file.171.txt
file.###.txt 100 200 72
False /tmp/pytest-of-vsts/pytest-0/test_copy_move_False_move_Fals0/src/file.172.txt
file.###.txt 100 200 73
False /tmp/pytest-of-vsts/pytest-0/test_copy_move_False_move_Fals0/src/file.173.txt
file.###.txt 100 200 74
False /tmp/pytest-of-vsts/pytest-0/test_copy_move_False_move_Fals0/src/file.174.txt
file.###.txt 100 200 75
False /tmp/pytest-of-vsts/pytest-0/test_copy_move_False_move_Fals0/src/file.175.txt
file.###.txt 100 200 76
False /tmp/pytest-of-vsts/pytest-0/test_copy_move_False_move_Fals0/src/file.176.txt
file.###.txt 100 200 77
False /tmp/pytest-of-vsts/pytest-0/test_copy_move_False_move_Fals0/src/file.177.txt
file.###.txt 100 200 78
False /tmp/pytest-of-vsts/pytest-0/test_copy_move_False_move_Fals0/src/file.178.txt
file.###.txt 100 200 79
False /tmp/pytest-of-vsts/pytest-0/test_copy_move_False_move_Fals0/src/file.179.txt
file.###.txt 100 200 80
False /tmp/pytest-of-vsts/pytest-0/test_copy_move_False_move_Fals0/src/file.180.txt
file.###.txt 100 200 81
False /tmp/pytest-of-vsts/pytest-0/test_copy_move_False_move_Fals0/src/file.181.txt
file.###.txt 100 200 82
False /tmp/pytest-of-vsts/pytest-0/test_copy_move_False_move_Fals0/src/file.182.txt
file.###.txt 100 200 83
False /tmp/pytest-of-vsts/pytest-0/test_copy_move_False_move_Fals0/src/file.183.txt
file.###.txt 100 200 84
False /tmp/pytest-of-vsts/pytest-0/test_copy_move_False_move_Fals0/src/file.184.txt
file.###.txt 100 200 85
False /tmp/pytest-of-vsts/pytest-0/test_copy_move_False_move_Fals0/src/file.185.txt
file.###.txt 100 200 86
False /tmp/pytest-of-vsts/pytest-0/test_copy_move_False_move_Fals0/src/file.186.txt
file.###.txt 100 200 87
False /tmp/pytest-of-vsts/pytest-0/test_copy_move_False_move_Fals0/src/file.187.txt
file.###.txt 100 200 88
False /tmp/pytest-of-vsts/pytest-0/test_copy_move_False_move_Fals0/src/file.188.txt
file.###.txt 100 200 89
False /tmp/pytest-of-vsts/pytest-0/test_copy_move_False_move_Fals0/src/file.189.txt
file.###.txt 100 200 90
False /tmp/pytest-of-vsts/pytest-0/test_copy_move_False_move_Fals0/src/file.190.txt
file.###.txt 100 200 91
False /tmp/pytest-of-vsts/pytest-0/test_copy_move_False_move_Fals0/src/file.191.txt
file.###.txt 100 200 92
False /tmp/pytest-of-vsts/pytest-0/test_copy_move_False_move_Fals0/src/file.192.txt
file.###.txt 100 200 93
False /tmp/pytest-of-vsts/pytest-0/test_copy_move_False_move_Fals0/src/file.193.txt
file.###.txt 100 200 94
False /tmp/pytest-of-vsts/pytest-0/test_copy_move_False_move_Fals0/src/file.194.txt
file.###.txt 100 200 95
False /tmp/pytest-of-vsts/pytest-0/test_copy_move_False_move_Fals0/src/file.195.txt
file.###.txt 100 200 96
False /tmp/pytest-of-vsts/pytest-0/test_copy_move_False_move_Fals0/src/file.196.txt
file.###.txt 100 200 97
False /tmp/pytest-of-vsts/pytest-0/test_copy_move_False_move_Fals0/src/file.197.txt
file.###.txt 100 200 98
False /tmp/pytest-of-vsts/pytest-0/test_copy_move_False_move_Fals0/src/file.198.txt
file.###.txt 100 200 99
False /tmp/pytest-of-vsts/pytest-0/test_copy_move_False_move_Fals0/src/file.199.txt
file.###.txt 100 200 100
False /tmp/pytest-of-vsts/pytest-0/test_copy_move_False_move_Fals0/src/file.200.txt
file.###.txt 100 200 0
file.###.txt 100 200 1
file.###.txt 100 200 2
file.###.txt 100 200 3
file.###.txt 100 200 4
file.###.txt 100 200 5
file.###.txt 100 200 6
file.###.txt 100 200 7
file.###.txt 100 200 8
file.###.txt 100 200 9
file.###.txt 100 200 10
file.###.txt 100 200 11
file.###.txt 100 200 12
file.###.txt 100 200 13
file.###.txt 100 200 14
file.###.txt 100 200 15
file.###.txt 100 200 16
file.###.txt 100 200 17
file.###.txt 100 200 18
file.###.txt 100 200 19
file.###.txt 100 200 20
file.###.txt 100 200 21
file.###.txt 100 200 22
file.###.txt 100 200 23
file.###.txt 100 200 24
file.###.txt 100 200 25
file.###.txt 100 200 26
file.###.txt 100 200 27
file.###.txt 100 200 28
file.###.txt 100 200 29
file.###.txt 100 200 30
file.###.txt 100 200 31
file.###.txt 100 200 32
file.###.txt 100 200 33
file.###.txt 100 200 34
file.###.txt 100 200 35
file.###.txt 100 200 36
file.###.txt 100 200 37
file.###.txt 100 200 38
file.###.txt 100 200 39
file.###.txt 100 200 40
file.###.txt 100 200 41
file.###.txt 100 200 42
file.###.txt 100 200 43
file.###.txt 100 200 44
file.###.txt 100 200 45
file.###.txt 100 200 46
file.###.txt 100 200 47
file.###.txt 100 200 48
file.###.txt 100 200 49
file.###.txt 100 200 50
file.###.txt 100 200 51
file.###.txt 100 200 52
file.###.txt 100 200 53
file.###.txt 100 200 54
file.###.txt 100 200 55
file.###.txt 100 200 56
file.###.txt 100 200 57
file.###.txt 100 200 58
file.###.txt 100 200 59
file.###.txt 100 200 60
file.###.txt 100 200 61
file.###.txt 100 200 62
file.###.txt 100 200 63
file.###.txt 100 200 64
file.###.txt 100 200 65
file.###.txt 100 200 66
file.###.txt 100 200 67
file.###.txt 100 200 68
file.###.txt 100 200 69
file.###.txt 100 200 70
file.###.txt 100 200 71
file.###.txt 100 200 72
file.###.txt 100 200 73
file.###.txt 100 200 74
file.###.txt 100 200 75
file.###.txt 100 200 76
file.###.txt 100 200 77
file.###.txt 100 200 78
file.###.txt 100 200 79
file.###.txt 100 200 80
file.###.txt 100 200 81
file.###.txt 100 200 82
file.###.txt 100 200 83
file.###.txt 100 200 84
file.###.txt 100 200 85
file.###.txt 100 200 86
file.###.txt 100 200 87
file.###.txt 100 200 88
file.###.txt 100 200 89
file.###.txt 100 200 90
file.###.txt 100 200 91
file.###.txt 100 200 92
file.###.txt 100 200 93
file.###.txt 100 200 94
file.###.txt 100 200 95
file.###.txt 100 200 96
file.###.txt 100 200 97
file.###.txt 100 200 98
file.###.txt 100 200 99
file.###.txt 100 200 100
Source Dir ls:
file.###.txt 100 200 0
-----------
Destination Dir ls:
1: /tmp/pytest-of-vsts/pytest-0/test_copy_move_False_move_Fals0/dst/file.123.txt
2: /tmp/pytest-of-vsts/pytest-0/test_copy_move_False_move_Fals0/dst/file.116.txt
3: /tmp/pytest-of-vsts/pytest-0/test_copy_move_False_move_Fals0/dst/file.140.txt
4: /tmp/pytest-of-vsts/pytest-0/test_copy_move_False_move_Fals0/dst/file.182.txt
5: /tmp/pytest-of-vsts/pytest-0/test_copy_move_False_move_Fals0/dst/file.181.txt
6: /tmp/pytest-of-vsts/pytest-0/test_copy_move_False_move_Fals0/dst/file.180.txt
7: /tmp/pytest-of-vsts/pytest-0/test_copy_move_False_move_Fals0/dst/file.101.txt
8: /tmp/pytest-of-vsts/pytest-0/test_copy_move_False_move_Fals0/dst/file.166.txt
9: /tmp/pytest-of-vsts/pytest-0/test_copy_move_False_move_Fals0/dst/file.167.txt
10: /tmp/pytest-of-vsts/pytest-0/test_copy_move_False_move_Fals0/dst/file.191.txt
11: /tmp/pytest-of-vsts/pytest-0/test_copy_move_False_move_Fals0/dst/file.113.txt
12: /tmp/pytest-of-vsts/pytest-0/test_copy_move_False_move_Fals0/dst/file.122.txt
13: /tmp/pytest-of-vsts/pytest-0/test_copy_move_False_move_Fals0/dst/file.110.txt
14: /tmp/pytest-of-vsts/pytest-0/test_copy_move_False_move_Fals0/dst/file.148.txt
15: /tmp/pytest-of-vsts/pytest-0/test_copy_move_False_move_Fals0/dst/file.154.txt
16: /tmp/pytest-of-vsts/pytest-0/test_copy_move_False_move_Fals0/dst/file.200.txt
17: /tmp/pytest-of-vsts/pytest-0/test_copy_move_False_move_Fals0/dst/file.177.txt
18: /tmp/pytest-of-vsts/pytest-0/test_copy_move_False_move_Fals0/dst/file.186.txt
19: /tmp/pytest-of-vsts/pytest-0/test_copy_move_False_move_Fals0/dst/file.115.txt
20: /tmp/pytest-of-vsts/pytest-0/test_copy_move_False_move_Fals0/dst/file.190.txt
21: /tmp/pytest-of-vsts/pytest-0/test_copy_move_False_move_Fals0/dst/file.119.txt
22: /tmp/pytest-of-vsts/pytest-0/test_copy_move_False_move_Fals0/dst/file.151.txt
23: /tmp/pytest-of-vsts/pytest-0/test_copy_move_False_move_Fals0/dst/file.195.txt
24: /tmp/pytest-of-vsts/pytest-0/test_copy_move_False_move_Fals0/dst/file.169.txt
25: /tmp/pytest-of-vsts/pytest-0/test_copy_move_False_move_Fals0/dst/file.149.txt
26: /tmp/pytest-of-vsts/pytest-0/test_copy_move_False_move_Fals0/dst/file.128.txt
27: /tmp/pytest-of-vsts/pytest-0/test_copy_move_False_move_Fals0/dst/file.198.txt
28: /tmp/pytest-of-vsts/pytest-0/test_copy_move_False_move_Fals0/dst/file.118.txt
29: /tmp/pytest-of-vsts/pytest-0/test_copy_move_False_move_Fals0/dst/file.139.txt
30: /tmp/pytest-of-vsts/pytest-0/test_copy_move_False_move_Fals0/dst/file.129.txt
31: /tmp/pytest-of-vsts/pytest-0/test_copy_move_False_move_Fals0/dst/file.106.txt
32: /tmp/pytest-of-vsts/pytest-0/test_copy_move_False_move_Fals0/dst/file.147.txt
33: /tmp/pytest-of-vsts/pytest-0/test_copy_move_False_move_Fals0/dst/file.184.txt
34: /tmp/pytest-of-vsts/pytest-0/test_copy_move_False_move_Fals0/dst/file.170.txt
35: /tmp/pytest-of-vsts/pytest-0/test_copy_move_False_move_Fals0/dst/file.165.txt
36: /tmp/pytest-of-vsts/pytest-0/test_copy_move_False_move_Fals0/dst/file.161.txt
37: /tmp/pytest-of-vsts/pytest-0/test_copy_move_False_move_Fals0/dst/file.160.txt
38: /tmp/pytest-of-vsts/pytest-0/test_copy_move_False_move_Fals0/dst/file.132.txt
39: /tmp/pytest-of-vsts/pytest-0/test_copy_move_False_move_Fals0/dst/file.100.txt
40: /tmp/pytest-of-vsts/pytest-0/test_copy_move_False_move_Fals0/dst/file.187.txt
41: /tmp/pytest-of-vsts/pytest-0/test_copy_move_False_move_Fals0/dst/file.108.txt
42: /tmp/pytest-of-vsts/pytest-0/test_copy_move_False_move_Fals0/dst/file.102.txt
43: /tmp/pytest-of-vsts/pytest-0/test_copy_move_False_move_Fals0/dst/file.130.txt
44: /tmp/pytest-of-vsts/pytest-0/test_copy_move_False_move_Fals0/dst/file.172.txt
45: /tmp/pytest-of-vsts/pytest-0/test_copy_move_False_move_Fals0/dst/file.178.txt
46: /tmp/pytest-of-vsts/pytest-0/test_copy_move_False_move_Fals0/dst/file.176.txt
47: /tmp/pytest-of-vsts/pytest-0/test_copy_move_False_move_Fals0/dst/file.175.txt
48: /tmp/pytest-of-vsts/pytest-0/test_copy_move_False_move_Fals0/dst/file.189.txt
49: /tmp/pytest-of-vsts/pytest-0/test_copy_move_False_move_Fals0/dst/file.136.txt
50: /tmp/pytest-of-vsts/pytest-0/test_copy_move_False_move_Fals0/dst/file.131.txt
51: /tmp/pytest-of-vsts/pytest-0/test_copy_move_False_move_Fals0/dst/file.142.txt
52: /tmp/pytest-of-vsts/pytest-0/test_copy_move_False_move_Fals0/dst/file.127.txt
53: /tmp/pytest-of-vsts/pytest-0/test_copy_move_False_move_Fals0/dst/file.145.txt
54: /tmp/pytest-of-vsts/pytest-0/test_copy_move_False_move_Fals0/dst/file.168.txt
55: /tmp/pytest-of-vsts/pytest-0/test_copy_move_False_move_Fals0/dst/file.174.txt
56: /tmp/pytest-of-vsts/pytest-0/test_copy_move_False_move_Fals0/dst/file.107.txt
57: /tmp/pytest-of-vsts/pytest-0/test_copy_move_False_move_Fals0/dst/file.125.txt
58: /tmp/pytest-of-vsts/pytest-0/test_copy_move_False_move_Fals0/dst/file.146.txt
59: /tmp/pytest-of-vsts/pytest-0/test_copy_move_False_move_Fals0/dst/file.193.txt
60: /tmp/pytest-of-vsts/pytest-0/test_copy_move_False_move_Fals0/dst/file.194.txt
61: /tmp/pytest-of-vsts/pytest-0/test_copy_move_False_move_Fals0/dst/file.158.txt
62: /tmp/pytest-of-vsts/pytest-0/test_copy_move_False_move_Fals0/dst/file.133.txt
63: /tmp/pytest-of-vsts/pytest-0/test_copy_move_False_move_Fals0/dst/file.137.txt
64: /tmp/pytest-of-vsts/pytest-0/test_copy_move_False_move_Fals0/dst/file.183.txt
65: /tmp/pytest-of-vsts/pytest-0/test_copy_move_False_move_Fals0/dst/file.156.txt
66: /tmp/pytest-of-vsts/pytest-0/test_copy_move_False_move_Fals0/dst/file.155.txt
67: /tmp/pytest-of-vsts/pytest-0/test_copy_move_False_move_Fals0/dst/file.179.txt
68: /tmp/pytest-of-vsts/pytest-0/test_copy_move_False_move_Fals0/dst/file.173.txt
69: /tmp/pytest-of-vsts/pytest-0/test_copy_move_False_move_Fals0/dst/file.112.txt
70: /tmp/pytest-of-vsts/pytest-0/test_copy_move_False_move_Fals0/dst/file.135.txt
71: /tmp/pytest-of-vsts/pytest-0/test_copy_move_False_move_Fals0/dst/file.121.txt
72: /tmp/pytest-of-vsts/pytest-0/test_copy_move_False_move_Fals0/dst/file.124.txt
73: /tmp/pytest-of-vsts/pytest-0/test_copy_move_False_move_Fals0/dst/file.117.txt
74: /tmp/pytest-of-vsts/pytest-0/test_copy_move_False_move_Fals0/dst/file.143.txt
75: /tmp/pytest-of-vsts/pytest-0/test_copy_move_False_move_Fals0/dst/file.105.txt
76: /tmp/pytest-of-vsts/pytest-0/test_copy_move_False_move_Fals0/dst/file.153.txt
77: /tmp/pytest-of-vsts/pytest-0/test_copy_move_False_move_Fals0/dst/file.188.txt
78: /tmp/pytest-of-vsts/pytest-0/test_copy_move_False_move_Fals0/dst/file.162.txt
79: /tmp/pytest-of-vsts/pytest-0/test_copy_move_False_move_Fals0/dst/file.164.txt
80: /tmp/pytest-of-vsts/pytest-0/test_copy_move_False_move_Fals0/dst/file.185.txt
81: /tmp/pytest-of-vsts/pytest-0/test_copy_move_False_move_Fals0/dst/file.157.txt
82: /tmp/pytest-of-vsts/pytest-0/test_copy_move_False_move_Fals0/dst/file.171.txt
83: /tmp/pytest-of-vsts/pytest-0/test_copy_move_False_move_Fals0/dst/file.138.txt
84: /tmp/pytest-of-vsts/pytest-0/test_copy_move_False_move_Fals0/dst/file.111.txt
85: /tmp/pytest-of-vsts/pytest-0/test_copy_move_False_move_Fals0/dst/file.196.txt
86: /tmp/pytest-of-vsts/pytest-0/test_copy_move_False_move_Fals0/dst/file.197.txt
87: /tmp/pytest-of-vsts/pytest-0/test_copy_move_False_move_Fals0/dst/file.103.txt
88: /tmp/pytest-of-vsts/pytest-0/test_copy_move_False_move_Fals0/dst/file.109.txt
89: /tmp/pytest-of-vsts/pytest-0/test_copy_move_False_move_Fals0/dst/file.152.txt
90: /tmp/pytest-of-vsts/pytest-0/test_copy_move_False_move_Fals0/dst/file.126.txt
91: /tmp/pytest-of-vsts/pytest-0/test_copy_move_False_move_Fals0/dst/file.120.txt
92: /tmp/pytest-of-vsts/pytest-0/test_copy_move_False_move_Fals0/dst/file.141.txt
93: /tmp/pytest-of-vsts/pytest-0/test_copy_move_False_move_Fals0/dst/file.192.txt
94: /tmp/pytest-of-vsts/pytest-0/test_copy_move_False_move_Fals0/dst/file.199.txt
95: /tmp/pytest-of-vsts/pytest-0/test_copy_move_False_move_Fals0/dst/file.150.txt
96: /tmp/pytest-of-vsts/pytest-0/test_copy_move_False_move_Fals0/dst/file.104.txt
97: /tmp/pytest-of-vsts/pytest-0/test_copy_move_False_move_Fals0/dst/file.144.txt
98: /tmp/pytest-of-vsts/pytest-0/test_copy_move_False_move_Fals0/dst/file.134.txt
99: /tmp/pytest-of-vsts/pytest-0/test_copy_move_False_move_Fals0/dst/file.159.txt
100: /tmp/pytest-of-vsts/pytest-0/test_copy_move_False_move_Fals0/dst/file.114.txt
101: /tmp/pytest-of-vsts/pytest-0/test_copy_move_False_move_Fals0/dst/file.163.txt
</system-out></testcase><testcase classname="zdevelop.tests.test_file_seq.TestSeqDisk" file="zdevelop/tests/test_file_seq.py" line="164" name="test_copy_move[False-copy-True]" time="0.064"><system-out>file.###.txt 100 200 0
file.###.txt 100 200 1
file.###.txt 100 200 2
file.###.txt 100 200 3
file.###.txt 100 200 4
file.###.txt 100 200 5
file.###.txt 100 200 6
file.###.txt 100 200 7
file.###.txt 100 200 8
file.###.txt 100 200 9
file.###.txt 100 200 10
file.###.txt 100 200 11
file.###.txt 100 200 12
file.###.txt 100 200 13
file.###.txt 100 200 14
file.###.txt 100 200 15
file.###.txt 100 200 16
file.###.txt 100 200 17
file.###.txt 100 200 18
file.###.txt 100 200 19
file.###.txt 100 200 20
file.###.txt 100 200 21
file.###.txt 100 200 22
file.###.txt 100 200 23
file.###.txt 100 200 24
file.###.txt 100 200 25
file.###.txt 100 200 26
file.###.txt 100 200 27
file.###.txt 100 200 28
file.###.txt 100 200 29
file.###.txt 100 200 30
file.###.txt 100 200 31
file.###.txt 100 200 32
file.###.txt 100 200 33
file.###.txt 100 200 34
file.###.txt 100 200 35
file.###.txt 100 200 36
file.###.txt 100 200 37
file.###.txt 100 200 38
file.###.txt 100 200 39
file.###.txt 100 200 40
file.###.txt 100 200 41
file.###.txt 100 200 42
file.###.txt 100 200 43
file.###.txt 100 200 44
file.###.txt 100 200 45
file.###.txt 100 200 46
file.###.txt 100 200 47
file.###.txt 100 200 48
file.###.txt 100 200 49
file.###.txt 100 200 50
file.###.txt 100 200 51
file.###.txt 100 200 52
file.###.txt 100 200 53
file.###.txt 100 200 54
file.###.txt 100 200 55
file.###.txt 100 200 56
file.###.txt 100 200 57
file.###.txt 100 200 58
file.###.txt 100 200 59
file.###.txt 100 200 60
file.###.txt 100 200 61
file.###.txt 100 200 62
file.###.txt 100 200 63
file.###.txt 100 200 64
file.###.txt 100 200 65
file.###.txt 100 200 66
file.###.txt 100 200 67
file.###.txt 100 200 68
file.###.txt 100 200 69
file.###.txt 100 200 70
file.###.txt 100 200 71
file.###.txt 100 200 72
file.###.txt 100 200 73
file.###.txt 100 200 74
file.###.txt 100 200 75
file.###.txt 100 200 76
file.###.txt 100 200 77
file.###.txt 100 200 78
file.###.txt 100 200 79
file.###.txt 100 200 80
file.###.txt 100 200 81
file.###.txt 100 200 82
file.###.txt 100 200 83
file.###.txt 100 200 84
file.###.txt 100 200 85
file.###.txt 100 200 86
file.###.txt 100 200 87
file.###.txt 100 200 88
file.###.txt 100 200 89
file.###.txt 100 200 90
file.###.txt 100 200 91
file.###.txt 100 200 92
file.###.txt 100 200 93
file.###.txt 100 200 94
file.###.txt 100 200 95
file.###.txt 100 200 96
file.###.txt 100 200 97
file.###.txt 100 200 98
file.###.txt 100 200 99
file.###.txt 100 200 100
file.###.txt 100 200 0
file.###.txt 100 200 0
file.###.txt 100 200 0
True /tmp/pytest-of-vsts/pytest-0/test_copy_move_False_copy_True0/src/file.100.txt
file.###.txt 100 200 1
True /tmp/pytest-of-vsts/pytest-0/test_copy_move_False_copy_True0/src/file.101.txt
file.###.txt 100 200 2
True /tmp/pytest-of-vsts/pytest-0/test_copy_move_False_copy_True0/src/file.102.txt
file.###.txt 100 200 3
True /tmp/pytest-of-vsts/pytest-0/test_copy_move_False_copy_True0/src/file.103.txt
file.###.txt 100 200 4
True /tmp/pytest-of-vsts/pytest-0/test_copy_move_False_copy_True0/src/file.104.txt
file.###.txt 100 200 5
True /tmp/pytest-of-vsts/pytest-0/test_copy_move_False_copy_True0/src/file.105.txt
file.###.txt 100 200 6
True /tmp/pytest-of-vsts/pytest-0/test_copy_move_False_copy_True0/src/file.106.txt
file.###.txt 100 200 7
True /tmp/pytest-of-vsts/pytest-0/test_copy_move_False_copy_True0/src/file.107.txt
file.###.txt 100 200 8
True /tmp/pytest-of-vsts/pytest-0/test_copy_move_False_copy_True0/src/file.108.txt
file.###.txt 100 200 9
True /tmp/pytest-of-vsts/pytest-0/test_copy_move_False_copy_True0/src/file.109.txt
file.###.txt 100 200 10
True /tmp/pytest-of-vsts/pytest-0/test_copy_move_False_copy_True0/src/file.110.txt
file.###.txt 100 200 11
True /tmp/pytest-of-vsts/pytest-0/test_copy_move_False_copy_True0/src/file.111.txt
file.###.txt 100 200 12
True /tmp/pytest-of-vsts/pytest-0/test_copy_move_False_copy_True0/src/file.112.txt
file.###.txt 100 200 13
True /tmp/pytest-of-vsts/pytest-0/test_copy_move_False_copy_True0/src/file.113.txt
file.###.txt 100 200 14
True /tmp/pytest-of-vsts/pytest-0/test_copy_move_False_copy_True0/src/file.114.txt
file.###.txt 100 200 15
True /tmp/pytest-of-vsts/pytest-0/test_copy_move_False_copy_True0/src/file.115.txt
file.###.txt 100 200 16
True /tmp/pytest-of-vsts/pytest-0/test_copy_move_False_copy_True0/src/file.116.txt
file.###.txt 100 200 17
True /tmp/pytest-of-vsts/pytest-0/test_copy_move_False_copy_True0/src/file.117.txt
file.###.txt 100 200 18
True /tmp/pytest-of-vsts/pytest-0/test_copy_move_False_copy_True0/src/file.118.txt
file.###.txt 100 200 19
True /tmp/pytest-of-vsts/pytest-0/test_copy_move_False_copy_True0/src/file.119.txt
file.###.txt 100 200 20
True /tmp/pytest-of-vsts/pytest-0/test_copy_move_False_copy_True0/src/file.120.txt
file.###.txt 100 200 21
True /tmp/pytest-of-vsts/pytest-0/test_copy_move_False_copy_True0/src/file.121.txt
file.###.txt 100 200 22
True /tmp/pytest-of-vsts/pytest-0/test_copy_move_False_copy_True0/src/file.122.txt
file.###.txt 100 200 23
True /tmp/pytest-of-vsts/pytest-0/test_copy_move_False_copy_True0/src/file.123.txt
file.###.txt 100 200 24
True /tmp/pytest-of-vsts/pytest-0/test_copy_move_False_copy_True0/src/file.124.txt
file.###.txt 100 200 25
True /tmp/pytest-of-vsts/pytest-0/test_copy_move_False_copy_True0/src/file.125.txt
file.###.txt 100 200 26
True /tmp/pytest-of-vsts/pytest-0/test_copy_move_False_copy_True0/src/file.126.txt
file.###.txt 100 200 27
True /tmp/pytest-of-vsts/pytest-0/test_copy_move_False_copy_True0/src/file.127.txt
file.###.txt 100 200 28
True /tmp/pytest-of-vsts/pytest-0/test_copy_move_False_copy_True0/src/file.128.txt
file.###.txt 100 200 29
True /tmp/pytest-of-vsts/pytest-0/test_copy_move_False_copy_True0/src/file.129.txt
file.###.txt 100 200 30
True /tmp/pytest-of-vsts/pytest-0/test_copy_move_False_copy_True0/src/file.130.txt
file.###.txt 100 200 31
True /tmp/pytest-of-vsts/pytest-0/test_copy_move_False_copy_True0/src/file.131.txt
file.###.txt 100 200 32
True /tmp/pytest-of-vsts/pytest-0/test_copy_move_False_copy_True0/src/file.132.txt
file.###.txt 100 200 33
True /tmp/pytest-of-vsts/pytest-0/test_copy_move_False_copy_True0/src/file.133.txt
file.###.txt 100 200 34
True /tmp/pytest-of-vsts/pytest-0/test_copy_move_False_copy_True0/src/file.134.txt
file.###.txt 100 200 35
True /tmp/pytest-of-vsts/pytest-0/test_copy_move_False_copy_True0/src/file.135.txt
file.###.txt 100 200 36
True /tmp/pytest-of-vsts/pytest-0/test_copy_move_False_copy_True0/src/file.136.txt
file.###.txt 100 200 37
True /tmp/pytest-of-vsts/pytest-0/test_copy_move_False_copy_True0/src/file.137.txt
file.###.txt 100 200 38
True /tmp/pytest-of-vsts/pytest-0/test_copy_move_False_copy_True0/src/file.138.txt
file.###.txt 100 200 39
True /tmp/pytest-of-vsts/pytest-0/test_copy_move_False_copy_True0/src/file.139.txt
file.###.txt 100 200 40
True /tmp/pytest-of-vsts/pytest-0/test_copy_move_False_copy_True0/src/file.140.txt
file.###.txt 100 200 41
True /tmp/pytest-of-vsts/pytest-0/test_copy_move_False_copy_True0/src/file.141.txt
file.###.txt 100 200 42
True /tmp/pytest-of-vsts/pytest-0/test_copy_move_False_copy_True0/src/file.142.txt
file.###.txt 100 200 43
True /tmp/pytest-of-vsts/pytest-0/test_copy_move_False_copy_True0/src/file.143.txt
file.###.txt 100 200 44
True /tmp/pytest-of-vsts/pytest-0/test_copy_move_False_copy_True0/src/file.144.txt
file.###.txt 100 200 45
True /tmp/pytest-of-vsts/pytest-0/test_copy_move_False_copy_True0/src/file.145.txt
file.###.txt 100 200 46
True /tmp/pytest-of-vsts/pytest-0/test_copy_move_False_copy_True0/src/file.146.txt
file.###.txt 100 200 47
True /tmp/pytest-of-vsts/pytest-0/test_copy_move_False_copy_True0/src/file.147.txt
file.###.txt 100 200 48
True /tmp/pytest-of-vsts/pytest-0/test_copy_move_False_copy_True0/src/file.148.txt
file.###.txt 100 200 49
True /tmp/pytest-of-vsts/pytest-0/test_copy_move_False_copy_True0/src/file.149.txt
file.###.txt 100 200 50
True /tmp/pytest-of-vsts/pytest-0/test_copy_move_False_copy_True0/src/file.150.txt
file.###.txt 100 200 51
True /tmp/pytest-of-vsts/pytest-0/test_copy_move_False_copy_True0/src/file.151.txt
file.###.txt 100 200 52
True /tmp/pytest-of-vsts/pytest-0/test_copy_move_False_copy_True0/src/file.152.txt
file.###.txt 100 200 53
True /tmp/pytest-of-vsts/pytest-0/test_copy_move_False_copy_True0/src/file.153.txt
file.###.txt 100 200 54
True /tmp/pytest-of-vsts/pytest-0/test_copy_move_False_copy_True0/src/file.154.txt
file.###.txt 100 200 55
True /tmp/pytest-of-vsts/pytest-0/test_copy_move_False_copy_True0/src/file.155.txt
file.###.txt 100 200 56
True /tmp/pytest-of-vsts/pytest-0/test_copy_move_False_copy_True0/src/file.156.txt
file.###.txt 100 200 57
True /tmp/pytest-of-vsts/pytest-0/test_copy_move_False_copy_True0/src/file.157.txt
file.###.txt 100 200 58
True /tmp/pytest-of-vsts/pytest-0/test_copy_move_False_copy_True0/src/file.158.txt
file.###.txt 100 200 59
True /tmp/pytest-of-vsts/pytest-0/test_copy_move_False_copy_True0/src/file.159.txt
file.###.txt 100 200 60
True /tmp/pytest-of-vsts/pytest-0/test_copy_move_False_copy_True0/src/file.160.txt
file.###.txt 100 200 61
True /tmp/pytest-of-vsts/pytest-0/test_copy_move_False_copy_True0/src/file.161.txt
file.###.txt 100 200 62
True /tmp/pytest-of-vsts/pytest-0/test_copy_move_False_copy_True0/src/file.162.txt
file.###.txt 100 200 63
True /tmp/pytest-of-vsts/pytest-0/test_copy_move_False_copy_True0/src/file.163.txt
file.###.txt 100 200 64
True /tmp/pytest-of-vsts/pytest-0/test_copy_move_False_copy_True0/src/file.164.txt
file.###.txt 100 200 65
True /tmp/pytest-of-vsts/pytest-0/test_copy_move_False_copy_True0/src/file.165.txt
file.###.txt 100 200 66
True /tmp/pytest-of-vsts/pytest-0/test_copy_move_False_copy_True0/src/file.166.txt
file.###.txt 100 200 67
True /tmp/pytest-of-vsts/pytest-0/test_copy_move_False_copy_True0/src/file.167.txt
file.###.txt 100 200 68
True /tmp/pytest-of-vsts/pytest-0/test_copy_move_False_copy_True0/src/file.168.txt
file.###.txt 100 200 69
True /tmp/pytest-of-vsts/pytest-0/test_copy_move_False_copy_True0/src/file.169.txt
file.###.txt 100 200 70
True /tmp/pytest-of-vsts/pytest-0/test_copy_move_False_copy_True0/src/file.170.txt
file.###.txt 100 200 71
True /tmp/pytest-of-vsts/pytest-0/test_copy_move_False_copy_True0/src/file.171.txt
file.###.txt 100 200 72
True /tmp/pytest-of-vsts/pytest-0/test_copy_move_False_copy_True0/src/file.172.txt
file.###.txt 100 200 73
True /tmp/pytest-of-vsts/pytest-0/test_copy_move_False_copy_True0/src/file.173.txt
file.###.txt 100 200 74
True /tmp/pytest-of-vsts/pytest-0/test_copy_move_False_copy_True0/src/file.174.txt
file.###.txt 100 200 75
True /tmp/pytest-of-vsts/pytest-0/test_copy_move_False_copy_True0/src/file.175.txt
file.###.txt 100 200 76
True /tmp/pytest-of-vsts/pytest-0/test_copy_move_False_copy_True0/src/file.176.txt
file.###.txt 100 200 77
True /tmp/pytest-of-vsts/pytest-0/test_copy_move_False_copy_True0/src/file.177.txt
file.###.txt 100 200 78
True /tmp/pytest-of-vsts/pytest-0/test_copy_move_False_copy_True0/src/file.178.txt
file.###.txt 100 200 79
True /tmp/pytest-of-vsts/pytest-0/test_copy_move_False_copy_True0/src/file.179.txt
file.###.txt 100 200 80
True /tmp/pytest-of-vsts/pytest-0/test_copy_move_False_copy_True0/src/file.180.txt
file.###.txt 100 200 81
True /tmp/pytest-of-vsts/pytest-0/test_copy_move_False_copy_True0/src/file.181.txt
file.###.txt 100 200 82
True /tmp/pytest-of-vsts/pytest-0/test_copy_move_False_copy_True0/src/file.182.txt
file.###.txt 100 200 83
True /tmp/pytest-of-vsts/pytest-0/test_copy_move_False_copy_True0/src/file.183.txt
file.###.txt 100 200 84
True /tmp/pytest-of-vsts/pytest-0/test_copy_move_False_copy_True0/src/file.184.txt
file.###.txt 100 200 85
True /tmp/pytest-of-vsts/pytest-0/test_copy_move_False_copy_True0/src/file.185.txt
file.###.txt 100 200 86
True /tmp/pytest-of-vsts/pytest-0/test_copy_move_False_copy_True0/src/file.186.txt
file.###.txt 100 200 87
True /tmp/pytest-of-vsts/pytest-0/test_copy_move_False_copy_True0/src/file.187.txt
file.###.txt 100 200 88
True /tmp/pytest-of-vsts/pytest-0/test_copy_move_False_copy_True0/src/file.188.txt
file.###.txt 100 200 89
True /tmp/pytest-of-vsts/pytest-0/test_copy_move_False_copy_True0/src/file.189.txt
file.###.txt 100 200 90
True /tmp/pytest-of-vsts/pytest-0/test_copy_move_False_copy_True0/src/file.190.txt
file.###.txt 100 200 91
True /tmp/pytest-of-vsts/pytest-0/test_copy_move_False_copy_True0/src/file.191.txt
file.###.txt 100 200 92
True /tmp/pytest-of-vsts/pytest-0/test_copy_move_False_copy_True0/src/file.192.txt
file.###.txt 100 200 93
True /tmp/pytest-of-vsts/pytest-0/test_copy_move_False_copy_True0/src/file.193.txt
file.###.txt 100 200 94
True /tmp/pytest-of-vsts/pytest-0/test_copy_move_False_copy_True0/src/file.194.txt
file.###.txt 100 200 95
True /tmp/pytest-of-vsts/pytest-0/test_copy_move_False_copy_True0/src/file.195.txt
file.###.txt 100 200 96
True /tmp/pytest-of-vsts/pytest-0/test_copy_move_False_copy_True0/src/file.196.txt
file.###.txt 100 200 97
True /tmp/pytest-of-vsts/pytest-0/test_copy_move_False_copy_True0/src/file.197.txt
file.###.txt 100 200 98
True /tmp/pytest-of-vsts/pytest-0/test_copy_move_False_copy_True0/src/file.198.txt
file.###.txt 100 200 99
True /tmp/pytest-of-vsts/pytest-0/test_copy_move_False_copy_True0/src/file.199.txt
file.###.txt 100 200 100
True /tmp/pytest-of-vsts/pytest-0/test_copy_move_False_copy_True0/src/file.200.txt
file.###.txt 100 200 0
file.###.txt 100 200 1
file.###.txt 100 200 2
file.###.txt 100 200 3
file.###.txt 100 200 4
file.###.txt 100 200 5
file.###.txt 100 200 6
file.###.txt 100 200 7
file.###.txt 100 200 8
file.###.txt 100 200 9
file.###.txt 100 200 10
file.###.txt 100 200 11
file.###.txt 100 200 12
file.###.txt 100 200 13
file.###.txt 100 200 14
file.###.txt 100 200 15
file.###.txt 100 200 16
file.###.txt 100 200 17
file.###.txt 100 200 18
file.###.txt 100 200 19
file.###.txt 100 200 20
file.###.txt 100 200 21
file.###.txt 100 200 22
file.###.txt 100 200 23
file.###.txt 100 200 24
file.###.txt 100 200 25
file.###.txt 100 200 26
file.###.txt 100 200 27
file.###.txt 100 200 28
file.###.txt 100 200 29
file.###.txt 100 200 30
file.###.txt 100 200 31
file.###.txt 100 200 32
file.###.txt 100 200 33
file.###.txt 100 200 34
file.###.txt 100 200 35
file.###.txt 100 200 36
file.###.txt 100 200 37
file.###.txt 100 200 38
file.###.txt 100 200 39
file.###.txt 100 200 40
file.###.txt 100 200 41
file.###.txt 100 200 42
file.###.txt 100 200 43
file.###.txt 100 200 44
file.###.txt 100 200 45
file.###.txt 100 200 46
file.###.txt 100 200 47
file.###.txt 100 200 48
file.###.txt 100 200 49
file.###.txt 100 200 50
file.###.txt 100 200 51
file.###.txt 100 200 52
file.###.txt 100 200 53
file.###.txt 100 200 54
file.###.txt 100 200 55
file.###.txt 100 200 56
file.###.txt 100 200 57
file.###.txt 100 200 58
file.###.txt 100 200 59
file.###.txt 100 200 60
file.###.txt 100 200 61
file.###.txt 100 200 62
file.###.txt 100 200 63
file.###.txt 100 200 64
file.###.txt 100 200 65
file.###.txt 100 200 66
file.###.txt 100 200 67
file.###.txt 100 200 68
file.###.txt 100 200 69
file.###.txt 100 200 70
file.###.txt 100 200 71
file.###.txt 100 200 72
file.###.txt 100 200 73
file.###.txt 100 200 74
file.###.txt 100 200 75
file.###.txt 100 200 76
file.###.txt 100 200 77
file.###.txt 100 200 78
file.###.txt 100 200 79
file.###.txt 100 200 80
file.###.txt 100 200 81
file.###.txt 100 200 82
file.###.txt 100 200 83
file.###.txt 100 200 84
file.###.txt 100 200 85
file.###.txt 100 200 86
file.###.txt 100 200 87
file.###.txt 100 200 88
file.###.txt 100 200 89
file.###.txt 100 200 90
file.###.txt 100 200 91
file.###.txt 100 200 92
file.###.txt 100 200 93
file.###.txt 100 200 94
file.###.txt 100 200 95
file.###.txt 100 200 96
file.###.txt 100 200 97
file.###.txt 100 200 98
file.###.txt 100 200 99
file.###.txt 100 200 100
Source Dir ls:
file.###.txt 100 200 0
1: /tmp/pytest-of-vsts/pytest-0/test_copy_move_False_copy_True0/src/file.123.txt
2: /tmp/pytest-of-vsts/pytest-0/test_copy_move_False_copy_True0/src/file.116.txt
3: /tmp/pytest-of-vsts/pytest-0/test_copy_move_False_copy_True0/src/file.140.txt
4: /tmp/pytest-of-vsts/pytest-0/test_copy_move_False_copy_True0/src/file.182.txt
5: /tmp/pytest-of-vsts/pytest-0/test_copy_move_False_copy_True0/src/file.181.txt
6: /tmp/pytest-of-vsts/pytest-0/test_copy_move_False_copy_True0/src/file.180.txt
7: /tmp/pytest-of-vsts/pytest-0/test_copy_move_False_copy_True0/src/file.101.txt
8: /tmp/pytest-of-vsts/pytest-0/test_copy_move_False_copy_True0/src/file.166.txt
9: /tmp/pytest-of-vsts/pytest-0/test_copy_move_False_copy_True0/src/file.167.txt
10: /tmp/pytest-of-vsts/pytest-0/test_copy_move_False_copy_True0/src/file.191.txt
11: /tmp/pytest-of-vsts/pytest-0/test_copy_move_False_copy_True0/src/file.113.txt
12: /tmp/pytest-of-vsts/pytest-0/test_copy_move_False_copy_True0/src/file.122.txt
13: /tmp/pytest-of-vsts/pytest-0/test_copy_move_False_copy_True0/src/file.110.txt
14: /tmp/pytest-of-vsts/pytest-0/test_copy_move_False_copy_True0/src/file.148.txt
15: /tmp/pytest-of-vsts/pytest-0/test_copy_move_False_copy_True0/src/file.154.txt
16: /tmp/pytest-of-vsts/pytest-0/test_copy_move_False_copy_True0/src/file.200.txt
17: /tmp/pytest-of-vsts/pytest-0/test_copy_move_False_copy_True0/src/file.177.txt
18: /tmp/pytest-of-vsts/pytest-0/test_copy_move_False_copy_True0/src/file.186.txt
19: /tmp/pytest-of-vsts/pytest-0/test_copy_move_False_copy_True0/src/file.115.txt
20: /tmp/pytest-of-vsts/pytest-0/test_copy_move_False_copy_True0/src/file.190.txt
21: /tmp/pytest-of-vsts/pytest-0/test_copy_move_False_copy_True0/src/file.119.txt
22: /tmp/pytest-of-vsts/pytest-0/test_copy_move_False_copy_True0/src/file.151.txt
23: /tmp/pytest-of-vsts/pytest-0/test_copy_move_False_copy_True0/src/file.195.txt
24: /tmp/pytest-of-vsts/pytest-0/test_copy_move_False_copy_True0/src/file.169.txt
25: /tmp/pytest-of-vsts/pytest-0/test_copy_move_False_copy_True0/src/file.149.txt
26: /tmp/pytest-of-vsts/pytest-0/test_copy_move_False_copy_True0/src/file.128.txt
27: /tmp/pytest-of-vsts/pytest-0/test_copy_move_False_copy_True0/src/file.198.txt
28: /tmp/pytest-of-vsts/pytest-0/test_copy_move_False_copy_True0/src/file.118.txt
29: /tmp/pytest-of-vsts/pytest-0/test_copy_move_False_copy_True0/src/file.139.txt
30: /tmp/pytest-of-vsts/pytest-0/test_copy_move_False_copy_True0/src/file.129.txt
31: /tmp/pytest-of-vsts/pytest-0/test_copy_move_False_copy_True0/src/file.106.txt
32: /tmp/pytest-of-vsts/pytest-0/test_copy_move_False_copy_True0/src/file.147.txt
33: /tmp/pytest-of-vsts/pytest-0/test_copy_move_False_copy_True0/src/file.184.txt
34: /tmp/pytest-of-vsts/pytest-0/test_copy_move_False_copy_True0/src/file.170.txt
35: /tmp/pytest-of-vsts/pytest-0/test_copy_move_False_copy_True0/src/file.165.txt
36: /tmp/pytest-of-vsts/pytest-0/test_copy_move_False_copy_True0/src/file.161.txt
37: /tmp/pytest-of-vsts/pytest-0/test_copy_move_False_copy_True0/src/file.160.txt
38: /tmp/pytest-of-vsts/pytest-0/test_copy_move_False_copy_True0/src/file.132.txt
39: /tmp/pytest-of-vsts/pytest-0/test_copy_move_False_copy_True0/src/file.100.txt
40: /tmp/pytest-of-vsts/pytest-0/test_copy_move_False_copy_True0/src/file.187.txt
41: /tmp/pytest-of-vsts/pytest-0/test_copy_move_False_copy_True0/src/file.108.txt
42: /tmp/pytest-of-vsts/pytest-0/test_copy_move_False_copy_True0/src/file.102.txt
43: /tmp/pytest-of-vsts/pytest-0/test_copy_move_False_copy_True0/src/file.130.txt
44: /tmp/pytest-of-vsts/pytest-0/test_copy_move_False_copy_True0/src/file.172.txt
45: /tmp/pytest-of-vsts/pytest-0/test_copy_move_False_copy_True0/src/file.178.txt
46: /tmp/pytest-of-vsts/pytest-0/test_copy_move_False_copy_True0/src/file.176.txt
47: /tmp/pytest-of-vsts/pytest-0/test_copy_move_False_copy_True0/src/file.175.txt
48: /tmp/pytest-of-vsts/pytest-0/test_copy_move_False_copy_True0/src/file.189.txt
49: /tmp/pytest-of-vsts/pytest-0/test_copy_move_False_copy_True0/src/file.136.txt
50: /tmp/pytest-of-vsts/pytest-0/test_copy_move_False_copy_True0/src/file.131.txt
51: /tmp/pytest-of-vsts/pytest-0/test_copy_move_False_copy_True0/src/file.142.txt
52: /tmp/pytest-of-vsts/pytest-0/test_copy_move_False_copy_True0/src/file.127.txt
53: /tmp/pytest-of-vsts/pytest-0/test_copy_move_False_copy_True0/src/file.145.txt
54: /tmp/pytest-of-vsts/pytest-0/test_copy_move_False_copy_True0/src/file.168.txt
55: /tmp/pytest-of-vsts/pytest-0/test_copy_move_False_copy_True0/src/file.174.txt
56: /tmp/pytest-of-vsts/pytest-0/test_copy_move_False_copy_True0/src/file.107.txt
57: /tmp/pytest-of-vsts/pytest-0/test_copy_move_False_copy_True0/src/file.125.txt
58: /tmp/pytest-of-vsts/pytest-0/test_copy_move_False_copy_True0/src/file.146.txt
59: /tmp/pytest-of-vsts/pytest-0/test_copy_move_False_copy_True0/src/file.193.txt
60: /tmp/pytest-of-vsts/pytest-0/test_copy_move_False_copy_True0/src/file.194.txt
61: /tmp/pytest-of-vsts/pytest-0/test_copy_move_False_copy_True0/src/file.158.txt
62: /tmp/pytest-of-vsts/pytest-0/test_copy_move_False_copy_True0/src/file.133.txt
63: /tmp/pytest-of-vsts/pytest-0/test_copy_move_False_copy_True0/src/file.137.txt
64: /tmp/pytest-of-vsts/pytest-0/test_copy_move_False_copy_True0/src/file.183.txt
65: /tmp/pytest-of-vsts/pytest-0/test_copy_move_False_copy_True0/src/file.156.txt
66: /tmp/pytest-of-vsts/pytest-0/test_copy_move_False_copy_True0/src/file.155.txt
67: /tmp/pytest-of-vsts/pytest-0/test_copy_move_False_copy_True0/src/file.179.txt
68: /tmp/pytest-of-vsts/pytest-0/test_copy_move_False_copy_True0/src/file.173.txt
69: /tmp/pytest-of-vsts/pytest-0/test_copy_move_False_copy_True0/src/file.112.txt
70: /tmp/pytest-of-vsts/pytest-0/test_copy_move_False_copy_True0/src/file.135.txt
71: /tmp/pytest-of-vsts/pytest-0/test_copy_move_False_copy_True0/src/file.121.txt
72: /tmp/pytest-of-vsts/pytest-0/test_copy_move_False_copy_True0/src/file.124.txt
73: /tmp/pytest-of-vsts/pytest-0/test_copy_move_False_copy_True0/src/file.117.txt
74: /tmp/pytest-of-vsts/pytest-0/test_copy_move_False_copy_True0/src/file.143.txt
75: /tmp/pytest-of-vsts/pytest-0/test_copy_move_False_copy_True0/src/file.105.txt
76: /tmp/pytest-of-vsts/pytest-0/test_copy_move_False_copy_True0/src/file.153.txt
77: /tmp/pytest-of-vsts/pytest-0/test_copy_move_False_copy_True0/src/file.188.txt
78: /tmp/pytest-of-vsts/pytest-0/test_copy_move_False_copy_True0/src/file.162.txt
79: /tmp/pytest-of-vsts/pytest-0/test_copy_move_False_copy_True0/src/file.164.txt
80: /tmp/pytest-of-vsts/pytest-0/test_copy_move_False_copy_True0/src/file.185.txt
81: /tmp/pytest-of-vsts/pytest-0/test_copy_move_False_copy_True0/src/file.157.txt
82: /tmp/pytest-of-vsts/pytest-0/test_copy_move_False_copy_True0/src/file.171.txt
83: /tmp/pytest-of-vsts/pytest-0/test_copy_move_False_copy_True0/src/file.138.txt
84: /tmp/pytest-of-vsts/pytest-0/test_copy_move_False_copy_True0/src/file.111.txt
85: /tmp/pytest-of-vsts/pytest-0/test_copy_move_False_copy_True0/src/file.196.txt
86: /tmp/pytest-of-vsts/pytest-0/test_copy_move_False_copy_True0/src/file.197.txt
87: /tmp/pytest-of-vsts/pytest-0/test_copy_move_False_copy_True0/src/file.103.txt
88: /tmp/pytest-of-vsts/pytest-0/test_copy_move_False_copy_True0/src/file.109.txt
89: /tmp/pytest-of-vsts/pytest-0/test_copy_move_False_copy_True0/src/file.152.txt
90: /tmp/pytest-of-vsts/pytest-0/test_copy_move_False_copy_True0/src/file.126.txt
91: /tmp/pytest-of-vsts/pytest-0/test_copy_move_False_copy_True0/src/file.120.txt
92: /tmp/pytest-of-vsts/pytest-0/test_copy_move_False_copy_True0/src/file.141.txt
93: /tmp/pytest-of-vsts/pytest-0/test_copy_move_False_copy_True0/src/file.192.txt
94: /tmp/pytest-of-vsts/pytest-0/test_copy_move_False_copy_True0/src/file.199.txt
95: /tmp/pytest-of-vsts/pytest-0/test_copy_move_False_copy_True0/src/file.150.txt
96: /tmp/pytest-of-vsts/pytest-0/test_copy_move_False_copy_True0/src/file.104.txt
97: /tmp/pytest-of-vsts/pytest-0/test_copy_move_False_copy_True0/src/file.144.txt
98: /tmp/pytest-of-vsts/pytest-0/test_copy_move_False_copy_True0/src/file.134.txt
99: /tmp/pytest-of-vsts/pytest-0/test_copy_move_False_copy_True0/src/file.159.txt
100: /tmp/pytest-of-vsts/pytest-0/test_copy_move_False_copy_True0/src/file.114.txt
101: /tmp/pytest-of-vsts/pytest-0/test_copy_move_False_copy_True0/src/file.163.txt
-----------
Destination Dir ls:
1: /tmp/pytest-of-vsts/pytest-0/test_copy_move_False_copy_True0/dst/file.123.txt
2: /tmp/pytest-of-vsts/pytest-0/test_copy_move_False_copy_True0/dst/file.116.txt
3: /tmp/pytest-of-vsts/pytest-0/test_copy_move_False_copy_True0/dst/file.140.txt
4: /tmp/pytest-of-vsts/pytest-0/test_copy_move_False_copy_True0/dst/file.182.txt
5: /tmp/pytest-of-vsts/pytest-0/test_copy_move_False_copy_True0/dst/file.181.txt
6: /tmp/pytest-of-vsts/pytest-0/test_copy_move_False_copy_True0/dst/file.180.txt
7: /tmp/pytest-of-vsts/pytest-0/test_copy_move_False_copy_True0/dst/file.101.txt
8: /tmp/pytest-of-vsts/pytest-0/test_copy_move_False_copy_True0/dst/file.166.txt
9: /tmp/pytest-of-vsts/pytest-0/test_copy_move_False_copy_True0/dst/file.167.txt
10: /tmp/pytest-of-vsts/pytest-0/test_copy_move_False_copy_True0/dst/file.191.txt
11: /tmp/pytest-of-vsts/pytest-0/test_copy_move_False_copy_True0/dst/file.113.txt
12: /tmp/pytest-of-vsts/pytest-0/test_copy_move_False_copy_True0/dst/file.122.txt
13: /tmp/pytest-of-vsts/pytest-0/test_copy_move_False_copy_True0/dst/file.110.txt
14: /tmp/pytest-of-vsts/pytest-0/test_copy_move_False_copy_True0/dst/file.148.txt
15: /tmp/pytest-of-vsts/pytest-0/test_copy_move_False_copy_True0/dst/file.154.txt
16: /tmp/pytest-of-vsts/pytest-0/test_copy_move_False_copy_True0/dst/file.200.txt
17: /tmp/pytest-of-vsts/pytest-0/test_copy_move_False_copy_True0/dst/file.177.txt
18: /tmp/pytest-of-vsts/pytest-0/test_copy_move_False_copy_True0/dst/file.186.txt
19: /tmp/pytest-of-vsts/pytest-0/test_copy_move_False_copy_True0/dst/file.115.txt
20: /tmp/pytest-of-vsts/pytest-0/test_copy_move_False_copy_True0/dst/file.190.txt
21: /tmp/pytest-of-vsts/pytest-0/test_copy_move_False_copy_True0/dst/file.119.txt
22: /tmp/pytest-of-vsts/pytest-0/test_copy_move_False_copy_True0/dst/file.151.txt
23: /tmp/pytest-of-vsts/pytest-0/test_copy_move_False_copy_True0/dst/file.195.txt
24: /tmp/pytest-of-vsts/pytest-0/test_copy_move_False_copy_True0/dst/file.169.txt
25: /tmp/pytest-of-vsts/pytest-0/test_copy_move_False_copy_True0/dst/file.149.txt
26: /tmp/pytest-of-vsts/pytest-0/test_copy_move_False_copy_True0/dst/file.128.txt
27: /tmp/pytest-of-vsts/pytest-0/test_copy_move_False_copy_True0/dst/file.198.txt
28: /tmp/pytest-of-vsts/pytest-0/test_copy_move_False_copy_True0/dst/file.118.txt
29: /tmp/pytest-of-vsts/pytest-0/test_copy_move_False_copy_True0/dst/file.139.txt
30: /tmp/pytest-of-vsts/pytest-0/test_copy_move_False_copy_True0/dst/file.129.txt
31: /tmp/pytest-of-vsts/pytest-0/test_copy_move_False_copy_True0/dst/file.106.txt
32: /tmp/pytest-of-vsts/pytest-0/test_copy_move_False_copy_True0/dst/file.147.txt
33: /tmp/pytest-of-vsts/pytest-0/test_copy_move_False_copy_True0/dst/file.184.txt
34: /tmp/pytest-of-vsts/pytest-0/test_copy_move_False_copy_True0/dst/file.170.txt
35: /tmp/pytest-of-vsts/pytest-0/test_copy_move_False_copy_True0/dst/file.165.txt
36: /tmp/pytest-of-vsts/pytest-0/test_copy_move_False_copy_True0/dst/file.161.txt
37: /tmp/pytest-of-vsts/pytest-0/test_copy_move_False_copy_True0/dst/file.160.txt
38: /tmp/pytest-of-vsts/pytest-0/test_copy_move_False_copy_True0/dst/file.132.txt
39: /tmp/pytest-of-vsts/pytest-0/test_copy_move_False_copy_True0/dst/file.100.txt
40: /tmp/pytest-of-vsts/pytest-0/test_copy_move_False_copy_True0/dst/file.187.txt
41: /tmp/pytest-of-vsts/pytest-0/test_copy_move_False_copy_True0/dst/file.108.txt
42: /tmp/pytest-of-vsts/pytest-0/test_copy_move_False_copy_True0/dst/file.102.txt
43: /tmp/pytest-of-vsts/pytest-0/test_copy_move_False_copy_True0/dst/file.130.txt
44: /tmp/pytest-of-vsts/pytest-0/test_copy_move_False_copy_True0/dst/file.172.txt
45: /tmp/pytest-of-vsts/pytest-0/test_copy_move_False_copy_True0/dst/file.178.txt
46: /tmp/pytest-of-vsts/pytest-0/test_copy_move_False_copy_True0/dst/file.176.txt
47: /tmp/pytest-of-vsts/pytest-0/test_copy_move_False_copy_True0/dst/file.175.txt
48: /tmp/pytest-of-vsts/pytest-0/test_copy_move_False_copy_True0/dst/file.189.txt
49: /tmp/pytest-of-vsts/pytest-0/test_copy_move_False_copy_True0/dst/file.136.txt
50: /tmp/pytest-of-vsts/pytest-0/test_copy_move_False_copy_True0/dst/file.131.txt
51: /tmp/pytest-of-vsts/pytest-0/test_copy_move_False_copy_True0/dst/file.142.txt
52: /tmp/pytest-of-vsts/pytest-0/test_copy_move_False_copy_True0/dst/file.127.txt
53: /tmp/pytest-of-vsts/pytest-0/test_copy_move_False_copy_True0/dst/file.145.txt
54: /tmp/pytest-of-vsts/pytest-0/test_copy_move_False_copy_True0/dst/file.168.txt
55: /tmp/pytest-of-vsts/pytest-0/test_copy_move_False_copy_True0/dst/file.174.txt
56: /tmp/pytest-of-vsts/pytest-0/test_copy_move_False_copy_True0/dst/file.107.txt
57: /tmp/pytest-of-vsts/pytest-0/test_copy_move_False_copy_True0/dst/file.125.txt
58: /tmp/pytest-of-vsts/pytest-0/test_copy_move_False_copy_True0/dst/file.146.txt
59: /tmp/pytest-of-vsts/pytest-0/test_copy_move_False_copy_True0/dst/file.193.txt
60: /tmp/pytest-of-vsts/pytest-0/test_copy_move_False_copy_True0/dst/file.194.txt
61: /tmp/pytest-of-vsts/pytest-0/test_copy_move_False_copy_True0/dst/file.158.txt
62: /tmp/pytest-of-vsts/pytest-0/test_copy_move_False_copy_True0/dst/file.133.txt
63: /tmp/pytest-of-vsts/pytest-0/test_copy_move_False_copy_True0/dst/file.137.txt
64: /tmp/pytest-of-vsts/pytest-0/test_copy_move_False_copy_True0/dst/file.183.txt
65: /tmp/pytest-of-vsts/pytest-0/test_copy_move_False_copy_True0/dst/file.156.txt
66: /tmp/pytest-of-vsts/pytest-0/test_copy_move_False_copy_True0/dst/file.155.txt
67: /tmp/pytest-of-vsts/pytest-0/test_copy_move_False_copy_True0/dst/file.179.txt
68: /tmp/pytest-of-vsts/pytest-0/test_copy_move_False_copy_True0/dst/file.173.txt
69: /tmp/pytest-of-vsts/pytest-0/test_copy_move_False_copy_True0/dst/file.112.txt
70: /tmp/pytest-of-vsts/pytest-0/test_copy_move_False_copy_True0/dst/file.135.txt
71: /tmp/pytest-of-vsts/pytest-0/test_copy_move_False_copy_True0/dst/file.121.txt
72: /tmp/pytest-of-vsts/pytest-0/test_copy_move_False_copy_True0/dst/file.124.txt
73: /tmp/pytest-of-vsts/pytest-0/test_copy_move_False_copy_True0/dst/file.117.txt
74: /tmp/pytest-of-vsts/pytest-0/test_copy_move_False_copy_True0/dst/file.143.txt
75: /tmp/pytest-of-vsts/pytest-0/test_copy_move_False_copy_True0/dst/file.105.txt
76: /tmp/pytest-of-vsts/pytest-0/test_copy_move_False_copy_True0/dst/file.153.txt
77: /tmp/pytest-of-vsts/pytest-0/test_copy_move_False_copy_True0/dst/file.188.txt
78: /tmp/pytest-of-vsts/pytest-0/test_copy_move_False_copy_True0/dst/file.162.txt
79: /tmp/pytest-of-vsts/pytest-0/test_copy_move_False_copy_True0/dst/file.164.txt
80: /tmp/pytest-of-vsts/pytest-0/test_copy_move_False_copy_True0/dst/file.185.txt
81: /tmp/pytest-of-vsts/pytest-0/test_copy_move_False_copy_True0/dst/file.157.txt
82: /tmp/pytest-of-vsts/pytest-0/test_copy_move_False_copy_True0/dst/file.171.txt
83: /tmp/pytest-of-vsts/pytest-0/test_copy_move_False_copy_True0/dst/file.138.txt
84: /tmp/pytest-of-vsts/pytest-0/test_copy_move_False_copy_True0/dst/file.111.txt
85: /tmp/pytest-of-vsts/pytest-0/test_copy_move_False_copy_True0/dst/file.196.txt
86: /tmp/pytest-of-vsts/pytest-0/test_copy_move_False_copy_True0/dst/file.197.txt
87: /tmp/pytest-of-vsts/pytest-0/test_copy_move_False_copy_True0/dst/file.103.txt
88: /tmp/pytest-of-vsts/pytest-0/test_copy_move_False_copy_True0/dst/file.109.txt
89: /tmp/pytest-of-vsts/pytest-0/test_copy_move_False_copy_True0/dst/file.152.txt
90: /tmp/pytest-of-vsts/pytest-0/test_copy_move_False_copy_True0/dst/file.126.txt
91: /tmp/pytest-of-vsts/pytest-0/test_copy_move_False_copy_True0/dst/file.120.txt
92: /tmp/pytest-of-vsts/pytest-0/test_copy_move_False_copy_True0/dst/file.141.txt
93: /tmp/pytest-of-vsts/pytest-0/test_copy_move_False_copy_True0/dst/file.192.txt
94: /tmp/pytest-of-vsts/pytest-0/test_copy_move_False_copy_True0/dst/file.199.txt
95: /tmp/pytest-of-vsts/pytest-0/test_copy_move_False_copy_True0/dst/file.150.txt
96: /tmp/pytest-of-vsts/pytest-0/test_copy_move_False_copy_True0/dst/file.104.txt
97: /tmp/pytest-of-vsts/pytest-0/test_copy_move_False_copy_True0/dst/file.144.txt
98: /tmp/pytest-of-vsts/pytest-0/test_copy_move_False_copy_True0/dst/file.134.txt
99: /tmp/pytest-of-vsts/pytest-0/test_copy_move_False_copy_True0/dst/file.159.txt
100: /tmp/pytest-of-vsts/pytest-0/test_copy_move_False_copy_True0/dst/file.114.txt
101: /tmp/pytest-of-vsts/pytest-0/test_copy_move_False_copy_True0/dst/file.163.txt
</system-out></testcase><testcase classname="zdevelop.tests.test_file_seq.TestSeqDisk" file="zdevelop/tests/test_file_seq.py" line="164" name="test_copy_move[True-move-False]" time="0.054"><system-out>file.###.txt 100 200 0
file.###.txt 100 200 1
file.###.txt 100 200 2
file.###.txt 100 200 3
file.###.txt 100 200 4
file.###.txt 100 200 5
file.###.txt 100 200 6
file.###.txt 100 200 7
file.###.txt 100 200 8
file.###.txt 100 200 9
file.###.txt 100 200 10
file.###.txt 100 200 11
file.###.txt 100 200 12
file.###.txt 100 200 13
file.###.txt 100 200 14
file.###.txt 100 200 15
file.###.txt 100 200 16
file.###.txt 100 200 17
file.###.txt 100 200 18
file.###.txt 100 200 19
file.###.txt 100 200 20
file.###.txt 100 200 21
file.###.txt 100 200 22
file.###.txt 100 200 23
file.###.txt 100 200 24
file.###.txt 100 200 25
file.###.txt 100 200 26
file.###.txt 100 200 27
file.###.txt 100 200 28
file.###.txt 100 200 29
file.###.txt 100 200 30
file.###.txt 100 200 31
file.###.txt 100 200 32
file.###.txt 100 200 33
file.###.txt 100 200 34
file.###.txt 100 200 35
file.###.txt 100 200 36
file.###.txt 100 200 37
file.###.txt 100 200 38
file.###.txt 100 200 39
file.###.txt 100 200 40
file.###.txt 100 200 41
file.###.txt 100 200 42
file.###.txt 100 200 43
file.###.txt 100 200 44
file.###.txt 100 200 45
file.###.txt 100 200 46
file.###.txt 100 200 47
file.###.txt 100 200 48
file.###.txt 100 200 49
file.###.txt 100 200 50
file.###.txt 100 200 51
file.###.txt 100 200 52
file.###.txt 100 200 53
file.###.txt 100 200 54
file.###.txt 100 200 55
file.###.txt 100 200 56
file.###.txt 100 200 57
file.###.txt 100 200 58
file.###.txt 100 200 59
file.###.txt 100 200 60
file.###.txt 100 200 61
file.###.txt 100 200 62
file.###.txt 100 200 63
file.###.txt 100 200 64
file.###.txt 100 200 65
file.###.txt 100 200 66
file.###.txt 100 200 67
file.###.txt 100 200 68
file.###.txt 100 200 69
file.###.txt 100 200 70
file.###.txt 100 200 71
file.###.txt 100 200 72
file.###.txt 100 200 73
file.###.txt 100 200 74
file.###.txt 100 200 75
file.###.txt 100 200 76
file.###.txt 100 200 77
file.###.txt 100 200 78
file.###.txt 100 200 79
file.###.txt 100 200 80
file.###.txt 100 200 81
file.###.txt 100 200 82
file.###.txt 100 200 83
file.###.txt 100 200 84
file.###.txt 100 200 85
file.###.txt 100 200 86
file.###.txt 100 200 87
file.###.txt 100 200 88
file.###.txt 100 200 89
file.###.txt 100 200 90
file.###.txt 100 200 91
file.###.txt 100 200 92
file.###.txt 100 200 93
file.###.txt 100 200 94
file.###.txt 100 200 95
file.###.txt 100 200 96
file.###.txt 100 200 97
file.###.txt 100 200 98
file.###.txt 100 200 99
file.###.txt 100 200 100
file.###.txt 100 200 0
file.###.txt 100 200 0
file.###.txt 100 200 0
False /tmp/pytest-of-vsts/pytest-0/test_copy_move_True_move_False0/src/file.100.txt
file.###.txt 100 200 1
False /tmp/pytest-of-vsts/pytest-0/test_copy_move_True_move_False0/src/file.101.txt
file.###.txt 100 200 2
False /tmp/pytest-of-vsts/pytest-0/test_copy_move_True_move_False0/src/file.102.txt
file.###.txt 100 200 3
False /tmp/pytest-of-vsts/pytest-0/test_copy_move_True_move_False0/src/file.103.txt
file.###.txt 100 200 4
False /tmp/pytest-of-vsts/pytest-0/test_copy_move_True_move_False0/src/file.104.txt
file.###.txt 100 200 5
False /tmp/pytest-of-vsts/pytest-0/test_copy_move_True_move_False0/src/file.105.txt
file.###.txt 100 200 6
False /tmp/pytest-of-vsts/pytest-0/test_copy_move_True_move_False0/src/file.106.txt
file.###.txt 100 200 7
False /tmp/pytest-of-vsts/pytest-0/test_copy_move_True_move_False0/src/file.107.txt
file.###.txt 100 200 8
False /tmp/pytest-of-vsts/pytest-0/test_copy_move_True_move_False0/src/file.108.txt
file.###.txt 100 200 9
False /tmp/pytest-of-vsts/pytest-0/test_copy_move_True_move_False0/src/file.109.txt
file.###.txt 100 200 10
False /tmp/pytest-of-vsts/pytest-0/test_copy_move_True_move_False0/src/file.110.txt
file.###.txt 100 200 11
False /tmp/pytest-of-vsts/pytest-0/test_copy_move_True_move_False0/src/file.111.txt
file.###.txt 100 200 12
False /tmp/pytest-of-vsts/pytest-0/test_copy_move_True_move_False0/src/file.112.txt
file.###.txt 100 200 13
False /tmp/pytest-of-vsts/pytest-0/test_copy_move_True_move_False0/src/file.113.txt
file.###.txt 100 200 14
False /tmp/pytest-of-vsts/pytest-0/test_copy_move_True_move_False0/src/file.114.txt
file.###.txt 100 200 15
False /tmp/pytest-of-vsts/pytest-0/test_copy_move_True_move_False0/src/file.115.txt
file.###.txt 100 200 16
False /tmp/pytest-of-vsts/pytest-0/test_copy_move_True_move_False0/src/file.116.txt
file.###.txt 100 200 17
False /tmp/pytest-of-vsts/pytest-0/test_copy_move_True_move_False0/src/file.117.txt
file.###.txt 100 200 18
False /tmp/pytest-of-vsts/pytest-0/test_copy_move_True_move_False0/src/file.118.txt
file.###.txt 100 200 19
False /tmp/pytest-of-vsts/pytest-0/test_copy_move_True_move_False0/src/file.119.txt
file.###.txt 100 200 20
False /tmp/pytest-of-vsts/pytest-0/test_copy_move_True_move_False0/src/file.120.txt
file.###.txt 100 200 21
False /tmp/pytest-of-vsts/pytest-0/test_copy_move_True_move_False0/src/file.121.txt
file.###.txt 100 200 22
False /tmp/pytest-of-vsts/pytest-0/test_copy_move_True_move_False0/src/file.122.txt
file.###.txt 100 200 23
False /tmp/pytest-of-vsts/pytest-0/test_copy_move_True_move_False0/src/file.123.txt
file.###.txt 100 200 24
False /tmp/pytest-of-vsts/pytest-0/test_copy_move_True_move_False0/src/file.124.txt
file.###.txt 100 200 25
False /tmp/pytest-of-vsts/pytest-0/test_copy_move_True_move_False0/src/file.125.txt
file.###.txt 100 200 26
False /tmp/pytest-of-vsts/pytest-0/test_copy_move_True_move_False0/src/file.126.txt
file.###.txt 100 200 27
False /tmp/pytest-of-vsts/pytest-0/test_copy_move_True_move_False0/src/file.127.txt
file.###.txt 100 200 28
False /tmp/pytest-of-vsts/pytest-0/test_copy_move_True_move_False0/src/file.128.txt
file.###.txt 100 200 29
False /tmp/pytest-of-vsts/pytest-0/test_copy_move_True_move_False0/src/file.129.txt
file.###.txt 100 200 30
False /tmp/pytest-of-vsts/pytest-0/test_copy_move_True_move_False0/src/file.130.txt
file.###.txt 100 200 31
False /tmp/pytest-of-vsts/pytest-0/test_copy_move_True_move_False0/src/file.131.txt
file.###.txt 100 200 32
False /tmp/pytest-of-vsts/pytest-0/test_copy_move_True_move_False0/src/file.132.txt
file.###.txt 100 200 33
False /tmp/pytest-of-vsts/pytest-0/test_copy_move_True_move_False0/src/file.133.txt
file.###.txt 100 200 34
False /tmp/pytest-of-vsts/pytest-0/test_copy_move_True_move_False0/src/file.134.txt
file.###.txt 100 200 35
False /tmp/pytest-of-vsts/pytest-0/test_copy_move_True_move_False0/src/file.135.txt
file.###.txt 100 200 36
False /tmp/pytest-of-vsts/pytest-0/test_copy_move_True_move_False0/src/file.136.txt
file.###.txt 100 200 37
False /tmp/pytest-of-vsts/pytest-0/test_copy_move_True_move_False0/src/file.137.txt
file.###.txt 100 200 38
False /tmp/pytest-of-vsts/pytest-0/test_copy_move_True_move_False0/src/file.138.txt
file.###.txt 100 200 39
False /tmp/pytest-of-vsts/pytest-0/test_copy_move_True_move_False0/src/file.139.txt
file.###.txt 100 200 40
False /tmp/pytest-of-vsts/pytest-0/test_copy_move_True_move_False0/src/file.140.txt
file.###.txt 100 200 41
False /tmp/pytest-of-vsts/pytest-0/test_copy_move_True_move_False0/src/file.141.txt
file.###.txt 100 200 42
False /tmp/pytest-of-vsts/pytest-0/test_copy_move_True_move_False0/src/file.142.txt
file.###.txt 100 200 43
False /tmp/pytest-of-vsts/pytest-0/test_copy_move_True_move_False0/src/file.143.txt
file.###.txt 100 200 44
False /tmp/pytest-of-vsts/pytest-0/test_copy_move_True_move_False0/src/file.144.txt
file.###.txt 100 200 45
False /tmp/pytest-of-vsts/pytest-0/test_copy_move_True_move_False0/src/file.145.txt
file.###.txt 100 200 46
False /tmp/pytest-of-vsts/pytest-0/test_copy_move_True_move_False0/src/file.146.txt
file.###.txt 100 200 47
False /tmp/pytest-of-vsts/pytest-0/test_copy_move_True_move_False0/src/file.147.txt
file.###.txt 100 200 48
False /tmp/pytest-of-vsts/pytest-0/test_copy_move_True_move_False0/src/file.148.txt
file.###.txt 100 200 49
False /tmp/pytest-of-vsts/pytest-0/test_copy_move_True_move_False0/src/file.149.txt
file.###.txt 100 200 50
False /tmp/pytest-of-vsts/pytest-0/test_copy_move_True_move_False0/src/file.150.txt
file.###.txt 100 200 51
False /tmp/pytest-of-vsts/pytest-0/test_copy_move_True_move_False0/src/file.151.txt
file.###.txt 100 200 52
False /tmp/pytest-of-vsts/pytest-0/test_copy_move_True_move_False0/src/file.152.txt
file.###.txt 100 200 53
False /tmp/pytest-of-vsts/pytest-0/test_copy_move_True_move_False0/src/file.153.txt
file.###.txt 100 200 54
False /tmp/pytest-of-vsts/pytest-0/test_copy_move_True_move_False0/src/file.154.txt
file.###.txt 100 200 55
False /tmp/pytest-of-vsts/pytest-0/test_copy_move_True_move_False0/src/file.155.txt
file.###.txt 100 200 56
False /tmp/pytest-of-vsts/pytest-0/test_copy_move_True_move_False0/src/file.156.txt
file.###.txt 100 200 57
False /tmp/pytest-of-vsts/pytest-0/test_copy_move_True_move_False0/src/file.157.txt
file.###.txt 100 200 58
False /tmp/pytest-of-vsts/pytest-0/test_copy_move_True_move_False0/src/file.158.txt
file.###.txt 100 200 59
False /tmp/pytest-of-vsts/pytest-0/test_copy_move_True_move_False0/src/file.159.txt
file.###.txt 100 200 60
False /tmp/pytest-of-vsts/pytest-0/test_copy_move_True_move_False0/src/file.160.txt
file.###.txt 100 200 61
False /tmp/pytest-of-vsts/pytest-0/test_copy_move_True_move_False0/src/file.161.txt
file.###.txt 100 200 62
False /tmp/pytest-of-vsts/pytest-0/test_copy_move_True_move_False0/src/file.162.txt
file.###.txt 100 200 63
False /tmp/pytest-of-vsts/pytest-0/test_copy_move_True_move_False0/src/file.163.txt
file.###.txt 100 200 64
False /tmp/pytest-of-vsts/pytest-0/test_copy_move_True_move_False0/src/file.164.txt
file.###.txt 100 200 65
False /tmp/pytest-of-vsts/pytest-0/test_copy_move_True_move_False0/src/file.165.txt
file.###.txt 100 200 66
False /tmp/pytest-of-vsts/pytest-0/test_copy_move_True_move_False0/src/file.166.txt
file.###.txt 100 200 67
False /tmp/pytest-of-vsts/pytest-0/test_copy_move_True_move_False0/src/file.167.txt
file.###.txt 100 200 68
False /tmp/pytest-of-vsts/pytest-0/test_copy_move_True_move_False0/src/file.168.txt
file.###.txt 100 200 69
False /tmp/pytest-of-vsts/pytest-0/test_copy_move_True_move_False0/src/file.169.txt
file.###.txt 100 200 70
False /tmp/pytest-of-vsts/pytest-0/test_copy_move_True_move_False0/src/file.170.txt
file.###.txt 100 200 71
False /tmp/pytest-of-vsts/pytest-0/test_copy_move_True_move_False0/src/file.171.txt
file.###.txt 100 200 72
False /tmp/pytest-of-vsts/pytest-0/test_copy_move_True_move_False0/src/file.172.txt
file.###.txt 100 200 73
False /tmp/pytest-of-vsts/pytest-0/test_copy_move_True_move_False0/src/file.173.txt
file.###.txt 100 200 74
False /tmp/pytest-of-vsts/pytest-0/test_copy_move_True_move_False0/src/file.174.txt
file.###.txt 100 200 75
False /tmp/pytest-of-vsts/pytest-0/test_copy_move_True_move_False0/src/file.175.txt
file.###.txt 100 200 76
False /tmp/pytest-of-vsts/pytest-0/test_copy_move_True_move_False0/src/file.176.txt
file.###.txt 100 200 77
False /tmp/pytest-of-vsts/pytest-0/test_copy_move_True_move_False0/src/file.177.txt
file.###.txt 100 200 78
False /tmp/pytest-of-vsts/pytest-0/test_copy_move_True_move_False0/src/file.178.txt
file.###.txt 100 200 79
False /tmp/pytest-of-vsts/pytest-0/test_copy_move_True_move_False0/src/file.179.txt
file.###.txt 100 200 80
False /tmp/pytest-of-vsts/pytest-0/test_copy_move_True_move_False0/src/file.180.txt
file.###.txt 100 200 81
False /tmp/pytest-of-vsts/pytest-0/test_copy_move_True_move_False0/src/file.181.txt
file.###.txt 100 200 82
False /tmp/pytest-of-vsts/pytest-0/test_copy_move_True_move_False0/src/file.182.txt
file.###.txt 100 200 83
False /tmp/pytest-of-vsts/pytest-0/test_copy_move_True_move_False0/src/file.183.txt
file.###.txt 100 200 84
False /tmp/pytest-of-vsts/pytest-0/test_copy_move_True_move_False0/src/file.184.txt
file.###.txt 100 200 85
False /tmp/pytest-of-vsts/pytest-0/test_copy_move_True_move_False0/src/file.185.txt
file.###.txt 100 200 86
False /tmp/pytest-of-vsts/pytest-0/test_copy_move_True_move_False0/src/file.186.txt
file.###.txt 100 200 87
False /tmp/pytest-of-vsts/pytest-0/test_copy_move_True_move_False0/src/file.187.txt
file.###.txt 100 200 88
False /tmp/pytest-of-vsts/pytest-0/test_copy_move_True_move_False0/src/file.188.txt
file.###.txt 100 200 89
False /tmp/pytest-of-vsts/pytest-0/test_copy_move_True_move_False0/src/file.189.txt
file.###.txt 100 200 90
False /tmp/pytest-of-vsts/pytest-0/test_copy_move_True_move_False0/src/file.190.txt
file.###.txt 100 200 91
False /tmp/pytest-of-vsts/pytest-0/test_copy_move_True_move_False0/src/file.191.txt
file.###.txt 100 200 92
False /tmp/pytest-of-vsts/pytest-0/test_copy_move_True_move_False0/src/file.192.txt
file.###.txt 100 200 93
False /tmp/pytest-of-vsts/pytest-0/test_copy_move_True_move_False0/src/file.193.txt
file.###.txt 100 200 94
False /tmp/pytest-of-vsts/pytest-0/test_copy_move_True_move_False0/src/file.194.txt
file.###.txt 100 200 95
False /tmp/pytest-of-vsts/pytest-0/test_copy_move_True_move_False0/src/file.195.txt
file.###.txt 100 200 96
False /tmp/pytest-of-vsts/pytest-0/test_copy_move_True_move_False0/src/file.196.txt
file.###.txt 100 200 97
False /tmp/pytest-of-vsts/pytest-0/test_copy_move_True_move_False0/src/file.197.txt
file.###.txt 100 200 98
False /tmp/pytest-of-vsts/pytest-0/test_copy_move_True_move_False0/src/file.198.txt
file.###.txt 100 200 99
False /tmp/pytest-of-vsts/pytest-0/test_copy_move_True_move_False0/src/file.199.txt
file.###.txt 100 200 100
False /tmp/pytest-of-vsts/pytest-0/test_copy_move_True_move_False0/src/file.200.txt
file.###.txt 100 200 0
file.###.txt 100 200 1
file.###.txt 100 200 2
file.###.txt 100 200 3
file.###.txt 100 200 4
file.###.txt 100 200 5
file.###.txt 100 200 6
file.###.txt 100 200 7
file.###.txt 100 200 8
file.###.txt 100 200 9
file.###.txt 100 200 10
file.###.txt 100 200 11
file.###.txt 100 200 12
file.###.txt 100 200 13
file.###.txt 100 200 14
file.###.txt 100 200 15
file.###.txt 100 200 16
file.###.txt 100 200 17
file.###.txt 100 200 18
file.###.txt 100 200 19
file.###.txt 100 200 20
file.###.txt 100 200 21
file.###.txt 100 200 22
file.###.txt 100 200 23
file.###.txt 100 200 24
file.###.txt 100 200 25
file.###.txt 100 200 26
file.###.txt 100 200 27
file.###.txt 100 200 28
file.###.txt 100 200 29
file.###.txt 100 200 30
file.###.txt 100 200 31
file.###.txt 100 200 32
file.###.txt 100 200 33
file.###.txt 100 200 34
file.###.txt 100 200 35
file.###.txt 100 200 36
file.###.txt 100 200 37
file.###.txt 100 200 38
file.###.txt 100 200 39
file.###.txt 100 200 40
file.###.txt 100 200 41
file.###.txt 100 200 42
file.###.txt 100 200 43
file.###.txt 100 200 44
file.###.txt 100 200 45
file.###.txt 100 200 46
file.###.txt 100 200 47
file.###.txt 100 200 48
file.###.txt 100 200 49
file.###.txt 100 200 50
file.###.txt 100 200 51
file.###.txt 100 200 52
file.###.txt 100 200 53
file.###.txt 100 200 54
file.###.txt 100 200 55
file.###.txt 100 200 56
file.###.txt 100 200 57
file.###.txt 100 200 58
file.###.txt 100 200 59
file.###.txt 100 200 60
file.###.txt 100 200 61
file.###.txt 100 200 62
file.###.txt 100 200 63
file.###.txt 100 200 64
file.###.txt 100 200 65
file.###.txt 100 200 66
file.###.txt 100 200 67
file.###.txt 100 200 68
file.###.txt 100 200 69
file.###.txt 100 200 70
file.###.txt 100 200 71
file.###.txt 100 200 72
file.###.txt 100 200 73
file.###.txt 100 200 74
file.###.txt 100 200 75
file.###.txt 100 200 76
file.###.txt 100 200 77
file.###.txt 100 200 78
file.###.txt 100 200 79
file.###.txt 100 200 80
file.###.txt 100 200 81
file.###.txt 100 200 82
file.###.txt 100 200 83
file.###.txt 100 200 84
file.###.txt 100 200 85
file.###.txt 100 200 86
file.###.txt 100 200 87
file.###.txt 100 200 88
file.###.txt 100 200 89
file.###.txt 100 200 90
file.###.txt 100 200 91
file.###.txt 100 200 92
file.###.txt 100 200 93
file.###.txt 100 200 94
file.###.txt 100 200 95
file.###.txt 100 200 96
file.###.txt 100 200 97
file.###.txt 100 200 98
file.###.txt 100 200 99
file.###.txt 100 200 100
Source Dir ls:
file.###.txt 100 200 0
-----------
Destination Dir ls:
1: /tmp/pytest-of-vsts/pytest-0/test_copy_move_True_move_False0/dst/file.123.txt
2: /tmp/pytest-of-vsts/pytest-0/test_copy_move_True_move_False0/dst/file.116.txt
3: /tmp/pytest-of-vsts/pytest-0/test_copy_move_True_move_False0/dst/file.140.txt
4: /tmp/pytest-of-vsts/pytest-0/test_copy_move_True_move_False0/dst/file.182.txt
5: /tmp/pytest-of-vsts/pytest-0/test_copy_move_True_move_False0/dst/file.181.txt
6: /tmp/pytest-of-vsts/pytest-0/test_copy_move_True_move_False0/dst/file.180.txt
7: /tmp/pytest-of-vsts/pytest-0/test_copy_move_True_move_False0/dst/file.101.txt
8: /tmp/pytest-of-vsts/pytest-0/test_copy_move_True_move_False0/dst/file.166.txt
9: /tmp/pytest-of-vsts/pytest-0/test_copy_move_True_move_False0/dst/file.167.txt
10: /tmp/pytest-of-vsts/pytest-0/test_copy_move_True_move_False0/dst/file.191.txt
11: /tmp/pytest-of-vsts/pytest-0/test_copy_move_True_move_False0/dst/file.113.txt
12: /tmp/pytest-of-vsts/pytest-0/test_copy_move_True_move_False0/dst/file.122.txt
13: /tmp/pytest-of-vsts/pytest-0/test_copy_move_True_move_False0/dst/file.110.txt
14: /tmp/pytest-of-vsts/pytest-0/test_copy_move_True_move_False0/dst/file.148.txt
15: /tmp/pytest-of-vsts/pytest-0/test_copy_move_True_move_False0/dst/file.154.txt
16: /tmp/pytest-of-vsts/pytest-0/test_copy_move_True_move_False0/dst/file.200.txt
17: /tmp/pytest-of-vsts/pytest-0/test_copy_move_True_move_False0/dst/file.177.txt
18: /tmp/pytest-of-vsts/pytest-0/test_copy_move_True_move_False0/dst/file.186.txt
19: /tmp/pytest-of-vsts/pytest-0/test_copy_move_True_move_False0/dst/file.115.txt
20: /tmp/pytest-of-vsts/pytest-0/test_copy_move_True_move_False0/dst/file.190.txt
21: /tmp/pytest-of-vsts/pytest-0/test_copy_move_True_move_False0/dst/file.119.txt
22: /tmp/pytest-of-vsts/pytest-0/test_copy_move_True_move_False0/dst/file.151.txt
23: /tmp/pytest-of-vsts/pytest-0/test_copy_move_True_move_False0/dst/file.195.txt
24: /tmp/pytest-of-vsts/pytest-0/test_copy_move_True_move_False0/dst/file.169.txt
25: /tmp/pytest-of-vsts/pytest-0/test_copy_move_True_move_False0/dst/file.149.txt
26: /tmp/pytest-of-vsts/pytest-0/test_copy_move_True_move_False0/dst/file.128.txt
27: /tmp/pytest-of-vsts/pytest-0/test_copy_move_True_move_False0/dst/file.198.txt
28: /tmp/pytest-of-vsts/pytest-0/test_copy_move_True_move_False0/dst/file.118.txt
29: /tmp/pytest-of-vsts/pytest-0/test_copy_move_True_move_False0/dst/file.139.txt
30: /tmp/pytest-of-vsts/pytest-0/test_copy_move_True_move_False0/dst/file.129.txt
31: /tmp/pytest-of-vsts/pytest-0/test_copy_move_True_move_False0/dst/file.106.txt
32: /tmp/pytest-of-vsts/pytest-0/test_copy_move_True_move_False0/dst/file.147.txt
33: /tmp/pytest-of-vsts/pytest-0/test_copy_move_True_move_False0/dst/file.184.txt
34: /tmp/pytest-of-vsts/pytest-0/test_copy_move_True_move_False0/dst/file.170.txt
35: /tmp/pytest-of-vsts/pytest-0/test_copy_move_True_move_False0/dst/file.165.txt
36: /tmp/pytest-of-vsts/pytest-0/test_copy_move_True_move_False0/dst/file.161.txt
37: /tmp/pytest-of-vsts/pytest-0/test_copy_move_True_move_False0/dst/file.160.txt
38: /tmp/pytest-of-vsts/pytest-0/test_copy_move_True_move_False0/dst/file.132.txt
39: /tmp/pytest-of-vsts/pytest-0/test_copy_move_True_move_False0/dst/file.100.txt
40: /tmp/pytest-of-vsts/pytest-0/test_copy_move_True_move_False0/dst/file.187.txt
41: /tmp/pytest-of-vsts/pytest-0/test_copy_move_True_move_False0/dst/file.108.txt
42: /tmp/pytest-of-vsts/pytest-0/test_copy_move_True_move_False0/dst/file.102.txt
43: /tmp/pytest-of-vsts/pytest-0/test_copy_move_True_move_False0/dst/file.130.txt
44: /tmp/pytest-of-vsts/pytest-0/test_copy_move_True_move_False0/dst/file.172.txt
45: /tmp/pytest-of-vsts/pytest-0/test_copy_move_True_move_False0/dst/file.178.txt
46: /tmp/pytest-of-vsts/pytest-0/test_copy_move_True_move_False0/dst/file.176.txt
47: /tmp/pytest-of-vsts/pytest-0/test_copy_move_True_move_False0/dst/file.175.txt
48: /tmp/pytest-of-vsts/pytest-0/test_copy_move_True_move_False0/dst/file.189.txt
49: /tmp/pytest-of-vsts/pytest-0/test_copy_move_True_move_False0/dst/file.136.txt
50: /tmp/pytest-of-vsts/pytest-0/test_copy_move_True_move_False0/dst/file.131.txt
51: /tmp/pytest-of-vsts/pytest-0/test_copy_move_True_move_False0/dst/file.142.txt
52: /tmp/pytest-of-vsts/pytest-0/test_copy_move_True_move_False0/dst/file.127.txt
53: /tmp/pytest-of-vsts/pytest-0/test_copy_move_True_move_False0/dst/file.145.txt
54: /tmp/pytest-of-vsts/pytest-0/test_copy_move_True_move_False0/dst/file.168.txt
55: /tmp/pytest-of-vsts/pytest-0/test_copy_move_True_move_False0/dst/file.174.txt
56: /tmp/pytest-of-vsts/pytest-0/test_copy_move_True_move_False0/dst/file.107.txt
57: /tmp/pytest-of-vsts/pytest-0/test_copy_move_True_move_False0/dst/file.125.txt
58: /tmp/pytest-of-vsts/pytest-0/test_copy_move_True_move_False0/dst/file.146.txt
59: /tmp/pytest-of-vsts/pytest-0/test_copy_move_True_move_False0/dst/file.193.txt
60: /tmp/pytest-of-vsts/pytest-0/test_copy_move_True_move_False0/dst/file.194.txt
61: /tmp/pytest-of-vsts/pytest-0/test_copy_move_True_move_False0/dst/file.158.txt
62: /tmp/pytest-of-vsts/pytest-0/test_copy_move_True_move_False0/dst/file.133.txt
63: /tmp/pytest-of-vsts/pytest-0/test_copy_move_True_move_False0/dst/file.137.txt
64: /tmp/pytest-of-vsts/pytest-0/test_copy_move_True_move_False0/dst/file.183.txt
65: /tmp/pytest-of-vsts/pytest-0/test_copy_move_True_move_False0/dst/file.156.txt
66: /tmp/pytest-of-vsts/pytest-0/test_copy_move_True_move_False0/dst/file.155.txt
67: /tmp/pytest-of-vsts/pytest-0/test_copy_move_True_move_False0/dst/file.179.txt
68: /tmp/pytest-of-vsts/pytest-0/test_copy_move_True_move_False0/dst/file.173.txt
69: /tmp/pytest-of-vsts/pytest-0/test_copy_move_True_move_False0/dst/file.112.txt
70: /tmp/pytest-of-vsts/pytest-0/test_copy_move_True_move_False0/dst/file.135.txt
71: /tmp/pytest-of-vsts/pytest-0/test_copy_move_True_move_False0/dst/file.121.txt
72: /tmp/pytest-of-vsts/pytest-0/test_copy_move_True_move_False0/dst/file.124.txt
73: /tmp/pytest-of-vsts/pytest-0/test_copy_move_True_move_False0/dst/file.117.txt
74: /tmp/pytest-of-vsts/pytest-0/test_copy_move_True_move_False0/dst/file.143.txt
75: /tmp/pytest-of-vsts/pytest-0/test_copy_move_True_move_False0/dst/file.105.txt
76: /tmp/pytest-of-vsts/pytest-0/test_copy_move_True_move_False0/dst/file.153.txt
77: /tmp/pytest-of-vsts/pytest-0/test_copy_move_True_move_False0/dst/file.188.txt
78: /tmp/pytest-of-vsts/pytest-0/test_copy_move_True_move_False0/dst/file.162.txt
79: /tmp/pytest-of-vsts/pytest-0/test_copy_move_True_move_False0/dst/file.164.txt
80: /tmp/pytest-of-vsts/pytest-0/test_copy_move_True_move_False0/dst/file.185.txt
81: /tmp/pytest-of-vsts/pytest-0/test_copy_move_True_move_False0/dst/file.157.txt
82: /tmp/pytest-of-vsts/pytest-0/test_copy_move_True_move_False0/dst/file.171.txt
83: /tmp/pytest-of-vsts/pytest-0/test_copy_move_True_move_False0/dst/file.138.txt
84: /tmp/pytest-of-vsts/pytest-0/test_copy_move_True_move_False0/dst/file.111.txt
85: /tmp/pytest-of-vsts/pytest-0/test_copy_move_True_move_False0/dst/file.196.txt
86: /tmp/pytest-of-vsts/pytest-0/test_copy_move_True_move_False0/dst/file.197.txt
87: /tmp/pytest-of-vsts/pytest-0/test_copy_move_True_move_False0/dst/file.103.txt
88: /tmp/pytest-of-vsts/pytest-0/test_copy_move_True_move_False0/dst/file.109.txt
89: /tmp/pytest-of-vsts/pytest-0/test_copy_move_True_move_False0/dst/file.152.txt
90: /tmp/pytest-of-vsts/pytest-0/test_copy_move_True_move_False0/dst/file.126.txt
91: /tmp/pytest-of-vsts/pytest-0/test_copy_move_True_move_False0/dst/file.120.txt
92: /tmp/pytest-of-vsts/pytest-0/test_copy_move_True_move_False0/dst/file.141.txt
93: /tmp/pytest-of-vsts/pytest-0/test_copy_move_True_move_False0/dst/file.192.txt
94: /tmp/pytest-of-vsts/pytest-0/test_copy_move_True_move_False0/dst/file.199.txt
95: /tmp/pytest-of-vsts/pytest-0/test_copy_move_True_move_False0/dst/file.150.txt
96: /tmp/pytest-of-vsts/pytest-0/test_copy_move_True_move_False0/dst/file.104.txt
97: /tmp/pytest-of-vsts/pytest-0/test_copy_move_True_move_False0/dst/file.144.txt
98: /tmp/pytest-of-vsts/pytest-0/test_copy_move_True_move_False0/dst/file.134.txt
99: /tmp/pytest-of-vsts/pytest-0/test_copy_move_True_move_False0/dst/file.159.txt
100: /tmp/pytest-of-vsts/pytest-0/test_copy_move_True_move_False0/dst/file.114.txt
101: /tmp/pytest-of-vsts/pytest-0/test_copy_move_True_move_False0/dst/file.163.txt
</system-out></testcase><testcase classname="zdevelop.tests.test_file_seq.TestSeqDisk" file="zdevelop/tests/test_file_seq.py" line="164" name="test_copy_move[True-copy-True]" time="0.063"><system-out>file.###.txt 100 200 0
file.###.txt 100 200 1
file.###.txt 100 200 2
file.###.txt 100 200 3
file.###.txt 100 200 4
file.###.txt 100 200 5
file.###.txt 100 200 6
file.###.txt 100 200 7
file.###.txt 100 200 8
file.###.txt 100 200 9
file.###.txt 100 200 10
file.###.txt 100 200 11
file.###.txt 100 200 12
file.###.txt 100 200 13
file.###.txt 100 200 14
file.###.txt 100 200 15
file.###.txt 100 200 16
file.###.txt 100 200 17
file.###.txt 100 200 18
file.###.txt 100 200 19
file.###.txt 100 200 20
file.###.txt 100 200 21
file.###.txt 100 200 22
file.###.txt 100 200 23
file.###.txt 100 200 24
file.###.txt 100 200 25
file.###.txt 100 200 26
file.###.txt 100 200 27
file.###.txt 100 200 28
file.###.txt 100 200 29
file.###.txt 100 200 30
file.###.txt 100 200 31
file.###.txt 100 200 32
file.###.txt 100 200 33
file.###.txt 100 200 34
file.###.txt 100 200 35
file.###.txt 100 200 36
file.###.txt 100 200 37
file.###.txt 100 200 38
file.###.txt 100 200 39
file.###.txt 100 200 40
file.###.txt 100 200 41
file.###.txt 100 200 42
file.###.txt 100 200 43
file.###.txt 100 200 44
file.###.txt 100 200 45
file.###.txt 100 200 46
file.###.txt 100 200 47
file.###.txt 100 200 48
file.###.txt 100 200 49
file.###.txt 100 200 50
file.###.txt 100 200 51
file.###.txt 100 200 52
file.###.txt 100 200 53
file.###.txt 100 200 54
file.###.txt 100 200 55
file.###.txt 100 200 56
file.###.txt 100 200 57
file.###.txt 100 200 58
file.###.txt 100 200 59
file.###.txt 100 200 60
file.###.txt 100 200 61
file.###.txt 100 200 62
file.###.txt 100 200 63
file.###.txt 100 200 64
file.###.txt 100 200 65
file.###.txt 100 200 66
file.###.txt 100 200 67
file.###.txt 100 200 68
file.###.txt 100 200 69
file.###.txt 100 200 70
file.###.txt 100 200 71
file.###.txt 100 200 72
file.###.txt 100 200 73
file.###.txt 100 200 74
file.###.txt 100 200 75
file.###.txt 100 200 76
file.###.txt 100 200 77
file.###.txt 100 200 78
file.###.txt 100 200 79
file.###.txt 100 200 80
file.###.txt 100 200 81
file.###.txt 100 200 82
file.###.txt 100 200 83
file.###.txt 100 200 84
file.###.txt 100 200 85
file.###.txt 100 200 86
file.###.txt 100 200 87
file.###.txt 100 200 88
file.###.txt 100 200 89
file.###.txt 100 200 90
file.###.txt 100 200 91
file.###.txt 100 200 92
file.###.txt 100 200 93
file.###.txt 100 200 94
file.###.txt 100 200 95
file.###.txt 100 200 96
file.###.txt 100 200 97
file.###.txt 100 200 98
file.###.txt 100 200 99
file.###.txt 100 200 100
file.###.txt 100 200 0
file.###.txt 100 200 0
file.###.txt 100 200 0
True /tmp/pytest-of-vsts/pytest-0/test_copy_move_True_copy_True_0/src/file.100.txt
file.###.txt 100 200 1
True /tmp/pytest-of-vsts/pytest-0/test_copy_move_True_copy_True_0/src/file.101.txt
file.###.txt 100 200 2
True /tmp/pytest-of-vsts/pytest-0/test_copy_move_True_copy_True_0/src/file.102.txt
file.###.txt 100 200 3
True /tmp/pytest-of-vsts/pytest-0/test_copy_move_True_copy_True_0/src/file.103.txt
file.###.txt 100 200 4
True /tmp/pytest-of-vsts/pytest-0/test_copy_move_True_copy_True_0/src/file.104.txt
file.###.txt 100 200 5
True /tmp/pytest-of-vsts/pytest-0/test_copy_move_True_copy_True_0/src/file.105.txt
file.###.txt 100 200 6
True /tmp/pytest-of-vsts/pytest-0/test_copy_move_True_copy_True_0/src/file.106.txt
file.###.txt 100 200 7
True /tmp/pytest-of-vsts/pytest-0/test_copy_move_True_copy_True_0/src/file.107.txt
file.###.txt 100 200 8
True /tmp/pytest-of-vsts/pytest-0/test_copy_move_True_copy_True_0/src/file.108.txt
file.###.txt 100 200 9
True /tmp/pytest-of-vsts/pytest-0/test_copy_move_True_copy_True_0/src/file.109.txt
file.###.txt 100 200 10
True /tmp/pytest-of-vsts/pytest-0/test_copy_move_True_copy_True_0/src/file.110.txt
file.###.txt 100 200 11
True /tmp/pytest-of-vsts/pytest-0/test_copy_move_True_copy_True_0/src/file.111.txt
file.###.txt 100 200 12
True /tmp/pytest-of-vsts/pytest-0/test_copy_move_True_copy_True_0/src/file.112.txt
file.###.txt 100 200 13
True /tmp/pytest-of-vsts/pytest-0/test_copy_move_True_copy_True_0/src/file.113.txt
file.###.txt 100 200 14
True /tmp/pytest-of-vsts/pytest-0/test_copy_move_True_copy_True_0/src/file.114.txt
file.###.txt 100 200 15
True /tmp/pytest-of-vsts/pytest-0/test_copy_move_True_copy_True_0/src/file.115.txt
file.###.txt 100 200 16
True /tmp/pytest-of-vsts/pytest-0/test_copy_move_True_copy_True_0/src/file.116.txt
file.###.txt 100 200 17
True /tmp/pytest-of-vsts/pytest-0/test_copy_move_True_copy_True_0/src/file.117.txt
file.###.txt 100 200 18
True /tmp/pytest-of-vsts/pytest-0/test_copy_move_True_copy_True_0/src/file.118.txt
file.###.txt 100 200 19
True /tmp/pytest-of-vsts/pytest-0/test_copy_move_True_copy_True_0/src/file.119.txt
file.###.txt 100 200 20
True /tmp/pytest-of-vsts/pytest-0/test_copy_move_True_copy_True_0/src/file.120.txt
file.###.txt 100 200 21
True /tmp/pytest-of-vsts/pytest-0/test_copy_move_True_copy_True_0/src/file.121.txt
file.###.txt 100 200 22
True /tmp/pytest-of-vsts/pytest-0/test_copy_move_True_copy_True_0/src/file.122.txt
file.###.txt 100 200 23
True /tmp/pytest-of-vsts/pytest-0/test_copy_move_True_copy_True_0/src/file.123.txt
file.###.txt 100 200 24
True /tmp/pytest-of-vsts/pytest-0/test_copy_move_True_copy_True_0/src/file.124.txt
file.###.txt 100 200 25
True /tmp/pytest-of-vsts/pytest-0/test_copy_move_True_copy_True_0/src/file.125.txt
file.###.txt 100 200 26
True /tmp/pytest-of-vsts/pytest-0/test_copy_move_True_copy_True_0/src/file.126.txt
file.###.txt 100 200 27
True /tmp/pytest-of-vsts/pytest-0/test_copy_move_True_copy_True_0/src/file.127.txt
file.###.txt 100 200 28
True /tmp/pytest-of-vsts/pytest-0/test_copy_move_True_copy_True_0/src/file.128.txt
file.###.txt 100 200 29
True /tmp/pytest-of-vsts/pytest-0/test_copy_move_True_copy_True_0/src/file.129.txt
file.###.txt 100 200 30
True /tmp/pytest-of-vsts/pytest-0/test_copy_move_True_copy_True_0/src/file.130.txt
file.###.txt 100 200 31
True /tmp/pytest-of-vsts/pytest-0/test_copy_move_True_copy_True_0/src/file.131.txt
file.###.txt 100 200 32
True /tmp/pytest-of-vsts/pytest-0/test_copy_move_True_copy_True_0/src/file.132.txt
file.###.txt 100 200 33
True /tmp/pytest-of-vsts/pytest-0/test_copy_move_True_copy_True_0/src/file.133.txt
file.###.txt 100 200 34
True /tmp/pytest-of-vsts/pytest-0/test_copy_move_True_copy_True_0/src/file.134.txt
file.###.txt 100 200 35
True /tmp/pytest-of-vsts/pytest-0/test_copy_move_True_copy_True_0/src/file.135.txt
file.###.txt 100 200 36
True /tmp/pytest-of-vsts/pytest-0/test_copy_move_True_copy_True_0/src/file.136.txt
file.###.txt 100 200 37
True /tmp/pytest-of-vsts/pytest-0/test_copy_move_True_copy_True_0/src/file.137.txt
file.###.txt 100 200 38
True /tmp/pytest-of-vsts/pytest-0/test_copy_move_True_copy_True_0/src/file.138.txt
file.###.txt 100 200 39
True /tmp/pytest-of-vsts/pytest-0/test_copy_move_True_copy_True_0/src/file.139.txt
file.###.txt 100 200 40
True /tmp/pytest-of-vsts/pytest-0/test_copy_move_True_copy_True_0/src/file.140.txt
file.###.txt 100 200 41
True /tmp/pytest-of-vsts/pytest-0/test_copy_move_True_copy_True_0/src/file.141.txt
file.###.txt 100 200 42
True /tmp/pytest-of-vsts/pytest-0/test_copy_move_True_copy_True_0/src/file.142.txt
file.###.txt 100 200 43
True /tmp/pytest-of-vsts/pytest-0/test_copy_move_True_copy_True_0/src/file.143.txt
file.###.txt 100 200 44
True /tmp/pytest-of-vsts/pytest-0/test_copy_move_True_copy_True_0/src/file.144.txt
file.###.txt 100 200 45
True /tmp/pytest-of-vsts/pytest-0/test_copy_move_True_copy_True_0/src/file.145.txt
file.###.txt 100 200 46
True /tmp/pytest-of-vsts/pytest-0/test_copy_move_True_copy_True_0/src/file.146.txt
file.###.txt 100 200 47
True /tmp/pytest-of-vsts/pytest-0/test_copy_move_True_copy_True_0/src/file.147.txt
file.###.txt 100 200 48
True /tmp/pytest-of-vsts/pytest-0/test_copy_move_True_copy_True_0/src/file.148.txt
file.###.txt 100 200 49
True /tmp/pytest-of-vsts/pytest-0/test_copy_move_True_copy_True_0/src/file.149.txt
file.###.txt 100 200 50
True /tmp/pytest-of-vsts/pytest-0/test_copy_move_True_copy_True_0/src/file.150.txt
file.###.txt 100 200 51
True /tmp/pytest-of-vsts/pytest-0/test_copy_move_True_copy_True_0/src/file.151.txt
file.###.txt 100 200 52
True /tmp/pytest-of-vsts/pytest-0/test_copy_move_True_copy_True_0/src/file.152.txt
file.###.txt 100 200 53
True /tmp/pytest-of-vsts/pytest-0/test_copy_move_True_copy_True_0/src/file.153.txt
file.###.txt 100 200 54
True /tmp/pytest-of-vsts/pytest-0/test_copy_move_True_copy_True_0/src/file.154.txt
file.###.txt 100 200 55
True /tmp/pytest-of-vsts/pytest-0/test_copy_move_True_copy_True_0/src/file.155.txt
file.###.txt 100 200 56
True /tmp/pytest-of-vsts/pytest-0/test_copy_move_True_copy_True_0/src/file.156.txt
file.###.txt 100 200 57
True /tmp/pytest-of-vsts/pytest-0/test_copy_move_True_copy_True_0/src/file.157.txt
file.###.txt 100 200 58
True /tmp/pytest-of-vsts/pytest-0/test_copy_move_True_copy_True_0/src/file.158.txt
file.###.txt 100 200 59
True /tmp/pytest-of-vsts/pytest-0/test_copy_move_True_copy_True_0/src/file.159.txt
file.###.txt 100 200 60
True /tmp/pytest-of-vsts/pytest-0/test_copy_move_True_copy_True_0/src/file.160.txt
file.###.txt 100 200 61
True /tmp/pytest-of-vsts/pytest-0/test_copy_move_True_copy_True_0/src/file.161.txt
file.###.txt 100 200 62
True /tmp/pytest-of-vsts/pytest-0/test_copy_move_True_copy_True_0/src/file.162.txt
file.###.txt 100 200 63
True /tmp/pytest-of-vsts/pytest-0/test_copy_move_True_copy_True_0/src/file.163.txt
file.###.txt 100 200 64
True /tmp/pytest-of-vsts/pytest-0/test_copy_move_True_copy_True_0/src/file.164.txt
file.###.txt 100 200 65
True /tmp/pytest-of-vsts/pytest-0/test_copy_move_True_copy_True_0/src/file.165.txt
file.###.txt 100 200 66
True /tmp/pytest-of-vsts/pytest-0/test_copy_move_True_copy_True_0/src/file.166.txt
file.###.txt 100 200 67
True /tmp/pytest-of-vsts/pytest-0/test_copy_move_True_copy_True_0/src/file.167.txt
file.###.txt 100 200 68
True /tmp/pytest-of-vsts/pytest-0/test_copy_move_True_copy_True_0/src/file.168.txt
file.###.txt 100 200 69
True /tmp/pytest-of-vsts/pytest-0/test_copy_move_True_copy_True_0/src/file.169.txt
file.###.txt 100 200 70
True /tmp/pytest-of-vsts/pytest-0/test_copy_move_True_copy_True_0/src/file.170.txt
file.###.txt 100 200 71
True /tmp/pytest-of-vsts/pytest-0/test_copy_move_True_copy_True_0/src/file.171.txt
file.###.txt 100 200 72
True /tmp/pytest-of-vsts/pytest-0/test_copy_move_True_copy_True_0/src/file.172.txt
file.###.txt 100 200 73
True /tmp/pytest-of-vsts/pytest-0/test_copy_move_True_copy_True_0/src/file.173.txt
file.###.txt 100 200 74
True /tmp/pytest-of-vsts/pytest-0/test_copy_move_True_copy_True_0/src/file.174.txt
file.###.txt 100 200 75
True /tmp/pytest-of-vsts/pytest-0/test_copy_move_True_copy_True_0/src/file.175.txt
file.###.txt 100 200 76
True /tmp/pytest-of-vsts/pytest-0/test_copy_move_True_copy_True_0/src/file.176.txt
file.###.txt 100 200 77
True /tmp/pytest-of-vsts/pytest-0/test_copy_move_True_copy_True_0/src/file.177.txt
file.###.txt 100 200 78
True /tmp/pytest-of-vsts/pytest-0/test_copy_move_True_copy_True_0/src/file.178.txt
file.###.txt 100 200 79
True /tmp/pytest-of-vsts/pytest-0/test_copy_move_True_copy_True_0/src/file.179.txt
file.###.txt 100 200 80
True /tmp/pytest-of-vsts/pytest-0/test_copy_move_True_copy_True_0/src/file.180.txt
file.###.txt 100 200 81
True /tmp/pytest-of-vsts/pytest-0/test_copy_move_True_copy_True_0/src/file.181.txt
file.###.txt 100 200 82
True /tmp/pytest-of-vsts/pytest-0/test_copy_move_True_copy_True_0/src/file.182.txt
file.###.txt 100 200 83
True /tmp/pytest-of-vsts/pytest-0/test_copy_move_True_copy_True_0/src/file.183.txt
file.###.txt 100 200 84
True /tmp/pytest-of-vsts/pytest-0/test_copy_move_True_copy_True_0/src/file.184.txt
file.###.txt 100 200 85
True /tmp/pytest-of-vsts/pytest-0/test_copy_move_True_copy_True_0/src/file.185.txt
file.###.txt 100 200 86
True /tmp/pytest-of-vsts/pytest-0/test_copy_move_True_copy_True_0/src/file.186.txt
file.###.txt 100 200 87
True /tmp/pytest-of-vsts/pytest-0/test_copy_move_True_copy_True_0/src/file.187.txt
file.###.txt 100 200 88
True /tmp/pytest-of-vsts/pytest-0/test_copy_move_True_copy_True_0/src/file.188.txt
file.###.txt 100 200 89
True /tmp/pytest-of-vsts/pytest-0/test_copy_move_True_copy_True_0/src/file.189.txt
file.###.txt 100 200 90
True /tmp/pytest-of-vsts/pytest-0/test_copy_move_True_copy_True_0/src/file.190.txt
file.###.txt 100 200 91
True /tmp/pytest-of-vsts/pytest-0/test_copy_move_True_copy_True_0/src/file.191.txt
file.###.txt 100 200 92
True /tmp/pytest-of-vsts/pytest-0/test_copy_move_True_copy_True_0/src/file.192.txt
file.###.txt 100 200 93
True /tmp/pytest-of-vsts/pytest-0/test_copy_move_True_copy_True_0/src/file.193.txt
file.###.txt 100 200 94
True /tmp/pytest-of-vsts/pytest-0/test_copy_move_True_copy_True_0/src/file.194.txt
file.###.txt 100 200 95
True /tmp/pytest-of-vsts/pytest-0/test_copy_move_True_copy_True_0/src/file.195.txt
file.###.txt 100 200 96
True /tmp/pytest-of-vsts/pytest-0/test_copy_move_True_copy_True_0/src/file.196.txt
file.###.txt 100 200 97
True /tmp/pytest-of-vsts/pytest-0/test_copy_move_True_copy_True_0/src/file.197.txt
file.###.txt 100 200 98
True /tmp/pytest-of-vsts/pytest-0/test_copy_move_True_copy_True_0/src/file.198.txt
file.###.txt 100 200 99
True /tmp/pytest-of-vsts/pytest-0/test_copy_move_True_copy_True_0/src/file.199.txt
file.###.txt 100 200 100
True /tmp/pytest-of-vsts/pytest-0/test_copy_move_True_copy_True_0/src/file.200.txt
file.###.txt 100 200 0
file.###.txt 100 200 1
file.###.txt 100 200 2
file.###.txt 100 200 3
file.###.txt 100 200 4
file.###.txt 100 200 5
file.###.txt 100 200 6
file.###.txt 100 200 7
file.###.txt 100 200 8
file.###.txt 100 200 9
file.###.txt 100 200 10
file.###.txt 100 200 11
file.###.txt 100 200 12
file.###.txt 100 200 13
file.###.txt 100 200 14
file.###.txt 100 200 15
file.###.txt 100 200 16
file.###.txt 100 200 17
file.###.txt 100 200 18
file.###.txt 100 200 19
file.###.txt 100 200 20
file.###.txt 100 200 21
file.###.txt 100 200 22
file.###.txt 100 200 23
file.###.txt 100 200 24
file.###.txt 100 200 25
file.###.txt 100 200 26
file.###.txt 100 200 27
file.###.txt 100 200 28
file.###.txt 100 200 29
file.###.txt 100 200 30
file.###.txt 100 200 31
file.###.txt 100 200 32
file.###.txt 100 200 33
file.###.txt 100 200 34
file.###.txt 100 200 35
file.###.txt 100 200 36
file.###.txt 100 200 37
file.###.txt 100 200 38
file.###.txt 100 200 39
file.###.txt 100 200 40
file.###.txt 100 200 41
file.###.txt 100 200 42
file.###.txt 100 200 43
file.###.txt 100 200 44
file.###.txt 100 200 45
file.###.txt 100 200 46
file.###.txt 100 200 47
file.###.txt 100 200 48
file.###.txt 100 200 49
file.###.txt 100 200 50
file.###.txt 100 200 51
file.###.txt 100 200 52
file.###.txt 100 200 53
file.###.txt 100 200 54
file.###.txt 100 200 55
file.###.txt 100 200 56
file.###.txt 100 200 57
file.###.txt 100 200 58
file.###.txt 100 200 59
file.###.txt 100 200 60
file.###.txt 100 200 61
file.###.txt 100 200 62
file.###.txt 100 200 63
file.###.txt 100 200 64
file.###.txt 100 200 65
file.###.txt 100 200 66
file.###.txt 100 200 67
file.###.txt 100 200 68
file.###.txt 100 200 69
file.###.txt 100 200 70
file.###.txt 100 200 71
file.###.txt 100 200 72
file.###.txt 100 200 73
file.###.txt 100 200 74
file.###.txt 100 200 75
file.###.txt 100 200 76
file.###.txt 100 200 77
file.###.txt 100 200 78
file.###.txt 100 200 79
file.###.txt 100 200 80
file.###.txt 100 200 81
file.###.txt 100 200 82
file.###.txt 100 200 83
file.###.txt 100 200 84
file.###.txt 100 200 85
file.###.txt 100 200 86
file.###.txt 100 200 87
file.###.txt 100 200 88
file.###.txt 100 200 89
file.###.txt 100 200 90
file.###.txt 100 200 91
file.###.txt 100 200 92
file.###.txt 100 200 93
file.###.txt 100 200 94
file.###.txt 100 200 95
file.###.txt 100 200 96
file.###.txt 100 200 97
file.###.txt 100 200 98
file.###.txt 100 200 99
file.###.txt 100 200 100
Source Dir ls:
file.###.txt 100 200 0
1: /tmp/pytest-of-vsts/pytest-0/test_copy_move_True_copy_True_0/src/file.123.txt
2: /tmp/pytest-of-vsts/pytest-0/test_copy_move_True_copy_True_0/src/file.116.txt
3: /tmp/pytest-of-vsts/pytest-0/test_copy_move_True_copy_True_0/src/file.140.txt
4: /tmp/pytest-of-vsts/pytest-0/test_copy_move_True_copy_True_0/src/file.182.txt
5: /tmp/pytest-of-vsts/pytest-0/test_copy_move_True_copy_True_0/src/file.181.txt
6: /tmp/pytest-of-vsts/pytest-0/test_copy_move_True_copy_True_0/src/file.180.txt
7: /tmp/pytest-of-vsts/pytest-0/test_copy_move_True_copy_True_0/src/file.101.txt
8: /tmp/pytest-of-vsts/pytest-0/test_copy_move_True_copy_True_0/src/file.166.txt
9: /tmp/pytest-of-vsts/pytest-0/test_copy_move_True_copy_True_0/src/file.167.txt
10: /tmp/pytest-of-vsts/pytest-0/test_copy_move_True_copy_True_0/src/file.191.txt
11: /tmp/pytest-of-vsts/pytest-0/test_copy_move_True_copy_True_0/src/file.113.txt
12: /tmp/pytest-of-vsts/pytest-0/test_copy_move_True_copy_True_0/src/file.122.txt
13: /tmp/pytest-of-vsts/pytest-0/test_copy_move_True_copy_True_0/src/file.110.txt
14: /tmp/pytest-of-vsts/pytest-0/test_copy_move_True_copy_True_0/src/file.148.txt
15: /tmp/pytest-of-vsts/pytest-0/test_copy_move_True_copy_True_0/src/file.154.txt
16: /tmp/pytest-of-vsts/pytest-0/test_copy_move_True_copy_True_0/src/file.200.txt
17: /tmp/pytest-of-vsts/pytest-0/test_copy_move_True_copy_True_0/src/file.177.txt
18: /tmp/pytest-of-vsts/pytest-0/test_copy_move_True_copy_True_0/src/file.186.txt
19: /tmp/pytest-of-vsts/pytest-0/test_copy_move_True_copy_True_0/src/file.115.txt
20: /tmp/pytest-of-vsts/pytest-0/test_copy_move_True_copy_True_0/src/file.190.txt
21: /tmp/pytest-of-vsts/pytest-0/test_copy_move_True_copy_True_0/src/file.119.txt
22: /tmp/pytest-of-vsts/pytest-0/test_copy_move_True_copy_True_0/src/file.151.txt
23: /tmp/pytest-of-vsts/pytest-0/test_copy_move_True_copy_True_0/src/file.195.txt
24: /tmp/pytest-of-vsts/pytest-0/test_copy_move_True_copy_True_0/src/file.169.txt
25: /tmp/pytest-of-vsts/pytest-0/test_copy_move_True_copy_True_0/src/file.149.txt
26: /tmp/pytest-of-vsts/pytest-0/test_copy_move_True_copy_True_0/src/file.128.txt
27: /tmp/pytest-of-vsts/pytest-0/test_copy_move_True_copy_True_0/src/file.198.txt
28: /tmp/pytest-of-vsts/pytest-0/test_copy_move_True_copy_True_0/src/file.118.txt
29: /tmp/pytest-of-vsts/pytest-0/test_copy_move_True_copy_True_0/src/file.139.txt
30: /tmp/pytest-of-vsts/pytest-0/test_copy_move_True_copy_True_0/src/file.129.txt
31: /tmp/pytest-of-vsts/pytest-0/test_copy_move_True_copy_True_0/src/file.106.txt
32: /tmp/pytest-of-vsts/pytest-0/test_copy_move_True_copy_True_0/src/file.147.txt
33: /tmp/pytest-of-vsts/pytest-0/test_copy_move_True_copy_True_0/src/file.184.txt
34: /tmp/pytest-of-vsts/pytest-0/test_copy_move_True_copy_True_0/src/file.170.txt
35: /tmp/pytest-of-vsts/pytest-0/test_copy_move_True_copy_True_0/src/file.165.txt
36: /tmp/pytest-of-vsts/pytest-0/test_copy_move_True_copy_True_0/src/file.161.txt
37: /tmp/pytest-of-vsts/pytest-0/test_copy_move_True_copy_True_0/src/file.160.txt
38: /tmp/pytest-of-vsts/pytest-0/test_copy_move_True_copy_True_0/src/file.132.txt
39: /tmp/pytest-of-vsts/pytest-0/test_copy_move_True_copy_True_0/src/file.100.txt
40: /tmp/pytest-of-vsts/pytest-0/test_copy_move_True_copy_True_0/src/file.187.txt
41: /tmp/pytest-of-vsts/pytest-0/test_copy_move_True_copy_True_0/src/file.108.txt
42: /tmp/pytest-of-vsts/pytest-0/test_copy_move_True_copy_True_0/src/file.102.txt
43: /tmp/pytest-of-vsts/pytest-0/test_copy_move_True_copy_True_0/src/file.130.txt
44: /tmp/pytest-of-vsts/pytest-0/test_copy_move_True_copy_True_0/src/file.172.txt
45: /tmp/pytest-of-vsts/pytest-0/test_copy_move_True_copy_True_0/src/file.178.txt
46: /tmp/pytest-of-vsts/pytest-0/test_copy_move_True_copy_True_0/src/file.176.txt
47: /tmp/pytest-of-vsts/pytest-0/test_copy_move_True_copy_True_0/src/file.175.txt
48: /tmp/pytest-of-vsts/pytest-0/test_copy_move_True_copy_True_0/src/file.189.txt
49: /tmp/pytest-of-vsts/pytest-0/test_copy_move_True_copy_True_0/src/file.136.txt
50: /tmp/pytest-of-vsts/pytest-0/test_copy_move_True_copy_True_0/src/file.131.txt
51: /tmp/pytest-of-vsts/pytest-0/test_copy_move_True_copy_True_0/src/file.142.txt
52: /tmp/pytest-of-vsts/pytest-0/test_copy_move_True_copy_True_0/src/file.127.txt
53: /tmp/pytest-of-vsts/pytest-0/test_copy_move_True_copy_True_0/src/file.145.txt
54: /tmp/pytest-of-vsts/pytest-0/test_copy_move_True_copy_True_0/src/file.168.txt
55: /tmp/pytest-of-vsts/pytest-0/test_copy_move_True_copy_True_0/src/file.174.txt
56: /tmp/pytest-of-vsts/pytest-0/test_copy_move_True_copy_True_0/src/file.107.txt
57: /tmp/pytest-of-vsts/pytest-0/test_copy_move_True_copy_True_0/src/file.125.txt
58: /tmp/pytest-of-vsts/pytest-0/test_copy_move_True_copy_True_0/src/file.146.txt
59: /tmp/pytest-of-vsts/pytest-0/test_copy_move_True_copy_True_0/src/file.193.txt
60: /tmp/pytest-of-vsts/pytest-0/test_copy_move_True_copy_True_0/src/file.194.txt
61: /tmp/pytest-of-vsts/pytest-0/test_copy_move_True_copy_True_0/src/file.158.txt
62: /tmp/pytest-of-vsts/pytest-0/test_copy_move_True_copy_True_0/src/file.133.txt
63: /tmp/pytest-of-vsts/pytest-0/test_copy_move_True_copy_True_0/src/file.137.txt
64: /tmp/pytest-of-vsts/pytest-0/test_copy_move_True_copy_True_0/src/file.183.txt
65: /tmp/pytest-of-vsts/pytest-0/test_copy_move_True_copy_True_0/src/file.156.txt
66: /tmp/pytest-of-vsts/pytest-0/test_copy_move_True_copy_True_0/src/file.155.txt
67: /tmp/pytest-of-vsts/pytest-0/test_copy_move_True_copy_True_0/src/file.179.txt
68: /tmp/pytest-of-vsts/pytest-0/test_copy_move_True_copy_True_0/src/file.173.txt
69: /tmp/pytest-of-vsts/pytest-0/test_copy_move_True_copy_True_0/src/file.112.txt
70: /tmp/pytest-of-vsts/pytest-0/test_copy_move_True_copy_True_0/src/file.135.txt
71: /tmp/pytest-of-vsts/pytest-0/test_copy_move_True_copy_True_0/src/file.121.txt
72: /tmp/pytest-of-vsts/pytest-0/test_copy_move_True_copy_True_0/src/file.124.txt
73: /tmp/pytest-of-vsts/pytest-0/test_copy_move_True_copy_True_0/src/file.117.txt
74: /tmp/pytest-of-vsts/pytest-0/test_copy_move_True_copy_True_0/src/file.143.txt
75: /tmp/pytest-of-vsts/pytest-0/test_copy_move_True_copy_True_0/src/file.105.txt
76: /tmp/pytest-of-vsts/pytest-0/test_copy_move_True_copy_True_0/src/file.153.txt
77: /tmp/pytest-of-vsts/pytest-0/test_copy_move_True_copy_True_0/src/file.188.txt
78: /tmp/pytest-of-vsts/pytest-0/test_copy_move_True_copy_True_0/src/file.162.txt
79: /tmp/pytest-of-vsts/pytest-0/test_copy_move_True_copy_True_0/src/file.164.txt
80: /tmp/pytest-of-vsts/pytest-0/test_copy_move_True_copy_True_0/src/file.185.txt
81: /tmp/pytest-of-vsts/pytest-0/test_copy_move_True_copy_True_0/src/file.157.txt
82: /tmp/pytest-of-vsts/pytest-0/test_copy_move_True_copy_True_0/src/file.171.txt
83: /tmp/pytest-of-vsts/pytest-0/test_copy_move_True_copy_True_0/src/file.138.txt
84: /tmp/pytest-of-vsts/pytest-0/test_copy_move_True_copy_True_0/src/file.111.txt
85: /tmp/pytest-of-vsts/pytest-0/test_copy_move_True_copy_True_0/src/file.196.txt
86: /tmp/pytest-of-vsts/pytest-0/test_copy_move_True_copy_True_0/src/file.197.txt
87: /tmp/pytest-of-vsts/pytest-0/test_copy_move_True_copy_True_0/src/file.103.txt
88: /tmp/pytest-of-vsts/pytest-0/test_copy_move_True_copy_True_0/src/file.109.txt
89: /tmp/pytest-of-vsts/pytest-0/test_copy_move_True_copy_True_0/src/file.152.txt
90: /tmp/pytest-of-vsts/pytest-0/test_copy_move_True_copy_True_0/src/file.126.txt
91: /tmp/pytest-of-vsts/pytest-0/test_copy_move_True_copy_True_0/src/file.120.txt
92: /tmp/pytest-of-vsts/pytest-0/test_copy_move_True_copy_True_0/src/file.141.txt
93: /tmp/pytest-of-vsts/pytest-0/test_copy_move_True_copy_True_0/src/file.192.txt
94: /tmp/pytest-of-vsts/pytest-0/test_copy_move_True_copy_True_0/src/file.199.txt
95: /tmp/pytest-of-vsts/pytest-0/test_copy_move_True_copy_True_0/src/file.150.txt
96: /tmp/pytest-of-vsts/pytest-0/test_copy_move_True_copy_True_0/src/file.104.txt
97: /tmp/pytest-of-vsts/pytest-0/test_copy_move_True_copy_True_0/src/file.144.txt
98: /tmp/pytest-of-vsts/pytest-0/test_copy_move_True_copy_True_0/src/file.134.txt
99: /tmp/pytest-of-vsts/pytest-0/test_copy_move_True_copy_True_0/src/file.159.txt
100: /tmp/pytest-of-vsts/pytest-0/test_copy_move_True_copy_True_0/src/file.114.txt
101: /tmp/pytest-of-vsts/pytest-0/test_copy_move_True_copy_True_0/src/file.163.txt
-----------
Destination Dir ls:
1: /tmp/pytest-of-vsts/pytest-0/test_copy_move_True_copy_True_0/dst/file.123.txt
2: /tmp/pytest-of-vsts/pytest-0/test_copy_move_True_copy_True_0/dst/file.116.txt
3: /tmp/pytest-of-vsts/pytest-0/test_copy_move_True_copy_True_0/dst/file.140.txt
4: /tmp/pytest-of-vsts/pytest-0/test_copy_move_True_copy_True_0/dst/file.182.txt
5: /tmp/pytest-of-vsts/pytest-0/test_copy_move_True_copy_True_0/dst/file.181.txt
6: /tmp/pytest-of-vsts/pytest-0/test_copy_move_True_copy_True_0/dst/file.180.txt
7: /tmp/pytest-of-vsts/pytest-0/test_copy_move_True_copy_True_0/dst/file.101.txt
8: /tmp/pytest-of-vsts/pytest-0/test_copy_move_True_copy_True_0/dst/file.166.txt
9: /tmp/pytest-of-vsts/pytest-0/test_copy_move_True_copy_True_0/dst/file.167.txt
10: /tmp/pytest-of-vsts/pytest-0/test_copy_move_True_copy_True_0/dst/file.191.txt
11: /tmp/pytest-of-vsts/pytest-0/test_copy_move_True_copy_True_0/dst/file.113.txt
12: /tmp/pytest-of-vsts/pytest-0/test_copy_move_True_copy_True_0/dst/file.122.txt
13: /tmp/pytest-of-vsts/pytest-0/test_copy_move_True_copy_True_0/dst/file.110.txt
14: /tmp/pytest-of-vsts/pytest-0/test_copy_move_True_copy_True_0/dst/file.148.txt
15: /tmp/pytest-of-vsts/pytest-0/test_copy_move_True_copy_True_0/dst/file.154.txt
16: /tmp/pytest-of-vsts/pytest-0/test_copy_move_True_copy_True_0/dst/file.200.txt
17: /tmp/pytest-of-vsts/pytest-0/test_copy_move_True_copy_True_0/dst/file.177.txt
18: /tmp/pytest-of-vsts/pytest-0/test_copy_move_True_copy_True_0/dst/file.186.txt
19: /tmp/pytest-of-vsts/pytest-0/test_copy_move_True_copy_True_0/dst/file.115.txt
20: /tmp/pytest-of-vsts/pytest-0/test_copy_move_True_copy_True_0/dst/file.190.txt
21: /tmp/pytest-of-vsts/pytest-0/test_copy_move_True_copy_True_0/dst/file.119.txt
22: /tmp/pytest-of-vsts/pytest-0/test_copy_move_True_copy_True_0/dst/file.151.txt
23: /tmp/pytest-of-vsts/pytest-0/test_copy_move_True_copy_True_0/dst/file.195.txt
24: /tmp/pytest-of-vsts/pytest-0/test_copy_move_True_copy_True_0/dst/file.169.txt
25: /tmp/pytest-of-vsts/pytest-0/test_copy_move_True_copy_True_0/dst/file.149.txt
26: /tmp/pytest-of-vsts/pytest-0/test_copy_move_True_copy_True_0/dst/file.128.txt
27: /tmp/pytest-of-vsts/pytest-0/test_copy_move_True_copy_True_0/dst/file.198.txt
28: /tmp/pytest-of-vsts/pytest-0/test_copy_move_True_copy_True_0/dst/file.118.txt
29: /tmp/pytest-of-vsts/pytest-0/test_copy_move_True_copy_True_0/dst/file.139.txt
30: /tmp/pytest-of-vsts/pytest-0/test_copy_move_True_copy_True_0/dst/file.129.txt
31: /tmp/pytest-of-vsts/pytest-0/test_copy_move_True_copy_True_0/dst/file.106.txt
32: /tmp/pytest-of-vsts/pytest-0/test_copy_move_True_copy_True_0/dst/file.147.txt
33: /tmp/pytest-of-vsts/pytest-0/test_copy_move_True_copy_True_0/dst/file.184.txt
34: /tmp/pytest-of-vsts/pytest-0/test_copy_move_True_copy_True_0/dst/file.170.txt
35: /tmp/pytest-of-vsts/pytest-0/test_copy_move_True_copy_True_0/dst/file.165.txt
36: /tmp/pytest-of-vsts/pytest-0/test_copy_move_True_copy_True_0/dst/file.161.txt
37: /tmp/pytest-of-vsts/pytest-0/test_copy_move_True_copy_True_0/dst/file.160.txt
38: /tmp/pytest-of-vsts/pytest-0/test_copy_move_True_copy_True_0/dst/file.132.txt
39: /tmp/pytest-of-vsts/pytest-0/test_copy_move_True_copy_True_0/dst/file.100.txt
40: /tmp/pytest-of-vsts/pytest-0/test_copy_move_True_copy_True_0/dst/file.187.txt
41: /tmp/pytest-of-vsts/pytest-0/test_copy_move_True_copy_True_0/dst/file.108.txt
42: /tmp/pytest-of-vsts/pytest-0/test_copy_move_True_copy_True_0/dst/file.102.txt
43: /tmp/pytest-of-vsts/pytest-0/test_copy_move_True_copy_True_0/dst/file.130.txt
44: /tmp/pytest-of-vsts/pytest-0/test_copy_move_True_copy_True_0/dst/file.172.txt
45: /tmp/pytest-of-vsts/pytest-0/test_copy_move_True_copy_True_0/dst/file.178.txt
46: /tmp/pytest-of-vsts/pytest-0/test_copy_move_True_copy_True_0/dst/file.176.txt
47: /tmp/pytest-of-vsts/pytest-0/test_copy_move_True_copy_True_0/dst/file.175.txt
48: /tmp/pytest-of-vsts/pytest-0/test_copy_move_True_copy_True_0/dst/file.189.txt
49: /tmp/pytest-of-vsts/pytest-0/test_copy_move_True_copy_True_0/dst/file.136.txt
50: /tmp/pytest-of-vsts/pytest-0/test_copy_move_True_copy_True_0/dst/file.131.txt
51: /tmp/pytest-of-vsts/pytest-0/test_copy_move_True_copy_True_0/dst/file.142.txt
52: /tmp/pytest-of-vsts/pytest-0/test_copy_move_True_copy_True_0/dst/file.127.txt
53: /tmp/pytest-of-vsts/pytest-0/test_copy_move_True_copy_True_0/dst/file.145.txt
54: /tmp/pytest-of-vsts/pytest-0/test_copy_move_True_copy_True_0/dst/file.168.txt
55: /tmp/pytest-of-vsts/pytest-0/test_copy_move_True_copy_True_0/dst/file.174.txt
56: /tmp/pytest-of-vsts/pytest-0/test_copy_move_True_copy_True_0/dst/file.107.txt
57: /tmp/pytest-of-vsts/pytest-0/test_copy_move_True_copy_True_0/dst/file.125.txt
58: /tmp/pytest-of-vsts/pytest-0/test_copy_move_True_copy_True_0/dst/file.146.txt
59: /tmp/pytest-of-vsts/pytest-0/test_copy_move_True_copy_True_0/dst/file.193.txt
60: /tmp/pytest-of-vsts/pytest-0/test_copy_move_True_copy_True_0/dst/file.194.txt
61: /tmp/pytest-of-vsts/pytest-0/test_copy_move_True_copy_True_0/dst/file.158.txt
62: /tmp/pytest-of-vsts/pytest-0/test_copy_move_True_copy_True_0/dst/file.133.txt
63: /tmp/pytest-of-vsts/pytest-0/test_copy_move_True_copy_True_0/dst/file.137.txt
64: /tmp/pytest-of-vsts/pytest-0/test_copy_move_True_copy_True_0/dst/file.183.txt
65: /tmp/pytest-of-vsts/pytest-0/test_copy_move_True_copy_True_0/dst/file.156.txt
66: /tmp/pytest-of-vsts/pytest-0/test_copy_move_True_copy_True_0/dst/file.155.txt
67: /tmp/pytest-of-vsts/pytest-0/test_copy_move_True_copy_True_0/dst/file.179.txt
68: /tmp/pytest-of-vsts/pytest-0/test_copy_move_True_copy_True_0/dst/file.173.txt
69: /tmp/pytest-of-vsts/pytest-0/test_copy_move_True_copy_True_0/dst/file.112.txt
70: /tmp/pytest-of-vsts/pytest-0/test_copy_move_True_copy_True_0/dst/file.135.txt
71: /tmp/pytest-of-vsts/pytest-0/test_copy_move_True_copy_True_0/dst/file.121.txt
72: /tmp/pytest-of-vsts/pytest-0/test_copy_move_True_copy_True_0/dst/file.124.txt
73: /tmp/pytest-of-vsts/pytest-0/test_copy_move_True_copy_True_0/dst/file.117.txt
74: /tmp/pytest-of-vsts/pytest-0/test_copy_move_True_copy_True_0/dst/file.143.txt
75: /tmp/pytest-of-vsts/pytest-0/test_copy_move_True_copy_True_0/dst/file.105.txt
76: /tmp/pytest-of-vsts/pytest-0/test_copy_move_True_copy_True_0/dst/file.153.txt
77: /tmp/pytest-of-vsts/pytest-0/test_copy_move_True_copy_True_0/dst/file.188.txt
78: /tmp/pytest-of-vsts/pytest-0/test_copy_move_True_copy_True_0/dst/file.162.txt
79: /tmp/pytest-of-vsts/pytest-0/test_copy_move_True_copy_True_0/dst/file.164.txt
80: /tmp/pytest-of-vsts/pytest-0/test_copy_move_True_copy_True_0/dst/file.185.txt
81: /tmp/pytest-of-vsts/pytest-0/test_copy_move_True_copy_True_0/dst/file.157.txt
82: /tmp/pytest-of-vsts/pytest-0/test_copy_move_True_copy_True_0/dst/file.171.txt
83: /tmp/pytest-of-vsts/pytest-0/test_copy_move_True_copy_True_0/dst/file.138.txt
84: /tmp/pytest-of-vsts/pytest-0/test_copy_move_True_copy_True_0/dst/file.111.txt
85: /tmp/pytest-of-vsts/pytest-0/test_copy_move_True_copy_True_0/dst/file.196.txt
86: /tmp/pytest-of-vsts/pytest-0/test_copy_move_True_copy_True_0/dst/file.197.txt
87: /tmp/pytest-of-vsts/pytest-0/test_copy_move_True_copy_True_0/dst/file.103.txt
88: /tmp/pytest-of-vsts/pytest-0/test_copy_move_True_copy_True_0/dst/file.109.txt
89: /tmp/pytest-of-vsts/pytest-0/test_copy_move_True_copy_True_0/dst/file.152.txt
90: /tmp/pytest-of-vsts/pytest-0/test_copy_move_True_copy_True_0/dst/file.126.txt
91: /tmp/pytest-of-vsts/pytest-0/test_copy_move_True_copy_True_0/dst/file.120.txt
92: /tmp/pytest-of-vsts/pytest-0/test_copy_move_True_copy_True_0/dst/file.141.txt
93: /tmp/pytest-of-vsts/pytest-0/test_copy_move_True_copy_True_0/dst/file.192.txt
94: /tmp/pytest-of-vsts/pytest-0/test_copy_move_True_copy_True_0/dst/file.199.txt
95: /tmp/pytest-of-vsts/pytest-0/test_copy_move_True_copy_True_0/dst/file.150.txt
96: /tmp/pytest-of-vsts/pytest-0/test_copy_move_True_copy_True_0/dst/file.104.txt
97: /tmp/pytest-of-vsts/pytest-0/test_copy_move_True_copy_True_0/dst/file.144.txt
98: /tmp/pytest-of-vsts/pytest-0/test_copy_move_True_copy_True_0/dst/file.134.txt
99: /tmp/pytest-of-vsts/pytest-0/test_copy_move_True_copy_True_0/dst/file.159.txt
100: /tmp/pytest-of-vsts/pytest-0/test_copy_move_True_copy_True_0/dst/file.114.txt
101: /tmp/pytest-of-vsts/pytest-0/test_copy_move_True_copy_True_0/dst/file.163.txt
</system-out></testcase><testcase classname="zdevelop.tests.test_file_seq.TestSeqDisk" file="zdevelop/tests/test_file_seq.py" line="201" name="test_rename[new_name.0100.dpx-new_name-100-4-dpx-True]" time="0.082"><system-out>Original Dir List
file.###.txt 100 200 0
/tmp/pytest-of-vsts/pytest-0/test_rename_new_name_0100_dpx_0/src/file.100.txt
/tmp/pytest-of-vsts/pytest-0/test_rename_new_name_0100_dpx_0/src/file.101.txt
/tmp/pytest-of-vsts/pytest-0/test_rename_new_name_0100_dpx_0/src/file.102.txt
/tmp/pytest-of-vsts/pytest-0/test_rename_new_name_0100_dpx_0/src/file.103.txt
/tmp/pytest-of-vsts/pytest-0/test_rename_new_name_0100_dpx_0/src/file.104.txt
/tmp/pytest-of-vsts/pytest-0/test_rename_new_name_0100_dpx_0/src/file.105.txt
/tmp/pytest-of-vsts/pytest-0/test_rename_new_name_0100_dpx_0/src/file.106.txt
/tmp/pytest-of-vsts/pytest-0/test_rename_new_name_0100_dpx_0/src/file.107.txt
/tmp/pytest-of-vsts/pytest-0/test_rename_new_name_0100_dpx_0/src/file.108.txt
/tmp/pytest-of-vsts/pytest-0/test_rename_new_name_0100_dpx_0/src/file.109.txt
/tmp/pytest-of-vsts/pytest-0/test_rename_new_name_0100_dpx_0/src/file.110.txt
/tmp/pytest-of-vsts/pytest-0/test_rename_new_name_0100_dpx_0/src/file.111.txt
/tmp/pytest-of-vsts/pytest-0/test_rename_new_name_0100_dpx_0/src/file.112.txt
/tmp/pytest-of-vsts/pytest-0/test_rename_new_name_0100_dpx_0/src/file.113.txt
/tmp/pytest-of-vsts/pytest-0/test_rename_new_name_0100_dpx_0/src/file.114.txt
/tmp/pytest-of-vsts/pytest-0/test_rename_new_name_0100_dpx_0/src/file.115.txt
/tmp/pytest-of-vsts/pytest-0/test_rename_new_name_0100_dpx_0/src/file.116.txt
/tmp/pytest-of-vsts/pytest-0/test_rename_new_name_0100_dpx_0/src/file.117.txt
/tmp/pytest-of-vsts/pytest-0/test_rename_new_name_0100_dpx_0/src/file.118.txt
/tmp/pytest-of-vsts/pytest-0/test_rename_new_name_0100_dpx_0/src/file.119.txt
/tmp/pytest-of-vsts/pytest-0/test_rename_new_name_0100_dpx_0/src/file.120.txt
/tmp/pytest-of-vsts/pytest-0/test_rename_new_name_0100_dpx_0/src/file.121.txt
/tmp/pytest-of-vsts/pytest-0/test_rename_new_name_0100_dpx_0/src/file.122.txt
/tmp/pytest-of-vsts/pytest-0/test_rename_new_name_0100_dpx_0/src/file.123.txt
/tmp/pytest-of-vsts/pytest-0/test_rename_new_name_0100_dpx_0/src/file.124.txt
/tmp/pytest-of-vsts/pytest-0/test_rename_new_name_0100_dpx_0/src/file.125.txt
/tmp/pytest-of-vsts/pytest-0/test_rename_new_name_0100_dpx_0/src/file.126.txt
/tmp/pytest-of-vsts/pytest-0/test_rename_new_name_0100_dpx_0/src/file.127.txt
/tmp/pytest-of-vsts/pytest-0/test_rename_new_name_0100_dpx_0/src/file.128.txt
/tmp/pytest-of-vsts/pytest-0/test_rename_new_name_0100_dpx_0/src/file.129.txt
/tmp/pytest-of-vsts/pytest-0/test_rename_new_name_0100_dpx_0/src/file.130.txt
/tmp/pytest-of-vsts/pytest-0/test_rename_new_name_0100_dpx_0/src/file.131.txt
/tmp/pytest-of-vsts/pytest-0/test_rename_new_name_0100_dpx_0/src/file.132.txt
/tmp/pytest-of-vsts/pytest-0/test_rename_new_name_0100_dpx_0/src/file.133.txt
/tmp/pytest-of-vsts/pytest-0/test_rename_new_name_0100_dpx_0/src/file.134.txt
/tmp/pytest-of-vsts/pytest-0/test_rename_new_name_0100_dpx_0/src/file.135.txt
/tmp/pytest-of-vsts/pytest-0/test_rename_new_name_0100_dpx_0/src/file.136.txt
/tmp/pytest-of-vsts/pytest-0/test_rename_new_name_0100_dpx_0/src/file.137.txt
/tmp/pytest-of-vsts/pytest-0/test_rename_new_name_0100_dpx_0/src/file.138.txt
/tmp/pytest-of-vsts/pytest-0/test_rename_new_name_0100_dpx_0/src/file.139.txt
/tmp/pytest-of-vsts/pytest-0/test_rename_new_name_0100_dpx_0/src/file.140.txt
/tmp/pytest-of-vsts/pytest-0/test_rename_new_name_0100_dpx_0/src/file.141.txt
/tmp/pytest-of-vsts/pytest-0/test_rename_new_name_0100_dpx_0/src/file.142.txt
/tmp/pytest-of-vsts/pytest-0/test_rename_new_name_0100_dpx_0/src/file.143.txt
/tmp/pytest-of-vsts/pytest-0/test_rename_new_name_0100_dpx_0/src/file.144.txt
/tmp/pytest-of-vsts/pytest-0/test_rename_new_name_0100_dpx_0/src/file.145.txt
/tmp/pytest-of-vsts/pytest-0/test_rename_new_name_0100_dpx_0/src/file.146.txt
/tmp/pytest-of-vsts/pytest-0/test_rename_new_name_0100_dpx_0/src/file.147.txt
/tmp/pytest-of-vsts/pytest-0/test_rename_new_name_0100_dpx_0/src/file.148.txt
/tmp/pytest-of-vsts/pytest-0/test_rename_new_name_0100_dpx_0/src/file.149.txt
/tmp/pytest-of-vsts/pytest-0/test_rename_new_name_0100_dpx_0/src/file.150.txt
/tmp/pytest-of-vsts/pytest-0/test_rename_new_name_0100_dpx_0/src/file.151.txt
/tmp/pytest-of-vsts/pytest-0/test_rename_new_name_0100_dpx_0/src/file.152.txt
/tmp/pytest-of-vsts/pytest-0/test_rename_new_name_0100_dpx_0/src/file.153.txt
/tmp/pytest-of-vsts/pytest-0/test_rename_new_name_0100_dpx_0/src/file.154.txt
/tmp/pytest-of-vsts/pytest-0/test_rename_new_name_0100_dpx_0/src/file.155.txt
/tmp/pytest-of-vsts/pytest-0/test_rename_new_name_0100_dpx_0/src/file.156.txt
/tmp/pytest-of-vsts/pytest-0/test_rename_new_name_0100_dpx_0/src/file.157.txt
/tmp/pytest-of-vsts/pytest-0/test_rename_new_name_0100_dpx_0/src/file.158.txt
/tmp/pytest-of-vsts/pytest-0/test_rename_new_name_0100_dpx_0/src/file.159.txt
/tmp/pytest-of-vsts/pytest-0/test_rename_new_name_0100_dpx_0/src/file.160.txt
/tmp/pytest-of-vsts/pytest-0/test_rename_new_name_0100_dpx_0/src/file.161.txt
/tmp/pytest-of-vsts/pytest-0/test_rename_new_name_0100_dpx_0/src/file.162.txt
/tmp/pytest-of-vsts/pytest-0/test_rename_new_name_0100_dpx_0/src/file.163.txt
/tmp/pytest-of-vsts/pytest-0/test_rename_new_name_0100_dpx_0/src/file.164.txt
/tmp/pytest-of-vsts/pytest-0/test_rename_new_name_0100_dpx_0/src/file.165.txt
/tmp/pytest-of-vsts/pytest-0/test_rename_new_name_0100_dpx_0/src/file.166.txt
/tmp/pytest-of-vsts/pytest-0/test_rename_new_name_0100_dpx_0/src/file.167.txt
/tmp/pytest-of-vsts/pytest-0/test_rename_new_name_0100_dpx_0/src/file.168.txt
/tmp/pytest-of-vsts/pytest-0/test_rename_new_name_0100_dpx_0/src/file.169.txt
/tmp/pytest-of-vsts/pytest-0/test_rename_new_name_0100_dpx_0/src/file.170.txt
/tmp/pytest-of-vsts/pytest-0/test_rename_new_name_0100_dpx_0/src/file.171.txt
/tmp/pytest-of-vsts/pytest-0/test_rename_new_name_0100_dpx_0/src/file.172.txt
/tmp/pytest-of-vsts/pytest-0/test_rename_new_name_0100_dpx_0/src/file.173.txt
/tmp/pytest-of-vsts/pytest-0/test_rename_new_name_0100_dpx_0/src/file.174.txt
/tmp/pytest-of-vsts/pytest-0/test_rename_new_name_0100_dpx_0/src/file.175.txt
/tmp/pytest-of-vsts/pytest-0/test_rename_new_name_0100_dpx_0/src/file.176.txt
/tmp/pytest-of-vsts/pytest-0/test_rename_new_name_0100_dpx_0/src/file.177.txt
/tmp/pytest-of-vsts/pytest-0/test_rename_new_name_0100_dpx_0/src/file.178.txt
/tmp/pytest-of-vsts/pytest-0/test_rename_new_name_0100_dpx_0/src/file.179.txt
/tmp/pytest-of-vsts/pytest-0/test_rename_new_name_0100_dpx_0/src/file.180.txt
/tmp/pytest-of-vsts/pytest-0/test_rename_new_name_0100_dpx_0/src/file.181.txt
/tmp/pytest-of-vsts/pytest-0/test_rename_new_name_0100_dpx_0/src/file.182.txt
/tmp/pytest-of-vsts/pytest-0/test_rename_new_name_0100_dpx_0/src/file.183.txt
/tmp/pytest-of-vsts/pytest-0/test_rename_new_name_0100_dpx_0/src/file.184.txt
/tmp/pytest-of-vsts/pytest-0/test_rename_new_name_0100_dpx_0/src/file.185.txt
/tmp/pytest-of-vsts/pytest-0/test_rename_new_name_0100_dpx_0/src/file.186.txt
/tmp/pytest-of-vsts/pytest-0/test_rename_new_name_0100_dpx_0/src/file.187.txt
/tmp/pytest-of-vsts/pytest-0/test_rename_new_name_0100_dpx_0/src/file.188.txt
/tmp/pytest-of-vsts/pytest-0/test_rename_new_name_0100_dpx_0/src/file.189.txt
/tmp/pytest-of-vsts/pytest-0/test_rename_new_name_0100_dpx_0/src/file.190.txt
/tmp/pytest-of-vsts/pytest-0/test_rename_new_name_0100_dpx_0/src/file.191.txt
/tmp/pytest-of-vsts/pytest-0/test_rename_new_name_0100_dpx_0/src/file.192.txt
/tmp/pytest-of-vsts/pytest-0/test_rename_new_name_0100_dpx_0/src/file.193.txt
/tmp/pytest-of-vsts/pytest-0/test_rename_new_name_0100_dpx_0/src/file.194.txt
/tmp/pytest-of-vsts/pytest-0/test_rename_new_name_0100_dpx_0/src/file.195.txt
/tmp/pytest-of-vsts/pytest-0/test_rename_new_name_0100_dpx_0/src/file.196.txt
/tmp/pytest-of-vsts/pytest-0/test_rename_new_name_0100_dpx_0/src/file.197.txt
/tmp/pytest-of-vsts/pytest-0/test_rename_new_name_0100_dpx_0/src/file.198.txt
/tmp/pytest-of-vsts/pytest-0/test_rename_new_name_0100_dpx_0/src/file.199.txt
/tmp/pytest-of-vsts/pytest-0/test_rename_new_name_0100_dpx_0/src/file.200.txt
------------------
file.###.txt 100 200 0
file.###.txt 100 200 1
file.###.txt 100 200 2
file.###.txt 100 200 3
file.###.txt 100 200 4
file.###.txt 100 200 5
file.###.txt 100 200 6
file.###.txt 100 200 7
file.###.txt 100 200 8
file.###.txt 100 200 9
file.###.txt 100 200 10
file.###.txt 100 200 11
file.###.txt 100 200 12
file.###.txt 100 200 13
file.###.txt 100 200 14
file.###.txt 100 200 15
file.###.txt 100 200 16
file.###.txt 100 200 17
file.###.txt 100 200 18
file.###.txt 100 200 19
file.###.txt 100 200 20
file.###.txt 100 200 21
file.###.txt 100 200 22
file.###.txt 100 200 23
file.###.txt 100 200 24
file.###.txt 100 200 25
file.###.txt 100 200 26
file.###.txt 100 200 27
file.###.txt 100 200 28
file.###.txt 100 200 29
file.###.txt 100 200 30
file.###.txt 100 200 31
file.###.txt 100 200 32
file.###.txt 100 200 33
file.###.txt 100 200 34
file.###.txt 100 200 35
file.###.txt 100 200 36
file.###.txt 100 200 37
file.###.txt 100 200 38
file.###.txt 100 200 39
file.###.txt 100 200 40
file.###.txt 100 200 41
file.###.txt 100 200 42
file.###.txt 100 200 43
file.###.txt 100 200 44
file.###.txt 100 200 45
file.###.txt 100 200 46
file.###.txt 100 200 47
file.###.txt 100 200 48
file.###.txt 100 200 49
file.###.txt 100 200 50
file.###.txt 100 200 51
file.###.txt 100 200 52
file.###.txt 100 200 53
file.###.txt 100 200 54
file.###.txt 100 200 55
file.###.txt 100 200 56
file.###.txt 100 200 57
file.###.txt 100 200 58
file.###.txt 100 200 59
file.###.txt 100 200 60
file.###.txt 100 200 61
file.###.txt 100 200 62
file.###.txt 100 200 63
file.###.txt 100 200 64
file.###.txt 100 200 65
file.###.txt 100 200 66
file.###.txt 100 200 67
file.###.txt 100 200 68
file.###.txt 100 200 69
file.###.txt 100 200 70
file.###.txt 100 200 71
file.###.txt 100 200 72
file.###.txt 100 200 73
file.###.txt 100 200 74
file.###.txt 100 200 75
file.###.txt 100 200 76
file.###.txt 100 200 77
file.###.txt 100 200 78
file.###.txt 100 200 79
file.###.txt 100 200 80
file.###.txt 100 200 81
file.###.txt 100 200 82
file.###.txt 100 200 83
file.###.txt 100 200 84
file.###.txt 100 200 85
file.###.txt 100 200 86
file.###.txt 100 200 87
file.###.txt 100 200 88
file.###.txt 100 200 89
file.###.txt 100 200 90
file.###.txt 100 200 91
file.###.txt 100 200 92
file.###.txt 100 200 93
file.###.txt 100 200 94
file.###.txt 100 200 95
file.###.txt 100 200 96
file.###.txt 100 200 97
file.###.txt 100 200 98
file.###.txt 100 200 99
file.###.txt 100 200 100
file.###.txt 100 200 100
/tmp/pytest-of-vsts/pytest-0/test_rename_new_name_0100_dpx_0/src/file.200.txt -&gt; /tmp/pytest-of-vsts/pytest-0/test_rename_new_name_0100_dpx_0/src/new_name.0200.dpx
file.###.txt 100 200 99
/tmp/pytest-of-vsts/pytest-0/test_rename_new_name_0100_dpx_0/src/file.199.txt -&gt; /tmp/pytest-of-vsts/pytest-0/test_rename_new_name_0100_dpx_0/src/new_name.0199.dpx
file.###.txt 100 200 98
/tmp/pytest-of-vsts/pytest-0/test_rename_new_name_0100_dpx_0/src/file.198.txt -&gt; /tmp/pytest-of-vsts/pytest-0/test_rename_new_name_0100_dpx_0/src/new_name.0198.dpx
file.###.txt 100 200 97
/tmp/pytest-of-vsts/pytest-0/test_rename_new_name_0100_dpx_0/src/file.197.txt -&gt; /tmp/pytest-of-vsts/pytest-0/test_rename_new_name_0100_dpx_0/src/new_name.0197.dpx
file.###.txt 100 200 96
/tmp/pytest-of-vsts/pytest-0/test_rename_new_name_0100_dpx_0/src/file.196.txt -&gt; /tmp/pytest-of-vsts/pytest-0/test_rename_new_name_0100_dpx_0/src/new_name.0196.dpx
file.###.txt 100 200 95
/tmp/pytest-of-vsts/pytest-0/test_rename_new_name_0100_dpx_0/src/file.195.txt -&gt; /tmp/pytest-of-vsts/pytest-0/test_rename_new_name_0100_dpx_0/src/new_name.0195.dpx
file.###.txt 100 200 94
/tmp/pytest-of-vsts/pytest-0/test_rename_new_name_0100_dpx_0/src/file.194.txt -&gt; /tmp/pytest-of-vsts/pytest-0/test_rename_new_name_0100_dpx_0/src/new_name.0194.dpx
file.###.txt 100 200 93
/tmp/pytest-of-vsts/pytest-0/test_rename_new_name_0100_dpx_0/src/file.193.txt -&gt; /tmp/pytest-of-vsts/pytest-0/test_rename_new_name_0100_dpx_0/src/new_name.0193.dpx
file.###.txt 100 200 92
/tmp/pytest-of-vsts/pytest-0/test_rename_new_name_0100_dpx_0/src/file.192.txt -&gt; /tmp/pytest-of-vsts/pytest-0/test_rename_new_name_0100_dpx_0/src/new_name.0192.dpx
file.###.txt 100 200 91
/tmp/pytest-of-vsts/pytest-0/test_rename_new_name_0100_dpx_0/src/file.191.txt -&gt; /tmp/pytest-of-vsts/pytest-0/test_rename_new_name_0100_dpx_0/src/new_name.0191.dpx
file.###.txt 100 200 90
/tmp/pytest-of-vsts/pytest-0/test_rename_new_name_0100_dpx_0/src/file.190.txt -&gt; /tmp/pytest-of-vsts/pytest-0/test_rename_new_name_0100_dpx_0/src/new_name.0190.dpx
file.###.txt 100 200 89
/tmp/pytest-of-vsts/pytest-0/test_rename_new_name_0100_dpx_0/src/file.189.txt -&gt; /tmp/pytest-of-vsts/pytest-0/test_rename_new_name_0100_dpx_0/src/new_name.0189.dpx
file.###.txt 100 200 88
/tmp/pytest-of-vsts/pytest-0/test_rename_new_name_0100_dpx_0/src/file.188.txt -&gt; /tmp/pytest-of-vsts/pytest-0/test_rename_new_name_0100_dpx_0/src/new_name.0188.dpx
file.###.txt 100 200 87
/tmp/pytest-of-vsts/pytest-0/test_rename_new_name_0100_dpx_0/src/file.187.txt -&gt; /tmp/pytest-of-vsts/pytest-0/test_rename_new_name_0100_dpx_0/src/new_name.0187.dpx
file.###.txt 100 200 86
/tmp/pytest-of-vsts/pytest-0/test_rename_new_name_0100_dpx_0/src/file.186.txt -&gt; /tmp/pytest-of-vsts/pytest-0/test_rename_new_name_0100_dpx_0/src/new_name.0186.dpx
file.###.txt 100 200 85
/tmp/pytest-of-vsts/pytest-0/test_rename_new_name_0100_dpx_0/src/file.185.txt -&gt; /tmp/pytest-of-vsts/pytest-0/test_rename_new_name_0100_dpx_0/src/new_name.0185.dpx
file.###.txt 100 200 84
/tmp/pytest-of-vsts/pytest-0/test_rename_new_name_0100_dpx_0/src/file.184.txt -&gt; /tmp/pytest-of-vsts/pytest-0/test_rename_new_name_0100_dpx_0/src/new_name.0184.dpx
file.###.txt 100 200 83
/tmp/pytest-of-vsts/pytest-0/test_rename_new_name_0100_dpx_0/src/file.183.txt -&gt; /tmp/pytest-of-vsts/pytest-0/test_rename_new_name_0100_dpx_0/src/new_name.0183.dpx
file.###.txt 100 200 82
/tmp/pytest-of-vsts/pytest-0/test_rename_new_name_0100_dpx_0/src/file.182.txt -&gt; /tmp/pytest-of-vsts/pytest-0/test_rename_new_name_0100_dpx_0/src/new_name.0182.dpx
file.###.txt 100 200 81
/tmp/pytest-of-vsts/pytest-0/test_rename_new_name_0100_dpx_0/src/file.181.txt -&gt; /tmp/pytest-of-vsts/pytest-0/test_rename_new_name_0100_dpx_0/src/new_name.0181.dpx
file.###.txt 100 200 80
/tmp/pytest-of-vsts/pytest-0/test_rename_new_name_0100_dpx_0/src/file.180.txt -&gt; /tmp/pytest-of-vsts/pytest-0/test_rename_new_name_0100_dpx_0/src/new_name.0180.dpx
file.###.txt 100 200 79
/tmp/pytest-of-vsts/pytest-0/test_rename_new_name_0100_dpx_0/src/file.179.txt -&gt; /tmp/pytest-of-vsts/pytest-0/test_rename_new_name_0100_dpx_0/src/new_name.0179.dpx
file.###.txt 100 200 78
/tmp/pytest-of-vsts/pytest-0/test_rename_new_name_0100_dpx_0/src/file.178.txt -&gt; /tmp/pytest-of-vsts/pytest-0/test_rename_new_name_0100_dpx_0/src/new_name.0178.dpx
file.###.txt 100 200 77
/tmp/pytest-of-vsts/pytest-0/test_rename_new_name_0100_dpx_0/src/file.177.txt -&gt; /tmp/pytest-of-vsts/pytest-0/test_rename_new_name_0100_dpx_0/src/new_name.0177.dpx
file.###.txt 100 200 76
/tmp/pytest-of-vsts/pytest-0/test_rename_new_name_0100_dpx_0/src/file.176.txt -&gt; /tmp/pytest-of-vsts/pytest-0/test_rename_new_name_0100_dpx_0/src/new_name.0176.dpx
file.###.txt 100 200 75
/tmp/pytest-of-vsts/pytest-0/test_rename_new_name_0100_dpx_0/src/file.175.txt -&gt; /tmp/pytest-of-vsts/pytest-0/test_rename_new_name_0100_dpx_0/src/new_name.0175.dpx
file.###.txt 100 200 74
/tmp/pytest-of-vsts/pytest-0/test_rename_new_name_0100_dpx_0/src/file.174.txt -&gt; /tmp/pytest-of-vsts/pytest-0/test_rename_new_name_0100_dpx_0/src/new_name.0174.dpx
file.###.txt 100 200 73
/tmp/pytest-of-vsts/pytest-0/test_rename_new_name_0100_dpx_0/src/file.173.txt -&gt; /tmp/pytest-of-vsts/pytest-0/test_rename_new_name_0100_dpx_0/src/new_name.0173.dpx
file.###.txt 100 200 72
/tmp/pytest-of-vsts/pytest-0/test_rename_new_name_0100_dpx_0/src/file.172.txt -&gt; /tmp/pytest-of-vsts/pytest-0/test_rename_new_name_0100_dpx_0/src/new_name.0172.dpx
file.###.txt 100 200 71
/tmp/pytest-of-vsts/pytest-0/test_rename_new_name_0100_dpx_0/src/file.171.txt -&gt; /tmp/pytest-of-vsts/pytest-0/test_rename_new_name_0100_dpx_0/src/new_name.0171.dpx
file.###.txt 100 200 70
/tmp/pytest-of-vsts/pytest-0/test_rename_new_name_0100_dpx_0/src/file.170.txt -&gt; /tmp/pytest-of-vsts/pytest-0/test_rename_new_name_0100_dpx_0/src/new_name.0170.dpx
file.###.txt 100 200 69
/tmp/pytest-of-vsts/pytest-0/test_rename_new_name_0100_dpx_0/src/file.169.txt -&gt; /tmp/pytest-of-vsts/pytest-0/test_rename_new_name_0100_dpx_0/src/new_name.0169.dpx
file.###.txt 100 200 68
/tmp/pytest-of-vsts/pytest-0/test_rename_new_name_0100_dpx_0/src/file.168.txt -&gt; /tmp/pytest-of-vsts/pytest-0/test_rename_new_name_0100_dpx_0/src/new_name.0168.dpx
file.###.txt 100 200 67
/tmp/pytest-of-vsts/pytest-0/test_rename_new_name_0100_dpx_0/src/file.167.txt -&gt; /tmp/pytest-of-vsts/pytest-0/test_rename_new_name_0100_dpx_0/src/new_name.0167.dpx
file.###.txt 100 200 66
/tmp/pytest-of-vsts/pytest-0/test_rename_new_name_0100_dpx_0/src/file.166.txt -&gt; /tmp/pytest-of-vsts/pytest-0/test_rename_new_name_0100_dpx_0/src/new_name.0166.dpx
file.###.txt 100 200 65
/tmp/pytest-of-vsts/pytest-0/test_rename_new_name_0100_dpx_0/src/file.165.txt -&gt; /tmp/pytest-of-vsts/pytest-0/test_rename_new_name_0100_dpx_0/src/new_name.0165.dpx
file.###.txt 100 200 64
/tmp/pytest-of-vsts/pytest-0/test_rename_new_name_0100_dpx_0/src/file.164.txt -&gt; /tmp/pytest-of-vsts/pytest-0/test_rename_new_name_0100_dpx_0/src/new_name.0164.dpx
file.###.txt 100 200 63
/tmp/pytest-of-vsts/pytest-0/test_rename_new_name_0100_dpx_0/src/file.163.txt -&gt; /tmp/pytest-of-vsts/pytest-0/test_rename_new_name_0100_dpx_0/src/new_name.0163.dpx
file.###.txt 100 200 62
/tmp/pytest-of-vsts/pytest-0/test_rename_new_name_0100_dpx_0/src/file.162.txt -&gt; /tmp/pytest-of-vsts/pytest-0/test_rename_new_name_0100_dpx_0/src/new_name.0162.dpx
file.###.txt 100 200 61
/tmp/pytest-of-vsts/pytest-0/test_rename_new_name_0100_dpx_0/src/file.161.txt -&gt; /tmp/pytest-of-vsts/pytest-0/test_rename_new_name_0100_dpx_0/src/new_name.0161.dpx
file.###.txt 100 200 60
/tmp/pytest-of-vsts/pytest-0/test_rename_new_name_0100_dpx_0/src/file.160.txt -&gt; /tmp/pytest-of-vsts/pytest-0/test_rename_new_name_0100_dpx_0/src/new_name.0160.dpx
file.###.txt 100 200 59
/tmp/pytest-of-vsts/pytest-0/test_rename_new_name_0100_dpx_0/src/file.159.txt -&gt; /tmp/pytest-of-vsts/pytest-0/test_rename_new_name_0100_dpx_0/src/new_name.0159.dpx
file.###.txt 100 200 58
/tmp/pytest-of-vsts/pytest-0/test_rename_new_name_0100_dpx_0/src/file.158.txt -&gt; /tmp/pytest-of-vsts/pytest-0/test_rename_new_name_0100_dpx_0/src/new_name.0158.dpx
file.###.txt 100 200 57
/tmp/pytest-of-vsts/pytest-0/test_rename_new_name_0100_dpx_0/src/file.157.txt -&gt; /tmp/pytest-of-vsts/pytest-0/test_rename_new_name_0100_dpx_0/src/new_name.0157.dpx
file.###.txt 100 200 56
/tmp/pytest-of-vsts/pytest-0/test_rename_new_name_0100_dpx_0/src/file.156.txt -&gt; /tmp/pytest-of-vsts/pytest-0/test_rename_new_name_0100_dpx_0/src/new_name.0156.dpx
file.###.txt 100 200 55
/tmp/pytest-of-vsts/pytest-0/test_rename_new_name_0100_dpx_0/src/file.155.txt -&gt; /tmp/pytest-of-vsts/pytest-0/test_rename_new_name_0100_dpx_0/src/new_name.0155.dpx
file.###.txt 100 200 54
/tmp/pytest-of-vsts/pytest-0/test_rename_new_name_0100_dpx_0/src/file.154.txt -&gt; /tmp/pytest-of-vsts/pytest-0/test_rename_new_name_0100_dpx_0/src/new_name.0154.dpx
file.###.txt 100 200 53
/tmp/pytest-of-vsts/pytest-0/test_rename_new_name_0100_dpx_0/src/file.153.txt -&gt; /tmp/pytest-of-vsts/pytest-0/test_rename_new_name_0100_dpx_0/src/new_name.0153.dpx
file.###.txt 100 200 52
/tmp/pytest-of-vsts/pytest-0/test_rename_new_name_0100_dpx_0/src/file.152.txt -&gt; /tmp/pytest-of-vsts/pytest-0/test_rename_new_name_0100_dpx_0/src/new_name.0152.dpx
file.###.txt 100 200 51
/tmp/pytest-of-vsts/pytest-0/test_rename_new_name_0100_dpx_0/src/file.151.txt -&gt; /tmp/pytest-of-vsts/pytest-0/test_rename_new_name_0100_dpx_0/src/new_name.0151.dpx
file.###.txt 100 200 50
/tmp/pytest-of-vsts/pytest-0/test_rename_new_name_0100_dpx_0/src/file.150.txt -&gt; /tmp/pytest-of-vsts/pytest-0/test_rename_new_name_0100_dpx_0/src/new_name.0150.dpx
file.###.txt 100 200 49
/tmp/pytest-of-vsts/pytest-0/test_rename_new_name_0100_dpx_0/src/file.149.txt -&gt; /tmp/pytest-of-vsts/pytest-0/test_rename_new_name_0100_dpx_0/src/new_name.0149.dpx
file.###.txt 100 200 48
/tmp/pytest-of-vsts/pytest-0/test_rename_new_name_0100_dpx_0/src/file.148.txt -&gt; /tmp/pytest-of-vsts/pytest-0/test_rename_new_name_0100_dpx_0/src/new_name.0148.dpx
file.###.txt 100 200 47
/tmp/pytest-of-vsts/pytest-0/test_rename_new_name_0100_dpx_0/src/file.147.txt -&gt; /tmp/pytest-of-vsts/pytest-0/test_rename_new_name_0100_dpx_0/src/new_name.0147.dpx
file.###.txt 100 200 46
/tmp/pytest-of-vsts/pytest-0/test_rename_new_name_0100_dpx_0/src/file.146.txt -&gt; /tmp/pytest-of-vsts/pytest-0/test_rename_new_name_0100_dpx_0/src/new_name.0146.dpx
file.###.txt 100 200 45
/tmp/pytest-of-vsts/pytest-0/test_rename_new_name_0100_dpx_0/src/file.145.txt -&gt; /tmp/pytest-of-vsts/pytest-0/test_rename_new_name_0100_dpx_0/src/new_name.0145.dpx
file.###.txt 100 200 44
/tmp/pytest-of-vsts/pytest-0/test_rename_new_name_0100_dpx_0/src/file.144.txt -&gt; /tmp/pytest-of-vsts/pytest-0/test_rename_new_name_0100_dpx_0/src/new_name.0144.dpx
file.###.txt 100 200 43
/tmp/pytest-of-vsts/pytest-0/test_rename_new_name_0100_dpx_0/src/file.143.txt -&gt; /tmp/pytest-of-vsts/pytest-0/test_rename_new_name_0100_dpx_0/src/new_name.0143.dpx
file.###.txt 100 200 42
/tmp/pytest-of-vsts/pytest-0/test_rename_new_name_0100_dpx_0/src/file.142.txt -&gt; /tmp/pytest-of-vsts/pytest-0/test_rename_new_name_0100_dpx_0/src/new_name.0142.dpx
file.###.txt 100 200 41
/tmp/pytest-of-vsts/pytest-0/test_rename_new_name_0100_dpx_0/src/file.141.txt -&gt; /tmp/pytest-of-vsts/pytest-0/test_rename_new_name_0100_dpx_0/src/new_name.0141.dpx
file.###.txt 100 200 40
/tmp/pytest-of-vsts/pytest-0/test_rename_new_name_0100_dpx_0/src/file.140.txt -&gt; /tmp/pytest-of-vsts/pytest-0/test_rename_new_name_0100_dpx_0/src/new_name.0140.dpx
file.###.txt 100 200 39
/tmp/pytest-of-vsts/pytest-0/test_rename_new_name_0100_dpx_0/src/file.139.txt -&gt; /tmp/pytest-of-vsts/pytest-0/test_rename_new_name_0100_dpx_0/src/new_name.0139.dpx
file.###.txt 100 200 38
/tmp/pytest-of-vsts/pytest-0/test_rename_new_name_0100_dpx_0/src/file.138.txt -&gt; /tmp/pytest-of-vsts/pytest-0/test_rename_new_name_0100_dpx_0/src/new_name.0138.dpx
file.###.txt 100 200 37
/tmp/pytest-of-vsts/pytest-0/test_rename_new_name_0100_dpx_0/src/file.137.txt -&gt; /tmp/pytest-of-vsts/pytest-0/test_rename_new_name_0100_dpx_0/src/new_name.0137.dpx
file.###.txt 100 200 36
/tmp/pytest-of-vsts/pytest-0/test_rename_new_name_0100_dpx_0/src/file.136.txt -&gt; /tmp/pytest-of-vsts/pytest-0/test_rename_new_name_0100_dpx_0/src/new_name.0136.dpx
file.###.txt 100 200 35
/tmp/pytest-of-vsts/pytest-0/test_rename_new_name_0100_dpx_0/src/file.135.txt -&gt; /tmp/pytest-of-vsts/pytest-0/test_rename_new_name_0100_dpx_0/src/new_name.0135.dpx
file.###.txt 100 200 34
/tmp/pytest-of-vsts/pytest-0/test_rename_new_name_0100_dpx_0/src/file.134.txt -&gt; /tmp/pytest-of-vsts/pytest-0/test_rename_new_name_0100_dpx_0/src/new_name.0134.dpx
file.###.txt 100 200 33
/tmp/pytest-of-vsts/pytest-0/test_rename_new_name_0100_dpx_0/src/file.133.txt -&gt; /tmp/pytest-of-vsts/pytest-0/test_rename_new_name_0100_dpx_0/src/new_name.0133.dpx
file.###.txt 100 200 32
/tmp/pytest-of-vsts/pytest-0/test_rename_new_name_0100_dpx_0/src/file.132.txt -&gt; /tmp/pytest-of-vsts/pytest-0/test_rename_new_name_0100_dpx_0/src/new_name.0132.dpx
file.###.txt 100 200 31
/tmp/pytest-of-vsts/pytest-0/test_rename_new_name_0100_dpx_0/src/file.131.txt -&gt; /tmp/pytest-of-vsts/pytest-0/test_rename_new_name_0100_dpx_0/src/new_name.0131.dpx
file.###.txt 100 200 30
/tmp/pytest-of-vsts/pytest-0/test_rename_new_name_0100_dpx_0/src/file.130.txt -&gt; /tmp/pytest-of-vsts/pytest-0/test_rename_new_name_0100_dpx_0/src/new_name.0130.dpx
file.###.txt 100 200 29
/tmp/pytest-of-vsts/pytest-0/test_rename_new_name_0100_dpx_0/src/file.129.txt -&gt; /tmp/pytest-of-vsts/pytest-0/test_rename_new_name_0100_dpx_0/src/new_name.0129.dpx
file.###.txt 100 200 28
/tmp/pytest-of-vsts/pytest-0/test_rename_new_name_0100_dpx_0/src/file.128.txt -&gt; /tmp/pytest-of-vsts/pytest-0/test_rename_new_name_0100_dpx_0/src/new_name.0128.dpx
file.###.txt 100 200 27
/tmp/pytest-of-vsts/pytest-0/test_rename_new_name_0100_dpx_0/src/file.127.txt -&gt; /tmp/pytest-of-vsts/pytest-0/test_rename_new_name_0100_dpx_0/src/new_name.0127.dpx
file.###.txt 100 200 26
/tmp/pytest-of-vsts/pytest-0/test_rename_new_name_0100_dpx_0/src/file.126.txt -&gt; /tmp/pytest-of-vsts/pytest-0/test_rename_new_name_0100_dpx_0/src/new_name.0126.dpx
file.###.txt 100 200 25
/tmp/pytest-of-vsts/pytest-0/test_rename_new_name_0100_dpx_0/src/file.125.txt -&gt; /tmp/pytest-of-vsts/pytest-0/test_rename_new_name_0100_dpx_0/src/new_name.0125.dpx
file.###.txt 100 200 24
/tmp/pytest-of-vsts/pytest-0/test_rename_new_name_0100_dpx_0/src/file.124.txt -&gt; /tmp/pytest-of-vsts/pytest-0/test_rename_new_name_0100_dpx_0/src/new_name.0124.dpx
file.###.txt 100 200 23
/tmp/pytest-of-vsts/pytest-0/test_rename_new_name_0100_dpx_0/src/file.123.txt -&gt; /tmp/pytest-of-vsts/pytest-0/test_rename_new_name_0100_dpx_0/src/new_name.0123.dpx
file.###.txt 100 200 22
/tmp/pytest-of-vsts/pytest-0/test_rename_new_name_0100_dpx_0/src/file.122.txt -&gt; /tmp/pytest-of-vsts/pytest-0/test_rename_new_name_0100_dpx_0/src/new_name.0122.dpx
file.###.txt 100 200 21
/tmp/pytest-of-vsts/pytest-0/test_rename_new_name_0100_dpx_0/src/file.121.txt -&gt; /tmp/pytest-of-vsts/pytest-0/test_rename_new_name_0100_dpx_0/src/new_name.0121.dpx
file.###.txt 100 200 20
/tmp/pytest-of-vsts/pytest-0/test_rename_new_name_0100_dpx_0/src/file.120.txt -&gt; /tmp/pytest-of-vsts/pytest-0/test_rename_new_name_0100_dpx_0/src/new_name.0120.dpx
file.###.txt 100 200 19
/tmp/pytest-of-vsts/pytest-0/test_rename_new_name_0100_dpx_0/src/file.119.txt -&gt; /tmp/pytest-of-vsts/pytest-0/test_rename_new_name_0100_dpx_0/src/new_name.0119.dpx
file.###.txt 100 200 18
/tmp/pytest-of-vsts/pytest-0/test_rename_new_name_0100_dpx_0/src/file.118.txt -&gt; /tmp/pytest-of-vsts/pytest-0/test_rename_new_name_0100_dpx_0/src/new_name.0118.dpx
file.###.txt 100 200 17
/tmp/pytest-of-vsts/pytest-0/test_rename_new_name_0100_dpx_0/src/file.117.txt -&gt; /tmp/pytest-of-vsts/pytest-0/test_rename_new_name_0100_dpx_0/src/new_name.0117.dpx
file.###.txt 100 200 16
/tmp/pytest-of-vsts/pytest-0/test_rename_new_name_0100_dpx_0/src/file.116.txt -&gt; /tmp/pytest-of-vsts/pytest-0/test_rename_new_name_0100_dpx_0/src/new_name.0116.dpx
file.###.txt 100 200 15
/tmp/pytest-of-vsts/pytest-0/test_rename_new_name_0100_dpx_0/src/file.115.txt -&gt; /tmp/pytest-of-vsts/pytest-0/test_rename_new_name_0100_dpx_0/src/new_name.0115.dpx
file.###.txt 100 200 14
/tmp/pytest-of-vsts/pytest-0/test_rename_new_name_0100_dpx_0/src/file.114.txt -&gt; /tmp/pytest-of-vsts/pytest-0/test_rename_new_name_0100_dpx_0/src/new_name.0114.dpx
file.###.txt 100 200 13
/tmp/pytest-of-vsts/pytest-0/test_rename_new_name_0100_dpx_0/src/file.113.txt -&gt; /tmp/pytest-of-vsts/pytest-0/test_rename_new_name_0100_dpx_0/src/new_name.0113.dpx
file.###.txt 100 200 12
/tmp/pytest-of-vsts/pytest-0/test_rename_new_name_0100_dpx_0/src/file.112.txt -&gt; /tmp/pytest-of-vsts/pytest-0/test_rename_new_name_0100_dpx_0/src/new_name.0112.dpx
file.###.txt 100 200 11
/tmp/pytest-of-vsts/pytest-0/test_rename_new_name_0100_dpx_0/src/file.111.txt -&gt; /tmp/pytest-of-vsts/pytest-0/test_rename_new_name_0100_dpx_0/src/new_name.0111.dpx
file.###.txt 100 200 10
/tmp/pytest-of-vsts/pytest-0/test_rename_new_name_0100_dpx_0/src/file.110.txt -&gt; /tmp/pytest-of-vsts/pytest-0/test_rename_new_name_0100_dpx_0/src/new_name.0110.dpx
file.###.txt 100 200 9
/tmp/pytest-of-vsts/pytest-0/test_rename_new_name_0100_dpx_0/src/file.109.txt -&gt; /tmp/pytest-of-vsts/pytest-0/test_rename_new_name_0100_dpx_0/src/new_name.0109.dpx
file.###.txt 100 200 8
/tmp/pytest-of-vsts/pytest-0/test_rename_new_name_0100_dpx_0/src/file.108.txt -&gt; /tmp/pytest-of-vsts/pytest-0/test_rename_new_name_0100_dpx_0/src/new_name.0108.dpx
file.###.txt 100 200 7
/tmp/pytest-of-vsts/pytest-0/test_rename_new_name_0100_dpx_0/src/file.107.txt -&gt; /tmp/pytest-of-vsts/pytest-0/test_rename_new_name_0100_dpx_0/src/new_name.0107.dpx
file.###.txt 100 200 6
/tmp/pytest-of-vsts/pytest-0/test_rename_new_name_0100_dpx_0/src/file.106.txt -&gt; /tmp/pytest-of-vsts/pytest-0/test_rename_new_name_0100_dpx_0/src/new_name.0106.dpx
file.###.txt 100 200 5
/tmp/pytest-of-vsts/pytest-0/test_rename_new_name_0100_dpx_0/src/file.105.txt -&gt; /tmp/pytest-of-vsts/pytest-0/test_rename_new_name_0100_dpx_0/src/new_name.0105.dpx
file.###.txt 100 200 4
/tmp/pytest-of-vsts/pytest-0/test_rename_new_name_0100_dpx_0/src/file.104.txt -&gt; /tmp/pytest-of-vsts/pytest-0/test_rename_new_name_0100_dpx_0/src/new_name.0104.dpx
file.###.txt 100 200 3
/tmp/pytest-of-vsts/pytest-0/test_rename_new_name_0100_dpx_0/src/file.103.txt -&gt; /tmp/pytest-of-vsts/pytest-0/test_rename_new_name_0100_dpx_0/src/new_name.0103.dpx
file.###.txt 100 200 2
/tmp/pytest-of-vsts/pytest-0/test_rename_new_name_0100_dpx_0/src/file.102.txt -&gt; /tmp/pytest-of-vsts/pytest-0/test_rename_new_name_0100_dpx_0/src/new_name.0102.dpx
file.###.txt 100 200 1
/tmp/pytest-of-vsts/pytest-0/test_rename_new_name_0100_dpx_0/src/file.101.txt -&gt; /tmp/pytest-of-vsts/pytest-0/test_rename_new_name_0100_dpx_0/src/new_name.0101.dpx
file.###.txt 100 200 0
/tmp/pytest-of-vsts/pytest-0/test_rename_new_name_0100_dpx_0/src/file.100.txt -&gt; /tmp/pytest-of-vsts/pytest-0/test_rename_new_name_0100_dpx_0/src/new_name.0100.dpx
new_name.####.dpx 100 200 0
new_name.####.dpx 100 200 1
new_name.####.dpx 100 200 2
------------------
Post-rename Dir List
file.###.txt 100 200 0
/tmp/pytest-of-vsts/pytest-0/test_rename_new_name_0100_dpx_0/src/new_name.0100.dpx
/tmp/pytest-of-vsts/pytest-0/test_rename_new_name_0100_dpx_0/src/new_name.0101.dpx
/tmp/pytest-of-vsts/pytest-0/test_rename_new_name_0100_dpx_0/src/new_name.0102.dpx
/tmp/pytest-of-vsts/pytest-0/test_rename_new_name_0100_dpx_0/src/new_name.0103.dpx
/tmp/pytest-of-vsts/pytest-0/test_rename_new_name_0100_dpx_0/src/new_name.0104.dpx
/tmp/pytest-of-vsts/pytest-0/test_rename_new_name_0100_dpx_0/src/new_name.0105.dpx
/tmp/pytest-of-vsts/pytest-0/test_rename_new_name_0100_dpx_0/src/new_name.0106.dpx
/tmp/pytest-of-vsts/pytest-0/test_rename_new_name_0100_dpx_0/src/new_name.0107.dpx
/tmp/pytest-of-vsts/pytest-0/test_rename_new_name_0100_dpx_0/src/new_name.0108.dpx
/tmp/pytest-of-vsts/pytest-0/test_rename_new_name_0100_dpx_0/src/new_name.0109.dpx
/tmp/pytest-of-vsts/pytest-0/test_rename_new_name_0100_dpx_0/src/new_name.0110.dpx
/tmp/pytest-of-vsts/pytest-0/test_rename_new_name_0100_dpx_0/src/new_name.0111.dpx
/tmp/pytest-of-vsts/pytest-0/test_rename_new_name_0100_dpx_0/src/new_name.0112.dpx
/tmp/pytest-of-vsts/pytest-0/test_rename_new_name_0100_dpx_0/src/new_name.0113.dpx
/tmp/pytest-of-vsts/pytest-0/test_rename_new_name_0100_dpx_0/src/new_name.0114.dpx
/tmp/pytest-of-vsts/pytest-0/test_rename_new_name_0100_dpx_0/src/new_name.0115.dpx
/tmp/pytest-of-vsts/pytest-0/test_rename_new_name_0100_dpx_0/src/new_name.0116.dpx
/tmp/pytest-of-vsts/pytest-0/test_rename_new_name_0100_dpx_0/src/new_name.0117.dpx
/tmp/pytest-of-vsts/pytest-0/test_rename_new_name_0100_dpx_0/src/new_name.0118.dpx
/tmp/pytest-of-vsts/pytest-0/test_rename_new_name_0100_dpx_0/src/new_name.0119.dpx
/tmp/pytest-of-vsts/pytest-0/test_rename_new_name_0100_dpx_0/src/new_name.0120.dpx
/tmp/pytest-of-vsts/pytest-0/test_rename_new_name_0100_dpx_0/src/new_name.0121.dpx
/tmp/pytest-of-vsts/pytest-0/test_rename_new_name_0100_dpx_0/src/new_name.0122.dpx
/tmp/pytest-of-vsts/pytest-0/test_rename_new_name_0100_dpx_0/src/new_name.0123.dpx
/tmp/pytest-of-vsts/pytest-0/test_rename_new_name_0100_dpx_0/src/new_name.0124.dpx
/tmp/pytest-of-vsts/pytest-0/test_rename_new_name_0100_dpx_0/src/new_name.0125.dpx
/tmp/pytest-of-vsts/pytest-0/test_rename_new_name_0100_dpx_0/src/new_name.0126.dpx
/tmp/pytest-of-vsts/pytest-0/test_rename_new_name_0100_dpx_0/src/new_name.0127.dpx
/tmp/pytest-of-vsts/pytest-0/test_rename_new_name_0100_dpx_0/src/new_name.0128.dpx
/tmp/pytest-of-vsts/pytest-0/test_rename_new_name_0100_dpx_0/src/new_name.0129.dpx
/tmp/pytest-of-vsts/pytest-0/test_rename_new_name_0100_dpx_0/src/new_name.0130.dpx
/tmp/pytest-of-vsts/pytest-0/test_rename_new_name_0100_dpx_0/src/new_name.0131.dpx
/tmp/pytest-of-vsts/pytest-0/test_rename_new_name_0100_dpx_0/src/new_name.0132.dpx
/tmp/pytest-of-vsts/pytest-0/test_rename_new_name_0100_dpx_0/src/new_name.0133.dpx
/tmp/pytest-of-vsts/pytest-0/test_rename_new_name_0100_dpx_0/src/new_name.0134.dpx
/tmp/pytest-of-vsts/pytest-0/test_rename_new_name_0100_dpx_0/src/new_name.0135.dpx
/tmp/pytest-of-vsts/pytest-0/test_rename_new_name_0100_dpx_0/src/new_name.0136.dpx
/tmp/pytest-of-vsts/pytest-0/test_rename_new_name_0100_dpx_0/src/new_name.0137.dpx
/tmp/pytest-of-vsts/pytest-0/test_rename_new_name_0100_dpx_0/src/new_name.0138.dpx
/tmp/pytest-of-vsts/pytest-0/test_rename_new_name_0100_dpx_0/src/new_name.0139.dpx
/tmp/pytest-of-vsts/pytest-0/test_rename_new_name_0100_dpx_0/src/new_name.0140.dpx
/tmp/pytest-of-vsts/pytest-0/test_rename_new_name_0100_dpx_0/src/new_name.0141.dpx
/tmp/pytest-of-vsts/pytest-0/test_rename_new_name_0100_dpx_0/src/new_name.0142.dpx
/tmp/pytest-of-vsts/pytest-0/test_rename_new_name_0100_dpx_0/src/new_name.0143.dpx
/tmp/pytest-of-vsts/pytest-0/test_rename_new_name_0100_dpx_0/src/new_name.0144.dpx
/tmp/pytest-of-vsts/pytest-0/test_rename_new_name_0100_dpx_0/src/new_name.0145.dpx
/tmp/pytest-of-vsts/pytest-0/test_rename_new_name_0100_dpx_0/src/new_name.0146.dpx
/tmp/pytest-of-vsts/pytest-0/test_rename_new_name_0100_dpx_0/src/new_name.0147.dpx
/tmp/pytest-of-vsts/pytest-0/test_rename_new_name_0100_dpx_0/src/new_name.0148.dpx
/tmp/pytest-of-vsts/pytest-0/test_rename_new_name_0100_dpx_0/src/new_name.0149.dpx
/tmp/pytest-of-vsts/pytest-0/test_rename_new_name_0100_dpx_0/src/new_name.0150.dpx
/tmp/pytest-of-vsts/pytest-0/test_rename_new_name_0100_dpx_0/src/new_name.0151.dpx
/tmp/pytest-of-vsts/pytest-0/test_rename_new_name_0100_dpx_0/src/new_name.0152.dpx
/tmp/pytest-of-vsts/pytest-0/test_rename_new_name_0100_dpx_0/src/new_name.0153.dpx
/tmp/pytest-of-vsts/pytest-0/test_rename_new_name_0100_dpx_0/src/new_name.0154.dpx
/tmp/pytest-of-vsts/pytest-0/test_rename_new_name_0100_dpx_0/src/new_name.0155.dpx
/tmp/pytest-of-vsts/pytest-0/test_rename_new_name_0100_dpx_0/src/new_name.0156.dpx
/tmp/pytest-of-vsts/pytest-0/test_rename_new_name_0100_dpx_0/src/new_name.0157.dpx
/tmp/pytest-of-vsts/pytest-0/test_rename_new_name_0100_dpx_0/src/new_name.0158.dpx
/tmp/pytest-of-vsts/pytest-0/test_rename_new_name_0100_dpx_0/src/new_name.0159.dpx
/tmp/pytest-of-vsts/pytest-0/test_rename_new_name_0100_dpx_0/src/new_name.0160.dpx
/tmp/pytest-of-vsts/pytest-0/test_rename_new_name_0100_dpx_0/src/new_name.0161.dpx
/tmp/pytest-of-vsts/pytest-0/test_rename_new_name_0100_dpx_0/src/new_name.0162.dpx
/tmp/pytest-of-vsts/pytest-0/test_rename_new_name_0100_dpx_0/src/new_name.0163.dpx
/tmp/pytest-of-vsts/pytest-0/test_rename_new_name_0100_dpx_0/src/new_name.0164.dpx
/tmp/pytest-of-vsts/pytest-0/test_rename_new_name_0100_dpx_0/src/new_name.0165.dpx
/tmp/pytest-of-vsts/pytest-0/test_rename_new_name_0100_dpx_0/src/new_name.0166.dpx
/tmp/pytest-of-vsts/pytest-0/test_rename_new_name_0100_dpx_0/src/new_name.0167.dpx
/tmp/pytest-of-vsts/pytest-0/test_rename_new_name_0100_dpx_0/src/new_name.0168.dpx
/tmp/pytest-of-vsts/pytest-0/test_rename_new_name_0100_dpx_0/src/new_name.0169.dpx
/tmp/pytest-of-vsts/pytest-0/test_rename_new_name_0100_dpx_0/src/new_name.0170.dpx
/tmp/pytest-of-vsts/pytest-0/test_rename_new_name_0100_dpx_0/src/new_name.0171.dpx
/tmp/pytest-of-vsts/pytest-0/test_rename_new_name_0100_dpx_0/src/new_name.0172.dpx
/tmp/pytest-of-vsts/pytest-0/test_rename_new_name_0100_dpx_0/src/new_name.0173.dpx
/tmp/pytest-of-vsts/pytest-0/test_rename_new_name_0100_dpx_0/src/new_name.0174.dpx
/tmp/pytest-of-vsts/pytest-0/test_rename_new_name_0100_dpx_0/src/new_name.0175.dpx
/tmp/pytest-of-vsts/pytest-0/test_rename_new_name_0100_dpx_0/src/new_name.0176.dpx
/tmp/pytest-of-vsts/pytest-0/test_rename_new_name_0100_dpx_0/src/new_name.0177.dpx
/tmp/pytest-of-vsts/pytest-0/test_rename_new_name_0100_dpx_0/src/new_name.0178.dpx
/tmp/pytest-of-vsts/pytest-0/test_rename_new_name_0100_dpx_0/src/new_name.0179.dpx
/tmp/pytest-of-vsts/pytest-0/test_rename_new_name_0100_dpx_0/src/new_name.0180.dpx
/tmp/pytest-of-vsts/pytest-0/test_rename_new_name_0100_dpx_0/src/new_name.0181.dpx
/tmp/pytest-of-vsts/pytest-0/test_rename_new_name_0100_dpx_0/src/new_name.0182.dpx
/tmp/pytest-of-vsts/pytest-0/test_rename_new_name_0100_dpx_0/src/new_name.0183.dpx
/tmp/pytest-of-vsts/pytest-0/test_rename_new_name_0100_dpx_0/src/new_name.0184.dpx
/tmp/pytest-of-vsts/pytest-0/test_rename_new_name_0100_dpx_0/src/new_name.0185.dpx
/tmp/pytest-of-vsts/pytest-0/test_rename_new_name_0100_dpx_0/src/new_name.0186.dpx
/tmp/pytest-of-vsts/pytest-0/test_rename_new_name_0100_dpx_0/src/new_name.0187.dpx
/tmp/pytest-of-vsts/pytest-0/test_rename_new_name_0100_dpx_0/src/new_name.0188.dpx
/tmp/pytest-of-vsts/pytest-0/test_rename_new_name_0100_dpx_0/src/new_name.0189.dpx
/tmp/pytest-of-vsts/pytest-0/test_rename_new_name_0100_dpx_0/src/new_name.0190.dpx
/tmp/pytest-of-vsts/pytest-0/test_rename_new_name_0100_dpx_0/src/new_name.0191.dpx
/tmp/pytest-of-vsts/pytest-0/test_rename_new_name_0100_dpx_0/src/new_name.0192.dpx
/tmp/pytest-of-vsts/pytest-0/test_rename_new_name_0100_dpx_0/src/new_name.0193.dpx
/tmp/pytest-of-vsts/pytest-0/test_rename_new_name_0100_dpx_0/src/new_name.0194.dpx
/tmp/pytest-of-vsts/pytest-0/test_rename_new_name_0100_dpx_0/src/new_name.0195.dpx
/tmp/pytest-of-vsts/pytest-0/test_rename_new_name_0100_dpx_0/src/new_name.0196.dpx
/tmp/pytest-of-vsts/pytest-0/test_rename_new_name_0100_dpx_0/src/new_name.0197.dpx
/tmp/pytest-of-vsts/pytest-0/test_rename_new_name_0100_dpx_0/src/new_name.0198.dpx
/tmp/pytest-of-vsts/pytest-0/test_rename_new_name_0100_dpx_0/src/new_name.0199.dpx
/tmp/pytest-of-vsts/pytest-0/test_rename_new_name_0100_dpx_0/src/new_name.0200.dpx
new_name.####.dpx 100 200 0
new_name.####.dpx 100 200 1
new_name.####.dpx 100 200 2
new_name.####.dpx 100 200 3
new_name.####.dpx 100 200 4
new_name.####.dpx 100 200 5
new_name.####.dpx 100 200 6
new_name.####.dpx 100 200 7
new_name.####.dpx 100 200 8
new_name.####.dpx 100 200 9
new_name.####.dpx 100 200 10
new_name.####.dpx 100 200 11
new_name.####.dpx 100 200 12
new_name.####.dpx 100 200 13
new_name.####.dpx 100 200 14
new_name.####.dpx 100 200 15
new_name.####.dpx 100 200 16
new_name.####.dpx 100 200 17
new_name.####.dpx 100 200 18
new_name.####.dpx 100 200 19
new_name.####.dpx 100 200 20
new_name.####.dpx 100 200 21
new_name.####.dpx 100 200 22
new_name.####.dpx 100 200 23
new_name.####.dpx 100 200 24
new_name.####.dpx 100 200 25
new_name.####.dpx 100 200 26
new_name.####.dpx 100 200 27
new_name.####.dpx 100 200 28
new_name.####.dpx 100 200 29
new_name.####.dpx 100 200 30
new_name.####.dpx 100 200 31
new_name.####.dpx 100 200 32
new_name.####.dpx 100 200 33
new_name.####.dpx 100 200 34
new_name.####.dpx 100 200 35
new_name.####.dpx 100 200 36
new_name.####.dpx 100 200 37
new_name.####.dpx 100 200 38
new_name.####.dpx 100 200 39
new_name.####.dpx 100 200 40
new_name.####.dpx 100 200 41
new_name.####.dpx 100 200 42
new_name.####.dpx 100 200 43
new_name.####.dpx 100 200 44
new_name.####.dpx 100 200 45
new_name.####.dpx 100 200 46
new_name.####.dpx 100 200 47
new_name.####.dpx 100 200 48
new_name.####.dpx 100 200 49
new_name.####.dpx 100 200 50
new_name.####.dpx 100 200 51
new_name.####.dpx 100 200 52
new_name.####.dpx 100 200 53
new_name.####.dpx 100 200 54
new_name.####.dpx 100 200 55
new_name.####.dpx 100 200 56
new_name.####.dpx 100 200 57
new_name.####.dpx 100 200 58
new_name.####.dpx 100 200 59
new_name.####.dpx 100 200 60
new_name.####.dpx 100 200 61
new_name.####.dpx 100 200 62
new_name.####.dpx 100 200 63
new_name.####.dpx 100 200 64
new_name.####.dpx 100 200 65
new_name.####.dpx 100 200 66
new_name.####.dpx 100 200 67
new_name.####.dpx 100 200 68
new_name.####.dpx 100 200 69
new_name.####.dpx 100 200 70
new_name.####.dpx 100 200 71
new_name.####.dpx 100 200 72
new_name.####.dpx 100 200 73
new_name.####.dpx 100 200 74
new_name.####.dpx 100 200 75
new_name.####.dpx 100 200 76
new_name.####.dpx 100 200 77
new_name.####.dpx 100 200 78
new_name.####.dpx 100 200 79
new_name.####.dpx 100 200 80
new_name.####.dpx 100 200 81
new_name.####.dpx 100 200 82
new_name.####.dpx 100 200 83
new_name.####.dpx 100 200 84
new_name.####.dpx 100 200 85
new_name.####.dpx 100 200 86
new_name.####.dpx 100 200 87
new_name.####.dpx 100 200 88
new_name.####.dpx 100 200 89
new_name.####.dpx 100 200 90
new_name.####.dpx 100 200 91
new_name.####.dpx 100 200 92
new_name.####.dpx 100 200 93
new_name.####.dpx 100 200 94
new_name.####.dpx 100 200 95
new_name.####.dpx 100 200 96
new_name.####.dpx 100 200 97
new_name.####.dpx 100 200 98
new_name.####.dpx 100 200 99
new_name.####.dpx 100 200 100
new_name.####.dpx 100 200 0
file.###.txt 100 200 0
new_name.####.dpx 100 200 0
------------------
Missing:
new_name.####.dpx 100 200 0
new_name.####.dpx 100 200 1
new_name.####.dpx 100 200 2
new_name.####.dpx 100 200 3
new_name.####.dpx 100 200 4
new_name.####.dpx 100 200 5
new_name.####.dpx 100 200 6
new_name.####.dpx 100 200 7
new_name.####.dpx 100 200 8
new_name.####.dpx 100 200 9
new_name.####.dpx 100 200 10
new_name.####.dpx 100 200 11
new_name.####.dpx 100 200 12
new_name.####.dpx 100 200 13
new_name.####.dpx 100 200 14
new_name.####.dpx 100 200 15
new_name.####.dpx 100 200 16
new_name.####.dpx 100 200 17
new_name.####.dpx 100 200 18
new_name.####.dpx 100 200 19
new_name.####.dpx 100 200 20
new_name.####.dpx 100 200 21
new_name.####.dpx 100 200 22
new_name.####.dpx 100 200 23
new_name.####.dpx 100 200 24
new_name.####.dpx 100 200 25
new_name.####.dpx 100 200 26
new_name.####.dpx 100 200 27
new_name.####.dpx 100 200 28
new_name.####.dpx 100 200 29
new_name.####.dpx 100 200 30
new_name.####.dpx 100 200 31
new_name.####.dpx 100 200 32
new_name.####.dpx 100 200 33
new_name.####.dpx 100 200 34
new_name.####.dpx 100 200 35
new_name.####.dpx 100 200 36
new_name.####.dpx 100 200 37
new_name.####.dpx 100 200 38
new_name.####.dpx 100 200 39
new_name.####.dpx 100 200 40
new_name.####.dpx 100 200 41
new_name.####.dpx 100 200 42
new_name.####.dpx 100 200 43
new_name.####.dpx 100 200 44
new_name.####.dpx 100 200 45
new_name.####.dpx 100 200 46
new_name.####.dpx 100 200 47
new_name.####.dpx 100 200 48
new_name.####.dpx 100 200 49
new_name.####.dpx 100 200 50
new_name.####.dpx 100 200 51
new_name.####.dpx 100 200 52
new_name.####.dpx 100 200 53
new_name.####.dpx 100 200 54
new_name.####.dpx 100 200 55
new_name.####.dpx 100 200 56
new_name.####.dpx 100 200 57
new_name.####.dpx 100 200 58
new_name.####.dpx 100 200 59
new_name.####.dpx 100 200 60
new_name.####.dpx 100 200 61
new_name.####.dpx 100 200 62
new_name.####.dpx 100 200 63
new_name.####.dpx 100 200 64
new_name.####.dpx 100 200 65
new_name.####.dpx 100 200 66
new_name.####.dpx 100 200 67
new_name.####.dpx 100 200 68
new_name.####.dpx 100 200 69
new_name.####.dpx 100 200 70
new_name.####.dpx 100 200 71
new_name.####.dpx 100 200 72
new_name.####.dpx 100 200 73
new_name.####.dpx 100 200 74
new_name.####.dpx 100 200 75
new_name.####.dpx 100 200 76
new_name.####.dpx 100 200 77
new_name.####.dpx 100 200 78
new_name.####.dpx 100 200 79
new_name.####.dpx 100 200 80
new_name.####.dpx 100 200 81
new_name.####.dpx 100 200 82
new_name.####.dpx 100 200 83
new_name.####.dpx 100 200 84
new_name.####.dpx 100 200 85
new_name.####.dpx 100 200 86
new_name.####.dpx 100 200 87
new_name.####.dpx 100 200 88
new_name.####.dpx 100 200 89
new_name.####.dpx 100 200 90
new_name.####.dpx 100 200 91
new_name.####.dpx 100 200 92
new_name.####.dpx 100 200 93
new_name.####.dpx 100 200 94
new_name.####.dpx 100 200 95
new_name.####.dpx 100 200 96
new_name.####.dpx 100 200 97
new_name.####.dpx 100 200 98
new_name.####.dpx 100 200 99
new_name.####.dpx 100 200 100
file.###.txt 100 200 0
new_name.####.dpx 100 200 0
new_name.####.dpx 100 200 1
new_name.####.dpx 100 200 2
new_name.####.dpx 100 200 3
new_name.####.dpx 100 200 4
new_name.####.dpx 100 200 5
new_name.####.dpx 100 200 6
new_name.####.dpx 100 200 7
new_name.####.dpx 100 200 8
new_name.####.dpx 100 200 9
new_name.####.dpx 100 200 10
new_name.####.dpx 100 200 11
new_name.####.dpx 100 200 12
new_name.####.dpx 100 200 13
new_name.####.dpx 100 200 14
new_name.####.dpx 100 200 15
new_name.####.dpx 100 200 16
new_name.####.dpx 100 200 17
new_name.####.dpx 100 200 18
new_name.####.dpx 100 200 19
new_name.####.dpx 100 200 20
new_name.####.dpx 100 200 21
new_name.####.dpx 100 200 22
new_name.####.dpx 100 200 23
new_name.####.dpx 100 200 24
new_name.####.dpx 100 200 25
new_name.####.dpx 100 200 26
new_name.####.dpx 100 200 27
new_name.####.dpx 100 200 28
new_name.####.dpx 100 200 29
new_name.####.dpx 100 200 30
new_name.####.dpx 100 200 31
new_name.####.dpx 100 200 32
new_name.####.dpx 100 200 33
new_name.####.dpx 100 200 34
new_name.####.dpx 100 200 35
new_name.####.dpx 100 200 36
new_name.####.dpx 100 200 37
new_name.####.dpx 100 200 38
new_name.####.dpx 100 200 39
new_name.####.dpx 100 200 40
new_name.####.dpx 100 200 41
new_name.####.dpx 100 200 42
new_name.####.dpx 100 200 43
new_name.####.dpx 100 200 44
new_name.####.dpx 100 200 45
new_name.####.dpx 100 200 46
new_name.####.dpx 100 200 47
new_name.####.dpx 100 200 48
new_name.####.dpx 100 200 49
new_name.####.dpx 100 200 50
new_name.####.dpx 100 200 51
new_name.####.dpx 100 200 52
new_name.####.dpx 100 200 53
new_name.####.dpx 100 200 54
new_name.####.dpx 100 200 55
new_name.####.dpx 100 200 56
new_name.####.dpx 100 200 57
new_name.####.dpx 100 200 58
new_name.####.dpx 100 200 59
new_name.####.dpx 100 200 60
new_name.####.dpx 100 200 61
new_name.####.dpx 100 200 62
new_name.####.dpx 100 200 63
new_name.####.dpx 100 200 64
new_name.####.dpx 100 200 65
new_name.####.dpx 100 200 66
new_name.####.dpx 100 200 67
new_name.####.dpx 100 200 68
new_name.####.dpx 100 200 69
new_name.####.dpx 100 200 70
new_name.####.dpx 100 200 71
new_name.####.dpx 100 200 72
new_name.####.dpx 100 200 73
new_name.####.dpx 100 200 74
new_name.####.dpx 100 200 75
new_name.####.dpx 100 200 76
new_name.####.dpx 100 200 77
new_name.####.dpx 100 200 78
new_name.####.dpx 100 200 79
new_name.####.dpx 100 200 80
new_name.####.dpx 100 200 81
new_name.####.dpx 100 200 82
new_name.####.dpx 100 200 83
new_name.####.dpx 100 200 84
new_name.####.dpx 100 200 85
new_name.####.dpx 100 200 86
new_name.####.dpx 100 200 87
new_name.####.dpx 100 200 88
new_name.####.dpx 100 200 89
new_name.####.dpx 100 200 90
new_name.####.dpx 100 200 91
new_name.####.dpx 100 200 92
new_name.####.dpx 100 200 93
new_name.####.dpx 100 200 94
new_name.####.dpx 100 200 95
new_name.####.dpx 100 200 96
new_name.####.dpx 100 200 97
new_name.####.dpx 100 200 98
new_name.####.dpx 100 200 99
new_name.####.dpx 100 200 100
</system-out></testcase><testcase classname="zdevelop.tests.test_file_seq.TestSeqDisk" file="zdevelop/tests/test_file_seq.py" line="201" name="test_rename[new_name.0100.dpx-new_name-100-4-dpx-False]" time="0.079"><system-out>Original Dir List
file.###.txt 100 200 0
/tmp/pytest-of-vsts/pytest-0/test_rename_new_name_0100_dpx_1/src/file.100.txt
/tmp/pytest-of-vsts/pytest-0/test_rename_new_name_0100_dpx_1/src/file.101.txt
/tmp/pytest-of-vsts/pytest-0/test_rename_new_name_0100_dpx_1/src/file.102.txt
/tmp/pytest-of-vsts/pytest-0/test_rename_new_name_0100_dpx_1/src/file.103.txt
/tmp/pytest-of-vsts/pytest-0/test_rename_new_name_0100_dpx_1/src/file.104.txt
/tmp/pytest-of-vsts/pytest-0/test_rename_new_name_0100_dpx_1/src/file.105.txt
/tmp/pytest-of-vsts/pytest-0/test_rename_new_name_0100_dpx_1/src/file.106.txt
/tmp/pytest-of-vsts/pytest-0/test_rename_new_name_0100_dpx_1/src/file.107.txt
/tmp/pytest-of-vsts/pytest-0/test_rename_new_name_0100_dpx_1/src/file.108.txt
/tmp/pytest-of-vsts/pytest-0/test_rename_new_name_0100_dpx_1/src/file.109.txt
/tmp/pytest-of-vsts/pytest-0/test_rename_new_name_0100_dpx_1/src/file.110.txt
/tmp/pytest-of-vsts/pytest-0/test_rename_new_name_0100_dpx_1/src/file.111.txt
/tmp/pytest-of-vsts/pytest-0/test_rename_new_name_0100_dpx_1/src/file.112.txt
/tmp/pytest-of-vsts/pytest-0/test_rename_new_name_0100_dpx_1/src/file.113.txt
/tmp/pytest-of-vsts/pytest-0/test_rename_new_name_0100_dpx_1/src/file.114.txt
/tmp/pytest-of-vsts/pytest-0/test_rename_new_name_0100_dpx_1/src/file.115.txt
/tmp/pytest-of-vsts/pytest-0/test_rename_new_name_0100_dpx_1/src/file.116.txt
/tmp/pytest-of-vsts/pytest-0/test_rename_new_name_0100_dpx_1/src/file.117.txt
/tmp/pytest-of-vsts/pytest-0/test_rename_new_name_0100_dpx_1/src/file.118.txt
/tmp/pytest-of-vsts/pytest-0/test_rename_new_name_0100_dpx_1/src/file.119.txt
/tmp/pytest-of-vsts/pytest-0/test_rename_new_name_0100_dpx_1/src/file.120.txt
/tmp/pytest-of-vsts/pytest-0/test_rename_new_name_0100_dpx_1/src/file.121.txt
/tmp/pytest-of-vsts/pytest-0/test_rename_new_name_0100_dpx_1/src/file.122.txt
/tmp/pytest-of-vsts/pytest-0/test_rename_new_name_0100_dpx_1/src/file.123.txt
/tmp/pytest-of-vsts/pytest-0/test_rename_new_name_0100_dpx_1/src/file.124.txt
/tmp/pytest-of-vsts/pytest-0/test_rename_new_name_0100_dpx_1/src/file.125.txt
/tmp/pytest-of-vsts/pytest-0/test_rename_new_name_0100_dpx_1/src/file.126.txt
/tmp/pytest-of-vsts/pytest-0/test_rename_new_name_0100_dpx_1/src/file.127.txt
/tmp/pytest-of-vsts/pytest-0/test_rename_new_name_0100_dpx_1/src/file.128.txt
/tmp/pytest-of-vsts/pytest-0/test_rename_new_name_0100_dpx_1/src/file.129.txt
/tmp/pytest-of-vsts/pytest-0/test_rename_new_name_0100_dpx_1/src/file.130.txt
/tmp/pytest-of-vsts/pytest-0/test_rename_new_name_0100_dpx_1/src/file.131.txt
/tmp/pytest-of-vsts/pytest-0/test_rename_new_name_0100_dpx_1/src/file.132.txt
/tmp/pytest-of-vsts/pytest-0/test_rename_new_name_0100_dpx_1/src/file.133.txt
/tmp/pytest-of-vsts/pytest-0/test_rename_new_name_0100_dpx_1/src/file.134.txt
/tmp/pytest-of-vsts/pytest-0/test_rename_new_name_0100_dpx_1/src/file.135.txt
/tmp/pytest-of-vsts/pytest-0/test_rename_new_name_0100_dpx_1/src/file.136.txt
/tmp/pytest-of-vsts/pytest-0/test_rename_new_name_0100_dpx_1/src/file.137.txt
/tmp/pytest-of-vsts/pytest-0/test_rename_new_name_0100_dpx_1/src/file.138.txt
/tmp/pytest-of-vsts/pytest-0/test_rename_new_name_0100_dpx_1/src/file.139.txt
/tmp/pytest-of-vsts/pytest-0/test_rename_new_name_0100_dpx_1/src/file.140.txt
/tmp/pytest-of-vsts/pytest-0/test_rename_new_name_0100_dpx_1/src/file.141.txt
/tmp/pytest-of-vsts/pytest-0/test_rename_new_name_0100_dpx_1/src/file.142.txt
/tmp/pytest-of-vsts/pytest-0/test_rename_new_name_0100_dpx_1/src/file.143.txt
/tmp/pytest-of-vsts/pytest-0/test_rename_new_name_0100_dpx_1/src/file.144.txt
/tmp/pytest-of-vsts/pytest-0/test_rename_new_name_0100_dpx_1/src/file.145.txt
/tmp/pytest-of-vsts/pytest-0/test_rename_new_name_0100_dpx_1/src/file.146.txt
/tmp/pytest-of-vsts/pytest-0/test_rename_new_name_0100_dpx_1/src/file.147.txt
/tmp/pytest-of-vsts/pytest-0/test_rename_new_name_0100_dpx_1/src/file.148.txt
/tmp/pytest-of-vsts/pytest-0/test_rename_new_name_0100_dpx_1/src/file.149.txt
/tmp/pytest-of-vsts/pytest-0/test_rename_new_name_0100_dpx_1/src/file.150.txt
/tmp/pytest-of-vsts/pytest-0/test_rename_new_name_0100_dpx_1/src/file.151.txt
/tmp/pytest-of-vsts/pytest-0/test_rename_new_name_0100_dpx_1/src/file.152.txt
/tmp/pytest-of-vsts/pytest-0/test_rename_new_name_0100_dpx_1/src/file.153.txt
/tmp/pytest-of-vsts/pytest-0/test_rename_new_name_0100_dpx_1/src/file.154.txt
/tmp/pytest-of-vsts/pytest-0/test_rename_new_name_0100_dpx_1/src/file.155.txt
/tmp/pytest-of-vsts/pytest-0/test_rename_new_name_0100_dpx_1/src/file.156.txt
/tmp/pytest-of-vsts/pytest-0/test_rename_new_name_0100_dpx_1/src/file.157.txt
/tmp/pytest-of-vsts/pytest-0/test_rename_new_name_0100_dpx_1/src/file.158.txt
/tmp/pytest-of-vsts/pytest-0/test_rename_new_name_0100_dpx_1/src/file.159.txt
/tmp/pytest-of-vsts/pytest-0/test_rename_new_name_0100_dpx_1/src/file.160.txt
/tmp/pytest-of-vsts/pytest-0/test_rename_new_name_0100_dpx_1/src/file.161.txt
/tmp/pytest-of-vsts/pytest-0/test_rename_new_name_0100_dpx_1/src/file.162.txt
/tmp/pytest-of-vsts/pytest-0/test_rename_new_name_0100_dpx_1/src/file.163.txt
/tmp/pytest-of-vsts/pytest-0/test_rename_new_name_0100_dpx_1/src/file.164.txt
/tmp/pytest-of-vsts/pytest-0/test_rename_new_name_0100_dpx_1/src/file.165.txt
/tmp/pytest-of-vsts/pytest-0/test_rename_new_name_0100_dpx_1/src/file.166.txt
/tmp/pytest-of-vsts/pytest-0/test_rename_new_name_0100_dpx_1/src/file.167.txt
/tmp/pytest-of-vsts/pytest-0/test_rename_new_name_0100_dpx_1/src/file.168.txt
/tmp/pytest-of-vsts/pytest-0/test_rename_new_name_0100_dpx_1/src/file.169.txt
/tmp/pytest-of-vsts/pytest-0/test_rename_new_name_0100_dpx_1/src/file.170.txt
/tmp/pytest-of-vsts/pytest-0/test_rename_new_name_0100_dpx_1/src/file.171.txt
/tmp/pytest-of-vsts/pytest-0/test_rename_new_name_0100_dpx_1/src/file.172.txt
/tmp/pytest-of-vsts/pytest-0/test_rename_new_name_0100_dpx_1/src/file.173.txt
/tmp/pytest-of-vsts/pytest-0/test_rename_new_name_0100_dpx_1/src/file.174.txt
/tmp/pytest-of-vsts/pytest-0/test_rename_new_name_0100_dpx_1/src/file.175.txt
/tmp/pytest-of-vsts/pytest-0/test_rename_new_name_0100_dpx_1/src/file.176.txt
/tmp/pytest-of-vsts/pytest-0/test_rename_new_name_0100_dpx_1/src/file.177.txt
/tmp/pytest-of-vsts/pytest-0/test_rename_new_name_0100_dpx_1/src/file.178.txt
/tmp/pytest-of-vsts/pytest-0/test_rename_new_name_0100_dpx_1/src/file.179.txt
/tmp/pytest-of-vsts/pytest-0/test_rename_new_name_0100_dpx_1/src/file.180.txt
/tmp/pytest-of-vsts/pytest-0/test_rename_new_name_0100_dpx_1/src/file.181.txt
/tmp/pytest-of-vsts/pytest-0/test_rename_new_name_0100_dpx_1/src/file.182.txt
/tmp/pytest-of-vsts/pytest-0/test_rename_new_name_0100_dpx_1/src/file.183.txt
/tmp/pytest-of-vsts/pytest-0/test_rename_new_name_0100_dpx_1/src/file.184.txt
/tmp/pytest-of-vsts/pytest-0/test_rename_new_name_0100_dpx_1/src/file.185.txt
/tmp/pytest-of-vsts/pytest-0/test_rename_new_name_0100_dpx_1/src/file.186.txt
/tmp/pytest-of-vsts/pytest-0/test_rename_new_name_0100_dpx_1/src/file.187.txt
/tmp/pytest-of-vsts/pytest-0/test_rename_new_name_0100_dpx_1/src/file.188.txt
/tmp/pytest-of-vsts/pytest-0/test_rename_new_name_0100_dpx_1/src/file.189.txt
/tmp/pytest-of-vsts/pytest-0/test_rename_new_name_0100_dpx_1/src/file.190.txt
/tmp/pytest-of-vsts/pytest-0/test_rename_new_name_0100_dpx_1/src/file.191.txt
/tmp/pytest-of-vsts/pytest-0/test_rename_new_name_0100_dpx_1/src/file.192.txt
/tmp/pytest-of-vsts/pytest-0/test_rename_new_name_0100_dpx_1/src/file.193.txt
/tmp/pytest-of-vsts/pytest-0/test_rename_new_name_0100_dpx_1/src/file.194.txt
/tmp/pytest-of-vsts/pytest-0/test_rename_new_name_0100_dpx_1/src/file.195.txt
/tmp/pytest-of-vsts/pytest-0/test_rename_new_name_0100_dpx_1/src/file.196.txt
/tmp/pytest-of-vsts/pytest-0/test_rename_new_name_0100_dpx_1/src/file.197.txt
/tmp/pytest-of-vsts/pytest-0/test_rename_new_name_0100_dpx_1/src/file.198.txt
/tmp/pytest-of-vsts/pytest-0/test_rename_new_name_0100_dpx_1/src/file.199.txt
/tmp/pytest-of-vsts/pytest-0/test_rename_new_name_0100_dpx_1/src/file.200.txt
------------------
file.###.txt 100 200 0
file.###.txt 100 200 1
file.###.txt 100 200 2
file.###.txt 100 200 3
file.###.txt 100 200 4
file.###.txt 100 200 5
file.###.txt 100 200 6
file.###.txt 100 200 7
file.###.txt 100 200 8
file.###.txt 100 200 9
file.###.txt 100 200 10
file.###.txt 100 200 11
file.###.txt 100 200 12
file.###.txt 100 200 13
file.###.txt 100 200 14
file.###.txt 100 200 15
file.###.txt 100 200 16
file.###.txt 100 200 17
file.###.txt 100 200 18
file.###.txt 100 200 19
file.###.txt 100 200 20
file.###.txt 100 200 21
file.###.txt 100 200 22
file.###.txt 100 200 23
file.###.txt 100 200 24
file.###.txt 100 200 25
file.###.txt 100 200 26
file.###.txt 100 200 27
file.###.txt 100 200 28
file.###.txt 100 200 29
file.###.txt 100 200 30
file.###.txt 100 200 31
file.###.txt 100 200 32
file.###.txt 100 200 33
file.###.txt 100 200 34
file.###.txt 100 200 35
file.###.txt 100 200 36
file.###.txt 100 200 37
file.###.txt 100 200 38
file.###.txt 100 200 39
file.###.txt 100 200 40
file.###.txt 100 200 41
file.###.txt 100 200 42
file.###.txt 100 200 43
file.###.txt 100 200 44
file.###.txt 100 200 45
file.###.txt 100 200 46
file.###.txt 100 200 47
file.###.txt 100 200 48
file.###.txt 100 200 49
file.###.txt 100 200 50
file.###.txt 100 200 51
file.###.txt 100 200 52
file.###.txt 100 200 53
file.###.txt 100 200 54
file.###.txt 100 200 55
file.###.txt 100 200 56
file.###.txt 100 200 57
file.###.txt 100 200 58
file.###.txt 100 200 59
file.###.txt 100 200 60
file.###.txt 100 200 61
file.###.txt 100 200 62
file.###.txt 100 200 63
file.###.txt 100 200 64
file.###.txt 100 200 65
file.###.txt 100 200 66
file.###.txt 100 200 67
file.###.txt 100 200 68
file.###.txt 100 200 69
file.###.txt 100 200 70
file.###.txt 100 200 71
file.###.txt 100 200 72
file.###.txt 100 200 73
file.###.txt 100 200 74
file.###.txt 100 200 75
file.###.txt 100 200 76
file.###.txt 100 200 77
file.###.txt 100 200 78
file.###.txt 100 200 79
file.###.txt 100 200 80
file.###.txt 100 200 81
file.###.txt 100 200 82
file.###.txt 100 200 83
file.###.txt 100 200 84
file.###.txt 100 200 85
file.###.txt 100 200 86
file.###.txt 100 200 87
file.###.txt 100 200 88
file.###.txt 100 200 89
file.###.txt 100 200 90
file.###.txt 100 200 91
file.###.txt 100 200 92
file.###.txt 100 200 93
file.###.txt 100 200 94
file.###.txt 100 200 95
file.###.txt 100 200 96
file.###.txt 100 200 97
file.###.txt 100 200 98
file.###.txt 100 200 99
file.###.txt 100 200 100
file.###.txt 100 200 100
file.###.txt 100 200 99
file.###.txt 100 200 98
file.###.txt 100 200 97
file.###.txt 100 200 96
file.###.txt 100 200 95
file.###.txt 100 200 94
file.###.txt 100 200 93
file.###.txt 100 200 92
file.###.txt 100 200 91
file.###.txt 100 200 90
file.###.txt 100 200 89
file.###.txt 100 200 88
file.###.txt 100 200 87
file.###.txt 100 200 86
file.###.txt 100 200 85
file.###.txt 100 200 84
file.###.txt 100 200 83
file.###.txt 100 200 82
file.###.txt 100 200 81
file.###.txt 100 200 80
file.###.txt 100 200 79
file.###.txt 100 200 78
file.###.txt 100 200 77
file.###.txt 100 200 76
file.###.txt 100 200 75
file.###.txt 100 200 74
file.###.txt 100 200 73
file.###.txt 100 200 72
file.###.txt 100 200 71
file.###.txt 100 200 70
file.###.txt 100 200 69
file.###.txt 100 200 68
file.###.txt 100 200 67
file.###.txt 100 200 66
file.###.txt 100 200 65
file.###.txt 100 200 64
file.###.txt 100 200 63
file.###.txt 100 200 62
file.###.txt 100 200 61
file.###.txt 100 200 60
file.###.txt 100 200 59
file.###.txt 100 200 58
file.###.txt 100 200 57
file.###.txt 100 200 56
file.###.txt 100 200 55
file.###.txt 100 200 54
file.###.txt 100 200 53
file.###.txt 100 200 52
file.###.txt 100 200 51
file.###.txt 100 200 50
file.###.txt 100 200 49
file.###.txt 100 200 48
file.###.txt 100 200 47
file.###.txt 100 200 46
file.###.txt 100 200 45
file.###.txt 100 200 44
file.###.txt 100 200 43
file.###.txt 100 200 42
file.###.txt 100 200 41
file.###.txt 100 200 40
file.###.txt 100 200 39
file.###.txt 100 200 38
file.###.txt 100 200 37
file.###.txt 100 200 36
file.###.txt 100 200 35
file.###.txt 100 200 34
file.###.txt 100 200 33
file.###.txt 100 200 32
file.###.txt 100 200 31
file.###.txt 100 200 30
file.###.txt 100 200 29
file.###.txt 100 200 28
file.###.txt 100 200 27
file.###.txt 100 200 26
file.###.txt 100 200 25
file.###.txt 100 200 24
file.###.txt 100 200 23
file.###.txt 100 200 22
file.###.txt 100 200 21
file.###.txt 100 200 20
file.###.txt 100 200 19
file.###.txt 100 200 18
file.###.txt 100 200 17
file.###.txt 100 200 16
file.###.txt 100 200 15
file.###.txt 100 200 14
file.###.txt 100 200 13
file.###.txt 100 200 12
file.###.txt 100 200 11
file.###.txt 100 200 10
file.###.txt 100 200 9
file.###.txt 100 200 8
file.###.txt 100 200 7
file.###.txt 100 200 6
file.###.txt 100 200 5
file.###.txt 100 200 4
file.###.txt 100 200 3
file.###.txt 100 200 2
file.###.txt 100 200 1
file.###.txt 100 200 0
------------------
Post-rename Dir List
file.###.txt 100 200 0
/tmp/pytest-of-vsts/pytest-0/test_rename_new_name_0100_dpx_1/src/new_name.0100.dpx
/tmp/pytest-of-vsts/pytest-0/test_rename_new_name_0100_dpx_1/src/new_name.0101.dpx
/tmp/pytest-of-vsts/pytest-0/test_rename_new_name_0100_dpx_1/src/new_name.0102.dpx
/tmp/pytest-of-vsts/pytest-0/test_rename_new_name_0100_dpx_1/src/new_name.0103.dpx
/tmp/pytest-of-vsts/pytest-0/test_rename_new_name_0100_dpx_1/src/new_name.0104.dpx
/tmp/pytest-of-vsts/pytest-0/test_rename_new_name_0100_dpx_1/src/new_name.0105.dpx
/tmp/pytest-of-vsts/pytest-0/test_rename_new_name_0100_dpx_1/src/new_name.0106.dpx
/tmp/pytest-of-vsts/pytest-0/test_rename_new_name_0100_dpx_1/src/new_name.0107.dpx
/tmp/pytest-of-vsts/pytest-0/test_rename_new_name_0100_dpx_1/src/new_name.0108.dpx
/tmp/pytest-of-vsts/pytest-0/test_rename_new_name_0100_dpx_1/src/new_name.0109.dpx
/tmp/pytest-of-vsts/pytest-0/test_rename_new_name_0100_dpx_1/src/new_name.0110.dpx
/tmp/pytest-of-vsts/pytest-0/test_rename_new_name_0100_dpx_1/src/new_name.0111.dpx
/tmp/pytest-of-vsts/pytest-0/test_rename_new_name_0100_dpx_1/src/new_name.0112.dpx
/tmp/pytest-of-vsts/pytest-0/test_rename_new_name_0100_dpx_1/src/new_name.0113.dpx
/tmp/pytest-of-vsts/pytest-0/test_rename_new_name_0100_dpx_1/src/new_name.0114.dpx
/tmp/pytest-of-vsts/pytest-0/test_rename_new_name_0100_dpx_1/src/new_name.0115.dpx
/tmp/pytest-of-vsts/pytest-0/test_rename_new_name_0100_dpx_1/src/new_name.0116.dpx
/tmp/pytest-of-vsts/pytest-0/test_rename_new_name_0100_dpx_1/src/new_name.0117.dpx
/tmp/pytest-of-vsts/pytest-0/test_rename_new_name_0100_dpx_1/src/new_name.0118.dpx
/tmp/pytest-of-vsts/pytest-0/test_rename_new_name_0100_dpx_1/src/new_name.0119.dpx
/tmp/pytest-of-vsts/pytest-0/test_rename_new_name_0100_dpx_1/src/new_name.0120.dpx
/tmp/pytest-of-vsts/pytest-0/test_rename_new_name_0100_dpx_1/src/new_name.0121.dpx
/tmp/pytest-of-vsts/pytest-0/test_rename_new_name_0100_dpx_1/src/new_name.0122.dpx
/tmp/pytest-of-vsts/pytest-0/test_rename_new_name_0100_dpx_1/src/new_name.0123.dpx
/tmp/pytest-of-vsts/pytest-0/test_rename_new_name_0100_dpx_1/src/new_name.0124.dpx
/tmp/pytest-of-vsts/pytest-0/test_rename_new_name_0100_dpx_1/src/new_name.0125.dpx
/tmp/pytest-of-vsts/pytest-0/test_rename_new_name_0100_dpx_1/src/new_name.0126.dpx
/tmp/pytest-of-vsts/pytest-0/test_rename_new_name_0100_dpx_1/src/new_name.0127.dpx
/tmp/pytest-of-vsts/pytest-0/test_rename_new_name_0100_dpx_1/src/new_name.0128.dpx
/tmp/pytest-of-vsts/pytest-0/test_rename_new_name_0100_dpx_1/src/new_name.0129.dpx
/tmp/pytest-of-vsts/pytest-0/test_rename_new_name_0100_dpx_1/src/new_name.0130.dpx
/tmp/pytest-of-vsts/pytest-0/test_rename_new_name_0100_dpx_1/src/new_name.0131.dpx
/tmp/pytest-of-vsts/pytest-0/test_rename_new_name_0100_dpx_1/src/new_name.0132.dpx
/tmp/pytest-of-vsts/pytest-0/test_rename_new_name_0100_dpx_1/src/new_name.0133.dpx
/tmp/pytest-of-vsts/pytest-0/test_rename_new_name_0100_dpx_1/src/new_name.0134.dpx
/tmp/pytest-of-vsts/pytest-0/test_rename_new_name_0100_dpx_1/src/new_name.0135.dpx
/tmp/pytest-of-vsts/pytest-0/test_rename_new_name_0100_dpx_1/src/new_name.0136.dpx
/tmp/pytest-of-vsts/pytest-0/test_rename_new_name_0100_dpx_1/src/new_name.0137.dpx
/tmp/pytest-of-vsts/pytest-0/test_rename_new_name_0100_dpx_1/src/new_name.0138.dpx
/tmp/pytest-of-vsts/pytest-0/test_rename_new_name_0100_dpx_1/src/new_name.0139.dpx
/tmp/pytest-of-vsts/pytest-0/test_rename_new_name_0100_dpx_1/src/new_name.0140.dpx
/tmp/pytest-of-vsts/pytest-0/test_rename_new_name_0100_dpx_1/src/new_name.0141.dpx
/tmp/pytest-of-vsts/pytest-0/test_rename_new_name_0100_dpx_1/src/new_name.0142.dpx
/tmp/pytest-of-vsts/pytest-0/test_rename_new_name_0100_dpx_1/src/new_name.0143.dpx
/tmp/pytest-of-vsts/pytest-0/test_rename_new_name_0100_dpx_1/src/new_name.0144.dpx
/tmp/pytest-of-vsts/pytest-0/test_rename_new_name_0100_dpx_1/src/new_name.0145.dpx
/tmp/pytest-of-vsts/pytest-0/test_rename_new_name_0100_dpx_1/src/new_name.0146.dpx
/tmp/pytest-of-vsts/pytest-0/test_rename_new_name_0100_dpx_1/src/new_name.0147.dpx
/tmp/pytest-of-vsts/pytest-0/test_rename_new_name_0100_dpx_1/src/new_name.0148.dpx
/tmp/pytest-of-vsts/pytest-0/test_rename_new_name_0100_dpx_1/src/new_name.0149.dpx
/tmp/pytest-of-vsts/pytest-0/test_rename_new_name_0100_dpx_1/src/new_name.0150.dpx
/tmp/pytest-of-vsts/pytest-0/test_rename_new_name_0100_dpx_1/src/new_name.0151.dpx
/tmp/pytest-of-vsts/pytest-0/test_rename_new_name_0100_dpx_1/src/new_name.0152.dpx
/tmp/pytest-of-vsts/pytest-0/test_rename_new_name_0100_dpx_1/src/new_name.0153.dpx
/tmp/pytest-of-vsts/pytest-0/test_rename_new_name_0100_dpx_1/src/new_name.0154.dpx
/tmp/pytest-of-vsts/pytest-0/test_rename_new_name_0100_dpx_1/src/new_name.0155.dpx
/tmp/pytest-of-vsts/pytest-0/test_rename_new_name_0100_dpx_1/src/new_name.0156.dpx
/tmp/pytest-of-vsts/pytest-0/test_rename_new_name_0100_dpx_1/src/new_name.0157.dpx
/tmp/pytest-of-vsts/pytest-0/test_rename_new_name_0100_dpx_1/src/new_name.0158.dpx
/tmp/pytest-of-vsts/pytest-0/test_rename_new_name_0100_dpx_1/src/new_name.0159.dpx
/tmp/pytest-of-vsts/pytest-0/test_rename_new_name_0100_dpx_1/src/new_name.0160.dpx
/tmp/pytest-of-vsts/pytest-0/test_rename_new_name_0100_dpx_1/src/new_name.0161.dpx
/tmp/pytest-of-vsts/pytest-0/test_rename_new_name_0100_dpx_1/src/new_name.0162.dpx
/tmp/pytest-of-vsts/pytest-0/test_rename_new_name_0100_dpx_1/src/new_name.0163.dpx
/tmp/pytest-of-vsts/pytest-0/test_rename_new_name_0100_dpx_1/src/new_name.0164.dpx
/tmp/pytest-of-vsts/pytest-0/test_rename_new_name_0100_dpx_1/src/new_name.0165.dpx
/tmp/pytest-of-vsts/pytest-0/test_rename_new_name_0100_dpx_1/src/new_name.0166.dpx
/tmp/pytest-of-vsts/pytest-0/test_rename_new_name_0100_dpx_1/src/new_name.0167.dpx
/tmp/pytest-of-vsts/pytest-0/test_rename_new_name_0100_dpx_1/src/new_name.0168.dpx
/tmp/pytest-of-vsts/pytest-0/test_rename_new_name_0100_dpx_1/src/new_name.0169.dpx
/tmp/pytest-of-vsts/pytest-0/test_rename_new_name_0100_dpx_1/src/new_name.0170.dpx
/tmp/pytest-of-vsts/pytest-0/test_rename_new_name_0100_dpx_1/src/new_name.0171.dpx
/tmp/pytest-of-vsts/pytest-0/test_rename_new_name_0100_dpx_1/src/new_name.0172.dpx
/tmp/pytest-of-vsts/pytest-0/test_rename_new_name_0100_dpx_1/src/new_name.0173.dpx
/tmp/pytest-of-vsts/pytest-0/test_rename_new_name_0100_dpx_1/src/new_name.0174.dpx
/tmp/pytest-of-vsts/pytest-0/test_rename_new_name_0100_dpx_1/src/new_name.0175.dpx
/tmp/pytest-of-vsts/pytest-0/test_rename_new_name_0100_dpx_1/src/new_name.0176.dpx
/tmp/pytest-of-vsts/pytest-0/test_rename_new_name_0100_dpx_1/src/new_name.0177.dpx
/tmp/pytest-of-vsts/pytest-0/test_rename_new_name_0100_dpx_1/src/new_name.0178.dpx
/tmp/pytest-of-vsts/pytest-0/test_rename_new_name_0100_dpx_1/src/new_name.0179.dpx
/tmp/pytest-of-vsts/pytest-0/test_rename_new_name_0100_dpx_1/src/new_name.0180.dpx
/tmp/pytest-of-vsts/pytest-0/test_rename_new_name_0100_dpx_1/src/new_name.0181.dpx
/tmp/pytest-of-vsts/pytest-0/test_rename_new_name_0100_dpx_1/src/new_name.0182.dpx
/tmp/pytest-of-vsts/pytest-0/test_rename_new_name_0100_dpx_1/src/new_name.0183.dpx
/tmp/pytest-of-vsts/pytest-0/test_rename_new_name_0100_dpx_1/src/new_name.0184.dpx
/tmp/pytest-of-vsts/pytest-0/test_rename_new_name_0100_dpx_1/src/new_name.0185.dpx
/tmp/pytest-of-vsts/pytest-0/test_rename_new_name_0100_dpx_1/src/new_name.0186.dpx
/tmp/pytest-of-vsts/pytest-0/test_rename_new_name_0100_dpx_1/src/new_name.0187.dpx
/tmp/pytest-of-vsts/pytest-0/test_rename_new_name_0100_dpx_1/src/new_name.0188.dpx
/tmp/pytest-of-vsts/pytest-0/test_rename_new_name_0100_dpx_1/src/new_name.0189.dpx
/tmp/pytest-of-vsts/pytest-0/test_rename_new_name_0100_dpx_1/src/new_name.0190.dpx
/tmp/pytest-of-vsts/pytest-0/test_rename_new_name_0100_dpx_1/src/new_name.0191.dpx
/tmp/pytest-of-vsts/pytest-0/test_rename_new_name_0100_dpx_1/src/new_name.0192.dpx
/tmp/pytest-of-vsts/pytest-0/test_rename_new_name_0100_dpx_1/src/new_name.0193.dpx
/tmp/pytest-of-vsts/pytest-0/test_rename_new_name_0100_dpx_1/src/new_name.0194.dpx
/tmp/pytest-of-vsts/pytest-0/test_rename_new_name_0100_dpx_1/src/new_name.0195.dpx
/tmp/pytest-of-vsts/pytest-0/test_rename_new_name_0100_dpx_1/src/new_name.0196.dpx
/tmp/pytest-of-vsts/pytest-0/test_rename_new_name_0100_dpx_1/src/new_name.0197.dpx
/tmp/pytest-of-vsts/pytest-0/test_rename_new_name_0100_dpx_1/src/new_name.0198.dpx
/tmp/pytest-of-vsts/pytest-0/test_rename_new_name_0100_dpx_1/src/new_name.0199.dpx
/tmp/pytest-of-vsts/pytest-0/test_rename_new_name_0100_dpx_1/src/new_name.0200.dpx
new_name.####.dpx 100 200 0
new_name.####.dpx 100 200 1
new_name.####.dpx 100 200 2
new_name.####.dpx 100 200 3
new_name.####.dpx 100 200 4
new_name.####.dpx 100 200 5
new_name.####.dpx 100 200 6
new_name.####.dpx 100 200 7
new_name.####.dpx 100 200 8
new_name.####.dpx 100 200 9
new_name.####.dpx 100 200 10
new_name.####.dpx 100 200 11
new_name.####.dpx 100 200 12
new_name.####.dpx 100 200 13
new_name.####.dpx 100 200 14
new_name.####.dpx 100 200 15
new_name.####.dpx 100 200 16
new_name.####.dpx 100 200 17
new_name.####.dpx 100 200 18
new_name.####.dpx 100 200 19
new_name.####.dpx 100 200 20
new_name.####.dpx 100 200 21
new_name.####.dpx 100 200 22
new_name.####.dpx 100 200 23
new_name.####.dpx 100 200 24
new_name.####.dpx 100 200 25
new_name.####.dpx 100 200 26
new_name.####.dpx 100 200 27
new_name.####.dpx 100 200 28
new_name.####.dpx 100 200 29
new_name.####.dpx 100 200 30
new_name.####.dpx 100 200 31
new_name.####.dpx 100 200 32
new_name.####.dpx 100 200 33
new_name.####.dpx 100 200 34
new_name.####.dpx 100 200 35
new_name.####.dpx 100 200 36
new_name.####.dpx 100 200 37
new_name.####.dpx 100 200 38
new_name.####.dpx 100 200 39
new_name.####.dpx 100 200 40
new_name.####.dpx 100 200 41
new_name.####.dpx 100 200 42
new_name.####.dpx 100 200 43
new_name.####.dpx 100 200 44
new_name.####.dpx 100 200 45
new_name.####.dpx 100 200 46
new_name.####.dpx 100 200 47
new_name.####.dpx 100 200 48
new_name.####.dpx 100 200 49
new_name.####.dpx 100 200 50
new_name.####.dpx 100 200 51
new_name.####.dpx 100 200 52
new_name.####.dpx 100 200 53
new_name.####.dpx 100 200 54
new_name.####.dpx 100 200 55
new_name.####.dpx 100 200 56
new_name.####.dpx 100 200 57
new_name.####.dpx 100 200 58
new_name.####.dpx 100 200 59
new_name.####.dpx 100 200 60
new_name.####.dpx 100 200 61
new_name.####.dpx 100 200 62
new_name.####.dpx 100 200 63
new_name.####.dpx 100 200 64
new_name.####.dpx 100 200 65
new_name.####.dpx 100 200 66
new_name.####.dpx 100 200 67
new_name.####.dpx 100 200 68
new_name.####.dpx 100 200 69
new_name.####.dpx 100 200 70
new_name.####.dpx 100 200 71
new_name.####.dpx 100 200 72
new_name.####.dpx 100 200 73
new_name.####.dpx 100 200 74
new_name.####.dpx 100 200 75
new_name.####.dpx 100 200 76
new_name.####.dpx 100 200 77
new_name.####.dpx 100 200 78
new_name.####.dpx 100 200 79
new_name.####.dpx 100 200 80
new_name.####.dpx 100 200 81
new_name.####.dpx 100 200 82
new_name.####.dpx 100 200 83
new_name.####.dpx 100 200 84
new_name.####.dpx 100 200 85
new_name.####.dpx 100 200 86
new_name.####.dpx 100 200 87
new_name.####.dpx 100 200 88
new_name.####.dpx 100 200 89
new_name.####.dpx 100 200 90
new_name.####.dpx 100 200 91
new_name.####.dpx 100 200 92
new_name.####.dpx 100 200 93
new_name.####.dpx 100 200 94
new_name.####.dpx 100 200 95
new_name.####.dpx 100 200 96
new_name.####.dpx 100 200 97
new_name.####.dpx 100 200 98
new_name.####.dpx 100 200 99
new_name.####.dpx 100 200 100
new_name.####.dpx 100 200 0
file.###.txt 100 200 0
new_name.####.dpx 100 200 0
------------------
Missing:
new_name.####.dpx 100 200 0
new_name.####.dpx 100 200 1
new_name.####.dpx 100 200 2
new_name.####.dpx 100 200 3
new_name.####.dpx 100 200 4
new_name.####.dpx 100 200 5
new_name.####.dpx 100 200 6
new_name.####.dpx 100 200 7
new_name.####.dpx 100 200 8
new_name.####.dpx 100 200 9
new_name.####.dpx 100 200 10
new_name.####.dpx 100 200 11
new_name.####.dpx 100 200 12
new_name.####.dpx 100 200 13
new_name.####.dpx 100 200 14
new_name.####.dpx 100 200 15
new_name.####.dpx 100 200 16
new_name.####.dpx 100 200 17
new_name.####.dpx 100 200 18
new_name.####.dpx 100 200 19
new_name.####.dpx 100 200 20
new_name.####.dpx 100 200 21
new_name.####.dpx 100 200 22
new_name.####.dpx 100 200 23
new_name.####.dpx 100 200 24
new_name.####.dpx 100 200 25
new_name.####.dpx 100 200 26
new_name.####.dpx 100 200 27
new_name.####.dpx 100 200 28
new_name.####.dpx 100 200 29
new_name.####.dpx 100 200 30
new_name.####.dpx 100 200 31
new_name.####.dpx 100 200 32
new_name.####.dpx 100 200 33
new_name.####.dpx 100 200 34
new_name.####.dpx 100 200 35
new_name.####.dpx 100 200 36
new_name.####.dpx 100 200 37
new_name.####.dpx 100 200 38
new_name.####.dpx 100 200 39
new_name.####.dpx 100 200 40
new_name.####.dpx 100 200 41
new_name.####.dpx 100 200 42
new_name.####.dpx 100 200 43
new_name.####.dpx 100 200 44
new_name.####.dpx 100 200 45
new_name.####.dpx 100 200 46
new_name.####.dpx 100 200 47
new_name.####.dpx 100 200 48
new_name.####.dpx 100 200 49
new_name.####.dpx 100 200 50
new_name.####.dpx 100 200 51
new_name.####.dpx 100 200 52
new_name.####.dpx 100 200 53
new_name.####.dpx 100 200 54
new_name.####.dpx 100 200 55
new_name.####.dpx 100 200 56
new_name.####.dpx 100 200 57
new_name.####.dpx 100 200 58
new_name.####.dpx 100 200 59
new_name.####.dpx 100 200 60
new_name.####.dpx 100 200 61
new_name.####.dpx 100 200 62
new_name.####.dpx 100 200 63
new_name.####.dpx 100 200 64
new_name.####.dpx 100 200 65
new_name.####.dpx 100 200 66
new_name.####.dpx 100 200 67
new_name.####.dpx 100 200 68
new_name.####.dpx 100 200 69
new_name.####.dpx 100 200 70
new_name.####.dpx 100 200 71
new_name.####.dpx 100 200 72
new_name.####.dpx 100 200 73
new_name.####.dpx 100 200 74
new_name.####.dpx 100 200 75
new_name.####.dpx 100 200 76
new_name.####.dpx 100 200 77
new_name.####.dpx 100 200 78
new_name.####.dpx 100 200 79
new_name.####.dpx 100 200 80
new_name.####.dpx 100 200 81
new_name.####.dpx 100 200 82
new_name.####.dpx 100 200 83
new_name.####.dpx 100 200 84
new_name.####.dpx 100 200 85
new_name.####.dpx 100 200 86
new_name.####.dpx 100 200 87
new_name.####.dpx 100 200 88
new_name.####.dpx 100 200 89
new_name.####.dpx 100 200 90
new_name.####.dpx 100 200 91
new_name.####.dpx 100 200 92
new_name.####.dpx 100 200 93
new_name.####.dpx 100 200 94
new_name.####.dpx 100 200 95
new_name.####.dpx 100 200 96
new_name.####.dpx 100 200 97
new_name.####.dpx 100 200 98
new_name.####.dpx 100 200 99
new_name.####.dpx 100 200 100
file.###.txt 100 200 0
new_name.####.dpx 100 200 0
new_name.####.dpx 100 200 1
new_name.####.dpx 100 200 2
new_name.####.dpx 100 200 3
new_name.####.dpx 100 200 4
new_name.####.dpx 100 200 5
new_name.####.dpx 100 200 6
new_name.####.dpx 100 200 7
new_name.####.dpx 100 200 8
new_name.####.dpx 100 200 9
new_name.####.dpx 100 200 10
new_name.####.dpx 100 200 11
new_name.####.dpx 100 200 12
new_name.####.dpx 100 200 13
new_name.####.dpx 100 200 14
new_name.####.dpx 100 200 15
new_name.####.dpx 100 200 16
new_name.####.dpx 100 200 17
new_name.####.dpx 100 200 18
new_name.####.dpx 100 200 19
new_name.####.dpx 100 200 20
new_name.####.dpx 100 200 21
new_name.####.dpx 100 200 22
new_name.####.dpx 100 200 23
new_name.####.dpx 100 200 24
new_name.####.dpx 100 200 25
new_name.####.dpx 100 200 26
new_name.####.dpx 100 200 27
new_name.####.dpx 100 200 28
new_name.####.dpx 100 200 29
new_name.####.dpx 100 200 30
new_name.####.dpx 100 200 31
new_name.####.dpx 100 200 32
new_name.####.dpx 100 200 33
new_name.####.dpx 100 200 34
new_name.####.dpx 100 200 35
new_name.####.dpx 100 200 36
new_name.####.dpx 100 200 37
new_name.####.dpx 100 200 38
new_name.####.dpx 100 200 39
new_name.####.dpx 100 200 40
new_name.####.dpx 100 200 41
new_name.####.dpx 100 200 42
new_name.####.dpx 100 200 43
new_name.####.dpx 100 200 44
new_name.####.dpx 100 200 45
new_name.####.dpx 100 200 46
new_name.####.dpx 100 200 47
new_name.####.dpx 100 200 48
new_name.####.dpx 100 200 49
new_name.####.dpx 100 200 50
new_name.####.dpx 100 200 51
new_name.####.dpx 100 200 52
new_name.####.dpx 100 200 53
new_name.####.dpx 100 200 54
new_name.####.dpx 100 200 55
new_name.####.dpx 100 200 56
new_name.####.dpx 100 200 57
new_name.####.dpx 100 200 58
new_name.####.dpx 100 200 59
new_name.####.dpx 100 200 60
new_name.####.dpx 100 200 61
new_name.####.dpx 100 200 62
new_name.####.dpx 100 200 63
new_name.####.dpx 100 200 64
new_name.####.dpx 100 200 65
new_name.####.dpx 100 200 66
new_name.####.dpx 100 200 67
new_name.####.dpx 100 200 68
new_name.####.dpx 100 200 69
new_name.####.dpx 100 200 70
new_name.####.dpx 100 200 71
new_name.####.dpx 100 200 72
new_name.####.dpx 100 200 73
new_name.####.dpx 100 200 74
new_name.####.dpx 100 200 75
new_name.####.dpx 100 200 76
new_name.####.dpx 100 200 77
new_name.####.dpx 100 200 78
new_name.####.dpx 100 200 79
new_name.####.dpx 100 200 80
new_name.####.dpx 100 200 81
new_name.####.dpx 100 200 82
new_name.####.dpx 100 200 83
new_name.####.dpx 100 200 84
new_name.####.dpx 100 200 85
new_name.####.dpx 100 200 86
new_name.####.dpx 100 200 87
new_name.####.dpx 100 200 88
new_name.####.dpx 100 200 89
new_name.####.dpx 100 200 90
new_name.####.dpx 100 200 91
new_name.####.dpx 100 200 92
new_name.####.dpx 100 200 93
new_name.####.dpx 100 200 94
new_name.####.dpx 100 200 95
new_name.####.dpx 100 200 96
new_name.####.dpx 100 200 97
new_name.####.dpx 100 200 98
new_name.####.dpx 100 200 99
new_name.####.dpx 100 200 100
</system-out></testcase><testcase classname="zdevelop.tests.test_file_seq.TestSeqDisk" file="zdevelop/tests/test_file_seq.py" line="201" name="test_rename[new_name.####.dpx-new_name-100-4-dpx-False]" time="0.077"><system-out>Original Dir List
file.###.txt 100 200 0
/tmp/pytest-of-vsts/pytest-0/test_rename_new_name______dpx_0/src/file.100.txt
/tmp/pytest-of-vsts/pytest-0/test_rename_new_name______dpx_0/src/file.101.txt
/tmp/pytest-of-vsts/pytest-0/test_rename_new_name______dpx_0/src/file.102.txt
/tmp/pytest-of-vsts/pytest-0/test_rename_new_name______dpx_0/src/file.103.txt
/tmp/pytest-of-vsts/pytest-0/test_rename_new_name______dpx_0/src/file.104.txt
/tmp/pytest-of-vsts/pytest-0/test_rename_new_name______dpx_0/src/file.105.txt
/tmp/pytest-of-vsts/pytest-0/test_rename_new_name______dpx_0/src/file.106.txt
/tmp/pytest-of-vsts/pytest-0/test_rename_new_name______dpx_0/src/file.107.txt
/tmp/pytest-of-vsts/pytest-0/test_rename_new_name______dpx_0/src/file.108.txt
/tmp/pytest-of-vsts/pytest-0/test_rename_new_name______dpx_0/src/file.109.txt
/tmp/pytest-of-vsts/pytest-0/test_rename_new_name______dpx_0/src/file.110.txt
/tmp/pytest-of-vsts/pytest-0/test_rename_new_name______dpx_0/src/file.111.txt
/tmp/pytest-of-vsts/pytest-0/test_rename_new_name______dpx_0/src/file.112.txt
/tmp/pytest-of-vsts/pytest-0/test_rename_new_name______dpx_0/src/file.113.txt
/tmp/pytest-of-vsts/pytest-0/test_rename_new_name______dpx_0/src/file.114.txt
/tmp/pytest-of-vsts/pytest-0/test_rename_new_name______dpx_0/src/file.115.txt
/tmp/pytest-of-vsts/pytest-0/test_rename_new_name______dpx_0/src/file.116.txt
/tmp/pytest-of-vsts/pytest-0/test_rename_new_name______dpx_0/src/file.117.txt
/tmp/pytest-of-vsts/pytest-0/test_rename_new_name______dpx_0/src/file.118.txt
/tmp/pytest-of-vsts/pytest-0/test_rename_new_name______dpx_0/src/file.119.txt
/tmp/pytest-of-vsts/pytest-0/test_rename_new_name______dpx_0/src/file.120.txt
/tmp/pytest-of-vsts/pytest-0/test_rename_new_name______dpx_0/src/file.121.txt
/tmp/pytest-of-vsts/pytest-0/test_rename_new_name______dpx_0/src/file.122.txt
/tmp/pytest-of-vsts/pytest-0/test_rename_new_name______dpx_0/src/file.123.txt
/tmp/pytest-of-vsts/pytest-0/test_rename_new_name______dpx_0/src/file.124.txt
/tmp/pytest-of-vsts/pytest-0/test_rename_new_name______dpx_0/src/file.125.txt
/tmp/pytest-of-vsts/pytest-0/test_rename_new_name______dpx_0/src/file.126.txt
/tmp/pytest-of-vsts/pytest-0/test_rename_new_name______dpx_0/src/file.127.txt
/tmp/pytest-of-vsts/pytest-0/test_rename_new_name______dpx_0/src/file.128.txt
/tmp/pytest-of-vsts/pytest-0/test_rename_new_name______dpx_0/src/file.129.txt
/tmp/pytest-of-vsts/pytest-0/test_rename_new_name______dpx_0/src/file.130.txt
/tmp/pytest-of-vsts/pytest-0/test_rename_new_name______dpx_0/src/file.131.txt
/tmp/pytest-of-vsts/pytest-0/test_rename_new_name______dpx_0/src/file.132.txt
/tmp/pytest-of-vsts/pytest-0/test_rename_new_name______dpx_0/src/file.133.txt
/tmp/pytest-of-vsts/pytest-0/test_rename_new_name______dpx_0/src/file.134.txt
/tmp/pytest-of-vsts/pytest-0/test_rename_new_name______dpx_0/src/file.135.txt
/tmp/pytest-of-vsts/pytest-0/test_rename_new_name______dpx_0/src/file.136.txt
/tmp/pytest-of-vsts/pytest-0/test_rename_new_name______dpx_0/src/file.137.txt
/tmp/pytest-of-vsts/pytest-0/test_rename_new_name______dpx_0/src/file.138.txt
/tmp/pytest-of-vsts/pytest-0/test_rename_new_name______dpx_0/src/file.139.txt
/tmp/pytest-of-vsts/pytest-0/test_rename_new_name______dpx_0/src/file.140.txt
/tmp/pytest-of-vsts/pytest-0/test_rename_new_name______dpx_0/src/file.141.txt
/tmp/pytest-of-vsts/pytest-0/test_rename_new_name______dpx_0/src/file.142.txt
/tmp/pytest-of-vsts/pytest-0/test_rename_new_name______dpx_0/src/file.143.txt
/tmp/pytest-of-vsts/pytest-0/test_rename_new_name______dpx_0/src/file.144.txt
/tmp/pytest-of-vsts/pytest-0/test_rename_new_name______dpx_0/src/file.145.txt
/tmp/pytest-of-vsts/pytest-0/test_rename_new_name______dpx_0/src/file.146.txt
/tmp/pytest-of-vsts/pytest-0/test_rename_new_name______dpx_0/src/file.147.txt
/tmp/pytest-of-vsts/pytest-0/test_rename_new_name______dpx_0/src/file.148.txt
/tmp/pytest-of-vsts/pytest-0/test_rename_new_name______dpx_0/src/file.149.txt
/tmp/pytest-of-vsts/pytest-0/test_rename_new_name______dpx_0/src/file.150.txt
/tmp/pytest-of-vsts/pytest-0/test_rename_new_name______dpx_0/src/file.151.txt
/tmp/pytest-of-vsts/pytest-0/test_rename_new_name______dpx_0/src/file.152.txt
/tmp/pytest-of-vsts/pytest-0/test_rename_new_name______dpx_0/src/file.153.txt
/tmp/pytest-of-vsts/pytest-0/test_rename_new_name______dpx_0/src/file.154.txt
/tmp/pytest-of-vsts/pytest-0/test_rename_new_name______dpx_0/src/file.155.txt
/tmp/pytest-of-vsts/pytest-0/test_rename_new_name______dpx_0/src/file.156.txt
/tmp/pytest-of-vsts/pytest-0/test_rename_new_name______dpx_0/src/file.157.txt
/tmp/pytest-of-vsts/pytest-0/test_rename_new_name______dpx_0/src/file.158.txt
/tmp/pytest-of-vsts/pytest-0/test_rename_new_name______dpx_0/src/file.159.txt
/tmp/pytest-of-vsts/pytest-0/test_rename_new_name______dpx_0/src/file.160.txt
/tmp/pytest-of-vsts/pytest-0/test_rename_new_name______dpx_0/src/file.161.txt
/tmp/pytest-of-vsts/pytest-0/test_rename_new_name______dpx_0/src/file.162.txt
/tmp/pytest-of-vsts/pytest-0/test_rename_new_name______dpx_0/src/file.163.txt
/tmp/pytest-of-vsts/pytest-0/test_rename_new_name______dpx_0/src/file.164.txt
/tmp/pytest-of-vsts/pytest-0/test_rename_new_name______dpx_0/src/file.165.txt
/tmp/pytest-of-vsts/pytest-0/test_rename_new_name______dpx_0/src/file.166.txt
/tmp/pytest-of-vsts/pytest-0/test_rename_new_name______dpx_0/src/file.167.txt
/tmp/pytest-of-vsts/pytest-0/test_rename_new_name______dpx_0/src/file.168.txt
/tmp/pytest-of-vsts/pytest-0/test_rename_new_name______dpx_0/src/file.169.txt
/tmp/pytest-of-vsts/pytest-0/test_rename_new_name______dpx_0/src/file.170.txt
/tmp/pytest-of-vsts/pytest-0/test_rename_new_name______dpx_0/src/file.171.txt
/tmp/pytest-of-vsts/pytest-0/test_rename_new_name______dpx_0/src/file.172.txt
/tmp/pytest-of-vsts/pytest-0/test_rename_new_name______dpx_0/src/file.173.txt
/tmp/pytest-of-vsts/pytest-0/test_rename_new_name______dpx_0/src/file.174.txt
/tmp/pytest-of-vsts/pytest-0/test_rename_new_name______dpx_0/src/file.175.txt
/tmp/pytest-of-vsts/pytest-0/test_rename_new_name______dpx_0/src/file.176.txt
/tmp/pytest-of-vsts/pytest-0/test_rename_new_name______dpx_0/src/file.177.txt
/tmp/pytest-of-vsts/pytest-0/test_rename_new_name______dpx_0/src/file.178.txt
/tmp/pytest-of-vsts/pytest-0/test_rename_new_name______dpx_0/src/file.179.txt
/tmp/pytest-of-vsts/pytest-0/test_rename_new_name______dpx_0/src/file.180.txt
/tmp/pytest-of-vsts/pytest-0/test_rename_new_name______dpx_0/src/file.181.txt
/tmp/pytest-of-vsts/pytest-0/test_rename_new_name______dpx_0/src/file.182.txt
/tmp/pytest-of-vsts/pytest-0/test_rename_new_name______dpx_0/src/file.183.txt
/tmp/pytest-of-vsts/pytest-0/test_rename_new_name______dpx_0/src/file.184.txt
/tmp/pytest-of-vsts/pytest-0/test_rename_new_name______dpx_0/src/file.185.txt
/tmp/pytest-of-vsts/pytest-0/test_rename_new_name______dpx_0/src/file.186.txt
/tmp/pytest-of-vsts/pytest-0/test_rename_new_name______dpx_0/src/file.187.txt
/tmp/pytest-of-vsts/pytest-0/test_rename_new_name______dpx_0/src/file.188.txt
/tmp/pytest-of-vsts/pytest-0/test_rename_new_name______dpx_0/src/file.189.txt
/tmp/pytest-of-vsts/pytest-0/test_rename_new_name______dpx_0/src/file.190.txt
/tmp/pytest-of-vsts/pytest-0/test_rename_new_name______dpx_0/src/file.191.txt
/tmp/pytest-of-vsts/pytest-0/test_rename_new_name______dpx_0/src/file.192.txt
/tmp/pytest-of-vsts/pytest-0/test_rename_new_name______dpx_0/src/file.193.txt
/tmp/pytest-of-vsts/pytest-0/test_rename_new_name______dpx_0/src/file.194.txt
/tmp/pytest-of-vsts/pytest-0/test_rename_new_name______dpx_0/src/file.195.txt
/tmp/pytest-of-vsts/pytest-0/test_rename_new_name______dpx_0/src/file.196.txt
/tmp/pytest-of-vsts/pytest-0/test_rename_new_name______dpx_0/src/file.197.txt
/tmp/pytest-of-vsts/pytest-0/test_rename_new_name______dpx_0/src/file.198.txt
/tmp/pytest-of-vsts/pytest-0/test_rename_new_name______dpx_0/src/file.199.txt
/tmp/pytest-of-vsts/pytest-0/test_rename_new_name______dpx_0/src/file.200.txt
------------------
file.###.txt 100 200 0
file.###.txt 100 200 1
file.###.txt 100 200 2
file.###.txt 100 200 3
file.###.txt 100 200 4
file.###.txt 100 200 5
file.###.txt 100 200 6
file.###.txt 100 200 7
file.###.txt 100 200 8
file.###.txt 100 200 9
file.###.txt 100 200 10
file.###.txt 100 200 11
file.###.txt 100 200 12
file.###.txt 100 200 13
file.###.txt 100 200 14
file.###.txt 100 200 15
file.###.txt 100 200 16
file.###.txt 100 200 17
file.###.txt 100 200 18
file.###.txt 100 200 19
file.###.txt 100 200 20
file.###.txt 100 200 21
file.###.txt 100 200 22
file.###.txt 100 200 23
file.###.txt 100 200 24
file.###.txt 100 200 25
file.###.txt 100 200 26
file.###.txt 100 200 27
file.###.txt 100 200 28
file.###.txt 100 200 29
file.###.txt 100 200 30
file.###.txt 100 200 31
file.###.txt 100 200 32
file.###.txt 100 200 33
file.###.txt 100 200 34
file.###.txt 100 200 35
file.###.txt 100 200 36
file.###.txt 100 200 37
file.###.txt 100 200 38
file.###.txt 100 200 39
file.###.txt 100 200 40
file.###.txt 100 200 41
file.###.txt 100 200 42
file.###.txt 100 200 43
file.###.txt 100 200 44
file.###.txt 100 200 45
file.###.txt 100 200 46
file.###.txt 100 200 47
file.###.txt 100 200 48
file.###.txt 100 200 49
file.###.txt 100 200 50
file.###.txt 100 200 51
file.###.txt 100 200 52
file.###.txt 100 200 53
file.###.txt 100 200 54
file.###.txt 100 200 55
file.###.txt 100 200 56
file.###.txt 100 200 57
file.###.txt 100 200 58
file.###.txt 100 200 59
file.###.txt 100 200 60
file.###.txt 100 200 61
file.###.txt 100 200 62
file.###.txt 100 200 63
file.###.txt 100 200 64
file.###.txt 100 200 65
file.###.txt 100 200 66
file.###.txt 100 200 67
file.###.txt 100 200 68
file.###.txt 100 200 69
file.###.txt 100 200 70
file.###.txt 100 200 71
file.###.txt 100 200 72
file.###.txt 100 200 73
file.###.txt 100 200 74
file.###.txt 100 200 75
file.###.txt 100 200 76
file.###.txt 100 200 77
file.###.txt 100 200 78
file.###.txt 100 200 79
file.###.txt 100 200 80
file.###.txt 100 200 81
file.###.txt 100 200 82
file.###.txt 100 200 83
file.###.txt 100 200 84
file.###.txt 100 200 85
file.###.txt 100 200 86
file.###.txt 100 200 87
file.###.txt 100 200 88
file.###.txt 100 200 89
file.###.txt 100 200 90
file.###.txt 100 200 91
file.###.txt 100 200 92
file.###.txt 100 200 93
file.###.txt 100 200 94
file.###.txt 100 200 95
file.###.txt 100 200 96
file.###.txt 100 200 97
file.###.txt 100 200 98
file.###.txt 100 200 99
file.###.txt 100 200 100
file.###.txt 100 200 100
file.###.txt 100 200 99
file.###.txt 100 200 98
file.###.txt 100 200 97
file.###.txt 100 200 96
file.###.txt 100 200 95
file.###.txt 100 200 94
file.###.txt 100 200 93
file.###.txt 100 200 92
file.###.txt 100 200 91
file.###.txt 100 200 90
file.###.txt 100 200 89
file.###.txt 100 200 88
file.###.txt 100 200 87
file.###.txt 100 200 86
file.###.txt 100 200 85
file.###.txt 100 200 84
file.###.txt 100 200 83
file.###.txt 100 200 82
file.###.txt 100 200 81
file.###.txt 100 200 80
file.###.txt 100 200 79
file.###.txt 100 200 78
file.###.txt 100 200 77
file.###.txt 100 200 76
file.###.txt 100 200 75
file.###.txt 100 200 74
file.###.txt 100 200 73
file.###.txt 100 200 72
file.###.txt 100 200 71
file.###.txt 100 200 70
file.###.txt 100 200 69
file.###.txt 100 200 68
file.###.txt 100 200 67
file.###.txt 100 200 66
file.###.txt 100 200 65
file.###.txt 100 200 64
file.###.txt 100 200 63
file.###.txt 100 200 62
file.###.txt 100 200 61
file.###.txt 100 200 60
file.###.txt 100 200 59
file.###.txt 100 200 58
file.###.txt 100 200 57
file.###.txt 100 200 56
file.###.txt 100 200 55
file.###.txt 100 200 54
file.###.txt 100 200 53
file.###.txt 100 200 52
file.###.txt 100 200 51
file.###.txt 100 200 50
file.###.txt 100 200 49
file.###.txt 100 200 48
file.###.txt 100 200 47
file.###.txt 100 200 46
file.###.txt 100 200 45
file.###.txt 100 200 44
file.###.txt 100 200 43
file.###.txt 100 200 42
file.###.txt 100 200 41
file.###.txt 100 200 40
file.###.txt 100 200 39
file.###.txt 100 200 38
file.###.txt 100 200 37
file.###.txt 100 200 36
file.###.txt 100 200 35
file.###.txt 100 200 34
file.###.txt 100 200 33
file.###.txt 100 200 32
file.###.txt 100 200 31
file.###.txt 100 200 30
file.###.txt 100 200 29
file.###.txt 100 200 28
file.###.txt 100 200 27
file.###.txt 100 200 26
file.###.txt 100 200 25
file.###.txt 100 200 24
file.###.txt 100 200 23
file.###.txt 100 200 22
file.###.txt 100 200 21
file.###.txt 100 200 20
file.###.txt 100 200 19
file.###.txt 100 200 18
file.###.txt 100 200 17
file.###.txt 100 200 16
file.###.txt 100 200 15
file.###.txt 100 200 14
file.###.txt 100 200 13
file.###.txt 100 200 12
file.###.txt 100 200 11
file.###.txt 100 200 10
file.###.txt 100 200 9
file.###.txt 100 200 8
file.###.txt 100 200 7
file.###.txt 100 200 6
file.###.txt 100 200 5
file.###.txt 100 200 4
file.###.txt 100 200 3
file.###.txt 100 200 2
file.###.txt 100 200 1
file.###.txt 100 200 0
------------------
Post-rename Dir List
file.###.txt 100 200 0
/tmp/pytest-of-vsts/pytest-0/test_rename_new_name______dpx_0/src/new_name.0100.dpx
/tmp/pytest-of-vsts/pytest-0/test_rename_new_name______dpx_0/src/new_name.0101.dpx
/tmp/pytest-of-vsts/pytest-0/test_rename_new_name______dpx_0/src/new_name.0102.dpx
/tmp/pytest-of-vsts/pytest-0/test_rename_new_name______dpx_0/src/new_name.0103.dpx
/tmp/pytest-of-vsts/pytest-0/test_rename_new_name______dpx_0/src/new_name.0104.dpx
/tmp/pytest-of-vsts/pytest-0/test_rename_new_name______dpx_0/src/new_name.0105.dpx
/tmp/pytest-of-vsts/pytest-0/test_rename_new_name______dpx_0/src/new_name.0106.dpx
/tmp/pytest-of-vsts/pytest-0/test_rename_new_name______dpx_0/src/new_name.0107.dpx
/tmp/pytest-of-vsts/pytest-0/test_rename_new_name______dpx_0/src/new_name.0108.dpx
/tmp/pytest-of-vsts/pytest-0/test_rename_new_name______dpx_0/src/new_name.0109.dpx
/tmp/pytest-of-vsts/pytest-0/test_rename_new_name______dpx_0/src/new_name.0110.dpx
/tmp/pytest-of-vsts/pytest-0/test_rename_new_name______dpx_0/src/new_name.0111.dpx
/tmp/pytest-of-vsts/pytest-0/test_rename_new_name______dpx_0/src/new_name.0112.dpx
/tmp/pytest-of-vsts/pytest-0/test_rename_new_name______dpx_0/src/new_name.0113.dpx
/tmp/pytest-of-vsts/pytest-0/test_rename_new_name______dpx_0/src/new_name.0114.dpx
/tmp/pytest-of-vsts/pytest-0/test_rename_new_name______dpx_0/src/new_name.0115.dpx
/tmp/pytest-of-vsts/pytest-0/test_rename_new_name______dpx_0/src/new_name.0116.dpx
/tmp/pytest-of-vsts/pytest-0/test_rename_new_name______dpx_0/src/new_name.0117.dpx
/tmp/pytest-of-vsts/pytest-0/test_rename_new_name______dpx_0/src/new_name.0118.dpx
/tmp/pytest-of-vsts/pytest-0/test_rename_new_name______dpx_0/src/new_name.0119.dpx
/tmp/pytest-of-vsts/pytest-0/test_rename_new_name______dpx_0/src/new_name.0120.dpx
/tmp/pytest-of-vsts/pytest-0/test_rename_new_name______dpx_0/src/new_name.0121.dpx
/tmp/pytest-of-vsts/pytest-0/test_rename_new_name______dpx_0/src/new_name.0122.dpx
/tmp/pytest-of-vsts/pytest-0/test_rename_new_name______dpx_0/src/new_name.0123.dpx
/tmp/pytest-of-vsts/pytest-0/test_rename_new_name______dpx_0/src/new_name.0124.dpx
/tmp/pytest-of-vsts/pytest-0/test_rename_new_name______dpx_0/src/new_name.0125.dpx
/tmp/pytest-of-vsts/pytest-0/test_rename_new_name______dpx_0/src/new_name.0126.dpx
/tmp/pytest-of-vsts/pytest-0/test_rename_new_name______dpx_0/src/new_name.0127.dpx
/tmp/pytest-of-vsts/pytest-0/test_rename_new_name______dpx_0/src/new_name.0128.dpx
/tmp/pytest-of-vsts/pytest-0/test_rename_new_name______dpx_0/src/new_name.0129.dpx
/tmp/pytest-of-vsts/pytest-0/test_rename_new_name______dpx_0/src/new_name.0130.dpx
/tmp/pytest-of-vsts/pytest-0/test_rename_new_name______dpx_0/src/new_name.0131.dpx
/tmp/pytest-of-vsts/pytest-0/test_rename_new_name______dpx_0/src/new_name.0132.dpx
/tmp/pytest-of-vsts/pytest-0/test_rename_new_name______dpx_0/src/new_name.0133.dpx
/tmp/pytest-of-vsts/pytest-0/test_rename_new_name______dpx_0/src/new_name.0134.dpx
/tmp/pytest-of-vsts/pytest-0/test_rename_new_name______dpx_0/src/new_name.0135.dpx
/tmp/pytest-of-vsts/pytest-0/test_rename_new_name______dpx_0/src/new_name.0136.dpx
/tmp/pytest-of-vsts/pytest-0/test_rename_new_name______dpx_0/src/new_name.0137.dpx
/tmp/pytest-of-vsts/pytest-0/test_rename_new_name______dpx_0/src/new_name.0138.dpx
/tmp/pytest-of-vsts/pytest-0/test_rename_new_name______dpx_0/src/new_name.0139.dpx
/tmp/pytest-of-vsts/pytest-0/test_rename_new_name______dpx_0/src/new_name.0140.dpx
/tmp/pytest-of-vsts/pytest-0/test_rename_new_name______dpx_0/src/new_name.0141.dpx
/tmp/pytest-of-vsts/pytest-0/test_rename_new_name______dpx_0/src/new_name.0142.dpx
/tmp/pytest-of-vsts/pytest-0/test_rename_new_name______dpx_0/src/new_name.0143.dpx
/tmp/pytest-of-vsts/pytest-0/test_rename_new_name______dpx_0/src/new_name.0144.dpx
/tmp/pytest-of-vsts/pytest-0/test_rename_new_name______dpx_0/src/new_name.0145.dpx
/tmp/pytest-of-vsts/pytest-0/test_rename_new_name______dpx_0/src/new_name.0146.dpx
/tmp/pytest-of-vsts/pytest-0/test_rename_new_name______dpx_0/src/new_name.0147.dpx
/tmp/pytest-of-vsts/pytest-0/test_rename_new_name______dpx_0/src/new_name.0148.dpx
/tmp/pytest-of-vsts/pytest-0/test_rename_new_name______dpx_0/src/new_name.0149.dpx
/tmp/pytest-of-vsts/pytest-0/test_rename_new_name______dpx_0/src/new_name.0150.dpx
/tmp/pytest-of-vsts/pytest-0/test_rename_new_name______dpx_0/src/new_name.0151.dpx
/tmp/pytest-of-vsts/pytest-0/test_rename_new_name______dpx_0/src/new_name.0152.dpx
/tmp/pytest-of-vsts/pytest-0/test_rename_new_name______dpx_0/src/new_name.0153.dpx
/tmp/pytest-of-vsts/pytest-0/test_rename_new_name______dpx_0/src/new_name.0154.dpx
/tmp/pytest-of-vsts/pytest-0/test_rename_new_name______dpx_0/src/new_name.0155.dpx
/tmp/pytest-of-vsts/pytest-0/test_rename_new_name______dpx_0/src/new_name.0156.dpx
/tmp/pytest-of-vsts/pytest-0/test_rename_new_name______dpx_0/src/new_name.0157.dpx
/tmp/pytest-of-vsts/pytest-0/test_rename_new_name______dpx_0/src/new_name.0158.dpx
/tmp/pytest-of-vsts/pytest-0/test_rename_new_name______dpx_0/src/new_name.0159.dpx
/tmp/pytest-of-vsts/pytest-0/test_rename_new_name______dpx_0/src/new_name.0160.dpx
/tmp/pytest-of-vsts/pytest-0/test_rename_new_name______dpx_0/src/new_name.0161.dpx
/tmp/pytest-of-vsts/pytest-0/test_rename_new_name______dpx_0/src/new_name.0162.dpx
/tmp/pytest-of-vsts/pytest-0/test_rename_new_name______dpx_0/src/new_name.0163.dpx
/tmp/pytest-of-vsts/pytest-0/test_rename_new_name______dpx_0/src/new_name.0164.dpx
/tmp/pytest-of-vsts/pytest-0/test_rename_new_name______dpx_0/src/new_name.0165.dpx
/tmp/pytest-of-vsts/pytest-0/test_rename_new_name______dpx_0/src/new_name.0166.dpx
/tmp/pytest-of-vsts/pytest-0/test_rename_new_name______dpx_0/src/new_name.0167.dpx
/tmp/pytest-of-vsts/pytest-0/test_rename_new_name______dpx_0/src/new_name.0168.dpx
/tmp/pytest-of-vsts/pytest-0/test_rename_new_name______dpx_0/src/new_name.0169.dpx
/tmp/pytest-of-vsts/pytest-0/test_rename_new_name______dpx_0/src/new_name.0170.dpx
/tmp/pytest-of-vsts/pytest-0/test_rename_new_name______dpx_0/src/new_name.0171.dpx
/tmp/pytest-of-vsts/pytest-0/test_rename_new_name______dpx_0/src/new_name.0172.dpx
/tmp/pytest-of-vsts/pytest-0/test_rename_new_name______dpx_0/src/new_name.0173.dpx
/tmp/pytest-of-vsts/pytest-0/test_rename_new_name______dpx_0/src/new_name.0174.dpx
/tmp/pytest-of-vsts/pytest-0/test_rename_new_name______dpx_0/src/new_name.0175.dpx
/tmp/pytest-of-vsts/pytest-0/test_rename_new_name______dpx_0/src/new_name.0176.dpx
/tmp/pytest-of-vsts/pytest-0/test_rename_new_name______dpx_0/src/new_name.0177.dpx
/tmp/pytest-of-vsts/pytest-0/test_rename_new_name______dpx_0/src/new_name.0178.dpx
/tmp/pytest-of-vsts/pytest-0/test_rename_new_name______dpx_0/src/new_name.0179.dpx
/tmp/pytest-of-vsts/pytest-0/test_rename_new_name______dpx_0/src/new_name.0180.dpx
/tmp/pytest-of-vsts/pytest-0/test_rename_new_name______dpx_0/src/new_name.0181.dpx
/tmp/pytest-of-vsts/pytest-0/test_rename_new_name______dpx_0/src/new_name.0182.dpx
/tmp/pytest-of-vsts/pytest-0/test_rename_new_name______dpx_0/src/new_name.0183.dpx
/tmp/pytest-of-vsts/pytest-0/test_rename_new_name______dpx_0/src/new_name.0184.dpx
/tmp/pytest-of-vsts/pytest-0/test_rename_new_name______dpx_0/src/new_name.0185.dpx
/tmp/pytest-of-vsts/pytest-0/test_rename_new_name______dpx_0/src/new_name.0186.dpx
/tmp/pytest-of-vsts/pytest-0/test_rename_new_name______dpx_0/src/new_name.0187.dpx
/tmp/pytest-of-vsts/pytest-0/test_rename_new_name______dpx_0/src/new_name.0188.dpx
/tmp/pytest-of-vsts/pytest-0/test_rename_new_name______dpx_0/src/new_name.0189.dpx
/tmp/pytest-of-vsts/pytest-0/test_rename_new_name______dpx_0/src/new_name.0190.dpx
/tmp/pytest-of-vsts/pytest-0/test_rename_new_name______dpx_0/src/new_name.0191.dpx
/tmp/pytest-of-vsts/pytest-0/test_rename_new_name______dpx_0/src/new_name.0192.dpx
/tmp/pytest-of-vsts/pytest-0/test_rename_new_name______dpx_0/src/new_name.0193.dpx
/tmp/pytest-of-vsts/pytest-0/test_rename_new_name______dpx_0/src/new_name.0194.dpx
/tmp/pytest-of-vsts/pytest-0/test_rename_new_name______dpx_0/src/new_name.0195.dpx
/tmp/pytest-of-vsts/pytest-0/test_rename_new_name______dpx_0/src/new_name.0196.dpx
/tmp/pytest-of-vsts/pytest-0/test_rename_new_name______dpx_0/src/new_name.0197.dpx
/tmp/pytest-of-vsts/pytest-0/test_rename_new_name______dpx_0/src/new_name.0198.dpx
/tmp/pytest-of-vsts/pytest-0/test_rename_new_name______dpx_0/src/new_name.0199.dpx
/tmp/pytest-of-vsts/pytest-0/test_rename_new_name______dpx_0/src/new_name.0200.dpx
new_name.####.dpx 100 200 0
new_name.####.dpx 100 200 1
new_name.####.dpx 100 200 2
new_name.####.dpx 100 200 3
new_name.####.dpx 100 200 4
new_name.####.dpx 100 200 5
new_name.####.dpx 100 200 6
new_name.####.dpx 100 200 7
new_name.####.dpx 100 200 8
new_name.####.dpx 100 200 9
new_name.####.dpx 100 200 10
new_name.####.dpx 100 200 11
new_name.####.dpx 100 200 12
new_name.####.dpx 100 200 13
new_name.####.dpx 100 200 14
new_name.####.dpx 100 200 15
new_name.####.dpx 100 200 16
new_name.####.dpx 100 200 17
new_name.####.dpx 100 200 18
new_name.####.dpx 100 200 19
new_name.####.dpx 100 200 20
new_name.####.dpx 100 200 21
new_name.####.dpx 100 200 22
new_name.####.dpx 100 200 23
new_name.####.dpx 100 200 24
new_name.####.dpx 100 200 25
new_name.####.dpx 100 200 26
new_name.####.dpx 100 200 27
new_name.####.dpx 100 200 28
new_name.####.dpx 100 200 29
new_name.####.dpx 100 200 30
new_name.####.dpx 100 200 31
new_name.####.dpx 100 200 32
new_name.####.dpx 100 200 33
new_name.####.dpx 100 200 34
new_name.####.dpx 100 200 35
new_name.####.dpx 100 200 36
new_name.####.dpx 100 200 37
new_name.####.dpx 100 200 38
new_name.####.dpx 100 200 39
new_name.####.dpx 100 200 40
new_name.####.dpx 100 200 41
new_name.####.dpx 100 200 42
new_name.####.dpx 100 200 43
new_name.####.dpx 100 200 44
new_name.####.dpx 100 200 45
new_name.####.dpx 100 200 46
new_name.####.dpx 100 200 47
new_name.####.dpx 100 200 48
new_name.####.dpx 100 200 49
new_name.####.dpx 100 200 50
new_name.####.dpx 100 200 51
new_name.####.dpx 100 200 52
new_name.####.dpx 100 200 53
new_name.####.dpx 100 200 54
new_name.####.dpx 100 200 55
new_name.####.dpx 100 200 56
new_name.####.dpx 100 200 57
new_name.####.dpx 100 200 58
new_name.####.dpx 100 200 59
new_name.####.dpx 100 200 60
new_name.####.dpx 100 200 61
new_name.####.dpx 100 200 62
new_name.####.dpx 100 200 63
new_name.####.dpx 100 200 64
new_name.####.dpx 100 200 65
new_name.####.dpx 100 200 66
new_name.####.dpx 100 200 67
new_name.####.dpx 100 200 68
new_name.####.dpx 100 200 69
new_name.####.dpx 100 200 70
new_name.####.dpx 100 200 71
new_name.####.dpx 100 200 72
new_name.####.dpx 100 200 73
new_name.####.dpx 100 200 74
new_name.####.dpx 100 200 75
new_name.####.dpx 100 200 76
new_name.####.dpx 100 200 77
new_name.####.dpx 100 200 78
new_name.####.dpx 100 200 79
new_name.####.dpx 100 200 80
new_name.####.dpx 100 200 81
new_name.####.dpx 100 200 82
new_name.####.dpx 100 200 83
new_name.####.dpx 100 200 84
new_name.####.dpx 100 200 85
new_name.####.dpx 100 200 86
new_name.####.dpx 100 200 87
new_name.####.dpx 100 200 88
new_name.####.dpx 100 200 89
new_name.####.dpx 100 200 90
new_name.####.dpx 100 200 91
new_name.####.dpx 100 200 92
new_name.####.dpx 100 200 93
new_name.####.dpx 100 200 94
new_name.####.dpx 100 200 95
new_name.####.dpx 100 200 96
new_name.####.dpx 100 200 97
new_name.####.dpx 100 200 98
new_name.####.dpx 100 200 99
new_name.####.dpx 100 200 100
new_name.####.dpx 100 200 0
file.###.txt 100 200 0
new_name.####.dpx 100 200 0
------------------
Missing:
new_name.####.dpx 100 200 0
new_name.####.dpx 100 200 1
new_name.####.dpx 100 200 2
new_name.####.dpx 100 200 3
new_name.####.dpx 100 200 4
new_name.####.dpx 100 200 5
new_name.####.dpx 100 200 6
new_name.####.dpx 100 200 7
new_name.####.dpx 100 200 8
new_name.####.dpx 100 200 9
new_name.####.dpx 100 200 10
new_name.####.dpx 100 200 11
new_name.####.dpx 100 200 12
new_name.####.dpx 100 200 13
new_name.####.dpx 100 200 14
new_name.####.dpx 100 200 15
new_name.####.dpx 100 200 16
new_name.####.dpx 100 200 17
new_name.####.dpx 100 200 18
new_name.####.dpx 100 200 19
new_name.####.dpx 100 200 20
new_name.####.dpx 100 200 21
new_name.####.dpx 100 200 22
new_name.####.dpx 100 200 23
new_name.####.dpx 100 200 24
new_name.####.dpx 100 200 25
new_name.####.dpx 100 200 26
new_name.####.dpx 100 200 27
new_name.####.dpx 100 200 28
new_name.####.dpx 100 200 29
new_name.####.dpx 100 200 30
new_name.####.dpx 100 200 31
new_name.####.dpx 100 200 32
new_name.####.dpx 100 200 33
new_name.####.dpx 100 200 34
new_name.####.dpx 100 200 35
new_name.####.dpx 100 200 36
new_name.####.dpx 100 200 37
new_name.####.dpx 100 200 38
new_name.####.dpx 100 200 39
new_name.####.dpx 100 200 40
new_name.####.dpx 100 200 41
new_name.####.dpx 100 200 42
new_name.####.dpx 100 200 43
new_name.####.dpx 100 200 44
new_name.####.dpx 100 200 45
new_name.####.dpx 100 200 46
new_name.####.dpx 100 200 47
new_name.####.dpx 100 200 48
new_name.####.dpx 100 200 49
new_name.####.dpx 100 200 50
new_name.####.dpx 100 200 51
new_name.####.dpx 100 200 52
new_name.####.dpx 100 200 53
new_name.####.dpx 100 200 54
new_name.####.dpx 100 200 55
new_name.####.dpx 100 200 56
new_name.####.dpx 100 200 57
new_name.####.dpx 100 200 58
new_name.####.dpx 100 200 59
new_name.####.dpx 100 200 60
new_name.####.dpx 100 200 61
new_name.####.dpx 100 200 62
new_name.####.dpx 100 200 63
new_name.####.dpx 100 200 64
new_name.####.dpx 100 200 65
new_name.####.dpx 100 200 66
new_name.####.dpx 100 200 67
new_name.####.dpx 100 200 68
new_name.####.dpx 100 200 69
new_name.####.dpx 100 200 70
new_name.####.dpx 100 200 71
new_name.####.dpx 100 200 72
new_name.####.dpx 100 200 73
new_name.####.dpx 100 200 74
new_name.####.dpx 100 200 75
new_name.####.dpx 100 200 76
new_name.####.dpx 100 200 77
new_name.####.dpx 100 200 78
new_name.####.dpx 100 200 79
new_name.####.dpx 100 200 80
new_name.####.dpx 100 200 81
new_name.####.dpx 100 200 82
new_name.####.dpx 100 200 83
new_name.####.dpx 100 200 84
new_name.####.dpx 100 200 85
new_name.####.dpx 100 200 86
new_name.####.dpx 100 200 87
new_name.####.dpx 100 200 88
new_name.####.dpx 100 200 89
new_name.####.dpx 100 200 90
new_name.####.dpx 100 200 91
new_name.####.dpx 100 200 92
new_name.####.dpx 100 200 93
new_name.####.dpx 100 200 94
new_name.####.dpx 100 200 95
new_name.####.dpx 100 200 96
new_name.####.dpx 100 200 97
new_name.####.dpx 100 200 98
new_name.####.dpx 100 200 99
new_name.####.dpx 100 200 100
file.###.txt 100 200 0
new_name.####.dpx 100 200 0
new_name.####.dpx 100 200 1
new_name.####.dpx 100 200 2
new_name.####.dpx 100 200 3
new_name.####.dpx 100 200 4
new_name.####.dpx 100 200 5
new_name.####.dpx 100 200 6
new_name.####.dpx 100 200 7
new_name.####.dpx 100 200 8
new_name.####.dpx 100 200 9
new_name.####.dpx 100 200 10
new_name.####.dpx 100 200 11
new_name.####.dpx 100 200 12
new_name.####.dpx 100 200 13
new_name.####.dpx 100 200 14
new_name.####.dpx 100 200 15
new_name.####.dpx 100 200 16
new_name.####.dpx 100 200 17
new_name.####.dpx 100 200 18
new_name.####.dpx 100 200 19
new_name.####.dpx 100 200 20
new_name.####.dpx 100 200 21
new_name.####.dpx 100 200 22
new_name.####.dpx 100 200 23
new_name.####.dpx 100 200 24
new_name.####.dpx 100 200 25
new_name.####.dpx 100 200 26
new_name.####.dpx 100 200 27
new_name.####.dpx 100 200 28
new_name.####.dpx 100 200 29
new_name.####.dpx 100 200 30
new_name.####.dpx 100 200 31
new_name.####.dpx 100 200 32
new_name.####.dpx 100 200 33
new_name.####.dpx 100 200 34
new_name.####.dpx 100 200 35
new_name.####.dpx 100 200 36
new_name.####.dpx 100 200 37
new_name.####.dpx 100 200 38
new_name.####.dpx 100 200 39
new_name.####.dpx 100 200 40
new_name.####.dpx 100 200 41
new_name.####.dpx 100 200 42
new_name.####.dpx 100 200 43
new_name.####.dpx 100 200 44
new_name.####.dpx 100 200 45
new_name.####.dpx 100 200 46
new_name.####.dpx 100 200 47
new_name.####.dpx 100 200 48
new_name.####.dpx 100 200 49
new_name.####.dpx 100 200 50
new_name.####.dpx 100 200 51
new_name.####.dpx 100 200 52
new_name.####.dpx 100 200 53
new_name.####.dpx 100 200 54
new_name.####.dpx 100 200 55
new_name.####.dpx 100 200 56
new_name.####.dpx 100 200 57
new_name.####.dpx 100 200 58
new_name.####.dpx 100 200 59
new_name.####.dpx 100 200 60
new_name.####.dpx 100 200 61
new_name.####.dpx 100 200 62
new_name.####.dpx 100 200 63
new_name.####.dpx 100 200 64
new_name.####.dpx 100 200 65
new_name.####.dpx 100 200 66
new_name.####.dpx 100 200 67
new_name.####.dpx 100 200 68
new_name.####.dpx 100 200 69
new_name.####.dpx 100 200 70
new_name.####.dpx 100 200 71
new_name.####.dpx 100 200 72
new_name.####.dpx 100 200 73
new_name.####.dpx 100 200 74
new_name.####.dpx 100 200 75
new_name.####.dpx 100 200 76
new_name.####.dpx 100 200 77
new_name.####.dpx 100 200 78
new_name.####.dpx 100 200 79
new_name.####.dpx 100 200 80
new_name.####.dpx 100 200 81
new_name.####.dpx 100 200 82
new_name.####.dpx 100 200 83
new_name.####.dpx 100 200 84
new_name.####.dpx 100 200 85
new_name.####.dpx 100 200 86
new_name.####.dpx 100 200 87
new_name.####.dpx 100 200 88
new_name.####.dpx 100 200 89
new_name.####.dpx 100 200 90
new_name.####.dpx 100 200 91
new_name.####.dpx 100 200 92
new_name.####.dpx 100 200 93
new_name.####.dpx 100 200 94
new_name.####.dpx 100 200 95
new_name.####.dpx 100 200 96
new_name.####.dpx 100 200 97
new_name.####.dpx 100 200 98
new_name.####.dpx 100 200 99
new_name.####.dpx 100 200 100
</system-out></testcase><testcase classname="zdevelop.tests.test_file_seq.TestSeqDisk" file="zdevelop/tests/test_file_seq.py" line="201" name="test_rename[new_name.0200.dpx-new_name-200-4-dpx-True]" time="0.079"><system-out>Original Dir List
file.###.txt 100 200 0
/tmp/pytest-of-vsts/pytest-0/test_rename_new_name_0200_dpx_0/src/file.100.txt
/tmp/pytest-of-vsts/pytest-0/test_rename_new_name_0200_dpx_0/src/file.101.txt
/tmp/pytest-of-vsts/pytest-0/test_rename_new_name_0200_dpx_0/src/file.102.txt
/tmp/pytest-of-vsts/pytest-0/test_rename_new_name_0200_dpx_0/src/file.103.txt
/tmp/pytest-of-vsts/pytest-0/test_rename_new_name_0200_dpx_0/src/file.104.txt
/tmp/pytest-of-vsts/pytest-0/test_rename_new_name_0200_dpx_0/src/file.105.txt
/tmp/pytest-of-vsts/pytest-0/test_rename_new_name_0200_dpx_0/src/file.106.txt
/tmp/pytest-of-vsts/pytest-0/test_rename_new_name_0200_dpx_0/src/file.107.txt
/tmp/pytest-of-vsts/pytest-0/test_rename_new_name_0200_dpx_0/src/file.108.txt
/tmp/pytest-of-vsts/pytest-0/test_rename_new_name_0200_dpx_0/src/file.109.txt
/tmp/pytest-of-vsts/pytest-0/test_rename_new_name_0200_dpx_0/src/file.110.txt
/tmp/pytest-of-vsts/pytest-0/test_rename_new_name_0200_dpx_0/src/file.111.txt
/tmp/pytest-of-vsts/pytest-0/test_rename_new_name_0200_dpx_0/src/file.112.txt
/tmp/pytest-of-vsts/pytest-0/test_rename_new_name_0200_dpx_0/src/file.113.txt
/tmp/pytest-of-vsts/pytest-0/test_rename_new_name_0200_dpx_0/src/file.114.txt
/tmp/pytest-of-vsts/pytest-0/test_rename_new_name_0200_dpx_0/src/file.115.txt
/tmp/pytest-of-vsts/pytest-0/test_rename_new_name_0200_dpx_0/src/file.116.txt
/tmp/pytest-of-vsts/pytest-0/test_rename_new_name_0200_dpx_0/src/file.117.txt
/tmp/pytest-of-vsts/pytest-0/test_rename_new_name_0200_dpx_0/src/file.118.txt
/tmp/pytest-of-vsts/pytest-0/test_rename_new_name_0200_dpx_0/src/file.119.txt
/tmp/pytest-of-vsts/pytest-0/test_rename_new_name_0200_dpx_0/src/file.120.txt
/tmp/pytest-of-vsts/pytest-0/test_rename_new_name_0200_dpx_0/src/file.121.txt
/tmp/pytest-of-vsts/pytest-0/test_rename_new_name_0200_dpx_0/src/file.122.txt
/tmp/pytest-of-vsts/pytest-0/test_rename_new_name_0200_dpx_0/src/file.123.txt
/tmp/pytest-of-vsts/pytest-0/test_rename_new_name_0200_dpx_0/src/file.124.txt
/tmp/pytest-of-vsts/pytest-0/test_rename_new_name_0200_dpx_0/src/file.125.txt
/tmp/pytest-of-vsts/pytest-0/test_rename_new_name_0200_dpx_0/src/file.126.txt
/tmp/pytest-of-vsts/pytest-0/test_rename_new_name_0200_dpx_0/src/file.127.txt
/tmp/pytest-of-vsts/pytest-0/test_rename_new_name_0200_dpx_0/src/file.128.txt
/tmp/pytest-of-vsts/pytest-0/test_rename_new_name_0200_dpx_0/src/file.129.txt
/tmp/pytest-of-vsts/pytest-0/test_rename_new_name_0200_dpx_0/src/file.130.txt
/tmp/pytest-of-vsts/pytest-0/test_rename_new_name_0200_dpx_0/src/file.131.txt
/tmp/pytest-of-vsts/pytest-0/test_rename_new_name_0200_dpx_0/src/file.132.txt
/tmp/pytest-of-vsts/pytest-0/test_rename_new_name_0200_dpx_0/src/file.133.txt
/tmp/pytest-of-vsts/pytest-0/test_rename_new_name_0200_dpx_0/src/file.134.txt
/tmp/pytest-of-vsts/pytest-0/test_rename_new_name_0200_dpx_0/src/file.135.txt
/tmp/pytest-of-vsts/pytest-0/test_rename_new_name_0200_dpx_0/src/file.136.txt
/tmp/pytest-of-vsts/pytest-0/test_rename_new_name_0200_dpx_0/src/file.137.txt
/tmp/pytest-of-vsts/pytest-0/test_rename_new_name_0200_dpx_0/src/file.138.txt
/tmp/pytest-of-vsts/pytest-0/test_rename_new_name_0200_dpx_0/src/file.139.txt
/tmp/pytest-of-vsts/pytest-0/test_rename_new_name_0200_dpx_0/src/file.140.txt
/tmp/pytest-of-vsts/pytest-0/test_rename_new_name_0200_dpx_0/src/file.141.txt
/tmp/pytest-of-vsts/pytest-0/test_rename_new_name_0200_dpx_0/src/file.142.txt
/tmp/pytest-of-vsts/pytest-0/test_rename_new_name_0200_dpx_0/src/file.143.txt
/tmp/pytest-of-vsts/pytest-0/test_rename_new_name_0200_dpx_0/src/file.144.txt
/tmp/pytest-of-vsts/pytest-0/test_rename_new_name_0200_dpx_0/src/file.145.txt
/tmp/pytest-of-vsts/pytest-0/test_rename_new_name_0200_dpx_0/src/file.146.txt
/tmp/pytest-of-vsts/pytest-0/test_rename_new_name_0200_dpx_0/src/file.147.txt
/tmp/pytest-of-vsts/pytest-0/test_rename_new_name_0200_dpx_0/src/file.148.txt
/tmp/pytest-of-vsts/pytest-0/test_rename_new_name_0200_dpx_0/src/file.149.txt
/tmp/pytest-of-vsts/pytest-0/test_rename_new_name_0200_dpx_0/src/file.150.txt
/tmp/pytest-of-vsts/pytest-0/test_rename_new_name_0200_dpx_0/src/file.151.txt
/tmp/pytest-of-vsts/pytest-0/test_rename_new_name_0200_dpx_0/src/file.152.txt
/tmp/pytest-of-vsts/pytest-0/test_rename_new_name_0200_dpx_0/src/file.153.txt
/tmp/pytest-of-vsts/pytest-0/test_rename_new_name_0200_dpx_0/src/file.154.txt
/tmp/pytest-of-vsts/pytest-0/test_rename_new_name_0200_dpx_0/src/file.155.txt
/tmp/pytest-of-vsts/pytest-0/test_rename_new_name_0200_dpx_0/src/file.156.txt
/tmp/pytest-of-vsts/pytest-0/test_rename_new_name_0200_dpx_0/src/file.157.txt
/tmp/pytest-of-vsts/pytest-0/test_rename_new_name_0200_dpx_0/src/file.158.txt
/tmp/pytest-of-vsts/pytest-0/test_rename_new_name_0200_dpx_0/src/file.159.txt
/tmp/pytest-of-vsts/pytest-0/test_rename_new_name_0200_dpx_0/src/file.160.txt
/tmp/pytest-of-vsts/pytest-0/test_rename_new_name_0200_dpx_0/src/file.161.txt
/tmp/pytest-of-vsts/pytest-0/test_rename_new_name_0200_dpx_0/src/file.162.txt
/tmp/pytest-of-vsts/pytest-0/test_rename_new_name_0200_dpx_0/src/file.163.txt
/tmp/pytest-of-vsts/pytest-0/test_rename_new_name_0200_dpx_0/src/file.164.txt
/tmp/pytest-of-vsts/pytest-0/test_rename_new_name_0200_dpx_0/src/file.165.txt
/tmp/pytest-of-vsts/pytest-0/test_rename_new_name_0200_dpx_0/src/file.166.txt
/tmp/pytest-of-vsts/pytest-0/test_rename_new_name_0200_dpx_0/src/file.167.txt
/tmp/pytest-of-vsts/pytest-0/test_rename_new_name_0200_dpx_0/src/file.168.txt
/tmp/pytest-of-vsts/pytest-0/test_rename_new_name_0200_dpx_0/src/file.169.txt
/tmp/pytest-of-vsts/pytest-0/test_rename_new_name_0200_dpx_0/src/file.170.txt
/tmp/pytest-of-vsts/pytest-0/test_rename_new_name_0200_dpx_0/src/file.171.txt
/tmp/pytest-of-vsts/pytest-0/test_rename_new_name_0200_dpx_0/src/file.172.txt
/tmp/pytest-of-vsts/pytest-0/test_rename_new_name_0200_dpx_0/src/file.173.txt
/tmp/pytest-of-vsts/pytest-0/test_rename_new_name_0200_dpx_0/src/file.174.txt
/tmp/pytest-of-vsts/pytest-0/test_rename_new_name_0200_dpx_0/src/file.175.txt
/tmp/pytest-of-vsts/pytest-0/test_rename_new_name_0200_dpx_0/src/file.176.txt
/tmp/pytest-of-vsts/pytest-0/test_rename_new_name_0200_dpx_0/src/file.177.txt
/tmp/pytest-of-vsts/pytest-0/test_rename_new_name_0200_dpx_0/src/file.178.txt
/tmp/pytest-of-vsts/pytest-0/test_rename_new_name_0200_dpx_0/src/file.179.txt
/tmp/pytest-of-vsts/pytest-0/test_rename_new_name_0200_dpx_0/src/file.180.txt
/tmp/pytest-of-vsts/pytest-0/test_rename_new_name_0200_dpx_0/src/file.181.txt
/tmp/pytest-of-vsts/pytest-0/test_rename_new_name_0200_dpx_0/src/file.182.txt
/tmp/pytest-of-vsts/pytest-0/test_rename_new_name_0200_dpx_0/src/file.183.txt
/tmp/pytest-of-vsts/pytest-0/test_rename_new_name_0200_dpx_0/src/file.184.txt
/tmp/pytest-of-vsts/pytest-0/test_rename_new_name_0200_dpx_0/src/file.185.txt
/tmp/pytest-of-vsts/pytest-0/test_rename_new_name_0200_dpx_0/src/file.186.txt
/tmp/pytest-of-vsts/pytest-0/test_rename_new_name_0200_dpx_0/src/file.187.txt
/tmp/pytest-of-vsts/pytest-0/test_rename_new_name_0200_dpx_0/src/file.188.txt
/tmp/pytest-of-vsts/pytest-0/test_rename_new_name_0200_dpx_0/src/file.189.txt
/tmp/pytest-of-vsts/pytest-0/test_rename_new_name_0200_dpx_0/src/file.190.txt
/tmp/pytest-of-vsts/pytest-0/test_rename_new_name_0200_dpx_0/src/file.191.txt
/tmp/pytest-of-vsts/pytest-0/test_rename_new_name_0200_dpx_0/src/file.192.txt
/tmp/pytest-of-vsts/pytest-0/test_rename_new_name_0200_dpx_0/src/file.193.txt
/tmp/pytest-of-vsts/pytest-0/test_rename_new_name_0200_dpx_0/src/file.194.txt
/tmp/pytest-of-vsts/pytest-0/test_rename_new_name_0200_dpx_0/src/file.195.txt
/tmp/pytest-of-vsts/pytest-0/test_rename_new_name_0200_dpx_0/src/file.196.txt
/tmp/pytest-of-vsts/pytest-0/test_rename_new_name_0200_dpx_0/src/file.197.txt
/tmp/pytest-of-vsts/pytest-0/test_rename_new_name_0200_dpx_0/src/file.198.txt
/tmp/pytest-of-vsts/pytest-0/test_rename_new_name_0200_dpx_0/src/file.199.txt
/tmp/pytest-of-vsts/pytest-0/test_rename_new_name_0200_dpx_0/src/file.200.txt
------------------
file.###.txt 100 200 0
file.###.txt 100 200 1
file.###.txt 100 200 2
file.###.txt 100 200 3
file.###.txt 100 200 4
file.###.txt 100 200 5
file.###.txt 100 200 6
file.###.txt 100 200 7
file.###.txt 100 200 8
file.###.txt 100 200 9
file.###.txt 100 200 10
file.###.txt 100 200 11
file.###.txt 100 200 12
file.###.txt 100 200 13
file.###.txt 100 200 14
file.###.txt 100 200 15
file.###.txt 100 200 16
file.###.txt 100 200 17
file.###.txt 100 200 18
file.###.txt 100 200 19
file.###.txt 100 200 20
file.###.txt 100 200 21
file.###.txt 100 200 22
file.###.txt 100 200 23
file.###.txt 100 200 24
file.###.txt 100 200 25
file.###.txt 100 200 26
file.###.txt 100 200 27
file.###.txt 100 200 28
file.###.txt 100 200 29
file.###.txt 100 200 30
file.###.txt 100 200 31
file.###.txt 100 200 32
file.###.txt 100 200 33
file.###.txt 100 200 34
file.###.txt 100 200 35
file.###.txt 100 200 36
file.###.txt 100 200 37
file.###.txt 100 200 38
file.###.txt 100 200 39
file.###.txt 100 200 40
file.###.txt 100 200 41
file.###.txt 100 200 42
file.###.txt 100 200 43
file.###.txt 100 200 44
file.###.txt 100 200 45
file.###.txt 100 200 46
file.###.txt 100 200 47
file.###.txt 100 200 48
file.###.txt 100 200 49
file.###.txt 100 200 50
file.###.txt 100 200 51
file.###.txt 100 200 52
file.###.txt 100 200 53
file.###.txt 100 200 54
file.###.txt 100 200 55
file.###.txt 100 200 56
file.###.txt 100 200 57
file.###.txt 100 200 58
file.###.txt 100 200 59
file.###.txt 100 200 60
file.###.txt 100 200 61
file.###.txt 100 200 62
file.###.txt 100 200 63
file.###.txt 100 200 64
file.###.txt 100 200 65
file.###.txt 100 200 66
file.###.txt 100 200 67
file.###.txt 100 200 68
file.###.txt 100 200 69
file.###.txt 100 200 70
file.###.txt 100 200 71
file.###.txt 100 200 72
file.###.txt 100 200 73
file.###.txt 100 200 74
file.###.txt 100 200 75
file.###.txt 100 200 76
file.###.txt 100 200 77
file.###.txt 100 200 78
file.###.txt 100 200 79
file.###.txt 100 200 80
file.###.txt 100 200 81
file.###.txt 100 200 82
file.###.txt 100 200 83
file.###.txt 100 200 84
file.###.txt 100 200 85
file.###.txt 100 200 86
file.###.txt 100 200 87
file.###.txt 100 200 88
file.###.txt 100 200 89
file.###.txt 100 200 90
file.###.txt 100 200 91
file.###.txt 100 200 92
file.###.txt 100 200 93
file.###.txt 100 200 94
file.###.txt 100 200 95
file.###.txt 100 200 96
file.###.txt 100 200 97
file.###.txt 100 200 98
file.###.txt 100 200 99
file.###.txt 100 200 100
file.###.txt 100 200 100
/tmp/pytest-of-vsts/pytest-0/test_rename_new_name_0200_dpx_0/src/file.200.txt -&gt; /tmp/pytest-of-vsts/pytest-0/test_rename_new_name_0200_dpx_0/src/new_name.0300.dpx
file.###.txt 100 200 99
/tmp/pytest-of-vsts/pytest-0/test_rename_new_name_0200_dpx_0/src/file.199.txt -&gt; /tmp/pytest-of-vsts/pytest-0/test_rename_new_name_0200_dpx_0/src/new_name.0299.dpx
file.###.txt 100 200 98
/tmp/pytest-of-vsts/pytest-0/test_rename_new_name_0200_dpx_0/src/file.198.txt -&gt; /tmp/pytest-of-vsts/pytest-0/test_rename_new_name_0200_dpx_0/src/new_name.0298.dpx
file.###.txt 100 200 97
/tmp/pytest-of-vsts/pytest-0/test_rename_new_name_0200_dpx_0/src/file.197.txt -&gt; /tmp/pytest-of-vsts/pytest-0/test_rename_new_name_0200_dpx_0/src/new_name.0297.dpx
file.###.txt 100 200 96
/tmp/pytest-of-vsts/pytest-0/test_rename_new_name_0200_dpx_0/src/file.196.txt -&gt; /tmp/pytest-of-vsts/pytest-0/test_rename_new_name_0200_dpx_0/src/new_name.0296.dpx
file.###.txt 100 200 95
/tmp/pytest-of-vsts/pytest-0/test_rename_new_name_0200_dpx_0/src/file.195.txt -&gt; /tmp/pytest-of-vsts/pytest-0/test_rename_new_name_0200_dpx_0/src/new_name.0295.dpx
file.###.txt 100 200 94
/tmp/pytest-of-vsts/pytest-0/test_rename_new_name_0200_dpx_0/src/file.194.txt -&gt; /tmp/pytest-of-vsts/pytest-0/test_rename_new_name_0200_dpx_0/src/new_name.0294.dpx
file.###.txt 100 200 93
/tmp/pytest-of-vsts/pytest-0/test_rename_new_name_0200_dpx_0/src/file.193.txt -&gt; /tmp/pytest-of-vsts/pytest-0/test_rename_new_name_0200_dpx_0/src/new_name.0293.dpx
file.###.txt 100 200 92
/tmp/pytest-of-vsts/pytest-0/test_rename_new_name_0200_dpx_0/src/file.192.txt -&gt; /tmp/pytest-of-vsts/pytest-0/test_rename_new_name_0200_dpx_0/src/new_name.0292.dpx
file.###.txt 100 200 91
/tmp/pytest-of-vsts/pytest-0/test_rename_new_name_0200_dpx_0/src/file.191.txt -&gt; /tmp/pytest-of-vsts/pytest-0/test_rename_new_name_0200_dpx_0/src/new_name.0291.dpx
file.###.txt 100 200 90
/tmp/pytest-of-vsts/pytest-0/test_rename_new_name_0200_dpx_0/src/file.190.txt -&gt; /tmp/pytest-of-vsts/pytest-0/test_rename_new_name_0200_dpx_0/src/new_name.0290.dpx
file.###.txt 100 200 89
/tmp/pytest-of-vsts/pytest-0/test_rename_new_name_0200_dpx_0/src/file.189.txt -&gt; /tmp/pytest-of-vsts/pytest-0/test_rename_new_name_0200_dpx_0/src/new_name.0289.dpx
file.###.txt 100 200 88
/tmp/pytest-of-vsts/pytest-0/test_rename_new_name_0200_dpx_0/src/file.188.txt -&gt; /tmp/pytest-of-vsts/pytest-0/test_rename_new_name_0200_dpx_0/src/new_name.0288.dpx
file.###.txt 100 200 87
/tmp/pytest-of-vsts/pytest-0/test_rename_new_name_0200_dpx_0/src/file.187.txt -&gt; /tmp/pytest-of-vsts/pytest-0/test_rename_new_name_0200_dpx_0/src/new_name.0287.dpx
file.###.txt 100 200 86
/tmp/pytest-of-vsts/pytest-0/test_rename_new_name_0200_dpx_0/src/file.186.txt -&gt; /tmp/pytest-of-vsts/pytest-0/test_rename_new_name_0200_dpx_0/src/new_name.0286.dpx
file.###.txt 100 200 85
/tmp/pytest-of-vsts/pytest-0/test_rename_new_name_0200_dpx_0/src/file.185.txt -&gt; /tmp/pytest-of-vsts/pytest-0/test_rename_new_name_0200_dpx_0/src/new_name.0285.dpx
file.###.txt 100 200 84
/tmp/pytest-of-vsts/pytest-0/test_rename_new_name_0200_dpx_0/src/file.184.txt -&gt; /tmp/pytest-of-vsts/pytest-0/test_rename_new_name_0200_dpx_0/src/new_name.0284.dpx
file.###.txt 100 200 83
/tmp/pytest-of-vsts/pytest-0/test_rename_new_name_0200_dpx_0/src/file.183.txt -&gt; /tmp/pytest-of-vsts/pytest-0/test_rename_new_name_0200_dpx_0/src/new_name.0283.dpx
file.###.txt 100 200 82
/tmp/pytest-of-vsts/pytest-0/test_rename_new_name_0200_dpx_0/src/file.182.txt -&gt; /tmp/pytest-of-vsts/pytest-0/test_rename_new_name_0200_dpx_0/src/new_name.0282.dpx
file.###.txt 100 200 81
/tmp/pytest-of-vsts/pytest-0/test_rename_new_name_0200_dpx_0/src/file.181.txt -&gt; /tmp/pytest-of-vsts/pytest-0/test_rename_new_name_0200_dpx_0/src/new_name.0281.dpx
file.###.txt 100 200 80
/tmp/pytest-of-vsts/pytest-0/test_rename_new_name_0200_dpx_0/src/file.180.txt -&gt; /tmp/pytest-of-vsts/pytest-0/test_rename_new_name_0200_dpx_0/src/new_name.0280.dpx
file.###.txt 100 200 79
/tmp/pytest-of-vsts/pytest-0/test_rename_new_name_0200_dpx_0/src/file.179.txt -&gt; /tmp/pytest-of-vsts/pytest-0/test_rename_new_name_0200_dpx_0/src/new_name.0279.dpx
file.###.txt 100 200 78
/tmp/pytest-of-vsts/pytest-0/test_rename_new_name_0200_dpx_0/src/file.178.txt -&gt; /tmp/pytest-of-vsts/pytest-0/test_rename_new_name_0200_dpx_0/src/new_name.0278.dpx
file.###.txt 100 200 77
/tmp/pytest-of-vsts/pytest-0/test_rename_new_name_0200_dpx_0/src/file.177.txt -&gt; /tmp/pytest-of-vsts/pytest-0/test_rename_new_name_0200_dpx_0/src/new_name.0277.dpx
file.###.txt 100 200 76
/tmp/pytest-of-vsts/pytest-0/test_rename_new_name_0200_dpx_0/src/file.176.txt -&gt; /tmp/pytest-of-vsts/pytest-0/test_rename_new_name_0200_dpx_0/src/new_name.0276.dpx
file.###.txt 100 200 75
/tmp/pytest-of-vsts/pytest-0/test_rename_new_name_0200_dpx_0/src/file.175.txt -&gt; /tmp/pytest-of-vsts/pytest-0/test_rename_new_name_0200_dpx_0/src/new_name.0275.dpx
file.###.txt 100 200 74
/tmp/pytest-of-vsts/pytest-0/test_rename_new_name_0200_dpx_0/src/file.174.txt -&gt; /tmp/pytest-of-vsts/pytest-0/test_rename_new_name_0200_dpx_0/src/new_name.0274.dpx
file.###.txt 100 200 73
/tmp/pytest-of-vsts/pytest-0/test_rename_new_name_0200_dpx_0/src/file.173.txt -&gt; /tmp/pytest-of-vsts/pytest-0/test_rename_new_name_0200_dpx_0/src/new_name.0273.dpx
file.###.txt 100 200 72
/tmp/pytest-of-vsts/pytest-0/test_rename_new_name_0200_dpx_0/src/file.172.txt -&gt; /tmp/pytest-of-vsts/pytest-0/test_rename_new_name_0200_dpx_0/src/new_name.0272.dpx
file.###.txt 100 200 71
/tmp/pytest-of-vsts/pytest-0/test_rename_new_name_0200_dpx_0/src/file.171.txt -&gt; /tmp/pytest-of-vsts/pytest-0/test_rename_new_name_0200_dpx_0/src/new_name.0271.dpx
file.###.txt 100 200 70
/tmp/pytest-of-vsts/pytest-0/test_rename_new_name_0200_dpx_0/src/file.170.txt -&gt; /tmp/pytest-of-vsts/pytest-0/test_rename_new_name_0200_dpx_0/src/new_name.0270.dpx
file.###.txt 100 200 69
/tmp/pytest-of-vsts/pytest-0/test_rename_new_name_0200_dpx_0/src/file.169.txt -&gt; /tmp/pytest-of-vsts/pytest-0/test_rename_new_name_0200_dpx_0/src/new_name.0269.dpx
file.###.txt 100 200 68
/tmp/pytest-of-vsts/pytest-0/test_rename_new_name_0200_dpx_0/src/file.168.txt -&gt; /tmp/pytest-of-vsts/pytest-0/test_rename_new_name_0200_dpx_0/src/new_name.0268.dpx
file.###.txt 100 200 67
/tmp/pytest-of-vsts/pytest-0/test_rename_new_name_0200_dpx_0/src/file.167.txt -&gt; /tmp/pytest-of-vsts/pytest-0/test_rename_new_name_0200_dpx_0/src/new_name.0267.dpx
file.###.txt 100 200 66
/tmp/pytest-of-vsts/pytest-0/test_rename_new_name_0200_dpx_0/src/file.166.txt -&gt; /tmp/pytest-of-vsts/pytest-0/test_rename_new_name_0200_dpx_0/src/new_name.0266.dpx
file.###.txt 100 200 65
/tmp/pytest-of-vsts/pytest-0/test_rename_new_name_0200_dpx_0/src/file.165.txt -&gt; /tmp/pytest-of-vsts/pytest-0/test_rename_new_name_0200_dpx_0/src/new_name.0265.dpx
file.###.txt 100 200 64
/tmp/pytest-of-vsts/pytest-0/test_rename_new_name_0200_dpx_0/src/file.164.txt -&gt; /tmp/pytest-of-vsts/pytest-0/test_rename_new_name_0200_dpx_0/src/new_name.0264.dpx
file.###.txt 100 200 63
/tmp/pytest-of-vsts/pytest-0/test_rename_new_name_0200_dpx_0/src/file.163.txt -&gt; /tmp/pytest-of-vsts/pytest-0/test_rename_new_name_0200_dpx_0/src/new_name.0263.dpx
file.###.txt 100 200 62
/tmp/pytest-of-vsts/pytest-0/test_rename_new_name_0200_dpx_0/src/file.162.txt -&gt; /tmp/pytest-of-vsts/pytest-0/test_rename_new_name_0200_dpx_0/src/new_name.0262.dpx
file.###.txt 100 200 61
/tmp/pytest-of-vsts/pytest-0/test_rename_new_name_0200_dpx_0/src/file.161.txt -&gt; /tmp/pytest-of-vsts/pytest-0/test_rename_new_name_0200_dpx_0/src/new_name.0261.dpx
file.###.txt 100 200 60
/tmp/pytest-of-vsts/pytest-0/test_rename_new_name_0200_dpx_0/src/file.160.txt -&gt; /tmp/pytest-of-vsts/pytest-0/test_rename_new_name_0200_dpx_0/src/new_name.0260.dpx
file.###.txt 100 200 59
/tmp/pytest-of-vsts/pytest-0/test_rename_new_name_0200_dpx_0/src/file.159.txt -&gt; /tmp/pytest-of-vsts/pytest-0/test_rename_new_name_0200_dpx_0/src/new_name.0259.dpx
file.###.txt 100 200 58
/tmp/pytest-of-vsts/pytest-0/test_rename_new_name_0200_dpx_0/src/file.158.txt -&gt; /tmp/pytest-of-vsts/pytest-0/test_rename_new_name_0200_dpx_0/src/new_name.0258.dpx
file.###.txt 100 200 57
/tmp/pytest-of-vsts/pytest-0/test_rename_new_name_0200_dpx_0/src/file.157.txt -&gt; /tmp/pytest-of-vsts/pytest-0/test_rename_new_name_0200_dpx_0/src/new_name.0257.dpx
file.###.txt 100 200 56
/tmp/pytest-of-vsts/pytest-0/test_rename_new_name_0200_dpx_0/src/file.156.txt -&gt; /tmp/pytest-of-vsts/pytest-0/test_rename_new_name_0200_dpx_0/src/new_name.0256.dpx
file.###.txt 100 200 55
/tmp/pytest-of-vsts/pytest-0/test_rename_new_name_0200_dpx_0/src/file.155.txt -&gt; /tmp/pytest-of-vsts/pytest-0/test_rename_new_name_0200_dpx_0/src/new_name.0255.dpx
file.###.txt 100 200 54
/tmp/pytest-of-vsts/pytest-0/test_rename_new_name_0200_dpx_0/src/file.154.txt -&gt; /tmp/pytest-of-vsts/pytest-0/test_rename_new_name_0200_dpx_0/src/new_name.0254.dpx
file.###.txt 100 200 53
/tmp/pytest-of-vsts/pytest-0/test_rename_new_name_0200_dpx_0/src/file.153.txt -&gt; /tmp/pytest-of-vsts/pytest-0/test_rename_new_name_0200_dpx_0/src/new_name.0253.dpx
file.###.txt 100 200 52
/tmp/pytest-of-vsts/pytest-0/test_rename_new_name_0200_dpx_0/src/file.152.txt -&gt; /tmp/pytest-of-vsts/pytest-0/test_rename_new_name_0200_dpx_0/src/new_name.0252.dpx
file.###.txt 100 200 51
/tmp/pytest-of-vsts/pytest-0/test_rename_new_name_0200_dpx_0/src/file.151.txt -&gt; /tmp/pytest-of-vsts/pytest-0/test_rename_new_name_0200_dpx_0/src/new_name.0251.dpx
file.###.txt 100 200 50
/tmp/pytest-of-vsts/pytest-0/test_rename_new_name_0200_dpx_0/src/file.150.txt -&gt; /tmp/pytest-of-vsts/pytest-0/test_rename_new_name_0200_dpx_0/src/new_name.0250.dpx
file.###.txt 100 200 49
/tmp/pytest-of-vsts/pytest-0/test_rename_new_name_0200_dpx_0/src/file.149.txt -&gt; /tmp/pytest-of-vsts/pytest-0/test_rename_new_name_0200_dpx_0/src/new_name.0249.dpx
file.###.txt 100 200 48
/tmp/pytest-of-vsts/pytest-0/test_rename_new_name_0200_dpx_0/src/file.148.txt -&gt; /tmp/pytest-of-vsts/pytest-0/test_rename_new_name_0200_dpx_0/src/new_name.0248.dpx
file.###.txt 100 200 47
/tmp/pytest-of-vsts/pytest-0/test_rename_new_name_0200_dpx_0/src/file.147.txt -&gt; /tmp/pytest-of-vsts/pytest-0/test_rename_new_name_0200_dpx_0/src/new_name.0247.dpx
file.###.txt 100 200 46
/tmp/pytest-of-vsts/pytest-0/test_rename_new_name_0200_dpx_0/src/file.146.txt -&gt; /tmp/pytest-of-vsts/pytest-0/test_rename_new_name_0200_dpx_0/src/new_name.0246.dpx
file.###.txt 100 200 45
/tmp/pytest-of-vsts/pytest-0/test_rename_new_name_0200_dpx_0/src/file.145.txt -&gt; /tmp/pytest-of-vsts/pytest-0/test_rename_new_name_0200_dpx_0/src/new_name.0245.dpx
file.###.txt 100 200 44
/tmp/pytest-of-vsts/pytest-0/test_rename_new_name_0200_dpx_0/src/file.144.txt -&gt; /tmp/pytest-of-vsts/pytest-0/test_rename_new_name_0200_dpx_0/src/new_name.0244.dpx
file.###.txt 100 200 43
/tmp/pytest-of-vsts/pytest-0/test_rename_new_name_0200_dpx_0/src/file.143.txt -&gt; /tmp/pytest-of-vsts/pytest-0/test_rename_new_name_0200_dpx_0/src/new_name.0243.dpx
file.###.txt 100 200 42
/tmp/pytest-of-vsts/pytest-0/test_rename_new_name_0200_dpx_0/src/file.142.txt -&gt; /tmp/pytest-of-vsts/pytest-0/test_rename_new_name_0200_dpx_0/src/new_name.0242.dpx
file.###.txt 100 200 41
/tmp/pytest-of-vsts/pytest-0/test_rename_new_name_0200_dpx_0/src/file.141.txt -&gt; /tmp/pytest-of-vsts/pytest-0/test_rename_new_name_0200_dpx_0/src/new_name.0241.dpx
file.###.txt 100 200 40
/tmp/pytest-of-vsts/pytest-0/test_rename_new_name_0200_dpx_0/src/file.140.txt -&gt; /tmp/pytest-of-vsts/pytest-0/test_rename_new_name_0200_dpx_0/src/new_name.0240.dpx
file.###.txt 100 200 39
/tmp/pytest-of-vsts/pytest-0/test_rename_new_name_0200_dpx_0/src/file.139.txt -&gt; /tmp/pytest-of-vsts/pytest-0/test_rename_new_name_0200_dpx_0/src/new_name.0239.dpx
file.###.txt 100 200 38
/tmp/pytest-of-vsts/pytest-0/test_rename_new_name_0200_dpx_0/src/file.138.txt -&gt; /tmp/pytest-of-vsts/pytest-0/test_rename_new_name_0200_dpx_0/src/new_name.0238.dpx
file.###.txt 100 200 37
/tmp/pytest-of-vsts/pytest-0/test_rename_new_name_0200_dpx_0/src/file.137.txt -&gt; /tmp/pytest-of-vsts/pytest-0/test_rename_new_name_0200_dpx_0/src/new_name.0237.dpx
file.###.txt 100 200 36
/tmp/pytest-of-vsts/pytest-0/test_rename_new_name_0200_dpx_0/src/file.136.txt -&gt; /tmp/pytest-of-vsts/pytest-0/test_rename_new_name_0200_dpx_0/src/new_name.0236.dpx
file.###.txt 100 200 35
/tmp/pytest-of-vsts/pytest-0/test_rename_new_name_0200_dpx_0/src/file.135.txt -&gt; /tmp/pytest-of-vsts/pytest-0/test_rename_new_name_0200_dpx_0/src/new_name.0235.dpx
file.###.txt 100 200 34
/tmp/pytest-of-vsts/pytest-0/test_rename_new_name_0200_dpx_0/src/file.134.txt -&gt; /tmp/pytest-of-vsts/pytest-0/test_rename_new_name_0200_dpx_0/src/new_name.0234.dpx
file.###.txt 100 200 33
/tmp/pytest-of-vsts/pytest-0/test_rename_new_name_0200_dpx_0/src/file.133.txt -&gt; /tmp/pytest-of-vsts/pytest-0/test_rename_new_name_0200_dpx_0/src/new_name.0233.dpx
file.###.txt 100 200 32
/tmp/pytest-of-vsts/pytest-0/test_rename_new_name_0200_dpx_0/src/file.132.txt -&gt; /tmp/pytest-of-vsts/pytest-0/test_rename_new_name_0200_dpx_0/src/new_name.0232.dpx
file.###.txt 100 200 31
/tmp/pytest-of-vsts/pytest-0/test_rename_new_name_0200_dpx_0/src/file.131.txt -&gt; /tmp/pytest-of-vsts/pytest-0/test_rename_new_name_0200_dpx_0/src/new_name.0231.dpx
file.###.txt 100 200 30
/tmp/pytest-of-vsts/pytest-0/test_rename_new_name_0200_dpx_0/src/file.130.txt -&gt; /tmp/pytest-of-vsts/pytest-0/test_rename_new_name_0200_dpx_0/src/new_name.0230.dpx
file.###.txt 100 200 29
/tmp/pytest-of-vsts/pytest-0/test_rename_new_name_0200_dpx_0/src/file.129.txt -&gt; /tmp/pytest-of-vsts/pytest-0/test_rename_new_name_0200_dpx_0/src/new_name.0229.dpx
file.###.txt 100 200 28
/tmp/pytest-of-vsts/pytest-0/test_rename_new_name_0200_dpx_0/src/file.128.txt -&gt; /tmp/pytest-of-vsts/pytest-0/test_rename_new_name_0200_dpx_0/src/new_name.0228.dpx
file.###.txt 100 200 27
/tmp/pytest-of-vsts/pytest-0/test_rename_new_name_0200_dpx_0/src/file.127.txt -&gt; /tmp/pytest-of-vsts/pytest-0/test_rename_new_name_0200_dpx_0/src/new_name.0227.dpx
file.###.txt 100 200 26
/tmp/pytest-of-vsts/pytest-0/test_rename_new_name_0200_dpx_0/src/file.126.txt -&gt; /tmp/pytest-of-vsts/pytest-0/test_rename_new_name_0200_dpx_0/src/new_name.0226.dpx
file.###.txt 100 200 25
/tmp/pytest-of-vsts/pytest-0/test_rename_new_name_0200_dpx_0/src/file.125.txt -&gt; /tmp/pytest-of-vsts/pytest-0/test_rename_new_name_0200_dpx_0/src/new_name.0225.dpx
file.###.txt 100 200 24
/tmp/pytest-of-vsts/pytest-0/test_rename_new_name_0200_dpx_0/src/file.124.txt -&gt; /tmp/pytest-of-vsts/pytest-0/test_rename_new_name_0200_dpx_0/src/new_name.0224.dpx
file.###.txt 100 200 23
/tmp/pytest-of-vsts/pytest-0/test_rename_new_name_0200_dpx_0/src/file.123.txt -&gt; /tmp/pytest-of-vsts/pytest-0/test_rename_new_name_0200_dpx_0/src/new_name.0223.dpx
file.###.txt 100 200 22
/tmp/pytest-of-vsts/pytest-0/test_rename_new_name_0200_dpx_0/src/file.122.txt -&gt; /tmp/pytest-of-vsts/pytest-0/test_rename_new_name_0200_dpx_0/src/new_name.0222.dpx
file.###.txt 100 200 21
/tmp/pytest-of-vsts/pytest-0/test_rename_new_name_0200_dpx_0/src/file.121.txt -&gt; /tmp/pytest-of-vsts/pytest-0/test_rename_new_name_0200_dpx_0/src/new_name.0221.dpx
file.###.txt 100 200 20
/tmp/pytest-of-vsts/pytest-0/test_rename_new_name_0200_dpx_0/src/file.120.txt -&gt; /tmp/pytest-of-vsts/pytest-0/test_rename_new_name_0200_dpx_0/src/new_name.0220.dpx
file.###.txt 100 200 19
/tmp/pytest-of-vsts/pytest-0/test_rename_new_name_0200_dpx_0/src/file.119.txt -&gt; /tmp/pytest-of-vsts/pytest-0/test_rename_new_name_0200_dpx_0/src/new_name.0219.dpx
file.###.txt 100 200 18
/tmp/pytest-of-vsts/pytest-0/test_rename_new_name_0200_dpx_0/src/file.118.txt -&gt; /tmp/pytest-of-vsts/pytest-0/test_rename_new_name_0200_dpx_0/src/new_name.0218.dpx
file.###.txt 100 200 17
/tmp/pytest-of-vsts/pytest-0/test_rename_new_name_0200_dpx_0/src/file.117.txt -&gt; /tmp/pytest-of-vsts/pytest-0/test_rename_new_name_0200_dpx_0/src/new_name.0217.dpx
file.###.txt 100 200 16
/tmp/pytest-of-vsts/pytest-0/test_rename_new_name_0200_dpx_0/src/file.116.txt -&gt; /tmp/pytest-of-vsts/pytest-0/test_rename_new_name_0200_dpx_0/src/new_name.0216.dpx
file.###.txt 100 200 15
/tmp/pytest-of-vsts/pytest-0/test_rename_new_name_0200_dpx_0/src/file.115.txt -&gt; /tmp/pytest-of-vsts/pytest-0/test_rename_new_name_0200_dpx_0/src/new_name.0215.dpx
file.###.txt 100 200 14
/tmp/pytest-of-vsts/pytest-0/test_rename_new_name_0200_dpx_0/src/file.114.txt -&gt; /tmp/pytest-of-vsts/pytest-0/test_rename_new_name_0200_dpx_0/src/new_name.0214.dpx
file.###.txt 100 200 13
/tmp/pytest-of-vsts/pytest-0/test_rename_new_name_0200_dpx_0/src/file.113.txt -&gt; /tmp/pytest-of-vsts/pytest-0/test_rename_new_name_0200_dpx_0/src/new_name.0213.dpx
file.###.txt 100 200 12
/tmp/pytest-of-vsts/pytest-0/test_rename_new_name_0200_dpx_0/src/file.112.txt -&gt; /tmp/pytest-of-vsts/pytest-0/test_rename_new_name_0200_dpx_0/src/new_name.0212.dpx
file.###.txt 100 200 11
/tmp/pytest-of-vsts/pytest-0/test_rename_new_name_0200_dpx_0/src/file.111.txt -&gt; /tmp/pytest-of-vsts/pytest-0/test_rename_new_name_0200_dpx_0/src/new_name.0211.dpx
file.###.txt 100 200 10
/tmp/pytest-of-vsts/pytest-0/test_rename_new_name_0200_dpx_0/src/file.110.txt -&gt; /tmp/pytest-of-vsts/pytest-0/test_rename_new_name_0200_dpx_0/src/new_name.0210.dpx
file.###.txt 100 200 9
/tmp/pytest-of-vsts/pytest-0/test_rename_new_name_0200_dpx_0/src/file.109.txt -&gt; /tmp/pytest-of-vsts/pytest-0/test_rename_new_name_0200_dpx_0/src/new_name.0209.dpx
file.###.txt 100 200 8
/tmp/pytest-of-vsts/pytest-0/test_rename_new_name_0200_dpx_0/src/file.108.txt -&gt; /tmp/pytest-of-vsts/pytest-0/test_rename_new_name_0200_dpx_0/src/new_name.0208.dpx
file.###.txt 100 200 7
/tmp/pytest-of-vsts/pytest-0/test_rename_new_name_0200_dpx_0/src/file.107.txt -&gt; /tmp/pytest-of-vsts/pytest-0/test_rename_new_name_0200_dpx_0/src/new_name.0207.dpx
file.###.txt 100 200 6
/tmp/pytest-of-vsts/pytest-0/test_rename_new_name_0200_dpx_0/src/file.106.txt -&gt; /tmp/pytest-of-vsts/pytest-0/test_rename_new_name_0200_dpx_0/src/new_name.0206.dpx
file.###.txt 100 200 5
/tmp/pytest-of-vsts/pytest-0/test_rename_new_name_0200_dpx_0/src/file.105.txt -&gt; /tmp/pytest-of-vsts/pytest-0/test_rename_new_name_0200_dpx_0/src/new_name.0205.dpx
file.###.txt 100 200 4
/tmp/pytest-of-vsts/pytest-0/test_rename_new_name_0200_dpx_0/src/file.104.txt -&gt; /tmp/pytest-of-vsts/pytest-0/test_rename_new_name_0200_dpx_0/src/new_name.0204.dpx
file.###.txt 100 200 3
/tmp/pytest-of-vsts/pytest-0/test_rename_new_name_0200_dpx_0/src/file.103.txt -&gt; /tmp/pytest-of-vsts/pytest-0/test_rename_new_name_0200_dpx_0/src/new_name.0203.dpx
file.###.txt 100 200 2
/tmp/pytest-of-vsts/pytest-0/test_rename_new_name_0200_dpx_0/src/file.102.txt -&gt; /tmp/pytest-of-vsts/pytest-0/test_rename_new_name_0200_dpx_0/src/new_name.0202.dpx
file.###.txt 100 200 1
/tmp/pytest-of-vsts/pytest-0/test_rename_new_name_0200_dpx_0/src/file.101.txt -&gt; /tmp/pytest-of-vsts/pytest-0/test_rename_new_name_0200_dpx_0/src/new_name.0201.dpx
file.###.txt 100 200 0
/tmp/pytest-of-vsts/pytest-0/test_rename_new_name_0200_dpx_0/src/file.100.txt -&gt; /tmp/pytest-of-vsts/pytest-0/test_rename_new_name_0200_dpx_0/src/new_name.0200.dpx
new_name.####.dpx 200 300 0
new_name.####.dpx 200 300 1
new_name.####.dpx 200 300 2
------------------
Post-rename Dir List
file.###.txt 100 200 0
/tmp/pytest-of-vsts/pytest-0/test_rename_new_name_0200_dpx_0/src/new_name.0200.dpx
/tmp/pytest-of-vsts/pytest-0/test_rename_new_name_0200_dpx_0/src/new_name.0201.dpx
/tmp/pytest-of-vsts/pytest-0/test_rename_new_name_0200_dpx_0/src/new_name.0202.dpx
/tmp/pytest-of-vsts/pytest-0/test_rename_new_name_0200_dpx_0/src/new_name.0203.dpx
/tmp/pytest-of-vsts/pytest-0/test_rename_new_name_0200_dpx_0/src/new_name.0204.dpx
/tmp/pytest-of-vsts/pytest-0/test_rename_new_name_0200_dpx_0/src/new_name.0205.dpx
/tmp/pytest-of-vsts/pytest-0/test_rename_new_name_0200_dpx_0/src/new_name.0206.dpx
/tmp/pytest-of-vsts/pytest-0/test_rename_new_name_0200_dpx_0/src/new_name.0207.dpx
/tmp/pytest-of-vsts/pytest-0/test_rename_new_name_0200_dpx_0/src/new_name.0208.dpx
/tmp/pytest-of-vsts/pytest-0/test_rename_new_name_0200_dpx_0/src/new_name.0209.dpx
/tmp/pytest-of-vsts/pytest-0/test_rename_new_name_0200_dpx_0/src/new_name.0210.dpx
/tmp/pytest-of-vsts/pytest-0/test_rename_new_name_0200_dpx_0/src/new_name.0211.dpx
/tmp/pytest-of-vsts/pytest-0/test_rename_new_name_0200_dpx_0/src/new_name.0212.dpx
/tmp/pytest-of-vsts/pytest-0/test_rename_new_name_0200_dpx_0/src/new_name.0213.dpx
/tmp/pytest-of-vsts/pytest-0/test_rename_new_name_0200_dpx_0/src/new_name.0214.dpx
/tmp/pytest-of-vsts/pytest-0/test_rename_new_name_0200_dpx_0/src/new_name.0215.dpx
/tmp/pytest-of-vsts/pytest-0/test_rename_new_name_0200_dpx_0/src/new_name.0216.dpx
/tmp/pytest-of-vsts/pytest-0/test_rename_new_name_0200_dpx_0/src/new_name.0217.dpx
/tmp/pytest-of-vsts/pytest-0/test_rename_new_name_0200_dpx_0/src/new_name.0218.dpx
/tmp/pytest-of-vsts/pytest-0/test_rename_new_name_0200_dpx_0/src/new_name.0219.dpx
/tmp/pytest-of-vsts/pytest-0/test_rename_new_name_0200_dpx_0/src/new_name.0220.dpx
/tmp/pytest-of-vsts/pytest-0/test_rename_new_name_0200_dpx_0/src/new_name.0221.dpx
/tmp/pytest-of-vsts/pytest-0/test_rename_new_name_0200_dpx_0/src/new_name.0222.dpx
/tmp/pytest-of-vsts/pytest-0/test_rename_new_name_0200_dpx_0/src/new_name.0223.dpx
/tmp/pytest-of-vsts/pytest-0/test_rename_new_name_0200_dpx_0/src/new_name.0224.dpx
/tmp/pytest-of-vsts/pytest-0/test_rename_new_name_0200_dpx_0/src/new_name.0225.dpx
/tmp/pytest-of-vsts/pytest-0/test_rename_new_name_0200_dpx_0/src/new_name.0226.dpx
/tmp/pytest-of-vsts/pytest-0/test_rename_new_name_0200_dpx_0/src/new_name.0227.dpx
/tmp/pytest-of-vsts/pytest-0/test_rename_new_name_0200_dpx_0/src/new_name.0228.dpx
/tmp/pytest-of-vsts/pytest-0/test_rename_new_name_0200_dpx_0/src/new_name.0229.dpx
/tmp/pytest-of-vsts/pytest-0/test_rename_new_name_0200_dpx_0/src/new_name.0230.dpx
/tmp/pytest-of-vsts/pytest-0/test_rename_new_name_0200_dpx_0/src/new_name.0231.dpx
/tmp/pytest-of-vsts/pytest-0/test_rename_new_name_0200_dpx_0/src/new_name.0232.dpx
/tmp/pytest-of-vsts/pytest-0/test_rename_new_name_0200_dpx_0/src/new_name.0233.dpx
/tmp/pytest-of-vsts/pytest-0/test_rename_new_name_0200_dpx_0/src/new_name.0234.dpx
/tmp/pytest-of-vsts/pytest-0/test_rename_new_name_0200_dpx_0/src/new_name.0235.dpx
/tmp/pytest-of-vsts/pytest-0/test_rename_new_name_0200_dpx_0/src/new_name.0236.dpx
/tmp/pytest-of-vsts/pytest-0/test_rename_new_name_0200_dpx_0/src/new_name.0237.dpx
/tmp/pytest-of-vsts/pytest-0/test_rename_new_name_0200_dpx_0/src/new_name.0238.dpx
/tmp/pytest-of-vsts/pytest-0/test_rename_new_name_0200_dpx_0/src/new_name.0239.dpx
/tmp/pytest-of-vsts/pytest-0/test_rename_new_name_0200_dpx_0/src/new_name.0240.dpx
/tmp/pytest-of-vsts/pytest-0/test_rename_new_name_0200_dpx_0/src/new_name.0241.dpx
/tmp/pytest-of-vsts/pytest-0/test_rename_new_name_0200_dpx_0/src/new_name.0242.dpx
/tmp/pytest-of-vsts/pytest-0/test_rename_new_name_0200_dpx_0/src/new_name.0243.dpx
/tmp/pytest-of-vsts/pytest-0/test_rename_new_name_0200_dpx_0/src/new_name.0244.dpx
/tmp/pytest-of-vsts/pytest-0/test_rename_new_name_0200_dpx_0/src/new_name.0245.dpx
/tmp/pytest-of-vsts/pytest-0/test_rename_new_name_0200_dpx_0/src/new_name.0246.dpx
/tmp/pytest-of-vsts/pytest-0/test_rename_new_name_0200_dpx_0/src/new_name.0247.dpx
/tmp/pytest-of-vsts/pytest-0/test_rename_new_name_0200_dpx_0/src/new_name.0248.dpx
/tmp/pytest-of-vsts/pytest-0/test_rename_new_name_0200_dpx_0/src/new_name.0249.dpx
/tmp/pytest-of-vsts/pytest-0/test_rename_new_name_0200_dpx_0/src/new_name.0250.dpx
/tmp/pytest-of-vsts/pytest-0/test_rename_new_name_0200_dpx_0/src/new_name.0251.dpx
/tmp/pytest-of-vsts/pytest-0/test_rename_new_name_0200_dpx_0/src/new_name.0252.dpx
/tmp/pytest-of-vsts/pytest-0/test_rename_new_name_0200_dpx_0/src/new_name.0253.dpx
/tmp/pytest-of-vsts/pytest-0/test_rename_new_name_0200_dpx_0/src/new_name.0254.dpx
/tmp/pytest-of-vsts/pytest-0/test_rename_new_name_0200_dpx_0/src/new_name.0255.dpx
/tmp/pytest-of-vsts/pytest-0/test_rename_new_name_0200_dpx_0/src/new_name.0256.dpx
/tmp/pytest-of-vsts/pytest-0/test_rename_new_name_0200_dpx_0/src/new_name.0257.dpx
/tmp/pytest-of-vsts/pytest-0/test_rename_new_name_0200_dpx_0/src/new_name.0258.dpx
/tmp/pytest-of-vsts/pytest-0/test_rename_new_name_0200_dpx_0/src/new_name.0259.dpx
/tmp/pytest-of-vsts/pytest-0/test_rename_new_name_0200_dpx_0/src/new_name.0260.dpx
/tmp/pytest-of-vsts/pytest-0/test_rename_new_name_0200_dpx_0/src/new_name.0261.dpx
/tmp/pytest-of-vsts/pytest-0/test_rename_new_name_0200_dpx_0/src/new_name.0262.dpx
/tmp/pytest-of-vsts/pytest-0/test_rename_new_name_0200_dpx_0/src/new_name.0263.dpx
/tmp/pytest-of-vsts/pytest-0/test_rename_new_name_0200_dpx_0/src/new_name.0264.dpx
/tmp/pytest-of-vsts/pytest-0/test_rename_new_name_0200_dpx_0/src/new_name.0265.dpx
/tmp/pytest-of-vsts/pytest-0/test_rename_new_name_0200_dpx_0/src/new_name.0266.dpx
/tmp/pytest-of-vsts/pytest-0/test_rename_new_name_0200_dpx_0/src/new_name.0267.dpx
/tmp/pytest-of-vsts/pytest-0/test_rename_new_name_0200_dpx_0/src/new_name.0268.dpx
/tmp/pytest-of-vsts/pytest-0/test_rename_new_name_0200_dpx_0/src/new_name.0269.dpx
/tmp/pytest-of-vsts/pytest-0/test_rename_new_name_0200_dpx_0/src/new_name.0270.dpx
/tmp/pytest-of-vsts/pytest-0/test_rename_new_name_0200_dpx_0/src/new_name.0271.dpx
/tmp/pytest-of-vsts/pytest-0/test_rename_new_name_0200_dpx_0/src/new_name.0272.dpx
/tmp/pytest-of-vsts/pytest-0/test_rename_new_name_0200_dpx_0/src/new_name.0273.dpx
/tmp/pytest-of-vsts/pytest-0/test_rename_new_name_0200_dpx_0/src/new_name.0274.dpx
/tmp/pytest-of-vsts/pytest-0/test_rename_new_name_0200_dpx_0/src/new_name.0275.dpx
/tmp/pytest-of-vsts/pytest-0/test_rename_new_name_0200_dpx_0/src/new_name.0276.dpx
/tmp/pytest-of-vsts/pytest-0/test_rename_new_name_0200_dpx_0/src/new_name.0277.dpx
/tmp/pytest-of-vsts/pytest-0/test_rename_new_name_0200_dpx_0/src/new_name.0278.dpx
/tmp/pytest-of-vsts/pytest-0/test_rename_new_name_0200_dpx_0/src/new_name.0279.dpx
/tmp/pytest-of-vsts/pytest-0/test_rename_new_name_0200_dpx_0/src/new_name.0280.dpx
/tmp/pytest-of-vsts/pytest-0/test_rename_new_name_0200_dpx_0/src/new_name.0281.dpx
/tmp/pytest-of-vsts/pytest-0/test_rename_new_name_0200_dpx_0/src/new_name.0282.dpx
/tmp/pytest-of-vsts/pytest-0/test_rename_new_name_0200_dpx_0/src/new_name.0283.dpx
/tmp/pytest-of-vsts/pytest-0/test_rename_new_name_0200_dpx_0/src/new_name.0284.dpx
/tmp/pytest-of-vsts/pytest-0/test_rename_new_name_0200_dpx_0/src/new_name.0285.dpx
/tmp/pytest-of-vsts/pytest-0/test_rename_new_name_0200_dpx_0/src/new_name.0286.dpx
/tmp/pytest-of-vsts/pytest-0/test_rename_new_name_0200_dpx_0/src/new_name.0287.dpx
/tmp/pytest-of-vsts/pytest-0/test_rename_new_name_0200_dpx_0/src/new_name.0288.dpx
/tmp/pytest-of-vsts/pytest-0/test_rename_new_name_0200_dpx_0/src/new_name.0289.dpx
/tmp/pytest-of-vsts/pytest-0/test_rename_new_name_0200_dpx_0/src/new_name.0290.dpx
/tmp/pytest-of-vsts/pytest-0/test_rename_new_name_0200_dpx_0/src/new_name.0291.dpx
/tmp/pytest-of-vsts/pytest-0/test_rename_new_name_0200_dpx_0/src/new_name.0292.dpx
/tmp/pytest-of-vsts/pytest-0/test_rename_new_name_0200_dpx_0/src/new_name.0293.dpx
/tmp/pytest-of-vsts/pytest-0/test_rename_new_name_0200_dpx_0/src/new_name.0294.dpx
/tmp/pytest-of-vsts/pytest-0/test_rename_new_name_0200_dpx_0/src/new_name.0295.dpx
/tmp/pytest-of-vsts/pytest-0/test_rename_new_name_0200_dpx_0/src/new_name.0296.dpx
/tmp/pytest-of-vsts/pytest-0/test_rename_new_name_0200_dpx_0/src/new_name.0297.dpx
/tmp/pytest-of-vsts/pytest-0/test_rename_new_name_0200_dpx_0/src/new_name.0298.dpx
/tmp/pytest-of-vsts/pytest-0/test_rename_new_name_0200_dpx_0/src/new_name.0299.dpx
/tmp/pytest-of-vsts/pytest-0/test_rename_new_name_0200_dpx_0/src/new_name.0300.dpx
new_name.####.dpx 200 300 0
new_name.####.dpx 200 300 1
new_name.####.dpx 200 300 2
new_name.####.dpx 200 300 3
new_name.####.dpx 200 300 4
new_name.####.dpx 200 300 5
new_name.####.dpx 200 300 6
new_name.####.dpx 200 300 7
new_name.####.dpx 200 300 8
new_name.####.dpx 200 300 9
new_name.####.dpx 200 300 10
new_name.####.dpx 200 300 11
new_name.####.dpx 200 300 12
new_name.####.dpx 200 300 13
new_name.####.dpx 200 300 14
new_name.####.dpx 200 300 15
new_name.####.dpx 200 300 16
new_name.####.dpx 200 300 17
new_name.####.dpx 200 300 18
new_name.####.dpx 200 300 19
new_name.####.dpx 200 300 20
new_name.####.dpx 200 300 21
new_name.####.dpx 200 300 22
new_name.####.dpx 200 300 23
new_name.####.dpx 200 300 24
new_name.####.dpx 200 300 25
new_name.####.dpx 200 300 26
new_name.####.dpx 200 300 27
new_name.####.dpx 200 300 28
new_name.####.dpx 200 300 29
new_name.####.dpx 200 300 30
new_name.####.dpx 200 300 31
new_name.####.dpx 200 300 32
new_name.####.dpx 200 300 33
new_name.####.dpx 200 300 34
new_name.####.dpx 200 300 35
new_name.####.dpx 200 300 36
new_name.####.dpx 200 300 37
new_name.####.dpx 200 300 38
new_name.####.dpx 200 300 39
new_name.####.dpx 200 300 40
new_name.####.dpx 200 300 41
new_name.####.dpx 200 300 42
new_name.####.dpx 200 300 43
new_name.####.dpx 200 300 44
new_name.####.dpx 200 300 45
new_name.####.dpx 200 300 46
new_name.####.dpx 200 300 47
new_name.####.dpx 200 300 48
new_name.####.dpx 200 300 49
new_name.####.dpx 200 300 50
new_name.####.dpx 200 300 51
new_name.####.dpx 200 300 52
new_name.####.dpx 200 300 53
new_name.####.dpx 200 300 54
new_name.####.dpx 200 300 55
new_name.####.dpx 200 300 56
new_name.####.dpx 200 300 57
new_name.####.dpx 200 300 58
new_name.####.dpx 200 300 59
new_name.####.dpx 200 300 60
new_name.####.dpx 200 300 61
new_name.####.dpx 200 300 62
new_name.####.dpx 200 300 63
new_name.####.dpx 200 300 64
new_name.####.dpx 200 300 65
new_name.####.dpx 200 300 66
new_name.####.dpx 200 300 67
new_name.####.dpx 200 300 68
new_name.####.dpx 200 300 69
new_name.####.dpx 200 300 70
new_name.####.dpx 200 300 71
new_name.####.dpx 200 300 72
new_name.####.dpx 200 300 73
new_name.####.dpx 200 300 74
new_name.####.dpx 200 300 75
new_name.####.dpx 200 300 76
new_name.####.dpx 200 300 77
new_name.####.dpx 200 300 78
new_name.####.dpx 200 300 79
new_name.####.dpx 200 300 80
new_name.####.dpx 200 300 81
new_name.####.dpx 200 300 82
new_name.####.dpx 200 300 83
new_name.####.dpx 200 300 84
new_name.####.dpx 200 300 85
new_name.####.dpx 200 300 86
new_name.####.dpx 200 300 87
new_name.####.dpx 200 300 88
new_name.####.dpx 200 300 89
new_name.####.dpx 200 300 90
new_name.####.dpx 200 300 91
new_name.####.dpx 200 300 92
new_name.####.dpx 200 300 93
new_name.####.dpx 200 300 94
new_name.####.dpx 200 300 95
new_name.####.dpx 200 300 96
new_name.####.dpx 200 300 97
new_name.####.dpx 200 300 98
new_name.####.dpx 200 300 99
new_name.####.dpx 200 300 100
new_name.####.dpx 200 300 0
file.###.txt 100 200 0
new_name.####.dpx 200 300 0
------------------
Missing:
new_name.####.dpx 200 300 0
new_name.####.dpx 200 300 1
new_name.####.dpx 200 300 2
new_name.####.dpx 200 300 3
new_name.####.dpx 200 300 4
new_name.####.dpx 200 300 5
new_name.####.dpx 200 300 6
new_name.####.dpx 200 300 7
new_name.####.dpx 200 300 8
new_name.####.dpx 200 300 9
new_name.####.dpx 200 300 10
new_name.####.dpx 200 300 11
new_name.####.dpx 200 300 12
new_name.####.dpx 200 300 13
new_name.####.dpx 200 300 14
new_name.####.dpx 200 300 15
new_name.####.dpx 200 300 16
new_name.####.dpx 200 300 17
new_name.####.dpx 200 300 18
new_name.####.dpx 200 300 19
new_name.####.dpx 200 300 20
new_name.####.dpx 200 300 21
new_name.####.dpx 200 300 22
new_name.####.dpx 200 300 23
new_name.####.dpx 200 300 24
new_name.####.dpx 200 300 25
new_name.####.dpx 200 300 26
new_name.####.dpx 200 300 27
new_name.####.dpx 200 300 28
new_name.####.dpx 200 300 29
new_name.####.dpx 200 300 30
new_name.####.dpx 200 300 31
new_name.####.dpx 200 300 32
new_name.####.dpx 200 300 33
new_name.####.dpx 200 300 34
new_name.####.dpx 200 300 35
new_name.####.dpx 200 300 36
new_name.####.dpx 200 300 37
new_name.####.dpx 200 300 38
new_name.####.dpx 200 300 39
new_name.####.dpx 200 300 40
new_name.####.dpx 200 300 41
new_name.####.dpx 200 300 42
new_name.####.dpx 200 300 43
new_name.####.dpx 200 300 44
new_name.####.dpx 200 300 45
new_name.####.dpx 200 300 46
new_name.####.dpx 200 300 47
new_name.####.dpx 200 300 48
new_name.####.dpx 200 300 49
new_name.####.dpx 200 300 50
new_name.####.dpx 200 300 51
new_name.####.dpx 200 300 52
new_name.####.dpx 200 300 53
new_name.####.dpx 200 300 54
new_name.####.dpx 200 300 55
new_name.####.dpx 200 300 56
new_name.####.dpx 200 300 57
new_name.####.dpx 200 300 58
new_name.####.dpx 200 300 59
new_name.####.dpx 200 300 60
new_name.####.dpx 200 300 61
new_name.####.dpx 200 300 62
new_name.####.dpx 200 300 63
new_name.####.dpx 200 300 64
new_name.####.dpx 200 300 65
new_name.####.dpx 200 300 66
new_name.####.dpx 200 300 67
new_name.####.dpx 200 300 68
new_name.####.dpx 200 300 69
new_name.####.dpx 200 300 70
new_name.####.dpx 200 300 71
new_name.####.dpx 200 300 72
new_name.####.dpx 200 300 73
new_name.####.dpx 200 300 74
new_name.####.dpx 200 300 75
new_name.####.dpx 200 300 76
new_name.####.dpx 200 300 77
new_name.####.dpx 200 300 78
new_name.####.dpx 200 300 79
new_name.####.dpx 200 300 80
new_name.####.dpx 200 300 81
new_name.####.dpx 200 300 82
new_name.####.dpx 200 300 83
new_name.####.dpx 200 300 84
new_name.####.dpx 200 300 85
new_name.####.dpx 200 300 86
new_name.####.dpx 200 300 87
new_name.####.dpx 200 300 88
new_name.####.dpx 200 300 89
new_name.####.dpx 200 300 90
new_name.####.dpx 200 300 91
new_name.####.dpx 200 300 92
new_name.####.dpx 200 300 93
new_name.####.dpx 200 300 94
new_name.####.dpx 200 300 95
new_name.####.dpx 200 300 96
new_name.####.dpx 200 300 97
new_name.####.dpx 200 300 98
new_name.####.dpx 200 300 99
new_name.####.dpx 200 300 100
file.###.txt 100 200 0
new_name.####.dpx 200 300 0
new_name.####.dpx 200 300 1
new_name.####.dpx 200 300 2
new_name.####.dpx 200 300 3
new_name.####.dpx 200 300 4
new_name.####.dpx 200 300 5
new_name.####.dpx 200 300 6
new_name.####.dpx 200 300 7
new_name.####.dpx 200 300 8
new_name.####.dpx 200 300 9
new_name.####.dpx 200 300 10
new_name.####.dpx 200 300 11
new_name.####.dpx 200 300 12
new_name.####.dpx 200 300 13
new_name.####.dpx 200 300 14
new_name.####.dpx 200 300 15
new_name.####.dpx 200 300 16
new_name.####.dpx 200 300 17
new_name.####.dpx 200 300 18
new_name.####.dpx 200 300 19
new_name.####.dpx 200 300 20
new_name.####.dpx 200 300 21
new_name.####.dpx 200 300 22
new_name.####.dpx 200 300 23
new_name.####.dpx 200 300 24
new_name.####.dpx 200 300 25
new_name.####.dpx 200 300 26
new_name.####.dpx 200 300 27
new_name.####.dpx 200 300 28
new_name.####.dpx 200 300 29
new_name.####.dpx 200 300 30
new_name.####.dpx 200 300 31
new_name.####.dpx 200 300 32
new_name.####.dpx 200 300 33
new_name.####.dpx 200 300 34
new_name.####.dpx 200 300 35
new_name.####.dpx 200 300 36
new_name.####.dpx 200 300 37
new_name.####.dpx 200 300 38
new_name.####.dpx 200 300 39
new_name.####.dpx 200 300 40
new_name.####.dpx 200 300 41
new_name.####.dpx 200 300 42
new_name.####.dpx 200 300 43
new_name.####.dpx 200 300 44
new_name.####.dpx 200 300 45
new_name.####.dpx 200 300 46
new_name.####.dpx 200 300 47
new_name.####.dpx 200 300 48
new_name.####.dpx 200 300 49
new_name.####.dpx 200 300 50
new_name.####.dpx 200 300 51
new_name.####.dpx 200 300 52
new_name.####.dpx 200 300 53
new_name.####.dpx 200 300 54
new_name.####.dpx 200 300 55
new_name.####.dpx 200 300 56
new_name.####.dpx 200 300 57
new_name.####.dpx 200 300 58
new_name.####.dpx 200 300 59
new_name.####.dpx 200 300 60
new_name.####.dpx 200 300 61
new_name.####.dpx 200 300 62
new_name.####.dpx 200 300 63
new_name.####.dpx 200 300 64
new_name.####.dpx 200 300 65
new_name.####.dpx 200 300 66
new_name.####.dpx 200 300 67
new_name.####.dpx 200 300 68
new_name.####.dpx 200 300 69
new_name.####.dpx 200 300 70
new_name.####.dpx 200 300 71
new_name.####.dpx 200 300 72
new_name.####.dpx 200 300 73
new_name.####.dpx 200 300 74
new_name.####.dpx 200 300 75
new_name.####.dpx 200 300 76
new_name.####.dpx 200 300 77
new_name.####.dpx 200 300 78
new_name.####.dpx 200 300 79
new_name.####.dpx 200 300 80
new_name.####.dpx 200 300 81
new_name.####.dpx 200 300 82
new_name.####.dpx 200 300 83
new_name.####.dpx 200 300 84
new_name.####.dpx 200 300 85
new_name.####.dpx 200 300 86
new_name.####.dpx 200 300 87
new_name.####.dpx 200 300 88
new_name.####.dpx 200 300 89
new_name.####.dpx 200 300 90
new_name.####.dpx 200 300 91
new_name.####.dpx 200 300 92
new_name.####.dpx 200 300 93
new_name.####.dpx 200 300 94
new_name.####.dpx 200 300 95
new_name.####.dpx 200 300 96
new_name.####.dpx 200 300 97
new_name.####.dpx 200 300 98
new_name.####.dpx 200 300 99
new_name.####.dpx 200 300 100
</system-out></testcase><testcase classname="zdevelop.tests.test_file_seq.TestSeqDisk" file="zdevelop/tests/test_file_seq.py" line="201" name="test_rename[new_name.0200.dpx-new_name-200-4-dpx-False]" time="0.073"><system-out>Original Dir List
file.###.txt 100 200 0
/tmp/pytest-of-vsts/pytest-0/test_rename_new_name_0200_dpx_1/src/file.100.txt
/tmp/pytest-of-vsts/pytest-0/test_rename_new_name_0200_dpx_1/src/file.101.txt
/tmp/pytest-of-vsts/pytest-0/test_rename_new_name_0200_dpx_1/src/file.102.txt
/tmp/pytest-of-vsts/pytest-0/test_rename_new_name_0200_dpx_1/src/file.103.txt
/tmp/pytest-of-vsts/pytest-0/test_rename_new_name_0200_dpx_1/src/file.104.txt
/tmp/pytest-of-vsts/pytest-0/test_rename_new_name_0200_dpx_1/src/file.105.txt
/tmp/pytest-of-vsts/pytest-0/test_rename_new_name_0200_dpx_1/src/file.106.txt
/tmp/pytest-of-vsts/pytest-0/test_rename_new_name_0200_dpx_1/src/file.107.txt
/tmp/pytest-of-vsts/pytest-0/test_rename_new_name_0200_dpx_1/src/file.108.txt
/tmp/pytest-of-vsts/pytest-0/test_rename_new_name_0200_dpx_1/src/file.109.txt
/tmp/pytest-of-vsts/pytest-0/test_rename_new_name_0200_dpx_1/src/file.110.txt
/tmp/pytest-of-vsts/pytest-0/test_rename_new_name_0200_dpx_1/src/file.111.txt
/tmp/pytest-of-vsts/pytest-0/test_rename_new_name_0200_dpx_1/src/file.112.txt
/tmp/pytest-of-vsts/pytest-0/test_rename_new_name_0200_dpx_1/src/file.113.txt
/tmp/pytest-of-vsts/pytest-0/test_rename_new_name_0200_dpx_1/src/file.114.txt
/tmp/pytest-of-vsts/pytest-0/test_rename_new_name_0200_dpx_1/src/file.115.txt
/tmp/pytest-of-vsts/pytest-0/test_rename_new_name_0200_dpx_1/src/file.116.txt
/tmp/pytest-of-vsts/pytest-0/test_rename_new_name_0200_dpx_1/src/file.117.txt
/tmp/pytest-of-vsts/pytest-0/test_rename_new_name_0200_dpx_1/src/file.118.txt
/tmp/pytest-of-vsts/pytest-0/test_rename_new_name_0200_dpx_1/src/file.119.txt
/tmp/pytest-of-vsts/pytest-0/test_rename_new_name_0200_dpx_1/src/file.120.txt
/tmp/pytest-of-vsts/pytest-0/test_rename_new_name_0200_dpx_1/src/file.121.txt
/tmp/pytest-of-vsts/pytest-0/test_rename_new_name_0200_dpx_1/src/file.122.txt
/tmp/pytest-of-vsts/pytest-0/test_rename_new_name_0200_dpx_1/src/file.123.txt
/tmp/pytest-of-vsts/pytest-0/test_rename_new_name_0200_dpx_1/src/file.124.txt
/tmp/pytest-of-vsts/pytest-0/test_rename_new_name_0200_dpx_1/src/file.125.txt
/tmp/pytest-of-vsts/pytest-0/test_rename_new_name_0200_dpx_1/src/file.126.txt
/tmp/pytest-of-vsts/pytest-0/test_rename_new_name_0200_dpx_1/src/file.127.txt
/tmp/pytest-of-vsts/pytest-0/test_rename_new_name_0200_dpx_1/src/file.128.txt
/tmp/pytest-of-vsts/pytest-0/test_rename_new_name_0200_dpx_1/src/file.129.txt
/tmp/pytest-of-vsts/pytest-0/test_rename_new_name_0200_dpx_1/src/file.130.txt
/tmp/pytest-of-vsts/pytest-0/test_rename_new_name_0200_dpx_1/src/file.131.txt
/tmp/pytest-of-vsts/pytest-0/test_rename_new_name_0200_dpx_1/src/file.132.txt
/tmp/pytest-of-vsts/pytest-0/test_rename_new_name_0200_dpx_1/src/file.133.txt
/tmp/pytest-of-vsts/pytest-0/test_rename_new_name_0200_dpx_1/src/file.134.txt
/tmp/pytest-of-vsts/pytest-0/test_rename_new_name_0200_dpx_1/src/file.135.txt
/tmp/pytest-of-vsts/pytest-0/test_rename_new_name_0200_dpx_1/src/file.136.txt
/tmp/pytest-of-vsts/pytest-0/test_rename_new_name_0200_dpx_1/src/file.137.txt
/tmp/pytest-of-vsts/pytest-0/test_rename_new_name_0200_dpx_1/src/file.138.txt
/tmp/pytest-of-vsts/pytest-0/test_rename_new_name_0200_dpx_1/src/file.139.txt
/tmp/pytest-of-vsts/pytest-0/test_rename_new_name_0200_dpx_1/src/file.140.txt
/tmp/pytest-of-vsts/pytest-0/test_rename_new_name_0200_dpx_1/src/file.141.txt
/tmp/pytest-of-vsts/pytest-0/test_rename_new_name_0200_dpx_1/src/file.142.txt
/tmp/pytest-of-vsts/pytest-0/test_rename_new_name_0200_dpx_1/src/file.143.txt
/tmp/pytest-of-vsts/pytest-0/test_rename_new_name_0200_dpx_1/src/file.144.txt
/tmp/pytest-of-vsts/pytest-0/test_rename_new_name_0200_dpx_1/src/file.145.txt
/tmp/pytest-of-vsts/pytest-0/test_rename_new_name_0200_dpx_1/src/file.146.txt
/tmp/pytest-of-vsts/pytest-0/test_rename_new_name_0200_dpx_1/src/file.147.txt
/tmp/pytest-of-vsts/pytest-0/test_rename_new_name_0200_dpx_1/src/file.148.txt
/tmp/pytest-of-vsts/pytest-0/test_rename_new_name_0200_dpx_1/src/file.149.txt
/tmp/pytest-of-vsts/pytest-0/test_rename_new_name_0200_dpx_1/src/file.150.txt
/tmp/pytest-of-vsts/pytest-0/test_rename_new_name_0200_dpx_1/src/file.151.txt
/tmp/pytest-of-vsts/pytest-0/test_rename_new_name_0200_dpx_1/src/file.152.txt
/tmp/pytest-of-vsts/pytest-0/test_rename_new_name_0200_dpx_1/src/file.153.txt
/tmp/pytest-of-vsts/pytest-0/test_rename_new_name_0200_dpx_1/src/file.154.txt
/tmp/pytest-of-vsts/pytest-0/test_rename_new_name_0200_dpx_1/src/file.155.txt
/tmp/pytest-of-vsts/pytest-0/test_rename_new_name_0200_dpx_1/src/file.156.txt
/tmp/pytest-of-vsts/pytest-0/test_rename_new_name_0200_dpx_1/src/file.157.txt
/tmp/pytest-of-vsts/pytest-0/test_rename_new_name_0200_dpx_1/src/file.158.txt
/tmp/pytest-of-vsts/pytest-0/test_rename_new_name_0200_dpx_1/src/file.159.txt
/tmp/pytest-of-vsts/pytest-0/test_rename_new_name_0200_dpx_1/src/file.160.txt
/tmp/pytest-of-vsts/pytest-0/test_rename_new_name_0200_dpx_1/src/file.161.txt
/tmp/pytest-of-vsts/pytest-0/test_rename_new_name_0200_dpx_1/src/file.162.txt
/tmp/pytest-of-vsts/pytest-0/test_rename_new_name_0200_dpx_1/src/file.163.txt
/tmp/pytest-of-vsts/pytest-0/test_rename_new_name_0200_dpx_1/src/file.164.txt
/tmp/pytest-of-vsts/pytest-0/test_rename_new_name_0200_dpx_1/src/file.165.txt
/tmp/pytest-of-vsts/pytest-0/test_rename_new_name_0200_dpx_1/src/file.166.txt
/tmp/pytest-of-vsts/pytest-0/test_rename_new_name_0200_dpx_1/src/file.167.txt
/tmp/pytest-of-vsts/pytest-0/test_rename_new_name_0200_dpx_1/src/file.168.txt
/tmp/pytest-of-vsts/pytest-0/test_rename_new_name_0200_dpx_1/src/file.169.txt
/tmp/pytest-of-vsts/pytest-0/test_rename_new_name_0200_dpx_1/src/file.170.txt
/tmp/pytest-of-vsts/pytest-0/test_rename_new_name_0200_dpx_1/src/file.171.txt
/tmp/pytest-of-vsts/pytest-0/test_rename_new_name_0200_dpx_1/src/file.172.txt
/tmp/pytest-of-vsts/pytest-0/test_rename_new_name_0200_dpx_1/src/file.173.txt
/tmp/pytest-of-vsts/pytest-0/test_rename_new_name_0200_dpx_1/src/file.174.txt
/tmp/pytest-of-vsts/pytest-0/test_rename_new_name_0200_dpx_1/src/file.175.txt
/tmp/pytest-of-vsts/pytest-0/test_rename_new_name_0200_dpx_1/src/file.176.txt
/tmp/pytest-of-vsts/pytest-0/test_rename_new_name_0200_dpx_1/src/file.177.txt
/tmp/pytest-of-vsts/pytest-0/test_rename_new_name_0200_dpx_1/src/file.178.txt
/tmp/pytest-of-vsts/pytest-0/test_rename_new_name_0200_dpx_1/src/file.179.txt
/tmp/pytest-of-vsts/pytest-0/test_rename_new_name_0200_dpx_1/src/file.180.txt
/tmp/pytest-of-vsts/pytest-0/test_rename_new_name_0200_dpx_1/src/file.181.txt
/tmp/pytest-of-vsts/pytest-0/test_rename_new_name_0200_dpx_1/src/file.182.txt
/tmp/pytest-of-vsts/pytest-0/test_rename_new_name_0200_dpx_1/src/file.183.txt
/tmp/pytest-of-vsts/pytest-0/test_rename_new_name_0200_dpx_1/src/file.184.txt
/tmp/pytest-of-vsts/pytest-0/test_rename_new_name_0200_dpx_1/src/file.185.txt
/tmp/pytest-of-vsts/pytest-0/test_rename_new_name_0200_dpx_1/src/file.186.txt
/tmp/pytest-of-vsts/pytest-0/test_rename_new_name_0200_dpx_1/src/file.187.txt
/tmp/pytest-of-vsts/pytest-0/test_rename_new_name_0200_dpx_1/src/file.188.txt
/tmp/pytest-of-vsts/pytest-0/test_rename_new_name_0200_dpx_1/src/file.189.txt
/tmp/pytest-of-vsts/pytest-0/test_rename_new_name_0200_dpx_1/src/file.190.txt
/tmp/pytest-of-vsts/pytest-0/test_rename_new_name_0200_dpx_1/src/file.191.txt
/tmp/pytest-of-vsts/pytest-0/test_rename_new_name_0200_dpx_1/src/file.192.txt
/tmp/pytest-of-vsts/pytest-0/test_rename_new_name_0200_dpx_1/src/file.193.txt
/tmp/pytest-of-vsts/pytest-0/test_rename_new_name_0200_dpx_1/src/file.194.txt
/tmp/pytest-of-vsts/pytest-0/test_rename_new_name_0200_dpx_1/src/file.195.txt
/tmp/pytest-of-vsts/pytest-0/test_rename_new_name_0200_dpx_1/src/file.196.txt
/tmp/pytest-of-vsts/pytest-0/test_rename_new_name_0200_dpx_1/src/file.197.txt
/tmp/pytest-of-vsts/pytest-0/test_rename_new_name_0200_dpx_1/src/file.198.txt
/tmp/pytest-of-vsts/pytest-0/test_rename_new_name_0200_dpx_1/src/file.199.txt
/tmp/pytest-of-vsts/pytest-0/test_rename_new_name_0200_dpx_1/src/file.200.txt
------------------
file.###.txt 100 200 0
file.###.txt 100 200 1
file.###.txt 100 200 2
file.###.txt 100 200 3
file.###.txt 100 200 4
file.###.txt 100 200 5
file.###.txt 100 200 6
file.###.txt 100 200 7
file.###.txt 100 200 8
file.###.txt 100 200 9
file.###.txt 100 200 10
file.###.txt 100 200 11
file.###.txt 100 200 12
file.###.txt 100 200 13
file.###.txt 100 200 14
file.###.txt 100 200 15
file.###.txt 100 200 16
file.###.txt 100 200 17
file.###.txt 100 200 18
file.###.txt 100 200 19
file.###.txt 100 200 20
file.###.txt 100 200 21
file.###.txt 100 200 22
file.###.txt 100 200 23
file.###.txt 100 200 24
file.###.txt 100 200 25
file.###.txt 100 200 26
file.###.txt 100 200 27
file.###.txt 100 200 28
file.###.txt 100 200 29
file.###.txt 100 200 30
file.###.txt 100 200 31
file.###.txt 100 200 32
file.###.txt 100 200 33
file.###.txt 100 200 34
file.###.txt 100 200 35
file.###.txt 100 200 36
file.###.txt 100 200 37
file.###.txt 100 200 38
file.###.txt 100 200 39
file.###.txt 100 200 40
file.###.txt 100 200 41
file.###.txt 100 200 42
file.###.txt 100 200 43
file.###.txt 100 200 44
file.###.txt 100 200 45
file.###.txt 100 200 46
file.###.txt 100 200 47
file.###.txt 100 200 48
file.###.txt 100 200 49
file.###.txt 100 200 50
file.###.txt 100 200 51
file.###.txt 100 200 52
file.###.txt 100 200 53
file.###.txt 100 200 54
file.###.txt 100 200 55
file.###.txt 100 200 56
file.###.txt 100 200 57
file.###.txt 100 200 58
file.###.txt 100 200 59
file.###.txt 100 200 60
file.###.txt 100 200 61
file.###.txt 100 200 62
file.###.txt 100 200 63
file.###.txt 100 200 64
file.###.txt 100 200 65
file.###.txt 100 200 66
file.###.txt 100 200 67
file.###.txt 100 200 68
file.###.txt 100 200 69
file.###.txt 100 200 70
file.###.txt 100 200 71
file.###.txt 100 200 72
file.###.txt 100 200 73
file.###.txt 100 200 74
file.###.txt 100 200 75
file.###.txt 100 200 76
file.###.txt 100 200 77
file.###.txt 100 200 78
file.###.txt 100 200 79
file.###.txt 100 200 80
file.###.txt 100 200 81
file.###.txt 100 200 82
file.###.txt 100 200 83
file.###.txt 100 200 84
file.###.txt 100 200 85
file.###.txt 100 200 86
file.###.txt 100 200 87
file.###.txt 100 200 88
file.###.txt 100 200 89
file.###.txt 100 200 90
file.###.txt 100 200 91
file.###.txt 100 200 92
file.###.txt 100 200 93
file.###.txt 100 200 94
file.###.txt 100 200 95
file.###.txt 100 200 96
file.###.txt 100 200 97
file.###.txt 100 200 98
file.###.txt 100 200 99
file.###.txt 100 200 100
file.###.txt 100 200 100
file.###.txt 100 200 99
file.###.txt 100 200 98
file.###.txt 100 200 97
file.###.txt 100 200 96
file.###.txt 100 200 95
file.###.txt 100 200 94
file.###.txt 100 200 93
file.###.txt 100 200 92
file.###.txt 100 200 91
file.###.txt 100 200 90
file.###.txt 100 200 89
file.###.txt 100 200 88
file.###.txt 100 200 87
file.###.txt 100 200 86
file.###.txt 100 200 85
file.###.txt 100 200 84
file.###.txt 100 200 83
file.###.txt 100 200 82
file.###.txt 100 200 81
file.###.txt 100 200 80
file.###.txt 100 200 79
file.###.txt 100 200 78
file.###.txt 100 200 77
file.###.txt 100 200 76
file.###.txt 100 200 75
file.###.txt 100 200 74
file.###.txt 100 200 73
file.###.txt 100 200 72
file.###.txt 100 200 71
file.###.txt 100 200 70
file.###.txt 100 200 69
file.###.txt 100 200 68
file.###.txt 100 200 67
file.###.txt 100 200 66
file.###.txt 100 200 65
file.###.txt 100 200 64
file.###.txt 100 200 63
file.###.txt 100 200 62
file.###.txt 100 200 61
file.###.txt 100 200 60
file.###.txt 100 200 59
file.###.txt 100 200 58
file.###.txt 100 200 57
file.###.txt 100 200 56
file.###.txt 100 200 55
file.###.txt 100 200 54
file.###.txt 100 200 53
file.###.txt 100 200 52
file.###.txt 100 200 51
file.###.txt 100 200 50
file.###.txt 100 200 49
file.###.txt 100 200 48
file.###.txt 100 200 47
file.###.txt 100 200 46
file.###.txt 100 200 45
file.###.txt 100 200 44
file.###.txt 100 200 43
file.###.txt 100 200 42
file.###.txt 100 200 41
file.###.txt 100 200 40
file.###.txt 100 200 39
file.###.txt 100 200 38
file.###.txt 100 200 37
file.###.txt 100 200 36
file.###.txt 100 200 35
file.###.txt 100 200 34
file.###.txt 100 200 33
file.###.txt 100 200 32
file.###.txt 100 200 31
file.###.txt 100 200 30
file.###.txt 100 200 29
file.###.txt 100 200 28
file.###.txt 100 200 27
file.###.txt 100 200 26
file.###.txt 100 200 25
file.###.txt 100 200 24
file.###.txt 100 200 23
file.###.txt 100 200 22
file.###.txt 100 200 21
file.###.txt 100 200 20
file.###.txt 100 200 19
file.###.txt 100 200 18
file.###.txt 100 200 17
file.###.txt 100 200 16
file.###.txt 100 200 15
file.###.txt 100 200 14
file.###.txt 100 200 13
file.###.txt 100 200 12
file.###.txt 100 200 11
file.###.txt 100 200 10
file.###.txt 100 200 9
file.###.txt 100 200 8
file.###.txt 100 200 7
file.###.txt 100 200 6
file.###.txt 100 200 5
file.###.txt 100 200 4
file.###.txt 100 200 3
file.###.txt 100 200 2
file.###.txt 100 200 1
file.###.txt 100 200 0
------------------
Post-rename Dir List
file.###.txt 100 200 0
/tmp/pytest-of-vsts/pytest-0/test_rename_new_name_0200_dpx_1/src/new_name.0200.dpx
/tmp/pytest-of-vsts/pytest-0/test_rename_new_name_0200_dpx_1/src/new_name.0201.dpx
/tmp/pytest-of-vsts/pytest-0/test_rename_new_name_0200_dpx_1/src/new_name.0202.dpx
/tmp/pytest-of-vsts/pytest-0/test_rename_new_name_0200_dpx_1/src/new_name.0203.dpx
/tmp/pytest-of-vsts/pytest-0/test_rename_new_name_0200_dpx_1/src/new_name.0204.dpx
/tmp/pytest-of-vsts/pytest-0/test_rename_new_name_0200_dpx_1/src/new_name.0205.dpx
/tmp/pytest-of-vsts/pytest-0/test_rename_new_name_0200_dpx_1/src/new_name.0206.dpx
/tmp/pytest-of-vsts/pytest-0/test_rename_new_name_0200_dpx_1/src/new_name.0207.dpx
/tmp/pytest-of-vsts/pytest-0/test_rename_new_name_0200_dpx_1/src/new_name.0208.dpx
/tmp/pytest-of-vsts/pytest-0/test_rename_new_name_0200_dpx_1/src/new_name.0209.dpx
/tmp/pytest-of-vsts/pytest-0/test_rename_new_name_0200_dpx_1/src/new_name.0210.dpx
/tmp/pytest-of-vsts/pytest-0/test_rename_new_name_0200_dpx_1/src/new_name.0211.dpx
/tmp/pytest-of-vsts/pytest-0/test_rename_new_name_0200_dpx_1/src/new_name.0212.dpx
/tmp/pytest-of-vsts/pytest-0/test_rename_new_name_0200_dpx_1/src/new_name.0213.dpx
/tmp/pytest-of-vsts/pytest-0/test_rename_new_name_0200_dpx_1/src/new_name.0214.dpx
/tmp/pytest-of-vsts/pytest-0/test_rename_new_name_0200_dpx_1/src/new_name.0215.dpx
/tmp/pytest-of-vsts/pytest-0/test_rename_new_name_0200_dpx_1/src/new_name.0216.dpx
/tmp/pytest-of-vsts/pytest-0/test_rename_new_name_0200_dpx_1/src/new_name.0217.dpx
/tmp/pytest-of-vsts/pytest-0/test_rename_new_name_0200_dpx_1/src/new_name.0218.dpx
/tmp/pytest-of-vsts/pytest-0/test_rename_new_name_0200_dpx_1/src/new_name.0219.dpx
/tmp/pytest-of-vsts/pytest-0/test_rename_new_name_0200_dpx_1/src/new_name.0220.dpx
/tmp/pytest-of-vsts/pytest-0/test_rename_new_name_0200_dpx_1/src/new_name.0221.dpx
/tmp/pytest-of-vsts/pytest-0/test_rename_new_name_0200_dpx_1/src/new_name.0222.dpx
/tmp/pytest-of-vsts/pytest-0/test_rename_new_name_0200_dpx_1/src/new_name.0223.dpx
/tmp/pytest-of-vsts/pytest-0/test_rename_new_name_0200_dpx_1/src/new_name.0224.dpx
/tmp/pytest-of-vsts/pytest-0/test_rename_new_name_0200_dpx_1/src/new_name.0225.dpx
/tmp/pytest-of-vsts/pytest-0/test_rename_new_name_0200_dpx_1/src/new_name.0226.dpx
/tmp/pytest-of-vsts/pytest-0/test_rename_new_name_0200_dpx_1/src/new_name.0227.dpx
/tmp/pytest-of-vsts/pytest-0/test_rename_new_name_0200_dpx_1/src/new_name.0228.dpx
/tmp/pytest-of-vsts/pytest-0/test_rename_new_name_0200_dpx_1/src/new_name.0229.dpx
/tmp/pytest-of-vsts/pytest-0/test_rename_new_name_0200_dpx_1/src/new_name.0230.dpx
/tmp/pytest-of-vsts/pytest-0/test_rename_new_name_0200_dpx_1/src/new_name.0231.dpx
/tmp/pytest-of-vsts/pytest-0/test_rename_new_name_0200_dpx_1/src/new_name.0232.dpx
/tmp/pytest-of-vsts/pytest-0/test_rename_new_name_0200_dpx_1/src/new_name.0233.dpx
/tmp/pytest-of-vsts/pytest-0/test_rename_new_name_0200_dpx_1/src/new_name.0234.dpx
/tmp/pytest-of-vsts/pytest-0/test_rename_new_name_0200_dpx_1/src/new_name.0235.dpx
/tmp/pytest-of-vsts/pytest-0/test_rename_new_name_0200_dpx_1/src/new_name.0236.dpx
/tmp/pytest-of-vsts/pytest-0/test_rename_new_name_0200_dpx_1/src/new_name.0237.dpx
/tmp/pytest-of-vsts/pytest-0/test_rename_new_name_0200_dpx_1/src/new_name.0238.dpx
/tmp/pytest-of-vsts/pytest-0/test_rename_new_name_0200_dpx_1/src/new_name.0239.dpx
/tmp/pytest-of-vsts/pytest-0/test_rename_new_name_0200_dpx_1/src/new_name.0240.dpx
/tmp/pytest-of-vsts/pytest-0/test_rename_new_name_0200_dpx_1/src/new_name.0241.dpx
/tmp/pytest-of-vsts/pytest-0/test_rename_new_name_0200_dpx_1/src/new_name.0242.dpx
/tmp/pytest-of-vsts/pytest-0/test_rename_new_name_0200_dpx_1/src/new_name.0243.dpx
/tmp/pytest-of-vsts/pytest-0/test_rename_new_name_0200_dpx_1/src/new_name.0244.dpx
/tmp/pytest-of-vsts/pytest-0/test_rename_new_name_0200_dpx_1/src/new_name.0245.dpx
/tmp/pytest-of-vsts/pytest-0/test_rename_new_name_0200_dpx_1/src/new_name.0246.dpx
/tmp/pytest-of-vsts/pytest-0/test_rename_new_name_0200_dpx_1/src/new_name.0247.dpx
/tmp/pytest-of-vsts/pytest-0/test_rename_new_name_0200_dpx_1/src/new_name.0248.dpx
/tmp/pytest-of-vsts/pytest-0/test_rename_new_name_0200_dpx_1/src/new_name.0249.dpx
/tmp/pytest-of-vsts/pytest-0/test_rename_new_name_0200_dpx_1/src/new_name.0250.dpx
/tmp/pytest-of-vsts/pytest-0/test_rename_new_name_0200_dpx_1/src/new_name.0251.dpx
/tmp/pytest-of-vsts/pytest-0/test_rename_new_name_0200_dpx_1/src/new_name.0252.dpx
/tmp/pytest-of-vsts/pytest-0/test_rename_new_name_0200_dpx_1/src/new_name.0253.dpx
/tmp/pytest-of-vsts/pytest-0/test_rename_new_name_0200_dpx_1/src/new_name.0254.dpx
/tmp/pytest-of-vsts/pytest-0/test_rename_new_name_0200_dpx_1/src/new_name.0255.dpx
/tmp/pytest-of-vsts/pytest-0/test_rename_new_name_0200_dpx_1/src/new_name.0256.dpx
/tmp/pytest-of-vsts/pytest-0/test_rename_new_name_0200_dpx_1/src/new_name.0257.dpx
/tmp/pytest-of-vsts/pytest-0/test_rename_new_name_0200_dpx_1/src/new_name.0258.dpx
/tmp/pytest-of-vsts/pytest-0/test_rename_new_name_0200_dpx_1/src/new_name.0259.dpx
/tmp/pytest-of-vsts/pytest-0/test_rename_new_name_0200_dpx_1/src/new_name.0260.dpx
/tmp/pytest-of-vsts/pytest-0/test_rename_new_name_0200_dpx_1/src/new_name.0261.dpx
/tmp/pytest-of-vsts/pytest-0/test_rename_new_name_0200_dpx_1/src/new_name.0262.dpx
/tmp/pytest-of-vsts/pytest-0/test_rename_new_name_0200_dpx_1/src/new_name.0263.dpx
/tmp/pytest-of-vsts/pytest-0/test_rename_new_name_0200_dpx_1/src/new_name.0264.dpx
/tmp/pytest-of-vsts/pytest-0/test_rename_new_name_0200_dpx_1/src/new_name.0265.dpx
/tmp/pytest-of-vsts/pytest-0/test_rename_new_name_0200_dpx_1/src/new_name.0266.dpx
/tmp/pytest-of-vsts/pytest-0/test_rename_new_name_0200_dpx_1/src/new_name.0267.dpx
/tmp/pytest-of-vsts/pytest-0/test_rename_new_name_0200_dpx_1/src/new_name.0268.dpx
/tmp/pytest-of-vsts/pytest-0/test_rename_new_name_0200_dpx_1/src/new_name.0269.dpx
/tmp/pytest-of-vsts/pytest-0/test_rename_new_name_0200_dpx_1/src/new_name.0270.dpx
/tmp/pytest-of-vsts/pytest-0/test_rename_new_name_0200_dpx_1/src/new_name.0271.dpx
/tmp/pytest-of-vsts/pytest-0/test_rename_new_name_0200_dpx_1/src/new_name.0272.dpx
/tmp/pytest-of-vsts/pytest-0/test_rename_new_name_0200_dpx_1/src/new_name.0273.dpx
/tmp/pytest-of-vsts/pytest-0/test_rename_new_name_0200_dpx_1/src/new_name.0274.dpx
/tmp/pytest-of-vsts/pytest-0/test_rename_new_name_0200_dpx_1/src/new_name.0275.dpx
/tmp/pytest-of-vsts/pytest-0/test_rename_new_name_0200_dpx_1/src/new_name.0276.dpx
/tmp/pytest-of-vsts/pytest-0/test_rename_new_name_0200_dpx_1/src/new_name.0277.dpx
/tmp/pytest-of-vsts/pytest-0/test_rename_new_name_0200_dpx_1/src/new_name.0278.dpx
/tmp/pytest-of-vsts/pytest-0/test_rename_new_name_0200_dpx_1/src/new_name.0279.dpx
/tmp/pytest-of-vsts/pytest-0/test_rename_new_name_0200_dpx_1/src/new_name.0280.dpx
/tmp/pytest-of-vsts/pytest-0/test_rename_new_name_0200_dpx_1/src/new_name.0281.dpx
/tmp/pytest-of-vsts/pytest-0/test_rename_new_name_0200_dpx_1/src/new_name.0282.dpx
/tmp/pytest-of-vsts/pytest-0/test_rename_new_name_0200_dpx_1/src/new_name.0283.dpx
/tmp/pytest-of-vsts/pytest-0/test_rename_new_name_0200_dpx_1/src/new_name.0284.dpx
/tmp/pytest-of-vsts/pytest-0/test_rename_new_name_0200_dpx_1/src/new_name.0285.dpx
/tmp/pytest-of-vsts/pytest-0/test_rename_new_name_0200_dpx_1/src/new_name.0286.dpx
/tmp/pytest-of-vsts/pytest-0/test_rename_new_name_0200_dpx_1/src/new_name.0287.dpx
/tmp/pytest-of-vsts/pytest-0/test_rename_new_name_0200_dpx_1/src/new_name.0288.dpx
/tmp/pytest-of-vsts/pytest-0/test_rename_new_name_0200_dpx_1/src/new_name.0289.dpx
/tmp/pytest-of-vsts/pytest-0/test_rename_new_name_0200_dpx_1/src/new_name.0290.dpx
/tmp/pytest-of-vsts/pytest-0/test_rename_new_name_0200_dpx_1/src/new_name.0291.dpx
/tmp/pytest-of-vsts/pytest-0/test_rename_new_name_0200_dpx_1/src/new_name.0292.dpx
/tmp/pytest-of-vsts/pytest-0/test_rename_new_name_0200_dpx_1/src/new_name.0293.dpx
/tmp/pytest-of-vsts/pytest-0/test_rename_new_name_0200_dpx_1/src/new_name.0294.dpx
/tmp/pytest-of-vsts/pytest-0/test_rename_new_name_0200_dpx_1/src/new_name.0295.dpx
/tmp/pytest-of-vsts/pytest-0/test_rename_new_name_0200_dpx_1/src/new_name.0296.dpx
/tmp/pytest-of-vsts/pytest-0/test_rename_new_name_0200_dpx_1/src/new_name.0297.dpx
/tmp/pytest-of-vsts/pytest-0/test_rename_new_name_0200_dpx_1/src/new_name.0298.dpx
/tmp/pytest-of-vsts/pytest-0/test_rename_new_name_0200_dpx_1/src/new_name.0299.dpx
/tmp/pytest-of-vsts/pytest-0/test_rename_new_name_0200_dpx_1/src/new_name.0300.dpx
new_name.####.dpx 200 300 0
new_name.####.dpx 200 300 1
new_name.####.dpx 200 300 2
new_name.####.dpx 200 300 3
new_name.####.dpx 200 300 4
new_name.####.dpx 200 300 5
new_name.####.dpx 200 300 6
new_name.####.dpx 200 300 7
new_name.####.dpx 200 300 8
new_name.####.dpx 200 300 9
new_name.####.dpx 200 300 10
new_name.####.dpx 200 300 11
new_name.####.dpx 200 300 12
new_name.####.dpx 200 300 13
new_name.####.dpx 200 300 14
new_name.####.dpx 200 300 15
new_name.####.dpx 200 300 16
new_name.####.dpx 200 300 17
new_name.####.dpx 200 300 18
new_name.####.dpx 200 300 19
new_name.####.dpx 200 300 20
new_name.####.dpx 200 300 21
new_name.####.dpx 200 300 22
new_name.####.dpx 200 300 23
new_name.####.dpx 200 300 24
new_name.####.dpx 200 300 25
new_name.####.dpx 200 300 26
new_name.####.dpx 200 300 27
new_name.####.dpx 200 300 28
new_name.####.dpx 200 300 29
new_name.####.dpx 200 300 30
new_name.####.dpx 200 300 31
new_name.####.dpx 200 300 32
new_name.####.dpx 200 300 33
new_name.####.dpx 200 300 34
new_name.####.dpx 200 300 35
new_name.####.dpx 200 300 36
new_name.####.dpx 200 300 37
new_name.####.dpx 200 300 38
new_name.####.dpx 200 300 39
new_name.####.dpx 200 300 40
new_name.####.dpx 200 300 41
new_name.####.dpx 200 300 42
new_name.####.dpx 200 300 43
new_name.####.dpx 200 300 44
new_name.####.dpx 200 300 45
new_name.####.dpx 200 300 46
new_name.####.dpx 200 300 47
new_name.####.dpx 200 300 48
new_name.####.dpx 200 300 49
new_name.####.dpx 200 300 50
new_name.####.dpx 200 300 51
new_name.####.dpx 200 300 52
new_name.####.dpx 200 300 53
new_name.####.dpx 200 300 54
new_name.####.dpx 200 300 55
new_name.####.dpx 200 300 56
new_name.####.dpx 200 300 57
new_name.####.dpx 200 300 58
new_name.####.dpx 200 300 59
new_name.####.dpx 200 300 60
new_name.####.dpx 200 300 61
new_name.####.dpx 200 300 62
new_name.####.dpx 200 300 63
new_name.####.dpx 200 300 64
new_name.####.dpx 200 300 65
new_name.####.dpx 200 300 66
new_name.####.dpx 200 300 67
new_name.####.dpx 200 300 68
new_name.####.dpx 200 300 69
new_name.####.dpx 200 300 70
new_name.####.dpx 200 300 71
new_name.####.dpx 200 300 72
new_name.####.dpx 200 300 73
new_name.####.dpx 200 300 74
new_name.####.dpx 200 300 75
new_name.####.dpx 200 300 76
new_name.####.dpx 200 300 77
new_name.####.dpx 200 300 78
new_name.####.dpx 200 300 79
new_name.####.dpx 200 300 80
new_name.####.dpx 200 300 81
new_name.####.dpx 200 300 82
new_name.####.dpx 200 300 83
new_name.####.dpx 200 300 84
new_name.####.dpx 200 300 85
new_name.####.dpx 200 300 86
new_name.####.dpx 200 300 87
new_name.####.dpx 200 300 88
new_name.####.dpx 200 300 89
new_name.####.dpx 200 300 90
new_name.####.dpx 200 300 91
new_name.####.dpx 200 300 92
new_name.####.dpx 200 300 93
new_name.####.dpx 200 300 94
new_name.####.dpx 200 300 95
new_name.####.dpx 200 300 96
new_name.####.dpx 200 300 97
new_name.####.dpx 200 300 98
new_name.####.dpx 200 300 99
new_name.####.dpx 200 300 100
new_name.####.dpx 200 300 0
file.###.txt 100 200 0
new_name.####.dpx 200 300 0
------------------
Missing:
new_name.####.dpx 200 300 0
new_name.####.dpx 200 300 1
new_name.####.dpx 200 300 2
new_name.####.dpx 200 300 3
new_name.####.dpx 200 300 4
new_name.####.dpx 200 300 5
new_name.####.dpx 200 300 6
new_name.####.dpx 200 300 7
new_name.####.dpx 200 300 8
new_name.####.dpx 200 300 9
new_name.####.dpx 200 300 10
new_name.####.dpx 200 300 11
new_name.####.dpx 200 300 12
new_name.####.dpx 200 300 13
new_name.####.dpx 200 300 14
new_name.####.dpx 200 300 15
new_name.####.dpx 200 300 16
new_name.####.dpx 200 300 17
new_name.####.dpx 200 300 18
new_name.####.dpx 200 300 19
new_name.####.dpx 200 300 20
new_name.####.dpx 200 300 21
new_name.####.dpx 200 300 22
new_name.####.dpx 200 300 23
new_name.####.dpx 200 300 24
new_name.####.dpx 200 300 25
new_name.####.dpx 200 300 26
new_name.####.dpx 200 300 27
new_name.####.dpx 200 300 28
new_name.####.dpx 200 300 29
new_name.####.dpx 200 300 30
new_name.####.dpx 200 300 31
new_name.####.dpx 200 300 32
new_name.####.dpx 200 300 33
new_name.####.dpx 200 300 34
new_name.####.dpx 200 300 35
new_name.####.dpx 200 300 36
new_name.####.dpx 200 300 37
new_name.####.dpx 200 300 38
new_name.####.dpx 200 300 39
new_name.####.dpx 200 300 40
new_name.####.dpx 200 300 41
new_name.####.dpx 200 300 42
new_name.####.dpx 200 300 43
new_name.####.dpx 200 300 44
new_name.####.dpx 200 300 45
new_name.####.dpx 200 300 46
new_name.####.dpx 200 300 47
new_name.####.dpx 200 300 48
new_name.####.dpx 200 300 49
new_name.####.dpx 200 300 50
new_name.####.dpx 200 300 51
new_name.####.dpx 200 300 52
new_name.####.dpx 200 300 53
new_name.####.dpx 200 300 54
new_name.####.dpx 200 300 55
new_name.####.dpx 200 300 56
new_name.####.dpx 200 300 57
new_name.####.dpx 200 300 58
new_name.####.dpx 200 300 59
new_name.####.dpx 200 300 60
new_name.####.dpx 200 300 61
new_name.####.dpx 200 300 62
new_name.####.dpx 200 300 63
new_name.####.dpx 200 300 64
new_name.####.dpx 200 300 65
new_name.####.dpx 200 300 66
new_name.####.dpx 200 300 67
new_name.####.dpx 200 300 68
new_name.####.dpx 200 300 69
new_name.####.dpx 200 300 70
new_name.####.dpx 200 300 71
new_name.####.dpx 200 300 72
new_name.####.dpx 200 300 73
new_name.####.dpx 200 300 74
new_name.####.dpx 200 300 75
new_name.####.dpx 200 300 76
new_name.####.dpx 200 300 77
new_name.####.dpx 200 300 78
new_name.####.dpx 200 300 79
new_name.####.dpx 200 300 80
new_name.####.dpx 200 300 81
new_name.####.dpx 200 300 82
new_name.####.dpx 200 300 83
new_name.####.dpx 200 300 84
new_name.####.dpx 200 300 85
new_name.####.dpx 200 300 86
new_name.####.dpx 200 300 87
new_name.####.dpx 200 300 88
new_name.####.dpx 200 300 89
new_name.####.dpx 200 300 90
new_name.####.dpx 200 300 91
new_name.####.dpx 200 300 92
new_name.####.dpx 200 300 93
new_name.####.dpx 200 300 94
new_name.####.dpx 200 300 95
new_name.####.dpx 200 300 96
new_name.####.dpx 200 300 97
new_name.####.dpx 200 300 98
new_name.####.dpx 200 300 99
new_name.####.dpx 200 300 100
file.###.txt 100 200 0
new_name.####.dpx 200 300 0
new_name.####.dpx 200 300 1
new_name.####.dpx 200 300 2
new_name.####.dpx 200 300 3
new_name.####.dpx 200 300 4
new_name.####.dpx 200 300 5
new_name.####.dpx 200 300 6
new_name.####.dpx 200 300 7
new_name.####.dpx 200 300 8
new_name.####.dpx 200 300 9
new_name.####.dpx 200 300 10
new_name.####.dpx 200 300 11
new_name.####.dpx 200 300 12
new_name.####.dpx 200 300 13
new_name.####.dpx 200 300 14
new_name.####.dpx 200 300 15
new_name.####.dpx 200 300 16
new_name.####.dpx 200 300 17
new_name.####.dpx 200 300 18
new_name.####.dpx 200 300 19
new_name.####.dpx 200 300 20
new_name.####.dpx 200 300 21
new_name.####.dpx 200 300 22
new_name.####.dpx 200 300 23
new_name.####.dpx 200 300 24
new_name.####.dpx 200 300 25
new_name.####.dpx 200 300 26
new_name.####.dpx 200 300 27
new_name.####.dpx 200 300 28
new_name.####.dpx 200 300 29
new_name.####.dpx 200 300 30
new_name.####.dpx 200 300 31
new_name.####.dpx 200 300 32
new_name.####.dpx 200 300 33
new_name.####.dpx 200 300 34
new_name.####.dpx 200 300 35
new_name.####.dpx 200 300 36
new_name.####.dpx 200 300 37
new_name.####.dpx 200 300 38
new_name.####.dpx 200 300 39
new_name.####.dpx 200 300 40
new_name.####.dpx 200 300 41
new_name.####.dpx 200 300 42
new_name.####.dpx 200 300 43
new_name.####.dpx 200 300 44
new_name.####.dpx 200 300 45
new_name.####.dpx 200 300 46
new_name.####.dpx 200 300 47
new_name.####.dpx 200 300 48
new_name.####.dpx 200 300 49
new_name.####.dpx 200 300 50
new_name.####.dpx 200 300 51
new_name.####.dpx 200 300 52
new_name.####.dpx 200 300 53
new_name.####.dpx 200 300 54
new_name.####.dpx 200 300 55
new_name.####.dpx 200 300 56
new_name.####.dpx 200 300 57
new_name.####.dpx 200 300 58
new_name.####.dpx 200 300 59
new_name.####.dpx 200 300 60
new_name.####.dpx 200 300 61
new_name.####.dpx 200 300 62
new_name.####.dpx 200 300 63
new_name.####.dpx 200 300 64
new_name.####.dpx 200 300 65
new_name.####.dpx 200 300 66
new_name.####.dpx 200 300 67
new_name.####.dpx 200 300 68
new_name.####.dpx 200 300 69
new_name.####.dpx 200 300 70
new_name.####.dpx 200 300 71
new_name.####.dpx 200 300 72
new_name.####.dpx 200 300 73
new_name.####.dpx 200 300 74
new_name.####.dpx 200 300 75
new_name.####.dpx 200 300 76
new_name.####.dpx 200 300 77
new_name.####.dpx 200 300 78
new_name.####.dpx 200 300 79
new_name.####.dpx 200 300 80
new_name.####.dpx 200 300 81
new_name.####.dpx 200 300 82
new_name.####.dpx 200 300 83
new_name.####.dpx 200 300 84
new_name.####.dpx 200 300 85
new_name.####.dpx 200 300 86
new_name.####.dpx 200 300 87
new_name.####.dpx 200 300 88
new_name.####.dpx 200 300 89
new_name.####.dpx 200 300 90
new_name.####.dpx 200 300 91
new_name.####.dpx 200 300 92
new_name.####.dpx 200 300 93
new_name.####.dpx 200 300 94
new_name.####.dpx 200 300 95
new_name.####.dpx 200 300 96
new_name.####.dpx 200 300 97
new_name.####.dpx 200 300 98
new_name.####.dpx 200 300 99
new_name.####.dpx 200 300 100
</system-out></testcase><testcase classname="zdevelop.tests.test_file_seq.TestSeqDisk" file="zdevelop/tests/test_file_seq.py" line="201" name="test_rename[new_name5-new_name-200-4-dpx-False]" time="0.076"><system-out>Original Dir List
file.###.txt 100 200 0
/tmp/pytest-of-vsts/pytest-0/test_rename_new_name5_new_name0/src/file.100.txt
/tmp/pytest-of-vsts/pytest-0/test_rename_new_name5_new_name0/src/file.101.txt
/tmp/pytest-of-vsts/pytest-0/test_rename_new_name5_new_name0/src/file.102.txt
/tmp/pytest-of-vsts/pytest-0/test_rename_new_name5_new_name0/src/file.103.txt
/tmp/pytest-of-vsts/pytest-0/test_rename_new_name5_new_name0/src/file.104.txt
/tmp/pytest-of-vsts/pytest-0/test_rename_new_name5_new_name0/src/file.105.txt
/tmp/pytest-of-vsts/pytest-0/test_rename_new_name5_new_name0/src/file.106.txt
/tmp/pytest-of-vsts/pytest-0/test_rename_new_name5_new_name0/src/file.107.txt
/tmp/pytest-of-vsts/pytest-0/test_rename_new_name5_new_name0/src/file.108.txt
/tmp/pytest-of-vsts/pytest-0/test_rename_new_name5_new_name0/src/file.109.txt
/tmp/pytest-of-vsts/pytest-0/test_rename_new_name5_new_name0/src/file.110.txt
/tmp/pytest-of-vsts/pytest-0/test_rename_new_name5_new_name0/src/file.111.txt
/tmp/pytest-of-vsts/pytest-0/test_rename_new_name5_new_name0/src/file.112.txt
/tmp/pytest-of-vsts/pytest-0/test_rename_new_name5_new_name0/src/file.113.txt
/tmp/pytest-of-vsts/pytest-0/test_rename_new_name5_new_name0/src/file.114.txt
/tmp/pytest-of-vsts/pytest-0/test_rename_new_name5_new_name0/src/file.115.txt
/tmp/pytest-of-vsts/pytest-0/test_rename_new_name5_new_name0/src/file.116.txt
/tmp/pytest-of-vsts/pytest-0/test_rename_new_name5_new_name0/src/file.117.txt
/tmp/pytest-of-vsts/pytest-0/test_rename_new_name5_new_name0/src/file.118.txt
/tmp/pytest-of-vsts/pytest-0/test_rename_new_name5_new_name0/src/file.119.txt
/tmp/pytest-of-vsts/pytest-0/test_rename_new_name5_new_name0/src/file.120.txt
/tmp/pytest-of-vsts/pytest-0/test_rename_new_name5_new_name0/src/file.121.txt
/tmp/pytest-of-vsts/pytest-0/test_rename_new_name5_new_name0/src/file.122.txt
/tmp/pytest-of-vsts/pytest-0/test_rename_new_name5_new_name0/src/file.123.txt
/tmp/pytest-of-vsts/pytest-0/test_rename_new_name5_new_name0/src/file.124.txt
/tmp/pytest-of-vsts/pytest-0/test_rename_new_name5_new_name0/src/file.125.txt
/tmp/pytest-of-vsts/pytest-0/test_rename_new_name5_new_name0/src/file.126.txt
/tmp/pytest-of-vsts/pytest-0/test_rename_new_name5_new_name0/src/file.127.txt
/tmp/pytest-of-vsts/pytest-0/test_rename_new_name5_new_name0/src/file.128.txt
/tmp/pytest-of-vsts/pytest-0/test_rename_new_name5_new_name0/src/file.129.txt
/tmp/pytest-of-vsts/pytest-0/test_rename_new_name5_new_name0/src/file.130.txt
/tmp/pytest-of-vsts/pytest-0/test_rename_new_name5_new_name0/src/file.131.txt
/tmp/pytest-of-vsts/pytest-0/test_rename_new_name5_new_name0/src/file.132.txt
/tmp/pytest-of-vsts/pytest-0/test_rename_new_name5_new_name0/src/file.133.txt
/tmp/pytest-of-vsts/pytest-0/test_rename_new_name5_new_name0/src/file.134.txt
/tmp/pytest-of-vsts/pytest-0/test_rename_new_name5_new_name0/src/file.135.txt
/tmp/pytest-of-vsts/pytest-0/test_rename_new_name5_new_name0/src/file.136.txt
/tmp/pytest-of-vsts/pytest-0/test_rename_new_name5_new_name0/src/file.137.txt
/tmp/pytest-of-vsts/pytest-0/test_rename_new_name5_new_name0/src/file.138.txt
/tmp/pytest-of-vsts/pytest-0/test_rename_new_name5_new_name0/src/file.139.txt
/tmp/pytest-of-vsts/pytest-0/test_rename_new_name5_new_name0/src/file.140.txt
/tmp/pytest-of-vsts/pytest-0/test_rename_new_name5_new_name0/src/file.141.txt
/tmp/pytest-of-vsts/pytest-0/test_rename_new_name5_new_name0/src/file.142.txt
/tmp/pytest-of-vsts/pytest-0/test_rename_new_name5_new_name0/src/file.143.txt
/tmp/pytest-of-vsts/pytest-0/test_rename_new_name5_new_name0/src/file.144.txt
/tmp/pytest-of-vsts/pytest-0/test_rename_new_name5_new_name0/src/file.145.txt
/tmp/pytest-of-vsts/pytest-0/test_rename_new_name5_new_name0/src/file.146.txt
/tmp/pytest-of-vsts/pytest-0/test_rename_new_name5_new_name0/src/file.147.txt
/tmp/pytest-of-vsts/pytest-0/test_rename_new_name5_new_name0/src/file.148.txt
/tmp/pytest-of-vsts/pytest-0/test_rename_new_name5_new_name0/src/file.149.txt
/tmp/pytest-of-vsts/pytest-0/test_rename_new_name5_new_name0/src/file.150.txt
/tmp/pytest-of-vsts/pytest-0/test_rename_new_name5_new_name0/src/file.151.txt
/tmp/pytest-of-vsts/pytest-0/test_rename_new_name5_new_name0/src/file.152.txt
/tmp/pytest-of-vsts/pytest-0/test_rename_new_name5_new_name0/src/file.153.txt
/tmp/pytest-of-vsts/pytest-0/test_rename_new_name5_new_name0/src/file.154.txt
/tmp/pytest-of-vsts/pytest-0/test_rename_new_name5_new_name0/src/file.155.txt
/tmp/pytest-of-vsts/pytest-0/test_rename_new_name5_new_name0/src/file.156.txt
/tmp/pytest-of-vsts/pytest-0/test_rename_new_name5_new_name0/src/file.157.txt
/tmp/pytest-of-vsts/pytest-0/test_rename_new_name5_new_name0/src/file.158.txt
/tmp/pytest-of-vsts/pytest-0/test_rename_new_name5_new_name0/src/file.159.txt
/tmp/pytest-of-vsts/pytest-0/test_rename_new_name5_new_name0/src/file.160.txt
/tmp/pytest-of-vsts/pytest-0/test_rename_new_name5_new_name0/src/file.161.txt
/tmp/pytest-of-vsts/pytest-0/test_rename_new_name5_new_name0/src/file.162.txt
/tmp/pytest-of-vsts/pytest-0/test_rename_new_name5_new_name0/src/file.163.txt
/tmp/pytest-of-vsts/pytest-0/test_rename_new_name5_new_name0/src/file.164.txt
/tmp/pytest-of-vsts/pytest-0/test_rename_new_name5_new_name0/src/file.165.txt
/tmp/pytest-of-vsts/pytest-0/test_rename_new_name5_new_name0/src/file.166.txt
/tmp/pytest-of-vsts/pytest-0/test_rename_new_name5_new_name0/src/file.167.txt
/tmp/pytest-of-vsts/pytest-0/test_rename_new_name5_new_name0/src/file.168.txt
/tmp/pytest-of-vsts/pytest-0/test_rename_new_name5_new_name0/src/file.169.txt
/tmp/pytest-of-vsts/pytest-0/test_rename_new_name5_new_name0/src/file.170.txt
/tmp/pytest-of-vsts/pytest-0/test_rename_new_name5_new_name0/src/file.171.txt
/tmp/pytest-of-vsts/pytest-0/test_rename_new_name5_new_name0/src/file.172.txt
/tmp/pytest-of-vsts/pytest-0/test_rename_new_name5_new_name0/src/file.173.txt
/tmp/pytest-of-vsts/pytest-0/test_rename_new_name5_new_name0/src/file.174.txt
/tmp/pytest-of-vsts/pytest-0/test_rename_new_name5_new_name0/src/file.175.txt
/tmp/pytest-of-vsts/pytest-0/test_rename_new_name5_new_name0/src/file.176.txt
/tmp/pytest-of-vsts/pytest-0/test_rename_new_name5_new_name0/src/file.177.txt
/tmp/pytest-of-vsts/pytest-0/test_rename_new_name5_new_name0/src/file.178.txt
/tmp/pytest-of-vsts/pytest-0/test_rename_new_name5_new_name0/src/file.179.txt
/tmp/pytest-of-vsts/pytest-0/test_rename_new_name5_new_name0/src/file.180.txt
/tmp/pytest-of-vsts/pytest-0/test_rename_new_name5_new_name0/src/file.181.txt
/tmp/pytest-of-vsts/pytest-0/test_rename_new_name5_new_name0/src/file.182.txt
/tmp/pytest-of-vsts/pytest-0/test_rename_new_name5_new_name0/src/file.183.txt
/tmp/pytest-of-vsts/pytest-0/test_rename_new_name5_new_name0/src/file.184.txt
/tmp/pytest-of-vsts/pytest-0/test_rename_new_name5_new_name0/src/file.185.txt
/tmp/pytest-of-vsts/pytest-0/test_rename_new_name5_new_name0/src/file.186.txt
/tmp/pytest-of-vsts/pytest-0/test_rename_new_name5_new_name0/src/file.187.txt
/tmp/pytest-of-vsts/pytest-0/test_rename_new_name5_new_name0/src/file.188.txt
/tmp/pytest-of-vsts/pytest-0/test_rename_new_name5_new_name0/src/file.189.txt
/tmp/pytest-of-vsts/pytest-0/test_rename_new_name5_new_name0/src/file.190.txt
/tmp/pytest-of-vsts/pytest-0/test_rename_new_name5_new_name0/src/file.191.txt
/tmp/pytest-of-vsts/pytest-0/test_rename_new_name5_new_name0/src/file.192.txt
/tmp/pytest-of-vsts/pytest-0/test_rename_new_name5_new_name0/src/file.193.txt
/tmp/pytest-of-vsts/pytest-0/test_rename_new_name5_new_name0/src/file.194.txt
/tmp/pytest-of-vsts/pytest-0/test_rename_new_name5_new_name0/src/file.195.txt
/tmp/pytest-of-vsts/pytest-0/test_rename_new_name5_new_name0/src/file.196.txt
/tmp/pytest-of-vsts/pytest-0/test_rename_new_name5_new_name0/src/file.197.txt
/tmp/pytest-of-vsts/pytest-0/test_rename_new_name5_new_name0/src/file.198.txt
/tmp/pytest-of-vsts/pytest-0/test_rename_new_name5_new_name0/src/file.199.txt
/tmp/pytest-of-vsts/pytest-0/test_rename_new_name5_new_name0/src/file.200.txt
------------------
file.###.txt 100 200 0
file.###.txt 100 200 1
file.###.txt 100 200 2
file.###.txt 100 200 3
file.###.txt 100 200 4
file.###.txt 100 200 5
file.###.txt 100 200 6
file.###.txt 100 200 7
file.###.txt 100 200 8
file.###.txt 100 200 9
file.###.txt 100 200 10
file.###.txt 100 200 11
file.###.txt 100 200 12
file.###.txt 100 200 13
file.###.txt 100 200 14
file.###.txt 100 200 15
file.###.txt 100 200 16
file.###.txt 100 200 17
file.###.txt 100 200 18
file.###.txt 100 200 19
file.###.txt 100 200 20
file.###.txt 100 200 21
file.###.txt 100 200 22
file.###.txt 100 200 23
file.###.txt 100 200 24
file.###.txt 100 200 25
file.###.txt 100 200 26
file.###.txt 100 200 27
file.###.txt 100 200 28
file.###.txt 100 200 29
file.###.txt 100 200 30
file.###.txt 100 200 31
file.###.txt 100 200 32
file.###.txt 100 200 33
file.###.txt 100 200 34
file.###.txt 100 200 35
file.###.txt 100 200 36
file.###.txt 100 200 37
file.###.txt 100 200 38
file.###.txt 100 200 39
file.###.txt 100 200 40
file.###.txt 100 200 41
file.###.txt 100 200 42
file.###.txt 100 200 43
file.###.txt 100 200 44
file.###.txt 100 200 45
file.###.txt 100 200 46
file.###.txt 100 200 47
file.###.txt 100 200 48
file.###.txt 100 200 49
file.###.txt 100 200 50
file.###.txt 100 200 51
file.###.txt 100 200 52
file.###.txt 100 200 53
file.###.txt 100 200 54
file.###.txt 100 200 55
file.###.txt 100 200 56
file.###.txt 100 200 57
file.###.txt 100 200 58
file.###.txt 100 200 59
file.###.txt 100 200 60
file.###.txt 100 200 61
file.###.txt 100 200 62
file.###.txt 100 200 63
file.###.txt 100 200 64
file.###.txt 100 200 65
file.###.txt 100 200 66
file.###.txt 100 200 67
file.###.txt 100 200 68
file.###.txt 100 200 69
file.###.txt 100 200 70
file.###.txt 100 200 71
file.###.txt 100 200 72
file.###.txt 100 200 73
file.###.txt 100 200 74
file.###.txt 100 200 75
file.###.txt 100 200 76
file.###.txt 100 200 77
file.###.txt 100 200 78
file.###.txt 100 200 79
file.###.txt 100 200 80
file.###.txt 100 200 81
file.###.txt 100 200 82
file.###.txt 100 200 83
file.###.txt 100 200 84
file.###.txt 100 200 85
file.###.txt 100 200 86
file.###.txt 100 200 87
file.###.txt 100 200 88
file.###.txt 100 200 89
file.###.txt 100 200 90
file.###.txt 100 200 91
file.###.txt 100 200 92
file.###.txt 100 200 93
file.###.txt 100 200 94
file.###.txt 100 200 95
file.###.txt 100 200 96
file.###.txt 100 200 97
file.###.txt 100 200 98
file.###.txt 100 200 99
file.###.txt 100 200 100
file.###.txt 100 200 100
file.###.txt 100 200 99
file.###.txt 100 200 98
file.###.txt 100 200 97
file.###.txt 100 200 96
file.###.txt 100 200 95
file.###.txt 100 200 94
file.###.txt 100 200 93
file.###.txt 100 200 92
file.###.txt 100 200 91
file.###.txt 100 200 90
file.###.txt 100 200 89
file.###.txt 100 200 88
file.###.txt 100 200 87
file.###.txt 100 200 86
file.###.txt 100 200 85
file.###.txt 100 200 84
file.###.txt 100 200 83
file.###.txt 100 200 82
file.###.txt 100 200 81
file.###.txt 100 200 80
file.###.txt 100 200 79
file.###.txt 100 200 78
file.###.txt 100 200 77
file.###.txt 100 200 76
file.###.txt 100 200 75
file.###.txt 100 200 74
file.###.txt 100 200 73
file.###.txt 100 200 72
file.###.txt 100 200 71
file.###.txt 100 200 70
file.###.txt 100 200 69
file.###.txt 100 200 68
file.###.txt 100 200 67
file.###.txt 100 200 66
file.###.txt 100 200 65
file.###.txt 100 200 64
file.###.txt 100 200 63
file.###.txt 100 200 62
file.###.txt 100 200 61
file.###.txt 100 200 60
file.###.txt 100 200 59
file.###.txt 100 200 58
file.###.txt 100 200 57
file.###.txt 100 200 56
file.###.txt 100 200 55
file.###.txt 100 200 54
file.###.txt 100 200 53
file.###.txt 100 200 52
file.###.txt 100 200 51
file.###.txt 100 200 50
file.###.txt 100 200 49
file.###.txt 100 200 48
file.###.txt 100 200 47
file.###.txt 100 200 46
file.###.txt 100 200 45
file.###.txt 100 200 44
file.###.txt 100 200 43
file.###.txt 100 200 42
file.###.txt 100 200 41
file.###.txt 100 200 40
file.###.txt 100 200 39
file.###.txt 100 200 38
file.###.txt 100 200 37
file.###.txt 100 200 36
file.###.txt 100 200 35
file.###.txt 100 200 34
file.###.txt 100 200 33
file.###.txt 100 200 32
file.###.txt 100 200 31
file.###.txt 100 200 30
file.###.txt 100 200 29
file.###.txt 100 200 28
file.###.txt 100 200 27
file.###.txt 100 200 26
file.###.txt 100 200 25
file.###.txt 100 200 24
file.###.txt 100 200 23
file.###.txt 100 200 22
file.###.txt 100 200 21
file.###.txt 100 200 20
file.###.txt 100 200 19
file.###.txt 100 200 18
file.###.txt 100 200 17
file.###.txt 100 200 16
file.###.txt 100 200 15
file.###.txt 100 200 14
file.###.txt 100 200 13
file.###.txt 100 200 12
file.###.txt 100 200 11
file.###.txt 100 200 10
file.###.txt 100 200 9
file.###.txt 100 200 8
file.###.txt 100 200 7
file.###.txt 100 200 6
file.###.txt 100 200 5
file.###.txt 100 200 4
file.###.txt 100 200 3
file.###.txt 100 200 2
file.###.txt 100 200 1
file.###.txt 100 200 0
------------------
Post-rename Dir List
file.###.txt 100 200 0
/tmp/pytest-of-vsts/pytest-0/test_rename_new_name5_new_name0/src/new_name.0200.dpx
/tmp/pytest-of-vsts/pytest-0/test_rename_new_name5_new_name0/src/new_name.0201.dpx
/tmp/pytest-of-vsts/pytest-0/test_rename_new_name5_new_name0/src/new_name.0202.dpx
/tmp/pytest-of-vsts/pytest-0/test_rename_new_name5_new_name0/src/new_name.0203.dpx
/tmp/pytest-of-vsts/pytest-0/test_rename_new_name5_new_name0/src/new_name.0204.dpx
/tmp/pytest-of-vsts/pytest-0/test_rename_new_name5_new_name0/src/new_name.0205.dpx
/tmp/pytest-of-vsts/pytest-0/test_rename_new_name5_new_name0/src/new_name.0206.dpx
/tmp/pytest-of-vsts/pytest-0/test_rename_new_name5_new_name0/src/new_name.0207.dpx
/tmp/pytest-of-vsts/pytest-0/test_rename_new_name5_new_name0/src/new_name.0208.dpx
/tmp/pytest-of-vsts/pytest-0/test_rename_new_name5_new_name0/src/new_name.0209.dpx
/tmp/pytest-of-vsts/pytest-0/test_rename_new_name5_new_name0/src/new_name.0210.dpx
/tmp/pytest-of-vsts/pytest-0/test_rename_new_name5_new_name0/src/new_name.0211.dpx
/tmp/pytest-of-vsts/pytest-0/test_rename_new_name5_new_name0/src/new_name.0212.dpx
/tmp/pytest-of-vsts/pytest-0/test_rename_new_name5_new_name0/src/new_name.0213.dpx
/tmp/pytest-of-vsts/pytest-0/test_rename_new_name5_new_name0/src/new_name.0214.dpx
/tmp/pytest-of-vsts/pytest-0/test_rename_new_name5_new_name0/src/new_name.0215.dpx
/tmp/pytest-of-vsts/pytest-0/test_rename_new_name5_new_name0/src/new_name.0216.dpx
/tmp/pytest-of-vsts/pytest-0/test_rename_new_name5_new_name0/src/new_name.0217.dpx
/tmp/pytest-of-vsts/pytest-0/test_rename_new_name5_new_name0/src/new_name.0218.dpx
/tmp/pytest-of-vsts/pytest-0/test_rename_new_name5_new_name0/src/new_name.0219.dpx
/tmp/pytest-of-vsts/pytest-0/test_rename_new_name5_new_name0/src/new_name.0220.dpx
/tmp/pytest-of-vsts/pytest-0/test_rename_new_name5_new_name0/src/new_name.0221.dpx
/tmp/pytest-of-vsts/pytest-0/test_rename_new_name5_new_name0/src/new_name.0222.dpx
/tmp/pytest-of-vsts/pytest-0/test_rename_new_name5_new_name0/src/new_name.0223.dpx
/tmp/pytest-of-vsts/pytest-0/test_rename_new_name5_new_name0/src/new_name.0224.dpx
/tmp/pytest-of-vsts/pytest-0/test_rename_new_name5_new_name0/src/new_name.0225.dpx
/tmp/pytest-of-vsts/pytest-0/test_rename_new_name5_new_name0/src/new_name.0226.dpx
/tmp/pytest-of-vsts/pytest-0/test_rename_new_name5_new_name0/src/new_name.0227.dpx
/tmp/pytest-of-vsts/pytest-0/test_rename_new_name5_new_name0/src/new_name.0228.dpx
/tmp/pytest-of-vsts/pytest-0/test_rename_new_name5_new_name0/src/new_name.0229.dpx
/tmp/pytest-of-vsts/pytest-0/test_rename_new_name5_new_name0/src/new_name.0230.dpx
/tmp/pytest-of-vsts/pytest-0/test_rename_new_name5_new_name0/src/new_name.0231.dpx
/tmp/pytest-of-vsts/pytest-0/test_rename_new_name5_new_name0/src/new_name.0232.dpx
/tmp/pytest-of-vsts/pytest-0/test_rename_new_name5_new_name0/src/new_name.0233.dpx
/tmp/pytest-of-vsts/pytest-0/test_rename_new_name5_new_name0/src/new_name.0234.dpx
/tmp/pytest-of-vsts/pytest-0/test_rename_new_name5_new_name0/src/new_name.0235.dpx
/tmp/pytest-of-vsts/pytest-0/test_rename_new_name5_new_name0/src/new_name.0236.dpx
/tmp/pytest-of-vsts/pytest-0/test_rename_new_name5_new_name0/src/new_name.0237.dpx
/tmp/pytest-of-vsts/pytest-0/test_rename_new_name5_new_name0/src/new_name.0238.dpx
/tmp/pytest-of-vsts/pytest-0/test_rename_new_name5_new_name0/src/new_name.0239.dpx
/tmp/pytest-of-vsts/pytest-0/test_rename_new_name5_new_name0/src/new_name.0240.dpx
/tmp/pytest-of-vsts/pytest-0/test_rename_new_name5_new_name0/src/new_name.0241.dpx
/tmp/pytest-of-vsts/pytest-0/test_rename_new_name5_new_name0/src/new_name.0242.dpx
/tmp/pytest-of-vsts/pytest-0/test_rename_new_name5_new_name0/src/new_name.0243.dpx
/tmp/pytest-of-vsts/pytest-0/test_rename_new_name5_new_name0/src/new_name.0244.dpx
/tmp/pytest-of-vsts/pytest-0/test_rename_new_name5_new_name0/src/new_name.0245.dpx
/tmp/pytest-of-vsts/pytest-0/test_rename_new_name5_new_name0/src/new_name.0246.dpx
/tmp/pytest-of-vsts/pytest-0/test_rename_new_name5_new_name0/src/new_name.0247.dpx
/tmp/pytest-of-vsts/pytest-0/test_rename_new_name5_new_name0/src/new_name.0248.dpx
/tmp/pytest-of-vsts/pytest-0/test_rename_new_name5_new_name0/src/new_name.0249.dpx
/tmp/pytest-of-vsts/pytest-0/test_rename_new_name5_new_name0/src/new_name.0250.dpx
/tmp/pytest-of-vsts/pytest-0/test_rename_new_name5_new_name0/src/new_name.0251.dpx
/tmp/pytest-of-vsts/pytest-0/test_rename_new_name5_new_name0/src/new_name.0252.dpx
/tmp/pytest-of-vsts/pytest-0/test_rename_new_name5_new_name0/src/new_name.0253.dpx
/tmp/pytest-of-vsts/pytest-0/test_rename_new_name5_new_name0/src/new_name.0254.dpx
/tmp/pytest-of-vsts/pytest-0/test_rename_new_name5_new_name0/src/new_name.0255.dpx
/tmp/pytest-of-vsts/pytest-0/test_rename_new_name5_new_name0/src/new_name.0256.dpx
/tmp/pytest-of-vsts/pytest-0/test_rename_new_name5_new_name0/src/new_name.0257.dpx
/tmp/pytest-of-vsts/pytest-0/test_rename_new_name5_new_name0/src/new_name.0258.dpx
/tmp/pytest-of-vsts/pytest-0/test_rename_new_name5_new_name0/src/new_name.0259.dpx
/tmp/pytest-of-vsts/pytest-0/test_rename_new_name5_new_name0/src/new_name.0260.dpx
/tmp/pytest-of-vsts/pytest-0/test_rename_new_name5_new_name0/src/new_name.0261.dpx
/tmp/pytest-of-vsts/pytest-0/test_rename_new_name5_new_name0/src/new_name.0262.dpx
/tmp/pytest-of-vsts/pytest-0/test_rename_new_name5_new_name0/src/new_name.0263.dpx
/tmp/pytest-of-vsts/pytest-0/test_rename_new_name5_new_name0/src/new_name.0264.dpx
/tmp/pytest-of-vsts/pytest-0/test_rename_new_name5_new_name0/src/new_name.0265.dpx
/tmp/pytest-of-vsts/pytest-0/test_rename_new_name5_new_name0/src/new_name.0266.dpx
/tmp/pytest-of-vsts/pytest-0/test_rename_new_name5_new_name0/src/new_name.0267.dpx
/tmp/pytest-of-vsts/pytest-0/test_rename_new_name5_new_name0/src/new_name.0268.dpx
/tmp/pytest-of-vsts/pytest-0/test_rename_new_name5_new_name0/src/new_name.0269.dpx
/tmp/pytest-of-vsts/pytest-0/test_rename_new_name5_new_name0/src/new_name.0270.dpx
/tmp/pytest-of-vsts/pytest-0/test_rename_new_name5_new_name0/src/new_name.0271.dpx
/tmp/pytest-of-vsts/pytest-0/test_rename_new_name5_new_name0/src/new_name.0272.dpx
/tmp/pytest-of-vsts/pytest-0/test_rename_new_name5_new_name0/src/new_name.0273.dpx
/tmp/pytest-of-vsts/pytest-0/test_rename_new_name5_new_name0/src/new_name.0274.dpx
/tmp/pytest-of-vsts/pytest-0/test_rename_new_name5_new_name0/src/new_name.0275.dpx
/tmp/pytest-of-vsts/pytest-0/test_rename_new_name5_new_name0/src/new_name.0276.dpx
/tmp/pytest-of-vsts/pytest-0/test_rename_new_name5_new_name0/src/new_name.0277.dpx
/tmp/pytest-of-vsts/pytest-0/test_rename_new_name5_new_name0/src/new_name.0278.dpx
/tmp/pytest-of-vsts/pytest-0/test_rename_new_name5_new_name0/src/new_name.0279.dpx
/tmp/pytest-of-vsts/pytest-0/test_rename_new_name5_new_name0/src/new_name.0280.dpx
/tmp/pytest-of-vsts/pytest-0/test_rename_new_name5_new_name0/src/new_name.0281.dpx
/tmp/pytest-of-vsts/pytest-0/test_rename_new_name5_new_name0/src/new_name.0282.dpx
/tmp/pytest-of-vsts/pytest-0/test_rename_new_name5_new_name0/src/new_name.0283.dpx
/tmp/pytest-of-vsts/pytest-0/test_rename_new_name5_new_name0/src/new_name.0284.dpx
/tmp/pytest-of-vsts/pytest-0/test_rename_new_name5_new_name0/src/new_name.0285.dpx
/tmp/pytest-of-vsts/pytest-0/test_rename_new_name5_new_name0/src/new_name.0286.dpx
/tmp/pytest-of-vsts/pytest-0/test_rename_new_name5_new_name0/src/new_name.0287.dpx
/tmp/pytest-of-vsts/pytest-0/test_rename_new_name5_new_name0/src/new_name.0288.dpx
/tmp/pytest-of-vsts/pytest-0/test_rename_new_name5_new_name0/src/new_name.0289.dpx
/tmp/pytest-of-vsts/pytest-0/test_rename_new_name5_new_name0/src/new_name.0290.dpx
/tmp/pytest-of-vsts/pytest-0/test_rename_new_name5_new_name0/src/new_name.0291.dpx
/tmp/pytest-of-vsts/pytest-0/test_rename_new_name5_new_name0/src/new_name.0292.dpx
/tmp/pytest-of-vsts/pytest-0/test_rename_new_name5_new_name0/src/new_name.0293.dpx
/tmp/pytest-of-vsts/pytest-0/test_rename_new_name5_new_name0/src/new_name.0294.dpx
/tmp/pytest-of-vsts/pytest-0/test_rename_new_name5_new_name0/src/new_name.0295.dpx
/tmp/pytest-of-vsts/pytest-0/test_rename_new_name5_new_name0/src/new_name.0296.dpx
/tmp/pytest-of-vsts/pytest-0/test_rename_new_name5_new_name0/src/new_name.0297.dpx
/tmp/pytest-of-vsts/pytest-0/test_rename_new_name5_new_name0/src/new_name.0298.dpx
/tmp/pytest-of-vsts/pytest-0/test_rename_new_name5_new_name0/src/new_name.0299.dpx
/tmp/pytest-of-vsts/pytest-0/test_rename_new_name5_new_name0/src/new_name.0300.dpx
new_name.####.dpx 200 300 0
new_name.####.dpx 200 300 1
new_name.####.dpx 200 300 2
new_name.####.dpx 200 300 3
new_name.####.dpx 200 300 4
new_name.####.dpx 200 300 5
new_name.####.dpx 200 300 6
new_name.####.dpx 200 300 7
new_name.####.dpx 200 300 8
new_name.####.dpx 200 300 9
new_name.####.dpx 200 300 10
new_name.####.dpx 200 300 11
new_name.####.dpx 200 300 12
new_name.####.dpx 200 300 13
new_name.####.dpx 200 300 14
new_name.####.dpx 200 300 15
new_name.####.dpx 200 300 16
new_name.####.dpx 200 300 17
new_name.####.dpx 200 300 18
new_name.####.dpx 200 300 19
new_name.####.dpx 200 300 20
new_name.####.dpx 200 300 21
new_name.####.dpx 200 300 22
new_name.####.dpx 200 300 23
new_name.####.dpx 200 300 24
new_name.####.dpx 200 300 25
new_name.####.dpx 200 300 26
new_name.####.dpx 200 300 27
new_name.####.dpx 200 300 28
new_name.####.dpx 200 300 29
new_name.####.dpx 200 300 30
new_name.####.dpx 200 300 31
new_name.####.dpx 200 300 32
new_name.####.dpx 200 300 33
new_name.####.dpx 200 300 34
new_name.####.dpx 200 300 35
new_name.####.dpx 200 300 36
new_name.####.dpx 200 300 37
new_name.####.dpx 200 300 38
new_name.####.dpx 200 300 39
new_name.####.dpx 200 300 40
new_name.####.dpx 200 300 41
new_name.####.dpx 200 300 42
new_name.####.dpx 200 300 43
new_name.####.dpx 200 300 44
new_name.####.dpx 200 300 45
new_name.####.dpx 200 300 46
new_name.####.dpx 200 300 47
new_name.####.dpx 200 300 48
new_name.####.dpx 200 300 49
new_name.####.dpx 200 300 50
new_name.####.dpx 200 300 51
new_name.####.dpx 200 300 52
new_name.####.dpx 200 300 53
new_name.####.dpx 200 300 54
new_name.####.dpx 200 300 55
new_name.####.dpx 200 300 56
new_name.####.dpx 200 300 57
new_name.####.dpx 200 300 58
new_name.####.dpx 200 300 59
new_name.####.dpx 200 300 60
new_name.####.dpx 200 300 61
new_name.####.dpx 200 300 62
new_name.####.dpx 200 300 63
new_name.####.dpx 200 300 64
new_name.####.dpx 200 300 65
new_name.####.dpx 200 300 66
new_name.####.dpx 200 300 67
new_name.####.dpx 200 300 68
new_name.####.dpx 200 300 69
new_name.####.dpx 200 300 70
new_name.####.dpx 200 300 71
new_name.####.dpx 200 300 72
new_name.####.dpx 200 300 73
new_name.####.dpx 200 300 74
new_name.####.dpx 200 300 75
new_name.####.dpx 200 300 76
new_name.####.dpx 200 300 77
new_name.####.dpx 200 300 78
new_name.####.dpx 200 300 79
new_name.####.dpx 200 300 80
new_name.####.dpx 200 300 81
new_name.####.dpx 200 300 82
new_name.####.dpx 200 300 83
new_name.####.dpx 200 300 84
new_name.####.dpx 200 300 85
new_name.####.dpx 200 300 86
new_name.####.dpx 200 300 87
new_name.####.dpx 200 300 88
new_name.####.dpx 200 300 89
new_name.####.dpx 200 300 90
new_name.####.dpx 200 300 91
new_name.####.dpx 200 300 92
new_name.####.dpx 200 300 93
new_name.####.dpx 200 300 94
new_name.####.dpx 200 300 95
new_name.####.dpx 200 300 96
new_name.####.dpx 200 300 97
new_name.####.dpx 200 300 98
new_name.####.dpx 200 300 99
new_name.####.dpx 200 300 100
new_name.####.dpx 200 300 0
file.###.txt 100 200 0
new_name.####.dpx 200 300 0
------------------
Missing:
new_name.####.dpx 200 300 0
new_name.####.dpx 200 300 1
new_name.####.dpx 200 300 2
new_name.####.dpx 200 300 3
new_name.####.dpx 200 300 4
new_name.####.dpx 200 300 5
new_name.####.dpx 200 300 6
new_name.####.dpx 200 300 7
new_name.####.dpx 200 300 8
new_name.####.dpx 200 300 9
new_name.####.dpx 200 300 10
new_name.####.dpx 200 300 11
new_name.####.dpx 200 300 12
new_name.####.dpx 200 300 13
new_name.####.dpx 200 300 14
new_name.####.dpx 200 300 15
new_name.####.dpx 200 300 16
new_name.####.dpx 200 300 17
new_name.####.dpx 200 300 18
new_name.####.dpx 200 300 19
new_name.####.dpx 200 300 20
new_name.####.dpx 200 300 21
new_name.####.dpx 200 300 22
new_name.####.dpx 200 300 23
new_name.####.dpx 200 300 24
new_name.####.dpx 200 300 25
new_name.####.dpx 200 300 26
new_name.####.dpx 200 300 27
new_name.####.dpx 200 300 28
new_name.####.dpx 200 300 29
new_name.####.dpx 200 300 30
new_name.####.dpx 200 300 31
new_name.####.dpx 200 300 32
new_name.####.dpx 200 300 33
new_name.####.dpx 200 300 34
new_name.####.dpx 200 300 35
new_name.####.dpx 200 300 36
new_name.####.dpx 200 300 37
new_name.####.dpx 200 300 38
new_name.####.dpx 200 300 39
new_name.####.dpx 200 300 40
new_name.####.dpx 200 300 41
new_name.####.dpx 200 300 42
new_name.####.dpx 200 300 43
new_name.####.dpx 200 300 44
new_name.####.dpx 200 300 45
new_name.####.dpx 200 300 46
new_name.####.dpx 200 300 47
new_name.####.dpx 200 300 48
new_name.####.dpx 200 300 49
new_name.####.dpx 200 300 50
new_name.####.dpx 200 300 51
new_name.####.dpx 200 300 52
new_name.####.dpx 200 300 53
new_name.####.dpx 200 300 54
new_name.####.dpx 200 300 55
new_name.####.dpx 200 300 56
new_name.####.dpx 200 300 57
new_name.####.dpx 200 300 58
new_name.####.dpx 200 300 59
new_name.####.dpx 200 300 60
new_name.####.dpx 200 300 61
new_name.####.dpx 200 300 62
new_name.####.dpx 200 300 63
new_name.####.dpx 200 300 64
new_name.####.dpx 200 300 65
new_name.####.dpx 200 300 66
new_name.####.dpx 200 300 67
new_name.####.dpx 200 300 68
new_name.####.dpx 200 300 69
new_name.####.dpx 200 300 70
new_name.####.dpx 200 300 71
new_name.####.dpx 200 300 72
new_name.####.dpx 200 300 73
new_name.####.dpx 200 300 74
new_name.####.dpx 200 300 75
new_name.####.dpx 200 300 76
new_name.####.dpx 200 300 77
new_name.####.dpx 200 300 78
new_name.####.dpx 200 300 79
new_name.####.dpx 200 300 80
new_name.####.dpx 200 300 81
new_name.####.dpx 200 300 82
new_name.####.dpx 200 300 83
new_name.####.dpx 200 300 84
new_name.####.dpx 200 300 85
new_name.####.dpx 200 300 86
new_name.####.dpx 200 300 87
new_name.####.dpx 200 300 88
new_name.####.dpx 200 300 89
new_name.####.dpx 200 300 90
new_name.####.dpx 200 300 91
new_name.####.dpx 200 300 92
new_name.####.dpx 200 300 93
new_name.####.dpx 200 300 94
new_name.####.dpx 200 300 95
new_name.####.dpx 200 300 96
new_name.####.dpx 200 300 97
new_name.####.dpx 200 300 98
new_name.####.dpx 200 300 99
new_name.####.dpx 200 300 100
file.###.txt 100 200 0
new_name.####.dpx 200 300 0
new_name.####.dpx 200 300 1
new_name.####.dpx 200 300 2
new_name.####.dpx 200 300 3
new_name.####.dpx 200 300 4
new_name.####.dpx 200 300 5
new_name.####.dpx 200 300 6
new_name.####.dpx 200 300 7
new_name.####.dpx 200 300 8
new_name.####.dpx 200 300 9
new_name.####.dpx 200 300 10
new_name.####.dpx 200 300 11
new_name.####.dpx 200 300 12
new_name.####.dpx 200 300 13
new_name.####.dpx 200 300 14
new_name.####.dpx 200 300 15
new_name.####.dpx 200 300 16
new_name.####.dpx 200 300 17
new_name.####.dpx 200 300 18
new_name.####.dpx 200 300 19
new_name.####.dpx 200 300 20
new_name.####.dpx 200 300 21
new_name.####.dpx 200 300 22
new_name.####.dpx 200 300 23
new_name.####.dpx 200 300 24
new_name.####.dpx 200 300 25
new_name.####.dpx 200 300 26
new_name.####.dpx 200 300 27
new_name.####.dpx 200 300 28
new_name.####.dpx 200 300 29
new_name.####.dpx 200 300 30
new_name.####.dpx 200 300 31
new_name.####.dpx 200 300 32
new_name.####.dpx 200 300 33
new_name.####.dpx 200 300 34
new_name.####.dpx 200 300 35
new_name.####.dpx 200 300 36
new_name.####.dpx 200 300 37
new_name.####.dpx 200 300 38
new_name.####.dpx 200 300 39
new_name.####.dpx 200 300 40
new_name.####.dpx 200 300 41
new_name.####.dpx 200 300 42
new_name.####.dpx 200 300 43
new_name.####.dpx 200 300 44
new_name.####.dpx 200 300 45
new_name.####.dpx 200 300 46
new_name.####.dpx 200 300 47
new_name.####.dpx 200 300 48
new_name.####.dpx 200 300 49
new_name.####.dpx 200 300 50
new_name.####.dpx 200 300 51
new_name.####.dpx 200 300 52
new_name.####.dpx 200 300 53
new_name.####.dpx 200 300 54
new_name.####.dpx 200 300 55
new_name.####.dpx 200 300 56
new_name.####.dpx 200 300 57
new_name.####.dpx 200 300 58
new_name.####.dpx 200 300 59
new_name.####.dpx 200 300 60
new_name.####.dpx 200 300 61
new_name.####.dpx 200 300 62
new_name.####.dpx 200 300 63
new_name.####.dpx 200 300 64
new_name.####.dpx 200 300 65
new_name.####.dpx 200 300 66
new_name.####.dpx 200 300 67
new_name.####.dpx 200 300 68
new_name.####.dpx 200 300 69
new_name.####.dpx 200 300 70
new_name.####.dpx 200 300 71
new_name.####.dpx 200 300 72
new_name.####.dpx 200 300 73
new_name.####.dpx 200 300 74
new_name.####.dpx 200 300 75
new_name.####.dpx 200 300 76
new_name.####.dpx 200 300 77
new_name.####.dpx 200 300 78
new_name.####.dpx 200 300 79
new_name.####.dpx 200 300 80
new_name.####.dpx 200 300 81
new_name.####.dpx 200 300 82
new_name.####.dpx 200 300 83
new_name.####.dpx 200 300 84
new_name.####.dpx 200 300 85
new_name.####.dpx 200 300 86
new_name.####.dpx 200 300 87
new_name.####.dpx 200 300 88
new_name.####.dpx 200 300 89
new_name.####.dpx 200 300 90
new_name.####.dpx 200 300 91
new_name.####.dpx 200 300 92
new_name.####.dpx 200 300 93
new_name.####.dpx 200 300 94
new_name.####.dpx 200 300 95
new_name.####.dpx 200 300 96
new_name.####.dpx 200 300 97
new_name.####.dpx 200 300 98
new_name.####.dpx 200 300 99
new_name.####.dpx 200 300 100
</system-out></testcase><testcase classname="zdevelop.tests.test_file_seq.TestSeqDisk" file="zdevelop/tests/test_file_seq.py" line="201" name="test_rename[new_name6-new_name-100-3-dpx-False]" time="0.074"><system-out>Original Dir List
file.###.txt 100 200 0
/tmp/pytest-of-vsts/pytest-0/test_rename_new_name6_new_name0/src/file.100.txt
/tmp/pytest-of-vsts/pytest-0/test_rename_new_name6_new_name0/src/file.101.txt
/tmp/pytest-of-vsts/pytest-0/test_rename_new_name6_new_name0/src/file.102.txt
/tmp/pytest-of-vsts/pytest-0/test_rename_new_name6_new_name0/src/file.103.txt
/tmp/pytest-of-vsts/pytest-0/test_rename_new_name6_new_name0/src/file.104.txt
/tmp/pytest-of-vsts/pytest-0/test_rename_new_name6_new_name0/src/file.105.txt
/tmp/pytest-of-vsts/pytest-0/test_rename_new_name6_new_name0/src/file.106.txt
/tmp/pytest-of-vsts/pytest-0/test_rename_new_name6_new_name0/src/file.107.txt
/tmp/pytest-of-vsts/pytest-0/test_rename_new_name6_new_name0/src/file.108.txt
/tmp/pytest-of-vsts/pytest-0/test_rename_new_name6_new_name0/src/file.109.txt
/tmp/pytest-of-vsts/pytest-0/test_rename_new_name6_new_name0/src/file.110.txt
/tmp/pytest-of-vsts/pytest-0/test_rename_new_name6_new_name0/src/file.111.txt
/tmp/pytest-of-vsts/pytest-0/test_rename_new_name6_new_name0/src/file.112.txt
/tmp/pytest-of-vsts/pytest-0/test_rename_new_name6_new_name0/src/file.113.txt
/tmp/pytest-of-vsts/pytest-0/test_rename_new_name6_new_name0/src/file.114.txt
/tmp/pytest-of-vsts/pytest-0/test_rename_new_name6_new_name0/src/file.115.txt
/tmp/pytest-of-vsts/pytest-0/test_rename_new_name6_new_name0/src/file.116.txt
/tmp/pytest-of-vsts/pytest-0/test_rename_new_name6_new_name0/src/file.117.txt
/tmp/pytest-of-vsts/pytest-0/test_rename_new_name6_new_name0/src/file.118.txt
/tmp/pytest-of-vsts/pytest-0/test_rename_new_name6_new_name0/src/file.119.txt
/tmp/pytest-of-vsts/pytest-0/test_rename_new_name6_new_name0/src/file.120.txt
/tmp/pytest-of-vsts/pytest-0/test_rename_new_name6_new_name0/src/file.121.txt
/tmp/pytest-of-vsts/pytest-0/test_rename_new_name6_new_name0/src/file.122.txt
/tmp/pytest-of-vsts/pytest-0/test_rename_new_name6_new_name0/src/file.123.txt
/tmp/pytest-of-vsts/pytest-0/test_rename_new_name6_new_name0/src/file.124.txt
/tmp/pytest-of-vsts/pytest-0/test_rename_new_name6_new_name0/src/file.125.txt
/tmp/pytest-of-vsts/pytest-0/test_rename_new_name6_new_name0/src/file.126.txt
/tmp/pytest-of-vsts/pytest-0/test_rename_new_name6_new_name0/src/file.127.txt
/tmp/pytest-of-vsts/pytest-0/test_rename_new_name6_new_name0/src/file.128.txt
/tmp/pytest-of-vsts/pytest-0/test_rename_new_name6_new_name0/src/file.129.txt
/tmp/pytest-of-vsts/pytest-0/test_rename_new_name6_new_name0/src/file.130.txt
/tmp/pytest-of-vsts/pytest-0/test_rename_new_name6_new_name0/src/file.131.txt
/tmp/pytest-of-vsts/pytest-0/test_rename_new_name6_new_name0/src/file.132.txt
/tmp/pytest-of-vsts/pytest-0/test_rename_new_name6_new_name0/src/file.133.txt
/tmp/pytest-of-vsts/pytest-0/test_rename_new_name6_new_name0/src/file.134.txt
/tmp/pytest-of-vsts/pytest-0/test_rename_new_name6_new_name0/src/file.135.txt
/tmp/pytest-of-vsts/pytest-0/test_rename_new_name6_new_name0/src/file.136.txt
/tmp/pytest-of-vsts/pytest-0/test_rename_new_name6_new_name0/src/file.137.txt
/tmp/pytest-of-vsts/pytest-0/test_rename_new_name6_new_name0/src/file.138.txt
/tmp/pytest-of-vsts/pytest-0/test_rename_new_name6_new_name0/src/file.139.txt
/tmp/pytest-of-vsts/pytest-0/test_rename_new_name6_new_name0/src/file.140.txt
/tmp/pytest-of-vsts/pytest-0/test_rename_new_name6_new_name0/src/file.141.txt
/tmp/pytest-of-vsts/pytest-0/test_rename_new_name6_new_name0/src/file.142.txt
/tmp/pytest-of-vsts/pytest-0/test_rename_new_name6_new_name0/src/file.143.txt
/tmp/pytest-of-vsts/pytest-0/test_rename_new_name6_new_name0/src/file.144.txt
/tmp/pytest-of-vsts/pytest-0/test_rename_new_name6_new_name0/src/file.145.txt
/tmp/pytest-of-vsts/pytest-0/test_rename_new_name6_new_name0/src/file.146.txt
/tmp/pytest-of-vsts/pytest-0/test_rename_new_name6_new_name0/src/file.147.txt
/tmp/pytest-of-vsts/pytest-0/test_rename_new_name6_new_name0/src/file.148.txt
/tmp/pytest-of-vsts/pytest-0/test_rename_new_name6_new_name0/src/file.149.txt
/tmp/pytest-of-vsts/pytest-0/test_rename_new_name6_new_name0/src/file.150.txt
/tmp/pytest-of-vsts/pytest-0/test_rename_new_name6_new_name0/src/file.151.txt
/tmp/pytest-of-vsts/pytest-0/test_rename_new_name6_new_name0/src/file.152.txt
/tmp/pytest-of-vsts/pytest-0/test_rename_new_name6_new_name0/src/file.153.txt
/tmp/pytest-of-vsts/pytest-0/test_rename_new_name6_new_name0/src/file.154.txt
/tmp/pytest-of-vsts/pytest-0/test_rename_new_name6_new_name0/src/file.155.txt
/tmp/pytest-of-vsts/pytest-0/test_rename_new_name6_new_name0/src/file.156.txt
/tmp/pytest-of-vsts/pytest-0/test_rename_new_name6_new_name0/src/file.157.txt
/tmp/pytest-of-vsts/pytest-0/test_rename_new_name6_new_name0/src/file.158.txt
/tmp/pytest-of-vsts/pytest-0/test_rename_new_name6_new_name0/src/file.159.txt
/tmp/pytest-of-vsts/pytest-0/test_rename_new_name6_new_name0/src/file.160.txt
/tmp/pytest-of-vsts/pytest-0/test_rename_new_name6_new_name0/src/file.161.txt
/tmp/pytest-of-vsts/pytest-0/test_rename_new_name6_new_name0/src/file.162.txt
/tmp/pytest-of-vsts/pytest-0/test_rename_new_name6_new_name0/src/file.163.txt
/tmp/pytest-of-vsts/pytest-0/test_rename_new_name6_new_name0/src/file.164.txt
/tmp/pytest-of-vsts/pytest-0/test_rename_new_name6_new_name0/src/file.165.txt
/tmp/pytest-of-vsts/pytest-0/test_rename_new_name6_new_name0/src/file.166.txt
/tmp/pytest-of-vsts/pytest-0/test_rename_new_name6_new_name0/src/file.167.txt
/tmp/pytest-of-vsts/pytest-0/test_rename_new_name6_new_name0/src/file.168.txt
/tmp/pytest-of-vsts/pytest-0/test_rename_new_name6_new_name0/src/file.169.txt
/tmp/pytest-of-vsts/pytest-0/test_rename_new_name6_new_name0/src/file.170.txt
/tmp/pytest-of-vsts/pytest-0/test_rename_new_name6_new_name0/src/file.171.txt
/tmp/pytest-of-vsts/pytest-0/test_rename_new_name6_new_name0/src/file.172.txt
/tmp/pytest-of-vsts/pytest-0/test_rename_new_name6_new_name0/src/file.173.txt
/tmp/pytest-of-vsts/pytest-0/test_rename_new_name6_new_name0/src/file.174.txt
/tmp/pytest-of-vsts/pytest-0/test_rename_new_name6_new_name0/src/file.175.txt
/tmp/pytest-of-vsts/pytest-0/test_rename_new_name6_new_name0/src/file.176.txt
/tmp/pytest-of-vsts/pytest-0/test_rename_new_name6_new_name0/src/file.177.txt
/tmp/pytest-of-vsts/pytest-0/test_rename_new_name6_new_name0/src/file.178.txt
/tmp/pytest-of-vsts/pytest-0/test_rename_new_name6_new_name0/src/file.179.txt
/tmp/pytest-of-vsts/pytest-0/test_rename_new_name6_new_name0/src/file.180.txt
/tmp/pytest-of-vsts/pytest-0/test_rename_new_name6_new_name0/src/file.181.txt
/tmp/pytest-of-vsts/pytest-0/test_rename_new_name6_new_name0/src/file.182.txt
/tmp/pytest-of-vsts/pytest-0/test_rename_new_name6_new_name0/src/file.183.txt
/tmp/pytest-of-vsts/pytest-0/test_rename_new_name6_new_name0/src/file.184.txt
/tmp/pytest-of-vsts/pytest-0/test_rename_new_name6_new_name0/src/file.185.txt
/tmp/pytest-of-vsts/pytest-0/test_rename_new_name6_new_name0/src/file.186.txt
/tmp/pytest-of-vsts/pytest-0/test_rename_new_name6_new_name0/src/file.187.txt
/tmp/pytest-of-vsts/pytest-0/test_rename_new_name6_new_name0/src/file.188.txt
/tmp/pytest-of-vsts/pytest-0/test_rename_new_name6_new_name0/src/file.189.txt
/tmp/pytest-of-vsts/pytest-0/test_rename_new_name6_new_name0/src/file.190.txt
/tmp/pytest-of-vsts/pytest-0/test_rename_new_name6_new_name0/src/file.191.txt
/tmp/pytest-of-vsts/pytest-0/test_rename_new_name6_new_name0/src/file.192.txt
/tmp/pytest-of-vsts/pytest-0/test_rename_new_name6_new_name0/src/file.193.txt
/tmp/pytest-of-vsts/pytest-0/test_rename_new_name6_new_name0/src/file.194.txt
/tmp/pytest-of-vsts/pytest-0/test_rename_new_name6_new_name0/src/file.195.txt
/tmp/pytest-of-vsts/pytest-0/test_rename_new_name6_new_name0/src/file.196.txt
/tmp/pytest-of-vsts/pytest-0/test_rename_new_name6_new_name0/src/file.197.txt
/tmp/pytest-of-vsts/pytest-0/test_rename_new_name6_new_name0/src/file.198.txt
/tmp/pytest-of-vsts/pytest-0/test_rename_new_name6_new_name0/src/file.199.txt
/tmp/pytest-of-vsts/pytest-0/test_rename_new_name6_new_name0/src/file.200.txt
------------------
file.###.txt 100 200 0
file.###.txt 100 200 1
file.###.txt 100 200 2
file.###.txt 100 200 3
file.###.txt 100 200 4
file.###.txt 100 200 5
file.###.txt 100 200 6
file.###.txt 100 200 7
file.###.txt 100 200 8
file.###.txt 100 200 9
file.###.txt 100 200 10
file.###.txt 100 200 11
file.###.txt 100 200 12
file.###.txt 100 200 13
file.###.txt 100 200 14
file.###.txt 100 200 15
file.###.txt 100 200 16
file.###.txt 100 200 17
file.###.txt 100 200 18
file.###.txt 100 200 19
file.###.txt 100 200 20
file.###.txt 100 200 21
file.###.txt 100 200 22
file.###.txt 100 200 23
file.###.txt 100 200 24
file.###.txt 100 200 25
file.###.txt 100 200 26
file.###.txt 100 200 27
file.###.txt 100 200 28
file.###.txt 100 200 29
file.###.txt 100 200 30
file.###.txt 100 200 31
file.###.txt 100 200 32
file.###.txt 100 200 33
file.###.txt 100 200 34
file.###.txt 100 200 35
file.###.txt 100 200 36
file.###.txt 100 200 37
file.###.txt 100 200 38
file.###.txt 100 200 39
file.###.txt 100 200 40
file.###.txt 100 200 41
file.###.txt 100 200 42
file.###.txt 100 200 43
file.###.txt 100 200 44
file.###.txt 100 200 45
file.###.txt 100 200 46
file.###.txt 100 200 47
file.###.txt 100 200 48
file.###.txt 100 200 49
file.###.txt 100 200 50
file.###.txt 100 200 51
file.###.txt 100 200 52
file.###.txt 100 200 53
file.###.txt 100 200 54
file.###.txt 100 200 55
file.###.txt 100 200 56
file.###.txt 100 200 57
file.###.txt 100 200 58
file.###.txt 100 200 59
file.###.txt 100 200 60
file.###.txt 100 200 61
file.###.txt 100 200 62
file.###.txt 100 200 63
file.###.txt 100 200 64
file.###.txt 100 200 65
file.###.txt 100 200 66
file.###.txt 100 200 67
file.###.txt 100 200 68
file.###.txt 100 200 69
file.###.txt 100 200 70
file.###.txt 100 200 71
file.###.txt 100 200 72
file.###.txt 100 200 73
file.###.txt 100 200 74
file.###.txt 100 200 75
file.###.txt 100 200 76
file.###.txt 100 200 77
file.###.txt 100 200 78
file.###.txt 100 200 79
file.###.txt 100 200 80
file.###.txt 100 200 81
file.###.txt 100 200 82
file.###.txt 100 200 83
file.###.txt 100 200 84
file.###.txt 100 200 85
file.###.txt 100 200 86
file.###.txt 100 200 87
file.###.txt 100 200 88
file.###.txt 100 200 89
file.###.txt 100 200 90
file.###.txt 100 200 91
file.###.txt 100 200 92
file.###.txt 100 200 93
file.###.txt 100 200 94
file.###.txt 100 200 95
file.###.txt 100 200 96
file.###.txt 100 200 97
file.###.txt 100 200 98
file.###.txt 100 200 99
file.###.txt 100 200 100
file.###.txt 100 200 100
file.###.txt 100 200 99
file.###.txt 100 200 98
file.###.txt 100 200 97
file.###.txt 100 200 96
file.###.txt 100 200 95
file.###.txt 100 200 94
file.###.txt 100 200 93
file.###.txt 100 200 92
file.###.txt 100 200 91
file.###.txt 100 200 90
file.###.txt 100 200 89
file.###.txt 100 200 88
file.###.txt 100 200 87
file.###.txt 100 200 86
file.###.txt 100 200 85
file.###.txt 100 200 84
file.###.txt 100 200 83
file.###.txt 100 200 82
file.###.txt 100 200 81
file.###.txt 100 200 80
file.###.txt 100 200 79
file.###.txt 100 200 78
file.###.txt 100 200 77
file.###.txt 100 200 76
file.###.txt 100 200 75
file.###.txt 100 200 74
file.###.txt 100 200 73
file.###.txt 100 200 72
file.###.txt 100 200 71
file.###.txt 100 200 70
file.###.txt 100 200 69
file.###.txt 100 200 68
file.###.txt 100 200 67
file.###.txt 100 200 66
file.###.txt 100 200 65
file.###.txt 100 200 64
file.###.txt 100 200 63
file.###.txt 100 200 62
file.###.txt 100 200 61
file.###.txt 100 200 60
file.###.txt 100 200 59
file.###.txt 100 200 58
file.###.txt 100 200 57
file.###.txt 100 200 56
file.###.txt 100 200 55
file.###.txt 100 200 54
file.###.txt 100 200 53
file.###.txt 100 200 52
file.###.txt 100 200 51
file.###.txt 100 200 50
file.###.txt 100 200 49
file.###.txt 100 200 48
file.###.txt 100 200 47
file.###.txt 100 200 46
file.###.txt 100 200 45
file.###.txt 100 200 44
file.###.txt 100 200 43
file.###.txt 100 200 42
file.###.txt 100 200 41
file.###.txt 100 200 40
file.###.txt 100 200 39
file.###.txt 100 200 38
file.###.txt 100 200 37
file.###.txt 100 200 36
file.###.txt 100 200 35
file.###.txt 100 200 34
file.###.txt 100 200 33
file.###.txt 100 200 32
file.###.txt 100 200 31
file.###.txt 100 200 30
file.###.txt 100 200 29
file.###.txt 100 200 28
file.###.txt 100 200 27
file.###.txt 100 200 26
file.###.txt 100 200 25
file.###.txt 100 200 24
file.###.txt 100 200 23
file.###.txt 100 200 22
file.###.txt 100 200 21
file.###.txt 100 200 20
file.###.txt 100 200 19
file.###.txt 100 200 18
file.###.txt 100 200 17
file.###.txt 100 200 16
file.###.txt 100 200 15
file.###.txt 100 200 14
file.###.txt 100 200 13
file.###.txt 100 200 12
file.###.txt 100 200 11
file.###.txt 100 200 10
file.###.txt 100 200 9
file.###.txt 100 200 8
file.###.txt 100 200 7
file.###.txt 100 200 6
file.###.txt 100 200 5
file.###.txt 100 200 4
file.###.txt 100 200 3
file.###.txt 100 200 2
file.###.txt 100 200 1
file.###.txt 100 200 0
------------------
Post-rename Dir List
file.###.txt 100 200 0
/tmp/pytest-of-vsts/pytest-0/test_rename_new_name6_new_name0/src/new_name.100.dpx
/tmp/pytest-of-vsts/pytest-0/test_rename_new_name6_new_name0/src/new_name.101.dpx
/tmp/pytest-of-vsts/pytest-0/test_rename_new_name6_new_name0/src/new_name.102.dpx
/tmp/pytest-of-vsts/pytest-0/test_rename_new_name6_new_name0/src/new_name.103.dpx
/tmp/pytest-of-vsts/pytest-0/test_rename_new_name6_new_name0/src/new_name.104.dpx
/tmp/pytest-of-vsts/pytest-0/test_rename_new_name6_new_name0/src/new_name.105.dpx
/tmp/pytest-of-vsts/pytest-0/test_rename_new_name6_new_name0/src/new_name.106.dpx
/tmp/pytest-of-vsts/pytest-0/test_rename_new_name6_new_name0/src/new_name.107.dpx
/tmp/pytest-of-vsts/pytest-0/test_rename_new_name6_new_name0/src/new_name.108.dpx
/tmp/pytest-of-vsts/pytest-0/test_rename_new_name6_new_name0/src/new_name.109.dpx
/tmp/pytest-of-vsts/pytest-0/test_rename_new_name6_new_name0/src/new_name.110.dpx
/tmp/pytest-of-vsts/pytest-0/test_rename_new_name6_new_name0/src/new_name.111.dpx
/tmp/pytest-of-vsts/pytest-0/test_rename_new_name6_new_name0/src/new_name.112.dpx
/tmp/pytest-of-vsts/pytest-0/test_rename_new_name6_new_name0/src/new_name.113.dpx
/tmp/pytest-of-vsts/pytest-0/test_rename_new_name6_new_name0/src/new_name.114.dpx
/tmp/pytest-of-vsts/pytest-0/test_rename_new_name6_new_name0/src/new_name.115.dpx
/tmp/pytest-of-vsts/pytest-0/test_rename_new_name6_new_name0/src/new_name.116.dpx
/tmp/pytest-of-vsts/pytest-0/test_rename_new_name6_new_name0/src/new_name.117.dpx
/tmp/pytest-of-vsts/pytest-0/test_rename_new_name6_new_name0/src/new_name.118.dpx
/tmp/pytest-of-vsts/pytest-0/test_rename_new_name6_new_name0/src/new_name.119.dpx
/tmp/pytest-of-vsts/pytest-0/test_rename_new_name6_new_name0/src/new_name.120.dpx
/tmp/pytest-of-vsts/pytest-0/test_rename_new_name6_new_name0/src/new_name.121.dpx
/tmp/pytest-of-vsts/pytest-0/test_rename_new_name6_new_name0/src/new_name.122.dpx
/tmp/pytest-of-vsts/pytest-0/test_rename_new_name6_new_name0/src/new_name.123.dpx
/tmp/pytest-of-vsts/pytest-0/test_rename_new_name6_new_name0/src/new_name.124.dpx
/tmp/pytest-of-vsts/pytest-0/test_rename_new_name6_new_name0/src/new_name.125.dpx
/tmp/pytest-of-vsts/pytest-0/test_rename_new_name6_new_name0/src/new_name.126.dpx
/tmp/pytest-of-vsts/pytest-0/test_rename_new_name6_new_name0/src/new_name.127.dpx
/tmp/pytest-of-vsts/pytest-0/test_rename_new_name6_new_name0/src/new_name.128.dpx
/tmp/pytest-of-vsts/pytest-0/test_rename_new_name6_new_name0/src/new_name.129.dpx
/tmp/pytest-of-vsts/pytest-0/test_rename_new_name6_new_name0/src/new_name.130.dpx
/tmp/pytest-of-vsts/pytest-0/test_rename_new_name6_new_name0/src/new_name.131.dpx
/tmp/pytest-of-vsts/pytest-0/test_rename_new_name6_new_name0/src/new_name.132.dpx
/tmp/pytest-of-vsts/pytest-0/test_rename_new_name6_new_name0/src/new_name.133.dpx
/tmp/pytest-of-vsts/pytest-0/test_rename_new_name6_new_name0/src/new_name.134.dpx
/tmp/pytest-of-vsts/pytest-0/test_rename_new_name6_new_name0/src/new_name.135.dpx
/tmp/pytest-of-vsts/pytest-0/test_rename_new_name6_new_name0/src/new_name.136.dpx
/tmp/pytest-of-vsts/pytest-0/test_rename_new_name6_new_name0/src/new_name.137.dpx
/tmp/pytest-of-vsts/pytest-0/test_rename_new_name6_new_name0/src/new_name.138.dpx
/tmp/pytest-of-vsts/pytest-0/test_rename_new_name6_new_name0/src/new_name.139.dpx
/tmp/pytest-of-vsts/pytest-0/test_rename_new_name6_new_name0/src/new_name.140.dpx
/tmp/pytest-of-vsts/pytest-0/test_rename_new_name6_new_name0/src/new_name.141.dpx
/tmp/pytest-of-vsts/pytest-0/test_rename_new_name6_new_name0/src/new_name.142.dpx
/tmp/pytest-of-vsts/pytest-0/test_rename_new_name6_new_name0/src/new_name.143.dpx
/tmp/pytest-of-vsts/pytest-0/test_rename_new_name6_new_name0/src/new_name.144.dpx
/tmp/pytest-of-vsts/pytest-0/test_rename_new_name6_new_name0/src/new_name.145.dpx
/tmp/pytest-of-vsts/pytest-0/test_rename_new_name6_new_name0/src/new_name.146.dpx
/tmp/pytest-of-vsts/pytest-0/test_rename_new_name6_new_name0/src/new_name.147.dpx
/tmp/pytest-of-vsts/pytest-0/test_rename_new_name6_new_name0/src/new_name.148.dpx
/tmp/pytest-of-vsts/pytest-0/test_rename_new_name6_new_name0/src/new_name.149.dpx
/tmp/pytest-of-vsts/pytest-0/test_rename_new_name6_new_name0/src/new_name.150.dpx
/tmp/pytest-of-vsts/pytest-0/test_rename_new_name6_new_name0/src/new_name.151.dpx
/tmp/pytest-of-vsts/pytest-0/test_rename_new_name6_new_name0/src/new_name.152.dpx
/tmp/pytest-of-vsts/pytest-0/test_rename_new_name6_new_name0/src/new_name.153.dpx
/tmp/pytest-of-vsts/pytest-0/test_rename_new_name6_new_name0/src/new_name.154.dpx
/tmp/pytest-of-vsts/pytest-0/test_rename_new_name6_new_name0/src/new_name.155.dpx
/tmp/pytest-of-vsts/pytest-0/test_rename_new_name6_new_name0/src/new_name.156.dpx
/tmp/pytest-of-vsts/pytest-0/test_rename_new_name6_new_name0/src/new_name.157.dpx
/tmp/pytest-of-vsts/pytest-0/test_rename_new_name6_new_name0/src/new_name.158.dpx
/tmp/pytest-of-vsts/pytest-0/test_rename_new_name6_new_name0/src/new_name.159.dpx
/tmp/pytest-of-vsts/pytest-0/test_rename_new_name6_new_name0/src/new_name.160.dpx
/tmp/pytest-of-vsts/pytest-0/test_rename_new_name6_new_name0/src/new_name.161.dpx
/tmp/pytest-of-vsts/pytest-0/test_rename_new_name6_new_name0/src/new_name.162.dpx
/tmp/pytest-of-vsts/pytest-0/test_rename_new_name6_new_name0/src/new_name.163.dpx
/tmp/pytest-of-vsts/pytest-0/test_rename_new_name6_new_name0/src/new_name.164.dpx
/tmp/pytest-of-vsts/pytest-0/test_rename_new_name6_new_name0/src/new_name.165.dpx
/tmp/pytest-of-vsts/pytest-0/test_rename_new_name6_new_name0/src/new_name.166.dpx
/tmp/pytest-of-vsts/pytest-0/test_rename_new_name6_new_name0/src/new_name.167.dpx
/tmp/pytest-of-vsts/pytest-0/test_rename_new_name6_new_name0/src/new_name.168.dpx
/tmp/pytest-of-vsts/pytest-0/test_rename_new_name6_new_name0/src/new_name.169.dpx
/tmp/pytest-of-vsts/pytest-0/test_rename_new_name6_new_name0/src/new_name.170.dpx
/tmp/pytest-of-vsts/pytest-0/test_rename_new_name6_new_name0/src/new_name.171.dpx
/tmp/pytest-of-vsts/pytest-0/test_rename_new_name6_new_name0/src/new_name.172.dpx
/tmp/pytest-of-vsts/pytest-0/test_rename_new_name6_new_name0/src/new_name.173.dpx
/tmp/pytest-of-vsts/pytest-0/test_rename_new_name6_new_name0/src/new_name.174.dpx
/tmp/pytest-of-vsts/pytest-0/test_rename_new_name6_new_name0/src/new_name.175.dpx
/tmp/pytest-of-vsts/pytest-0/test_rename_new_name6_new_name0/src/new_name.176.dpx
/tmp/pytest-of-vsts/pytest-0/test_rename_new_name6_new_name0/src/new_name.177.dpx
/tmp/pytest-of-vsts/pytest-0/test_rename_new_name6_new_name0/src/new_name.178.dpx
/tmp/pytest-of-vsts/pytest-0/test_rename_new_name6_new_name0/src/new_name.179.dpx
/tmp/pytest-of-vsts/pytest-0/test_rename_new_name6_new_name0/src/new_name.180.dpx
/tmp/pytest-of-vsts/pytest-0/test_rename_new_name6_new_name0/src/new_name.181.dpx
/tmp/pytest-of-vsts/pytest-0/test_rename_new_name6_new_name0/src/new_name.182.dpx
/tmp/pytest-of-vsts/pytest-0/test_rename_new_name6_new_name0/src/new_name.183.dpx
/tmp/pytest-of-vsts/pytest-0/test_rename_new_name6_new_name0/src/new_name.184.dpx
/tmp/pytest-of-vsts/pytest-0/test_rename_new_name6_new_name0/src/new_name.185.dpx
/tmp/pytest-of-vsts/pytest-0/test_rename_new_name6_new_name0/src/new_name.186.dpx
/tmp/pytest-of-vsts/pytest-0/test_rename_new_name6_new_name0/src/new_name.187.dpx
/tmp/pytest-of-vsts/pytest-0/test_rename_new_name6_new_name0/src/new_name.188.dpx
/tmp/pytest-of-vsts/pytest-0/test_rename_new_name6_new_name0/src/new_name.189.dpx
/tmp/pytest-of-vsts/pytest-0/test_rename_new_name6_new_name0/src/new_name.190.dpx
/tmp/pytest-of-vsts/pytest-0/test_rename_new_name6_new_name0/src/new_name.191.dpx
/tmp/pytest-of-vsts/pytest-0/test_rename_new_name6_new_name0/src/new_name.192.dpx
/tmp/pytest-of-vsts/pytest-0/test_rename_new_name6_new_name0/src/new_name.193.dpx
/tmp/pytest-of-vsts/pytest-0/test_rename_new_name6_new_name0/src/new_name.194.dpx
/tmp/pytest-of-vsts/pytest-0/test_rename_new_name6_new_name0/src/new_name.195.dpx
/tmp/pytest-of-vsts/pytest-0/test_rename_new_name6_new_name0/src/new_name.196.dpx
/tmp/pytest-of-vsts/pytest-0/test_rename_new_name6_new_name0/src/new_name.197.dpx
/tmp/pytest-of-vsts/pytest-0/test_rename_new_name6_new_name0/src/new_name.198.dpx
/tmp/pytest-of-vsts/pytest-0/test_rename_new_name6_new_name0/src/new_name.199.dpx
/tmp/pytest-of-vsts/pytest-0/test_rename_new_name6_new_name0/src/new_name.200.dpx
new_name.###.dpx 100 200 0
new_name.###.dpx 100 200 1
new_name.###.dpx 100 200 2
new_name.###.dpx 100 200 3
new_name.###.dpx 100 200 4
new_name.###.dpx 100 200 5
new_name.###.dpx 100 200 6
new_name.###.dpx 100 200 7
new_name.###.dpx 100 200 8
new_name.###.dpx 100 200 9
new_name.###.dpx 100 200 10
new_name.###.dpx 100 200 11
new_name.###.dpx 100 200 12
new_name.###.dpx 100 200 13
new_name.###.dpx 100 200 14
new_name.###.dpx 100 200 15
new_name.###.dpx 100 200 16
new_name.###.dpx 100 200 17
new_name.###.dpx 100 200 18
new_name.###.dpx 100 200 19
new_name.###.dpx 100 200 20
new_name.###.dpx 100 200 21
new_name.###.dpx 100 200 22
new_name.###.dpx 100 200 23
new_name.###.dpx 100 200 24
new_name.###.dpx 100 200 25
new_name.###.dpx 100 200 26
new_name.###.dpx 100 200 27
new_name.###.dpx 100 200 28
new_name.###.dpx 100 200 29
new_name.###.dpx 100 200 30
new_name.###.dpx 100 200 31
new_name.###.dpx 100 200 32
new_name.###.dpx 100 200 33
new_name.###.dpx 100 200 34
new_name.###.dpx 100 200 35
new_name.###.dpx 100 200 36
new_name.###.dpx 100 200 37
new_name.###.dpx 100 200 38
new_name.###.dpx 100 200 39
new_name.###.dpx 100 200 40
new_name.###.dpx 100 200 41
new_name.###.dpx 100 200 42
new_name.###.dpx 100 200 43
new_name.###.dpx 100 200 44
new_name.###.dpx 100 200 45
new_name.###.dpx 100 200 46
new_name.###.dpx 100 200 47
new_name.###.dpx 100 200 48
new_name.###.dpx 100 200 49
new_name.###.dpx 100 200 50
new_name.###.dpx 100 200 51
new_name.###.dpx 100 200 52
new_name.###.dpx 100 200 53
new_name.###.dpx 100 200 54
new_name.###.dpx 100 200 55
new_name.###.dpx 100 200 56
new_name.###.dpx 100 200 57
new_name.###.dpx 100 200 58
new_name.###.dpx 100 200 59
new_name.###.dpx 100 200 60
new_name.###.dpx 100 200 61
new_name.###.dpx 100 200 62
new_name.###.dpx 100 200 63
new_name.###.dpx 100 200 64
new_name.###.dpx 100 200 65
new_name.###.dpx 100 200 66
new_name.###.dpx 100 200 67
new_name.###.dpx 100 200 68
new_name.###.dpx 100 200 69
new_name.###.dpx 100 200 70
new_name.###.dpx 100 200 71
new_name.###.dpx 100 200 72
new_name.###.dpx 100 200 73
new_name.###.dpx 100 200 74
new_name.###.dpx 100 200 75
new_name.###.dpx 100 200 76
new_name.###.dpx 100 200 77
new_name.###.dpx 100 200 78
new_name.###.dpx 100 200 79
new_name.###.dpx 100 200 80
new_name.###.dpx 100 200 81
new_name.###.dpx 100 200 82
new_name.###.dpx 100 200 83
new_name.###.dpx 100 200 84
new_name.###.dpx 100 200 85
new_name.###.dpx 100 200 86
new_name.###.dpx 100 200 87
new_name.###.dpx 100 200 88
new_name.###.dpx 100 200 89
new_name.###.dpx 100 200 90
new_name.###.dpx 100 200 91
new_name.###.dpx 100 200 92
new_name.###.dpx 100 200 93
new_name.###.dpx 100 200 94
new_name.###.dpx 100 200 95
new_name.###.dpx 100 200 96
new_name.###.dpx 100 200 97
new_name.###.dpx 100 200 98
new_name.###.dpx 100 200 99
new_name.###.dpx 100 200 100
new_name.###.dpx 100 200 0
file.###.txt 100 200 0
new_name.###.dpx 100 200 0
------------------
Missing:
new_name.###.dpx 100 200 0
new_name.###.dpx 100 200 1
new_name.###.dpx 100 200 2
new_name.###.dpx 100 200 3
new_name.###.dpx 100 200 4
new_name.###.dpx 100 200 5
new_name.###.dpx 100 200 6
new_name.###.dpx 100 200 7
new_name.###.dpx 100 200 8
new_name.###.dpx 100 200 9
new_name.###.dpx 100 200 10
new_name.###.dpx 100 200 11
new_name.###.dpx 100 200 12
new_name.###.dpx 100 200 13
new_name.###.dpx 100 200 14
new_name.###.dpx 100 200 15
new_name.###.dpx 100 200 16
new_name.###.dpx 100 200 17
new_name.###.dpx 100 200 18
new_name.###.dpx 100 200 19
new_name.###.dpx 100 200 20
new_name.###.dpx 100 200 21
new_name.###.dpx 100 200 22
new_name.###.dpx 100 200 23
new_name.###.dpx 100 200 24
new_name.###.dpx 100 200 25
new_name.###.dpx 100 200 26
new_name.###.dpx 100 200 27
new_name.###.dpx 100 200 28
new_name.###.dpx 100 200 29
new_name.###.dpx 100 200 30
new_name.###.dpx 100 200 31
new_name.###.dpx 100 200 32
new_name.###.dpx 100 200 33
new_name.###.dpx 100 200 34
new_name.###.dpx 100 200 35
new_name.###.dpx 100 200 36
new_name.###.dpx 100 200 37
new_name.###.dpx 100 200 38
new_name.###.dpx 100 200 39
new_name.###.dpx 100 200 40
new_name.###.dpx 100 200 41
new_name.###.dpx 100 200 42
new_name.###.dpx 100 200 43
new_name.###.dpx 100 200 44
new_name.###.dpx 100 200 45
new_name.###.dpx 100 200 46
new_name.###.dpx 100 200 47
new_name.###.dpx 100 200 48
new_name.###.dpx 100 200 49
new_name.###.dpx 100 200 50
new_name.###.dpx 100 200 51
new_name.###.dpx 100 200 52
new_name.###.dpx 100 200 53
new_name.###.dpx 100 200 54
new_name.###.dpx 100 200 55
new_name.###.dpx 100 200 56
new_name.###.dpx 100 200 57
new_name.###.dpx 100 200 58
new_name.###.dpx 100 200 59
new_name.###.dpx 100 200 60
new_name.###.dpx 100 200 61
new_name.###.dpx 100 200 62
new_name.###.dpx 100 200 63
new_name.###.dpx 100 200 64
new_name.###.dpx 100 200 65
new_name.###.dpx 100 200 66
new_name.###.dpx 100 200 67
new_name.###.dpx 100 200 68
new_name.###.dpx 100 200 69
new_name.###.dpx 100 200 70
new_name.###.dpx 100 200 71
new_name.###.dpx 100 200 72
new_name.###.dpx 100 200 73
new_name.###.dpx 100 200 74
new_name.###.dpx 100 200 75
new_name.###.dpx 100 200 76
new_name.###.dpx 100 200 77
new_name.###.dpx 100 200 78
new_name.###.dpx 100 200 79
new_name.###.dpx 100 200 80
new_name.###.dpx 100 200 81
new_name.###.dpx 100 200 82
new_name.###.dpx 100 200 83
new_name.###.dpx 100 200 84
new_name.###.dpx 100 200 85
new_name.###.dpx 100 200 86
new_name.###.dpx 100 200 87
new_name.###.dpx 100 200 88
new_name.###.dpx 100 200 89
new_name.###.dpx 100 200 90
new_name.###.dpx 100 200 91
new_name.###.dpx 100 200 92
new_name.###.dpx 100 200 93
new_name.###.dpx 100 200 94
new_name.###.dpx 100 200 95
new_name.###.dpx 100 200 96
new_name.###.dpx 100 200 97
new_name.###.dpx 100 200 98
new_name.###.dpx 100 200 99
new_name.###.dpx 100 200 100
file.###.txt 100 200 0
new_name.###.dpx 100 200 0
new_name.###.dpx 100 200 1
new_name.###.dpx 100 200 2
new_name.###.dpx 100 200 3
new_name.###.dpx 100 200 4
new_name.###.dpx 100 200 5
new_name.###.dpx 100 200 6
new_name.###.dpx 100 200 7
new_name.###.dpx 100 200 8
new_name.###.dpx 100 200 9
new_name.###.dpx 100 200 10
new_name.###.dpx 100 200 11
new_name.###.dpx 100 200 12
new_name.###.dpx 100 200 13
new_name.###.dpx 100 200 14
new_name.###.dpx 100 200 15
new_name.###.dpx 100 200 16
new_name.###.dpx 100 200 17
new_name.###.dpx 100 200 18
new_name.###.dpx 100 200 19
new_name.###.dpx 100 200 20
new_name.###.dpx 100 200 21
new_name.###.dpx 100 200 22
new_name.###.dpx 100 200 23
new_name.###.dpx 100 200 24
new_name.###.dpx 100 200 25
new_name.###.dpx 100 200 26
new_name.###.dpx 100 200 27
new_name.###.dpx 100 200 28
new_name.###.dpx 100 200 29
new_name.###.dpx 100 200 30
new_name.###.dpx 100 200 31
new_name.###.dpx 100 200 32
new_name.###.dpx 100 200 33
new_name.###.dpx 100 200 34
new_name.###.dpx 100 200 35
new_name.###.dpx 100 200 36
new_name.###.dpx 100 200 37
new_name.###.dpx 100 200 38
new_name.###.dpx 100 200 39
new_name.###.dpx 100 200 40
new_name.###.dpx 100 200 41
new_name.###.dpx 100 200 42
new_name.###.dpx 100 200 43
new_name.###.dpx 100 200 44
new_name.###.dpx 100 200 45
new_name.###.dpx 100 200 46
new_name.###.dpx 100 200 47
new_name.###.dpx 100 200 48
new_name.###.dpx 100 200 49
new_name.###.dpx 100 200 50
new_name.###.dpx 100 200 51
new_name.###.dpx 100 200 52
new_name.###.dpx 100 200 53
new_name.###.dpx 100 200 54
new_name.###.dpx 100 200 55
new_name.###.dpx 100 200 56
new_name.###.dpx 100 200 57
new_name.###.dpx 100 200 58
new_name.###.dpx 100 200 59
new_name.###.dpx 100 200 60
new_name.###.dpx 100 200 61
new_name.###.dpx 100 200 62
new_name.###.dpx 100 200 63
new_name.###.dpx 100 200 64
new_name.###.dpx 100 200 65
new_name.###.dpx 100 200 66
new_name.###.dpx 100 200 67
new_name.###.dpx 100 200 68
new_name.###.dpx 100 200 69
new_name.###.dpx 100 200 70
new_name.###.dpx 100 200 71
new_name.###.dpx 100 200 72
new_name.###.dpx 100 200 73
new_name.###.dpx 100 200 74
new_name.###.dpx 100 200 75
new_name.###.dpx 100 200 76
new_name.###.dpx 100 200 77
new_name.###.dpx 100 200 78
new_name.###.dpx 100 200 79
new_name.###.dpx 100 200 80
new_name.###.dpx 100 200 81
new_name.###.dpx 100 200 82
new_name.###.dpx 100 200 83
new_name.###.dpx 100 200 84
new_name.###.dpx 100 200 85
new_name.###.dpx 100 200 86
new_name.###.dpx 100 200 87
new_name.###.dpx 100 200 88
new_name.###.dpx 100 200 89
new_name.###.dpx 100 200 90
new_name.###.dpx 100 200 91
new_name.###.dpx 100 200 92
new_name.###.dpx 100 200 93
new_name.###.dpx 100 200 94
new_name.###.dpx 100 200 95
new_name.###.dpx 100 200 96
new_name.###.dpx 100 200 97
new_name.###.dpx 100 200 98
new_name.###.dpx 100 200 99
new_name.###.dpx 100 200 100
</system-out></testcase><testcase classname="zdevelop.tests.test_file_seq.TestSeqDisk" file="zdevelop/tests/test_file_seq.py" line="201" name="test_rename[file.090.txt-file-90-3-txt-False]" time="0.083"><system-out>Original Dir List
file.###.txt 100 200 0
/tmp/pytest-of-vsts/pytest-0/test_rename_file_090_txt_file_0/src/file.100.txt
/tmp/pytest-of-vsts/pytest-0/test_rename_file_090_txt_file_0/src/file.101.txt
/tmp/pytest-of-vsts/pytest-0/test_rename_file_090_txt_file_0/src/file.102.txt
/tmp/pytest-of-vsts/pytest-0/test_rename_file_090_txt_file_0/src/file.103.txt
/tmp/pytest-of-vsts/pytest-0/test_rename_file_090_txt_file_0/src/file.104.txt
/tmp/pytest-of-vsts/pytest-0/test_rename_file_090_txt_file_0/src/file.105.txt
/tmp/pytest-of-vsts/pytest-0/test_rename_file_090_txt_file_0/src/file.106.txt
/tmp/pytest-of-vsts/pytest-0/test_rename_file_090_txt_file_0/src/file.107.txt
/tmp/pytest-of-vsts/pytest-0/test_rename_file_090_txt_file_0/src/file.108.txt
/tmp/pytest-of-vsts/pytest-0/test_rename_file_090_txt_file_0/src/file.109.txt
/tmp/pytest-of-vsts/pytest-0/test_rename_file_090_txt_file_0/src/file.110.txt
/tmp/pytest-of-vsts/pytest-0/test_rename_file_090_txt_file_0/src/file.111.txt
/tmp/pytest-of-vsts/pytest-0/test_rename_file_090_txt_file_0/src/file.112.txt
/tmp/pytest-of-vsts/pytest-0/test_rename_file_090_txt_file_0/src/file.113.txt
/tmp/pytest-of-vsts/pytest-0/test_rename_file_090_txt_file_0/src/file.114.txt
/tmp/pytest-of-vsts/pytest-0/test_rename_file_090_txt_file_0/src/file.115.txt
/tmp/pytest-of-vsts/pytest-0/test_rename_file_090_txt_file_0/src/file.116.txt
/tmp/pytest-of-vsts/pytest-0/test_rename_file_090_txt_file_0/src/file.117.txt
/tmp/pytest-of-vsts/pytest-0/test_rename_file_090_txt_file_0/src/file.118.txt
/tmp/pytest-of-vsts/pytest-0/test_rename_file_090_txt_file_0/src/file.119.txt
/tmp/pytest-of-vsts/pytest-0/test_rename_file_090_txt_file_0/src/file.120.txt
/tmp/pytest-of-vsts/pytest-0/test_rename_file_090_txt_file_0/src/file.121.txt
/tmp/pytest-of-vsts/pytest-0/test_rename_file_090_txt_file_0/src/file.122.txt
/tmp/pytest-of-vsts/pytest-0/test_rename_file_090_txt_file_0/src/file.123.txt
/tmp/pytest-of-vsts/pytest-0/test_rename_file_090_txt_file_0/src/file.124.txt
/tmp/pytest-of-vsts/pytest-0/test_rename_file_090_txt_file_0/src/file.125.txt
/tmp/pytest-of-vsts/pytest-0/test_rename_file_090_txt_file_0/src/file.126.txt
/tmp/pytest-of-vsts/pytest-0/test_rename_file_090_txt_file_0/src/file.127.txt
/tmp/pytest-of-vsts/pytest-0/test_rename_file_090_txt_file_0/src/file.128.txt
/tmp/pytest-of-vsts/pytest-0/test_rename_file_090_txt_file_0/src/file.129.txt
/tmp/pytest-of-vsts/pytest-0/test_rename_file_090_txt_file_0/src/file.130.txt
/tmp/pytest-of-vsts/pytest-0/test_rename_file_090_txt_file_0/src/file.131.txt
/tmp/pytest-of-vsts/pytest-0/test_rename_file_090_txt_file_0/src/file.132.txt
/tmp/pytest-of-vsts/pytest-0/test_rename_file_090_txt_file_0/src/file.133.txt
/tmp/pytest-of-vsts/pytest-0/test_rename_file_090_txt_file_0/src/file.134.txt
/tmp/pytest-of-vsts/pytest-0/test_rename_file_090_txt_file_0/src/file.135.txt
/tmp/pytest-of-vsts/pytest-0/test_rename_file_090_txt_file_0/src/file.136.txt
/tmp/pytest-of-vsts/pytest-0/test_rename_file_090_txt_file_0/src/file.137.txt
/tmp/pytest-of-vsts/pytest-0/test_rename_file_090_txt_file_0/src/file.138.txt
/tmp/pytest-of-vsts/pytest-0/test_rename_file_090_txt_file_0/src/file.139.txt
/tmp/pytest-of-vsts/pytest-0/test_rename_file_090_txt_file_0/src/file.140.txt
/tmp/pytest-of-vsts/pytest-0/test_rename_file_090_txt_file_0/src/file.141.txt
/tmp/pytest-of-vsts/pytest-0/test_rename_file_090_txt_file_0/src/file.142.txt
/tmp/pytest-of-vsts/pytest-0/test_rename_file_090_txt_file_0/src/file.143.txt
/tmp/pytest-of-vsts/pytest-0/test_rename_file_090_txt_file_0/src/file.144.txt
/tmp/pytest-of-vsts/pytest-0/test_rename_file_090_txt_file_0/src/file.145.txt
/tmp/pytest-of-vsts/pytest-0/test_rename_file_090_txt_file_0/src/file.146.txt
/tmp/pytest-of-vsts/pytest-0/test_rename_file_090_txt_file_0/src/file.147.txt
/tmp/pytest-of-vsts/pytest-0/test_rename_file_090_txt_file_0/src/file.148.txt
/tmp/pytest-of-vsts/pytest-0/test_rename_file_090_txt_file_0/src/file.149.txt
/tmp/pytest-of-vsts/pytest-0/test_rename_file_090_txt_file_0/src/file.150.txt
/tmp/pytest-of-vsts/pytest-0/test_rename_file_090_txt_file_0/src/file.151.txt
/tmp/pytest-of-vsts/pytest-0/test_rename_file_090_txt_file_0/src/file.152.txt
/tmp/pytest-of-vsts/pytest-0/test_rename_file_090_txt_file_0/src/file.153.txt
/tmp/pytest-of-vsts/pytest-0/test_rename_file_090_txt_file_0/src/file.154.txt
/tmp/pytest-of-vsts/pytest-0/test_rename_file_090_txt_file_0/src/file.155.txt
/tmp/pytest-of-vsts/pytest-0/test_rename_file_090_txt_file_0/src/file.156.txt
/tmp/pytest-of-vsts/pytest-0/test_rename_file_090_txt_file_0/src/file.157.txt
/tmp/pytest-of-vsts/pytest-0/test_rename_file_090_txt_file_0/src/file.158.txt
/tmp/pytest-of-vsts/pytest-0/test_rename_file_090_txt_file_0/src/file.159.txt
/tmp/pytest-of-vsts/pytest-0/test_rename_file_090_txt_file_0/src/file.160.txt
/tmp/pytest-of-vsts/pytest-0/test_rename_file_090_txt_file_0/src/file.161.txt
/tmp/pytest-of-vsts/pytest-0/test_rename_file_090_txt_file_0/src/file.162.txt
/tmp/pytest-of-vsts/pytest-0/test_rename_file_090_txt_file_0/src/file.163.txt
/tmp/pytest-of-vsts/pytest-0/test_rename_file_090_txt_file_0/src/file.164.txt
/tmp/pytest-of-vsts/pytest-0/test_rename_file_090_txt_file_0/src/file.165.txt
/tmp/pytest-of-vsts/pytest-0/test_rename_file_090_txt_file_0/src/file.166.txt
/tmp/pytest-of-vsts/pytest-0/test_rename_file_090_txt_file_0/src/file.167.txt
/tmp/pytest-of-vsts/pytest-0/test_rename_file_090_txt_file_0/src/file.168.txt
/tmp/pytest-of-vsts/pytest-0/test_rename_file_090_txt_file_0/src/file.169.txt
/tmp/pytest-of-vsts/pytest-0/test_rename_file_090_txt_file_0/src/file.170.txt
/tmp/pytest-of-vsts/pytest-0/test_rename_file_090_txt_file_0/src/file.171.txt
/tmp/pytest-of-vsts/pytest-0/test_rename_file_090_txt_file_0/src/file.172.txt
/tmp/pytest-of-vsts/pytest-0/test_rename_file_090_txt_file_0/src/file.173.txt
/tmp/pytest-of-vsts/pytest-0/test_rename_file_090_txt_file_0/src/file.174.txt
/tmp/pytest-of-vsts/pytest-0/test_rename_file_090_txt_file_0/src/file.175.txt
/tmp/pytest-of-vsts/pytest-0/test_rename_file_090_txt_file_0/src/file.176.txt
/tmp/pytest-of-vsts/pytest-0/test_rename_file_090_txt_file_0/src/file.177.txt
/tmp/pytest-of-vsts/pytest-0/test_rename_file_090_txt_file_0/src/file.178.txt
/tmp/pytest-of-vsts/pytest-0/test_rename_file_090_txt_file_0/src/file.179.txt
/tmp/pytest-of-vsts/pytest-0/test_rename_file_090_txt_file_0/src/file.180.txt
/tmp/pytest-of-vsts/pytest-0/test_rename_file_090_txt_file_0/src/file.181.txt
/tmp/pytest-of-vsts/pytest-0/test_rename_file_090_txt_file_0/src/file.182.txt
/tmp/pytest-of-vsts/pytest-0/test_rename_file_090_txt_file_0/src/file.183.txt
/tmp/pytest-of-vsts/pytest-0/test_rename_file_090_txt_file_0/src/file.184.txt
/tmp/pytest-of-vsts/pytest-0/test_rename_file_090_txt_file_0/src/file.185.txt
/tmp/pytest-of-vsts/pytest-0/test_rename_file_090_txt_file_0/src/file.186.txt
/tmp/pytest-of-vsts/pytest-0/test_rename_file_090_txt_file_0/src/file.187.txt
/tmp/pytest-of-vsts/pytest-0/test_rename_file_090_txt_file_0/src/file.188.txt
/tmp/pytest-of-vsts/pytest-0/test_rename_file_090_txt_file_0/src/file.189.txt
/tmp/pytest-of-vsts/pytest-0/test_rename_file_090_txt_file_0/src/file.190.txt
/tmp/pytest-of-vsts/pytest-0/test_rename_file_090_txt_file_0/src/file.191.txt
/tmp/pytest-of-vsts/pytest-0/test_rename_file_090_txt_file_0/src/file.192.txt
/tmp/pytest-of-vsts/pytest-0/test_rename_file_090_txt_file_0/src/file.193.txt
/tmp/pytest-of-vsts/pytest-0/test_rename_file_090_txt_file_0/src/file.194.txt
/tmp/pytest-of-vsts/pytest-0/test_rename_file_090_txt_file_0/src/file.195.txt
/tmp/pytest-of-vsts/pytest-0/test_rename_file_090_txt_file_0/src/file.196.txt
/tmp/pytest-of-vsts/pytest-0/test_rename_file_090_txt_file_0/src/file.197.txt
/tmp/pytest-of-vsts/pytest-0/test_rename_file_090_txt_file_0/src/file.198.txt
/tmp/pytest-of-vsts/pytest-0/test_rename_file_090_txt_file_0/src/file.199.txt
/tmp/pytest-of-vsts/pytest-0/test_rename_file_090_txt_file_0/src/file.200.txt
------------------
file.###.txt 100 200 0
file.###.txt 100 200 1
file.###.txt 100 200 2
file.###.txt 100 200 3
file.###.txt 100 200 4
file.###.txt 100 200 5
file.###.txt 100 200 6
file.###.txt 100 200 7
file.###.txt 100 200 8
file.###.txt 100 200 9
file.###.txt 100 200 10
file.###.txt 100 200 11
file.###.txt 100 200 12
file.###.txt 100 200 13
file.###.txt 100 200 14
file.###.txt 100 200 15
file.###.txt 100 200 16
file.###.txt 100 200 17
file.###.txt 100 200 18
file.###.txt 100 200 19
file.###.txt 100 200 20
file.###.txt 100 200 21
file.###.txt 100 200 22
file.###.txt 100 200 23
file.###.txt 100 200 24
file.###.txt 100 200 25
file.###.txt 100 200 26
file.###.txt 100 200 27
file.###.txt 100 200 28
file.###.txt 100 200 29
file.###.txt 100 200 30
file.###.txt 100 200 31
file.###.txt 100 200 32
file.###.txt 100 200 33
file.###.txt 100 200 34
file.###.txt 100 200 35
file.###.txt 100 200 36
file.###.txt 100 200 37
file.###.txt 100 200 38
file.###.txt 100 200 39
file.###.txt 100 200 40
file.###.txt 100 200 41
file.###.txt 100 200 42
file.###.txt 100 200 43
file.###.txt 100 200 44
file.###.txt 100 200 45
file.###.txt 100 200 46
file.###.txt 100 200 47
file.###.txt 100 200 48
file.###.txt 100 200 49
file.###.txt 100 200 50
file.###.txt 100 200 51
file.###.txt 100 200 52
file.###.txt 100 200 53
file.###.txt 100 200 54
file.###.txt 100 200 55
file.###.txt 100 200 56
file.###.txt 100 200 57
file.###.txt 100 200 58
file.###.txt 100 200 59
file.###.txt 100 200 60
file.###.txt 100 200 61
file.###.txt 100 200 62
file.###.txt 100 200 63
file.###.txt 100 200 64
file.###.txt 100 200 65
file.###.txt 100 200 66
file.###.txt 100 200 67
file.###.txt 100 200 68
file.###.txt 100 200 69
file.###.txt 100 200 70
file.###.txt 100 200 71
file.###.txt 100 200 72
file.###.txt 100 200 73
file.###.txt 100 200 74
file.###.txt 100 200 75
file.###.txt 100 200 76
file.###.txt 100 200 77
file.###.txt 100 200 78
file.###.txt 100 200 79
file.###.txt 100 200 80
file.###.txt 100 200 81
file.###.txt 100 200 82
file.###.txt 100 200 83
file.###.txt 100 200 84
file.###.txt 100 200 85
file.###.txt 100 200 86
file.###.txt 100 200 87
file.###.txt 100 200 88
file.###.txt 100 200 89
file.###.txt 100 200 90
file.###.txt 100 200 91
file.###.txt 100 200 92
file.###.txt 100 200 93
file.###.txt 100 200 94
file.###.txt 100 200 95
file.###.txt 100 200 96
file.###.txt 100 200 97
file.###.txt 100 200 98
file.###.txt 100 200 99
file.###.txt 100 200 100
file.###.txt 100 200 0
file.###.txt 100 200 1
file.###.txt 100 200 2
file.###.txt 100 200 3
file.###.txt 100 200 4
file.###.txt 100 200 5
file.###.txt 100 200 6
file.###.txt 100 200 7
file.###.txt 100 200 8
file.###.txt 100 200 9
file.###.txt 100 200 10
file.###.txt 100 200 11
file.###.txt 100 200 12
file.###.txt 100 200 13
file.###.txt 100 200 14
file.###.txt 100 200 15
file.###.txt 100 200 16
file.###.txt 100 200 17
file.###.txt 100 200 18
file.###.txt 100 200 19
file.###.txt 100 200 20
file.###.txt 100 200 21
file.###.txt 100 200 22
file.###.txt 100 200 23
file.###.txt 100 200 24
file.###.txt 100 200 25
file.###.txt 100 200 26
file.###.txt 100 200 27
file.###.txt 100 200 28
file.###.txt 100 200 29
file.###.txt 100 200 30
file.###.txt 100 200 31
file.###.txt 100 200 32
file.###.txt 100 200 33
file.###.txt 100 200 34
file.###.txt 100 200 35
file.###.txt 100 200 36
file.###.txt 100 200 37
file.###.txt 100 200 38
file.###.txt 100 200 39
file.###.txt 100 200 40
file.###.txt 100 200 41
file.###.txt 100 200 42
file.###.txt 100 200 43
file.###.txt 100 200 44
file.###.txt 100 200 45
file.###.txt 100 200 46
file.###.txt 100 200 47
file.###.txt 100 200 48
file.###.txt 100 200 49
file.###.txt 100 200 50
file.###.txt 100 200 51
file.###.txt 100 200 52
file.###.txt 100 200 53
file.###.txt 100 200 54
file.###.txt 100 200 55
file.###.txt 100 200 56
file.###.txt 100 200 57
file.###.txt 100 200 58
file.###.txt 100 200 59
file.###.txt 100 200 60
file.###.txt 100 200 61
file.###.txt 100 200 62
file.###.txt 100 200 63
file.###.txt 100 200 64
file.###.txt 100 200 65
file.###.txt 100 200 66
file.###.txt 100 200 67
file.###.txt 100 200 68
file.###.txt 100 200 69
file.###.txt 100 200 70
file.###.txt 100 200 71
file.###.txt 100 200 72
file.###.txt 100 200 73
file.###.txt 100 200 74
file.###.txt 100 200 75
file.###.txt 100 200 76
file.###.txt 100 200 77
file.###.txt 100 200 78
file.###.txt 100 200 79
file.###.txt 100 200 80
file.###.txt 100 200 81
file.###.txt 100 200 82
file.###.txt 100 200 83
file.###.txt 100 200 84
file.###.txt 100 200 85
file.###.txt 100 200 86
file.###.txt 100 200 87
file.###.txt 100 200 88
file.###.txt 100 200 89
file.###.txt 100 200 90
file.###.txt 100 200 91
file.###.txt 100 200 92
file.###.txt 100 200 93
file.###.txt 100 200 94
file.###.txt 100 200 95
file.###.txt 100 200 96
file.###.txt 100 200 97
file.###.txt 100 200 98
file.###.txt 100 200 99
file.###.txt 100 200 100
------------------
Post-rename Dir List
file.###.txt 100 200 0
/tmp/pytest-of-vsts/pytest-0/test_rename_file_090_txt_file_0/src/file.090.txt
/tmp/pytest-of-vsts/pytest-0/test_rename_file_090_txt_file_0/src/file.091.txt
/tmp/pytest-of-vsts/pytest-0/test_rename_file_090_txt_file_0/src/file.092.txt
/tmp/pytest-of-vsts/pytest-0/test_rename_file_090_txt_file_0/src/file.093.txt
/tmp/pytest-of-vsts/pytest-0/test_rename_file_090_txt_file_0/src/file.094.txt
/tmp/pytest-of-vsts/pytest-0/test_rename_file_090_txt_file_0/src/file.095.txt
/tmp/pytest-of-vsts/pytest-0/test_rename_file_090_txt_file_0/src/file.096.txt
/tmp/pytest-of-vsts/pytest-0/test_rename_file_090_txt_file_0/src/file.097.txt
/tmp/pytest-of-vsts/pytest-0/test_rename_file_090_txt_file_0/src/file.098.txt
/tmp/pytest-of-vsts/pytest-0/test_rename_file_090_txt_file_0/src/file.099.txt
/tmp/pytest-of-vsts/pytest-0/test_rename_file_090_txt_file_0/src/file.100.txt
/tmp/pytest-of-vsts/pytest-0/test_rename_file_090_txt_file_0/src/file.101.txt
/tmp/pytest-of-vsts/pytest-0/test_rename_file_090_txt_file_0/src/file.102.txt
/tmp/pytest-of-vsts/pytest-0/test_rename_file_090_txt_file_0/src/file.103.txt
/tmp/pytest-of-vsts/pytest-0/test_rename_file_090_txt_file_0/src/file.104.txt
/tmp/pytest-of-vsts/pytest-0/test_rename_file_090_txt_file_0/src/file.105.txt
/tmp/pytest-of-vsts/pytest-0/test_rename_file_090_txt_file_0/src/file.106.txt
/tmp/pytest-of-vsts/pytest-0/test_rename_file_090_txt_file_0/src/file.107.txt
/tmp/pytest-of-vsts/pytest-0/test_rename_file_090_txt_file_0/src/file.108.txt
/tmp/pytest-of-vsts/pytest-0/test_rename_file_090_txt_file_0/src/file.109.txt
/tmp/pytest-of-vsts/pytest-0/test_rename_file_090_txt_file_0/src/file.110.txt
/tmp/pytest-of-vsts/pytest-0/test_rename_file_090_txt_file_0/src/file.111.txt
/tmp/pytest-of-vsts/pytest-0/test_rename_file_090_txt_file_0/src/file.112.txt
/tmp/pytest-of-vsts/pytest-0/test_rename_file_090_txt_file_0/src/file.113.txt
/tmp/pytest-of-vsts/pytest-0/test_rename_file_090_txt_file_0/src/file.114.txt
/tmp/pytest-of-vsts/pytest-0/test_rename_file_090_txt_file_0/src/file.115.txt
/tmp/pytest-of-vsts/pytest-0/test_rename_file_090_txt_file_0/src/file.116.txt
/tmp/pytest-of-vsts/pytest-0/test_rename_file_090_txt_file_0/src/file.117.txt
/tmp/pytest-of-vsts/pytest-0/test_rename_file_090_txt_file_0/src/file.118.txt
/tmp/pytest-of-vsts/pytest-0/test_rename_file_090_txt_file_0/src/file.119.txt
/tmp/pytest-of-vsts/pytest-0/test_rename_file_090_txt_file_0/src/file.120.txt
/tmp/pytest-of-vsts/pytest-0/test_rename_file_090_txt_file_0/src/file.121.txt
/tmp/pytest-of-vsts/pytest-0/test_rename_file_090_txt_file_0/src/file.122.txt
/tmp/pytest-of-vsts/pytest-0/test_rename_file_090_txt_file_0/src/file.123.txt
/tmp/pytest-of-vsts/pytest-0/test_rename_file_090_txt_file_0/src/file.124.txt
/tmp/pytest-of-vsts/pytest-0/test_rename_file_090_txt_file_0/src/file.125.txt
/tmp/pytest-of-vsts/pytest-0/test_rename_file_090_txt_file_0/src/file.126.txt
/tmp/pytest-of-vsts/pytest-0/test_rename_file_090_txt_file_0/src/file.127.txt
/tmp/pytest-of-vsts/pytest-0/test_rename_file_090_txt_file_0/src/file.128.txt
/tmp/pytest-of-vsts/pytest-0/test_rename_file_090_txt_file_0/src/file.129.txt
/tmp/pytest-of-vsts/pytest-0/test_rename_file_090_txt_file_0/src/file.130.txt
/tmp/pytest-of-vsts/pytest-0/test_rename_file_090_txt_file_0/src/file.131.txt
/tmp/pytest-of-vsts/pytest-0/test_rename_file_090_txt_file_0/src/file.132.txt
/tmp/pytest-of-vsts/pytest-0/test_rename_file_090_txt_file_0/src/file.133.txt
/tmp/pytest-of-vsts/pytest-0/test_rename_file_090_txt_file_0/src/file.134.txt
/tmp/pytest-of-vsts/pytest-0/test_rename_file_090_txt_file_0/src/file.135.txt
/tmp/pytest-of-vsts/pytest-0/test_rename_file_090_txt_file_0/src/file.136.txt
/tmp/pytest-of-vsts/pytest-0/test_rename_file_090_txt_file_0/src/file.137.txt
/tmp/pytest-of-vsts/pytest-0/test_rename_file_090_txt_file_0/src/file.138.txt
/tmp/pytest-of-vsts/pytest-0/test_rename_file_090_txt_file_0/src/file.139.txt
/tmp/pytest-of-vsts/pytest-0/test_rename_file_090_txt_file_0/src/file.140.txt
/tmp/pytest-of-vsts/pytest-0/test_rename_file_090_txt_file_0/src/file.141.txt
/tmp/pytest-of-vsts/pytest-0/test_rename_file_090_txt_file_0/src/file.142.txt
/tmp/pytest-of-vsts/pytest-0/test_rename_file_090_txt_file_0/src/file.143.txt
/tmp/pytest-of-vsts/pytest-0/test_rename_file_090_txt_file_0/src/file.144.txt
/tmp/pytest-of-vsts/pytest-0/test_rename_file_090_txt_file_0/src/file.145.txt
/tmp/pytest-of-vsts/pytest-0/test_rename_file_090_txt_file_0/src/file.146.txt
/tmp/pytest-of-vsts/pytest-0/test_rename_file_090_txt_file_0/src/file.147.txt
/tmp/pytest-of-vsts/pytest-0/test_rename_file_090_txt_file_0/src/file.148.txt
/tmp/pytest-of-vsts/pytest-0/test_rename_file_090_txt_file_0/src/file.149.txt
/tmp/pytest-of-vsts/pytest-0/test_rename_file_090_txt_file_0/src/file.150.txt
/tmp/pytest-of-vsts/pytest-0/test_rename_file_090_txt_file_0/src/file.151.txt
/tmp/pytest-of-vsts/pytest-0/test_rename_file_090_txt_file_0/src/file.152.txt
/tmp/pytest-of-vsts/pytest-0/test_rename_file_090_txt_file_0/src/file.153.txt
/tmp/pytest-of-vsts/pytest-0/test_rename_file_090_txt_file_0/src/file.154.txt
/tmp/pytest-of-vsts/pytest-0/test_rename_file_090_txt_file_0/src/file.155.txt
/tmp/pytest-of-vsts/pytest-0/test_rename_file_090_txt_file_0/src/file.156.txt
/tmp/pytest-of-vsts/pytest-0/test_rename_file_090_txt_file_0/src/file.157.txt
/tmp/pytest-of-vsts/pytest-0/test_rename_file_090_txt_file_0/src/file.158.txt
/tmp/pytest-of-vsts/pytest-0/test_rename_file_090_txt_file_0/src/file.159.txt
/tmp/pytest-of-vsts/pytest-0/test_rename_file_090_txt_file_0/src/file.160.txt
/tmp/pytest-of-vsts/pytest-0/test_rename_file_090_txt_file_0/src/file.161.txt
/tmp/pytest-of-vsts/pytest-0/test_rename_file_090_txt_file_0/src/file.162.txt
/tmp/pytest-of-vsts/pytest-0/test_rename_file_090_txt_file_0/src/file.163.txt
/tmp/pytest-of-vsts/pytest-0/test_rename_file_090_txt_file_0/src/file.164.txt
/tmp/pytest-of-vsts/pytest-0/test_rename_file_090_txt_file_0/src/file.165.txt
/tmp/pytest-of-vsts/pytest-0/test_rename_file_090_txt_file_0/src/file.166.txt
/tmp/pytest-of-vsts/pytest-0/test_rename_file_090_txt_file_0/src/file.167.txt
/tmp/pytest-of-vsts/pytest-0/test_rename_file_090_txt_file_0/src/file.168.txt
/tmp/pytest-of-vsts/pytest-0/test_rename_file_090_txt_file_0/src/file.169.txt
/tmp/pytest-of-vsts/pytest-0/test_rename_file_090_txt_file_0/src/file.170.txt
/tmp/pytest-of-vsts/pytest-0/test_rename_file_090_txt_file_0/src/file.171.txt
/tmp/pytest-of-vsts/pytest-0/test_rename_file_090_txt_file_0/src/file.172.txt
/tmp/pytest-of-vsts/pytest-0/test_rename_file_090_txt_file_0/src/file.173.txt
/tmp/pytest-of-vsts/pytest-0/test_rename_file_090_txt_file_0/src/file.174.txt
/tmp/pytest-of-vsts/pytest-0/test_rename_file_090_txt_file_0/src/file.175.txt
/tmp/pytest-of-vsts/pytest-0/test_rename_file_090_txt_file_0/src/file.176.txt
/tmp/pytest-of-vsts/pytest-0/test_rename_file_090_txt_file_0/src/file.177.txt
/tmp/pytest-of-vsts/pytest-0/test_rename_file_090_txt_file_0/src/file.178.txt
/tmp/pytest-of-vsts/pytest-0/test_rename_file_090_txt_file_0/src/file.179.txt
/tmp/pytest-of-vsts/pytest-0/test_rename_file_090_txt_file_0/src/file.180.txt
/tmp/pytest-of-vsts/pytest-0/test_rename_file_090_txt_file_0/src/file.181.txt
/tmp/pytest-of-vsts/pytest-0/test_rename_file_090_txt_file_0/src/file.182.txt
/tmp/pytest-of-vsts/pytest-0/test_rename_file_090_txt_file_0/src/file.183.txt
/tmp/pytest-of-vsts/pytest-0/test_rename_file_090_txt_file_0/src/file.184.txt
/tmp/pytest-of-vsts/pytest-0/test_rename_file_090_txt_file_0/src/file.185.txt
/tmp/pytest-of-vsts/pytest-0/test_rename_file_090_txt_file_0/src/file.186.txt
/tmp/pytest-of-vsts/pytest-0/test_rename_file_090_txt_file_0/src/file.187.txt
/tmp/pytest-of-vsts/pytest-0/test_rename_file_090_txt_file_0/src/file.188.txt
/tmp/pytest-of-vsts/pytest-0/test_rename_file_090_txt_file_0/src/file.189.txt
/tmp/pytest-of-vsts/pytest-0/test_rename_file_090_txt_file_0/src/file.190.txt
file.###.txt 90 190 0
file.###.txt 90 190 1
file.###.txt 90 190 2
file.###.txt 90 190 3
file.###.txt 90 190 4
file.###.txt 90 190 5
file.###.txt 90 190 6
file.###.txt 90 190 7
file.###.txt 90 190 8
file.###.txt 90 190 9
file.###.txt 90 190 10
file.###.txt 90 190 11
file.###.txt 90 190 12
file.###.txt 90 190 13
file.###.txt 90 190 14
file.###.txt 90 190 15
file.###.txt 90 190 16
file.###.txt 90 190 17
file.###.txt 90 190 18
file.###.txt 90 190 19
file.###.txt 90 190 20
file.###.txt 90 190 21
file.###.txt 90 190 22
file.###.txt 90 190 23
file.###.txt 90 190 24
file.###.txt 90 190 25
file.###.txt 90 190 26
file.###.txt 90 190 27
file.###.txt 90 190 28
file.###.txt 90 190 29
file.###.txt 90 190 30
file.###.txt 90 190 31
file.###.txt 90 190 32
file.###.txt 90 190 33
file.###.txt 90 190 34
file.###.txt 90 190 35
file.###.txt 90 190 36
file.###.txt 90 190 37
file.###.txt 90 190 38
file.###.txt 90 190 39
file.###.txt 90 190 40
file.###.txt 90 190 41
file.###.txt 90 190 42
file.###.txt 90 190 43
file.###.txt 90 190 44
file.###.txt 90 190 45
file.###.txt 90 190 46
file.###.txt 90 190 47
file.###.txt 90 190 48
file.###.txt 90 190 49
file.###.txt 90 190 50
file.###.txt 90 190 51
file.###.txt 90 190 52
file.###.txt 90 190 53
file.###.txt 90 190 54
file.###.txt 90 190 55
file.###.txt 90 190 56
file.###.txt 90 190 57
file.###.txt 90 190 58
file.###.txt 90 190 59
file.###.txt 90 190 60
file.###.txt 90 190 61
file.###.txt 90 190 62
file.###.txt 90 190 63
file.###.txt 90 190 64
file.###.txt 90 190 65
file.###.txt 90 190 66
file.###.txt 90 190 67
file.###.txt 90 190 68
file.###.txt 90 190 69
file.###.txt 90 190 70
file.###.txt 90 190 71
file.###.txt 90 190 72
file.###.txt 90 190 73
file.###.txt 90 190 74
file.###.txt 90 190 75
file.###.txt 90 190 76
file.###.txt 90 190 77
file.###.txt 90 190 78
file.###.txt 90 190 79
file.###.txt 90 190 80
file.###.txt 90 190 81
file.###.txt 90 190 82
file.###.txt 90 190 83
file.###.txt 90 190 84
file.###.txt 90 190 85
file.###.txt 90 190 86
file.###.txt 90 190 87
file.###.txt 90 190 88
file.###.txt 90 190 89
file.###.txt 90 190 90
file.###.txt 90 190 91
file.###.txt 90 190 92
file.###.txt 90 190 93
file.###.txt 90 190 94
file.###.txt 90 190 95
file.###.txt 90 190 96
file.###.txt 90 190 97
file.###.txt 90 190 98
file.###.txt 90 190 99
file.###.txt 90 190 100
file.###.txt 90 190 0
file.###.txt 100 200 0
file.###.txt 90 190 0
------------------
Missing:
file.###.txt 90 190 0
file.###.txt 90 190 1
file.###.txt 90 190 2
file.###.txt 90 190 3
file.###.txt 90 190 4
file.###.txt 90 190 5
file.###.txt 90 190 6
file.###.txt 90 190 7
file.###.txt 90 190 8
file.###.txt 90 190 9
file.###.txt 90 190 10
file.###.txt 90 190 11
file.###.txt 90 190 12
file.###.txt 90 190 13
file.###.txt 90 190 14
file.###.txt 90 190 15
file.###.txt 90 190 16
file.###.txt 90 190 17
file.###.txt 90 190 18
file.###.txt 90 190 19
file.###.txt 90 190 20
file.###.txt 90 190 21
file.###.txt 90 190 22
file.###.txt 90 190 23
file.###.txt 90 190 24
file.###.txt 90 190 25
file.###.txt 90 190 26
file.###.txt 90 190 27
file.###.txt 90 190 28
file.###.txt 90 190 29
file.###.txt 90 190 30
file.###.txt 90 190 31
file.###.txt 90 190 32
file.###.txt 90 190 33
file.###.txt 90 190 34
file.###.txt 90 190 35
file.###.txt 90 190 36
file.###.txt 90 190 37
file.###.txt 90 190 38
file.###.txt 90 190 39
file.###.txt 90 190 40
file.###.txt 90 190 41
file.###.txt 90 190 42
file.###.txt 90 190 43
file.###.txt 90 190 44
file.###.txt 90 190 45
file.###.txt 90 190 46
file.###.txt 90 190 47
file.###.txt 90 190 48
file.###.txt 90 190 49
file.###.txt 90 190 50
file.###.txt 90 190 51
file.###.txt 90 190 52
file.###.txt 90 190 53
file.###.txt 90 190 54
file.###.txt 90 190 55
file.###.txt 90 190 56
file.###.txt 90 190 57
file.###.txt 90 190 58
file.###.txt 90 190 59
file.###.txt 90 190 60
file.###.txt 90 190 61
file.###.txt 90 190 62
file.###.txt 90 190 63
file.###.txt 90 190 64
file.###.txt 90 190 65
file.###.txt 90 190 66
file.###.txt 90 190 67
file.###.txt 90 190 68
file.###.txt 90 190 69
file.###.txt 90 190 70
file.###.txt 90 190 71
file.###.txt 90 190 72
file.###.txt 90 190 73
file.###.txt 90 190 74
file.###.txt 90 190 75
file.###.txt 90 190 76
file.###.txt 90 190 77
file.###.txt 90 190 78
file.###.txt 90 190 79
file.###.txt 90 190 80
file.###.txt 90 190 81
file.###.txt 90 190 82
file.###.txt 90 190 83
file.###.txt 90 190 84
file.###.txt 90 190 85
file.###.txt 90 190 86
file.###.txt 90 190 87
file.###.txt 90 190 88
file.###.txt 90 190 89
file.###.txt 90 190 90
file.###.txt 90 190 91
file.###.txt 90 190 92
file.###.txt 90 190 93
file.###.txt 90 190 94
file.###.txt 90 190 95
file.###.txt 90 190 96
file.###.txt 90 190 97
file.###.txt 90 190 98
file.###.txt 90 190 99
file.###.txt 90 190 100
file.###.txt 100 200 0
file.###.txt 100 200 1
file.###.txt 100 200 2
file.###.txt 100 200 3
file.###.txt 100 200 4
file.###.txt 100 200 5
file.###.txt 100 200 6
file.###.txt 100 200 7
file.###.txt 100 200 8
file.###.txt 100 200 9
file.###.txt 100 200 10
file.###.txt 100 200 11
file.###.txt 100 200 12
file.###.txt 100 200 13
file.###.txt 100 200 14
file.###.txt 100 200 15
file.###.txt 100 200 16
file.###.txt 100 200 17
file.###.txt 100 200 18
file.###.txt 100 200 19
file.###.txt 100 200 20
file.###.txt 100 200 21
file.###.txt 100 200 22
file.###.txt 100 200 23
file.###.txt 100 200 24
file.###.txt 100 200 25
file.###.txt 100 200 26
file.###.txt 100 200 27
file.###.txt 100 200 28
file.###.txt 100 200 29
file.###.txt 100 200 30
file.###.txt 100 200 31
file.###.txt 100 200 32
file.###.txt 100 200 33
file.###.txt 100 200 34
file.###.txt 100 200 35
file.###.txt 100 200 36
file.###.txt 100 200 37
file.###.txt 100 200 38
file.###.txt 100 200 39
file.###.txt 100 200 40
file.###.txt 100 200 41
file.###.txt 100 200 42
file.###.txt 100 200 43
file.###.txt 100 200 44
file.###.txt 100 200 45
file.###.txt 100 200 46
file.###.txt 100 200 47
file.###.txt 100 200 48
file.###.txt 100 200 49
file.###.txt 100 200 50
file.###.txt 100 200 51
file.###.txt 100 200 52
file.###.txt 100 200 53
file.###.txt 100 200 54
file.###.txt 100 200 55
file.###.txt 100 200 56
file.###.txt 100 200 57
file.###.txt 100 200 58
file.###.txt 100 200 59
file.###.txt 100 200 60
file.###.txt 100 200 61
file.###.txt 100 200 62
file.###.txt 100 200 63
file.###.txt 100 200 64
file.###.txt 100 200 65
file.###.txt 100 200 66
file.###.txt 100 200 67
file.###.txt 100 200 68
file.###.txt 100 200 69
file.###.txt 100 200 70
file.###.txt 100 200 71
file.###.txt 100 200 72
file.###.txt 100 200 73
file.###.txt 100 200 74
file.###.txt 100 200 75
file.###.txt 100 200 76
file.###.txt 100 200 77
file.###.txt 100 200 78
file.###.txt 100 200 79
file.###.txt 100 200 80
file.###.txt 100 200 81
file.###.txt 100 200 82
file.###.txt 100 200 83
file.###.txt 100 200 84
file.###.txt 100 200 85
file.###.txt 100 200 86
file.###.txt 100 200 87
file.###.txt 100 200 88
file.###.txt 100 200 89
file.###.txt 100 200 90
file.###.txt 100 200 91
file.###.txt 90 190 0
file.###.txt 90 190 1
file.###.txt 90 190 2
file.###.txt 90 190 3
file.###.txt 90 190 4
file.###.txt 90 190 5
file.###.txt 90 190 6
file.###.txt 90 190 7
file.###.txt 90 190 8
file.###.txt 90 190 9
file.###.txt 90 190 10
file.###.txt 90 190 11
file.###.txt 90 190 12
file.###.txt 90 190 13
file.###.txt 90 190 14
file.###.txt 90 190 15
file.###.txt 90 190 16
file.###.txt 90 190 17
file.###.txt 90 190 18
file.###.txt 90 190 19
file.###.txt 90 190 20
file.###.txt 90 190 21
file.###.txt 90 190 22
file.###.txt 90 190 23
file.###.txt 90 190 24
file.###.txt 90 190 25
file.###.txt 90 190 26
file.###.txt 90 190 27
file.###.txt 90 190 28
file.###.txt 90 190 29
file.###.txt 90 190 30
file.###.txt 90 190 31
file.###.txt 90 190 32
file.###.txt 90 190 33
file.###.txt 90 190 34
file.###.txt 90 190 35
file.###.txt 90 190 36
file.###.txt 90 190 37
file.###.txt 90 190 38
file.###.txt 90 190 39
file.###.txt 90 190 40
file.###.txt 90 190 41
file.###.txt 90 190 42
file.###.txt 90 190 43
file.###.txt 90 190 44
file.###.txt 90 190 45
file.###.txt 90 190 46
file.###.txt 90 190 47
file.###.txt 90 190 48
file.###.txt 90 190 49
file.###.txt 90 190 50
file.###.txt 90 190 51
file.###.txt 90 190 52
file.###.txt 90 190 53
file.###.txt 90 190 54
file.###.txt 90 190 55
file.###.txt 90 190 56
file.###.txt 90 190 57
file.###.txt 90 190 58
file.###.txt 90 190 59
file.###.txt 90 190 60
file.###.txt 90 190 61
file.###.txt 90 190 62
file.###.txt 90 190 63
file.###.txt 90 190 64
file.###.txt 90 190 65
file.###.txt 90 190 66
file.###.txt 90 190 67
file.###.txt 90 190 68
file.###.txt 90 190 69
file.###.txt 90 190 70
file.###.txt 90 190 71
file.###.txt 90 190 72
file.###.txt 90 190 73
file.###.txt 90 190 74
file.###.txt 90 190 75
file.###.txt 90 190 76
file.###.txt 90 190 77
file.###.txt 90 190 78
file.###.txt 90 190 79
file.###.txt 90 190 80
file.###.txt 90 190 81
file.###.txt 90 190 82
file.###.txt 90 190 83
file.###.txt 90 190 84
file.###.txt 90 190 85
file.###.txt 90 190 86
file.###.txt 90 190 87
file.###.txt 90 190 88
file.###.txt 90 190 89
file.###.txt 90 190 90
file.###.txt 90 190 91
file.###.txt 90 190 92
file.###.txt 90 190 93
file.###.txt 90 190 94
file.###.txt 90 190 95
file.###.txt 90 190 96
file.###.txt 90 190 97
file.###.txt 90 190 98
file.###.txt 90 190 99
file.###.txt 90 190 100
</system-out></testcase><testcase classname="zdevelop.tests.test_file_seq.TestSeqDisk" file="zdevelop/tests/test_file_seq.py" line="201" name="test_rename[file.110.txt-file-110-3-txt-False0]" time="0.076"><system-out>Original Dir List
file.###.txt 100 200 0
/tmp/pytest-of-vsts/pytest-0/test_rename_file_110_txt_file_0/src/file.100.txt
/tmp/pytest-of-vsts/pytest-0/test_rename_file_110_txt_file_0/src/file.101.txt
/tmp/pytest-of-vsts/pytest-0/test_rename_file_110_txt_file_0/src/file.102.txt
/tmp/pytest-of-vsts/pytest-0/test_rename_file_110_txt_file_0/src/file.103.txt
/tmp/pytest-of-vsts/pytest-0/test_rename_file_110_txt_file_0/src/file.104.txt
/tmp/pytest-of-vsts/pytest-0/test_rename_file_110_txt_file_0/src/file.105.txt
/tmp/pytest-of-vsts/pytest-0/test_rename_file_110_txt_file_0/src/file.106.txt
/tmp/pytest-of-vsts/pytest-0/test_rename_file_110_txt_file_0/src/file.107.txt
/tmp/pytest-of-vsts/pytest-0/test_rename_file_110_txt_file_0/src/file.108.txt
/tmp/pytest-of-vsts/pytest-0/test_rename_file_110_txt_file_0/src/file.109.txt
/tmp/pytest-of-vsts/pytest-0/test_rename_file_110_txt_file_0/src/file.110.txt
/tmp/pytest-of-vsts/pytest-0/test_rename_file_110_txt_file_0/src/file.111.txt
/tmp/pytest-of-vsts/pytest-0/test_rename_file_110_txt_file_0/src/file.112.txt
/tmp/pytest-of-vsts/pytest-0/test_rename_file_110_txt_file_0/src/file.113.txt
/tmp/pytest-of-vsts/pytest-0/test_rename_file_110_txt_file_0/src/file.114.txt
/tmp/pytest-of-vsts/pytest-0/test_rename_file_110_txt_file_0/src/file.115.txt
/tmp/pytest-of-vsts/pytest-0/test_rename_file_110_txt_file_0/src/file.116.txt
/tmp/pytest-of-vsts/pytest-0/test_rename_file_110_txt_file_0/src/file.117.txt
/tmp/pytest-of-vsts/pytest-0/test_rename_file_110_txt_file_0/src/file.118.txt
/tmp/pytest-of-vsts/pytest-0/test_rename_file_110_txt_file_0/src/file.119.txt
/tmp/pytest-of-vsts/pytest-0/test_rename_file_110_txt_file_0/src/file.120.txt
/tmp/pytest-of-vsts/pytest-0/test_rename_file_110_txt_file_0/src/file.121.txt
/tmp/pytest-of-vsts/pytest-0/test_rename_file_110_txt_file_0/src/file.122.txt
/tmp/pytest-of-vsts/pytest-0/test_rename_file_110_txt_file_0/src/file.123.txt
/tmp/pytest-of-vsts/pytest-0/test_rename_file_110_txt_file_0/src/file.124.txt
/tmp/pytest-of-vsts/pytest-0/test_rename_file_110_txt_file_0/src/file.125.txt
/tmp/pytest-of-vsts/pytest-0/test_rename_file_110_txt_file_0/src/file.126.txt
/tmp/pytest-of-vsts/pytest-0/test_rename_file_110_txt_file_0/src/file.127.txt
/tmp/pytest-of-vsts/pytest-0/test_rename_file_110_txt_file_0/src/file.128.txt
/tmp/pytest-of-vsts/pytest-0/test_rename_file_110_txt_file_0/src/file.129.txt
/tmp/pytest-of-vsts/pytest-0/test_rename_file_110_txt_file_0/src/file.130.txt
/tmp/pytest-of-vsts/pytest-0/test_rename_file_110_txt_file_0/src/file.131.txt
/tmp/pytest-of-vsts/pytest-0/test_rename_file_110_txt_file_0/src/file.132.txt
/tmp/pytest-of-vsts/pytest-0/test_rename_file_110_txt_file_0/src/file.133.txt
/tmp/pytest-of-vsts/pytest-0/test_rename_file_110_txt_file_0/src/file.134.txt
/tmp/pytest-of-vsts/pytest-0/test_rename_file_110_txt_file_0/src/file.135.txt
/tmp/pytest-of-vsts/pytest-0/test_rename_file_110_txt_file_0/src/file.136.txt
/tmp/pytest-of-vsts/pytest-0/test_rename_file_110_txt_file_0/src/file.137.txt
/tmp/pytest-of-vsts/pytest-0/test_rename_file_110_txt_file_0/src/file.138.txt
/tmp/pytest-of-vsts/pytest-0/test_rename_file_110_txt_file_0/src/file.139.txt
/tmp/pytest-of-vsts/pytest-0/test_rename_file_110_txt_file_0/src/file.140.txt
/tmp/pytest-of-vsts/pytest-0/test_rename_file_110_txt_file_0/src/file.141.txt
/tmp/pytest-of-vsts/pytest-0/test_rename_file_110_txt_file_0/src/file.142.txt
/tmp/pytest-of-vsts/pytest-0/test_rename_file_110_txt_file_0/src/file.143.txt
/tmp/pytest-of-vsts/pytest-0/test_rename_file_110_txt_file_0/src/file.144.txt
/tmp/pytest-of-vsts/pytest-0/test_rename_file_110_txt_file_0/src/file.145.txt
/tmp/pytest-of-vsts/pytest-0/test_rename_file_110_txt_file_0/src/file.146.txt
/tmp/pytest-of-vsts/pytest-0/test_rename_file_110_txt_file_0/src/file.147.txt
/tmp/pytest-of-vsts/pytest-0/test_rename_file_110_txt_file_0/src/file.148.txt
/tmp/pytest-of-vsts/pytest-0/test_rename_file_110_txt_file_0/src/file.149.txt
/tmp/pytest-of-vsts/pytest-0/test_rename_file_110_txt_file_0/src/file.150.txt
/tmp/pytest-of-vsts/pytest-0/test_rename_file_110_txt_file_0/src/file.151.txt
/tmp/pytest-of-vsts/pytest-0/test_rename_file_110_txt_file_0/src/file.152.txt
/tmp/pytest-of-vsts/pytest-0/test_rename_file_110_txt_file_0/src/file.153.txt
/tmp/pytest-of-vsts/pytest-0/test_rename_file_110_txt_file_0/src/file.154.txt
/tmp/pytest-of-vsts/pytest-0/test_rename_file_110_txt_file_0/src/file.155.txt
/tmp/pytest-of-vsts/pytest-0/test_rename_file_110_txt_file_0/src/file.156.txt
/tmp/pytest-of-vsts/pytest-0/test_rename_file_110_txt_file_0/src/file.157.txt
/tmp/pytest-of-vsts/pytest-0/test_rename_file_110_txt_file_0/src/file.158.txt
/tmp/pytest-of-vsts/pytest-0/test_rename_file_110_txt_file_0/src/file.159.txt
/tmp/pytest-of-vsts/pytest-0/test_rename_file_110_txt_file_0/src/file.160.txt
/tmp/pytest-of-vsts/pytest-0/test_rename_file_110_txt_file_0/src/file.161.txt
/tmp/pytest-of-vsts/pytest-0/test_rename_file_110_txt_file_0/src/file.162.txt
/tmp/pytest-of-vsts/pytest-0/test_rename_file_110_txt_file_0/src/file.163.txt
/tmp/pytest-of-vsts/pytest-0/test_rename_file_110_txt_file_0/src/file.164.txt
/tmp/pytest-of-vsts/pytest-0/test_rename_file_110_txt_file_0/src/file.165.txt
/tmp/pytest-of-vsts/pytest-0/test_rename_file_110_txt_file_0/src/file.166.txt
/tmp/pytest-of-vsts/pytest-0/test_rename_file_110_txt_file_0/src/file.167.txt
/tmp/pytest-of-vsts/pytest-0/test_rename_file_110_txt_file_0/src/file.168.txt
/tmp/pytest-of-vsts/pytest-0/test_rename_file_110_txt_file_0/src/file.169.txt
/tmp/pytest-of-vsts/pytest-0/test_rename_file_110_txt_file_0/src/file.170.txt
/tmp/pytest-of-vsts/pytest-0/test_rename_file_110_txt_file_0/src/file.171.txt
/tmp/pytest-of-vsts/pytest-0/test_rename_file_110_txt_file_0/src/file.172.txt
/tmp/pytest-of-vsts/pytest-0/test_rename_file_110_txt_file_0/src/file.173.txt
/tmp/pytest-of-vsts/pytest-0/test_rename_file_110_txt_file_0/src/file.174.txt
/tmp/pytest-of-vsts/pytest-0/test_rename_file_110_txt_file_0/src/file.175.txt
/tmp/pytest-of-vsts/pytest-0/test_rename_file_110_txt_file_0/src/file.176.txt
/tmp/pytest-of-vsts/pytest-0/test_rename_file_110_txt_file_0/src/file.177.txt
/tmp/pytest-of-vsts/pytest-0/test_rename_file_110_txt_file_0/src/file.178.txt
/tmp/pytest-of-vsts/pytest-0/test_rename_file_110_txt_file_0/src/file.179.txt
/tmp/pytest-of-vsts/pytest-0/test_rename_file_110_txt_file_0/src/file.180.txt
/tmp/pytest-of-vsts/pytest-0/test_rename_file_110_txt_file_0/src/file.181.txt
/tmp/pytest-of-vsts/pytest-0/test_rename_file_110_txt_file_0/src/file.182.txt
/tmp/pytest-of-vsts/pytest-0/test_rename_file_110_txt_file_0/src/file.183.txt
/tmp/pytest-of-vsts/pytest-0/test_rename_file_110_txt_file_0/src/file.184.txt
/tmp/pytest-of-vsts/pytest-0/test_rename_file_110_txt_file_0/src/file.185.txt
/tmp/pytest-of-vsts/pytest-0/test_rename_file_110_txt_file_0/src/file.186.txt
/tmp/pytest-of-vsts/pytest-0/test_rename_file_110_txt_file_0/src/file.187.txt
/tmp/pytest-of-vsts/pytest-0/test_rename_file_110_txt_file_0/src/file.188.txt
/tmp/pytest-of-vsts/pytest-0/test_rename_file_110_txt_file_0/src/file.189.txt
/tmp/pytest-of-vsts/pytest-0/test_rename_file_110_txt_file_0/src/file.190.txt
/tmp/pytest-of-vsts/pytest-0/test_rename_file_110_txt_file_0/src/file.191.txt
/tmp/pytest-of-vsts/pytest-0/test_rename_file_110_txt_file_0/src/file.192.txt
/tmp/pytest-of-vsts/pytest-0/test_rename_file_110_txt_file_0/src/file.193.txt
/tmp/pytest-of-vsts/pytest-0/test_rename_file_110_txt_file_0/src/file.194.txt
/tmp/pytest-of-vsts/pytest-0/test_rename_file_110_txt_file_0/src/file.195.txt
/tmp/pytest-of-vsts/pytest-0/test_rename_file_110_txt_file_0/src/file.196.txt
/tmp/pytest-of-vsts/pytest-0/test_rename_file_110_txt_file_0/src/file.197.txt
/tmp/pytest-of-vsts/pytest-0/test_rename_file_110_txt_file_0/src/file.198.txt
/tmp/pytest-of-vsts/pytest-0/test_rename_file_110_txt_file_0/src/file.199.txt
/tmp/pytest-of-vsts/pytest-0/test_rename_file_110_txt_file_0/src/file.200.txt
------------------
file.###.txt 100 200 0
file.###.txt 100 200 1
file.###.txt 100 200 2
file.###.txt 100 200 3
file.###.txt 100 200 4
file.###.txt 100 200 5
file.###.txt 100 200 6
file.###.txt 100 200 7
file.###.txt 100 200 8
file.###.txt 100 200 9
file.###.txt 100 200 10
file.###.txt 100 200 11
file.###.txt 100 200 12
file.###.txt 100 200 13
file.###.txt 100 200 14
file.###.txt 100 200 15
file.###.txt 100 200 16
file.###.txt 100 200 17
file.###.txt 100 200 18
file.###.txt 100 200 19
file.###.txt 100 200 20
file.###.txt 100 200 21
file.###.txt 100 200 22
file.###.txt 100 200 23
file.###.txt 100 200 24
file.###.txt 100 200 25
file.###.txt 100 200 26
file.###.txt 100 200 27
file.###.txt 100 200 28
file.###.txt 100 200 29
file.###.txt 100 200 30
file.###.txt 100 200 31
file.###.txt 100 200 32
file.###.txt 100 200 33
file.###.txt 100 200 34
file.###.txt 100 200 35
file.###.txt 100 200 36
file.###.txt 100 200 37
file.###.txt 100 200 38
file.###.txt 100 200 39
file.###.txt 100 200 40
file.###.txt 100 200 41
file.###.txt 100 200 42
file.###.txt 100 200 43
file.###.txt 100 200 44
file.###.txt 100 200 45
file.###.txt 100 200 46
file.###.txt 100 200 47
file.###.txt 100 200 48
file.###.txt 100 200 49
file.###.txt 100 200 50
file.###.txt 100 200 51
file.###.txt 100 200 52
file.###.txt 100 200 53
file.###.txt 100 200 54
file.###.txt 100 200 55
file.###.txt 100 200 56
file.###.txt 100 200 57
file.###.txt 100 200 58
file.###.txt 100 200 59
file.###.txt 100 200 60
file.###.txt 100 200 61
file.###.txt 100 200 62
file.###.txt 100 200 63
file.###.txt 100 200 64
file.###.txt 100 200 65
file.###.txt 100 200 66
file.###.txt 100 200 67
file.###.txt 100 200 68
file.###.txt 100 200 69
file.###.txt 100 200 70
file.###.txt 100 200 71
file.###.txt 100 200 72
file.###.txt 100 200 73
file.###.txt 100 200 74
file.###.txt 100 200 75
file.###.txt 100 200 76
file.###.txt 100 200 77
file.###.txt 100 200 78
file.###.txt 100 200 79
file.###.txt 100 200 80
file.###.txt 100 200 81
file.###.txt 100 200 82
file.###.txt 100 200 83
file.###.txt 100 200 84
file.###.txt 100 200 85
file.###.txt 100 200 86
file.###.txt 100 200 87
file.###.txt 100 200 88
file.###.txt 100 200 89
file.###.txt 100 200 90
file.###.txt 100 200 91
file.###.txt 100 200 92
file.###.txt 100 200 93
file.###.txt 100 200 94
file.###.txt 100 200 95
file.###.txt 100 200 96
file.###.txt 100 200 97
file.###.txt 100 200 98
file.###.txt 100 200 99
file.###.txt 100 200 100
file.###.txt 100 200 100
file.###.txt 100 200 99
file.###.txt 100 200 98
file.###.txt 100 200 97
file.###.txt 100 200 96
file.###.txt 100 200 95
file.###.txt 100 200 94
file.###.txt 100 200 93
file.###.txt 100 200 92
file.###.txt 100 200 91
file.###.txt 100 200 90
file.###.txt 100 200 89
file.###.txt 100 200 88
file.###.txt 100 200 87
file.###.txt 100 200 86
file.###.txt 100 200 85
file.###.txt 100 200 84
file.###.txt 100 200 83
file.###.txt 100 200 82
file.###.txt 100 200 81
file.###.txt 100 200 80
file.###.txt 100 200 79
file.###.txt 100 200 78
file.###.txt 100 200 77
file.###.txt 100 200 76
file.###.txt 100 200 75
file.###.txt 100 200 74
file.###.txt 100 200 73
file.###.txt 100 200 72
file.###.txt 100 200 71
file.###.txt 100 200 70
file.###.txt 100 200 69
file.###.txt 100 200 68
file.###.txt 100 200 67
file.###.txt 100 200 66
file.###.txt 100 200 65
file.###.txt 100 200 64
file.###.txt 100 200 63
file.###.txt 100 200 62
file.###.txt 100 200 61
file.###.txt 100 200 60
file.###.txt 100 200 59
file.###.txt 100 200 58
file.###.txt 100 200 57
file.###.txt 100 200 56
file.###.txt 100 200 55
file.###.txt 100 200 54
file.###.txt 100 200 53
file.###.txt 100 200 52
file.###.txt 100 200 51
file.###.txt 100 200 50
file.###.txt 100 200 49
file.###.txt 100 200 48
file.###.txt 100 200 47
file.###.txt 100 200 46
file.###.txt 100 200 45
file.###.txt 100 200 44
file.###.txt 100 200 43
file.###.txt 100 200 42
file.###.txt 100 200 41
file.###.txt 100 200 40
file.###.txt 100 200 39
file.###.txt 100 200 38
file.###.txt 100 200 37
file.###.txt 100 200 36
file.###.txt 100 200 35
file.###.txt 100 200 34
file.###.txt 100 200 33
file.###.txt 100 200 32
file.###.txt 100 200 31
file.###.txt 100 200 30
file.###.txt 100 200 29
file.###.txt 100 200 28
file.###.txt 100 200 27
file.###.txt 100 200 26
file.###.txt 100 200 25
file.###.txt 100 200 24
file.###.txt 100 200 23
file.###.txt 100 200 22
file.###.txt 100 200 21
file.###.txt 100 200 20
file.###.txt 100 200 19
file.###.txt 100 200 18
file.###.txt 100 200 17
file.###.txt 100 200 16
file.###.txt 100 200 15
file.###.txt 100 200 14
file.###.txt 100 200 13
file.###.txt 100 200 12
file.###.txt 100 200 11
file.###.txt 100 200 10
file.###.txt 100 200 9
file.###.txt 100 200 8
file.###.txt 100 200 7
file.###.txt 100 200 6
file.###.txt 100 200 5
file.###.txt 100 200 4
file.###.txt 100 200 3
file.###.txt 100 200 2
file.###.txt 100 200 1
file.###.txt 100 200 0
------------------
Post-rename Dir List
file.###.txt 100 200 0
/tmp/pytest-of-vsts/pytest-0/test_rename_file_110_txt_file_0/src/file.110.txt
/tmp/pytest-of-vsts/pytest-0/test_rename_file_110_txt_file_0/src/file.111.txt
/tmp/pytest-of-vsts/pytest-0/test_rename_file_110_txt_file_0/src/file.112.txt
/tmp/pytest-of-vsts/pytest-0/test_rename_file_110_txt_file_0/src/file.113.txt
/tmp/pytest-of-vsts/pytest-0/test_rename_file_110_txt_file_0/src/file.114.txt
/tmp/pytest-of-vsts/pytest-0/test_rename_file_110_txt_file_0/src/file.115.txt
/tmp/pytest-of-vsts/pytest-0/test_rename_file_110_txt_file_0/src/file.116.txt
/tmp/pytest-of-vsts/pytest-0/test_rename_file_110_txt_file_0/src/file.117.txt
/tmp/pytest-of-vsts/pytest-0/test_rename_file_110_txt_file_0/src/file.118.txt
/tmp/pytest-of-vsts/pytest-0/test_rename_file_110_txt_file_0/src/file.119.txt
/tmp/pytest-of-vsts/pytest-0/test_rename_file_110_txt_file_0/src/file.120.txt
/tmp/pytest-of-vsts/pytest-0/test_rename_file_110_txt_file_0/src/file.121.txt
/tmp/pytest-of-vsts/pytest-0/test_rename_file_110_txt_file_0/src/file.122.txt
/tmp/pytest-of-vsts/pytest-0/test_rename_file_110_txt_file_0/src/file.123.txt
/tmp/pytest-of-vsts/pytest-0/test_rename_file_110_txt_file_0/src/file.124.txt
/tmp/pytest-of-vsts/pytest-0/test_rename_file_110_txt_file_0/src/file.125.txt
/tmp/pytest-of-vsts/pytest-0/test_rename_file_110_txt_file_0/src/file.126.txt
/tmp/pytest-of-vsts/pytest-0/test_rename_file_110_txt_file_0/src/file.127.txt
/tmp/pytest-of-vsts/pytest-0/test_rename_file_110_txt_file_0/src/file.128.txt
/tmp/pytest-of-vsts/pytest-0/test_rename_file_110_txt_file_0/src/file.129.txt
/tmp/pytest-of-vsts/pytest-0/test_rename_file_110_txt_file_0/src/file.130.txt
/tmp/pytest-of-vsts/pytest-0/test_rename_file_110_txt_file_0/src/file.131.txt
/tmp/pytest-of-vsts/pytest-0/test_rename_file_110_txt_file_0/src/file.132.txt
/tmp/pytest-of-vsts/pytest-0/test_rename_file_110_txt_file_0/src/file.133.txt
/tmp/pytest-of-vsts/pytest-0/test_rename_file_110_txt_file_0/src/file.134.txt
/tmp/pytest-of-vsts/pytest-0/test_rename_file_110_txt_file_0/src/file.135.txt
/tmp/pytest-of-vsts/pytest-0/test_rename_file_110_txt_file_0/src/file.136.txt
/tmp/pytest-of-vsts/pytest-0/test_rename_file_110_txt_file_0/src/file.137.txt
/tmp/pytest-of-vsts/pytest-0/test_rename_file_110_txt_file_0/src/file.138.txt
/tmp/pytest-of-vsts/pytest-0/test_rename_file_110_txt_file_0/src/file.139.txt
/tmp/pytest-of-vsts/pytest-0/test_rename_file_110_txt_file_0/src/file.140.txt
/tmp/pytest-of-vsts/pytest-0/test_rename_file_110_txt_file_0/src/file.141.txt
/tmp/pytest-of-vsts/pytest-0/test_rename_file_110_txt_file_0/src/file.142.txt
/tmp/pytest-of-vsts/pytest-0/test_rename_file_110_txt_file_0/src/file.143.txt
/tmp/pytest-of-vsts/pytest-0/test_rename_file_110_txt_file_0/src/file.144.txt
/tmp/pytest-of-vsts/pytest-0/test_rename_file_110_txt_file_0/src/file.145.txt
/tmp/pytest-of-vsts/pytest-0/test_rename_file_110_txt_file_0/src/file.146.txt
/tmp/pytest-of-vsts/pytest-0/test_rename_file_110_txt_file_0/src/file.147.txt
/tmp/pytest-of-vsts/pytest-0/test_rename_file_110_txt_file_0/src/file.148.txt
/tmp/pytest-of-vsts/pytest-0/test_rename_file_110_txt_file_0/src/file.149.txt
/tmp/pytest-of-vsts/pytest-0/test_rename_file_110_txt_file_0/src/file.150.txt
/tmp/pytest-of-vsts/pytest-0/test_rename_file_110_txt_file_0/src/file.151.txt
/tmp/pytest-of-vsts/pytest-0/test_rename_file_110_txt_file_0/src/file.152.txt
/tmp/pytest-of-vsts/pytest-0/test_rename_file_110_txt_file_0/src/file.153.txt
/tmp/pytest-of-vsts/pytest-0/test_rename_file_110_txt_file_0/src/file.154.txt
/tmp/pytest-of-vsts/pytest-0/test_rename_file_110_txt_file_0/src/file.155.txt
/tmp/pytest-of-vsts/pytest-0/test_rename_file_110_txt_file_0/src/file.156.txt
/tmp/pytest-of-vsts/pytest-0/test_rename_file_110_txt_file_0/src/file.157.txt
/tmp/pytest-of-vsts/pytest-0/test_rename_file_110_txt_file_0/src/file.158.txt
/tmp/pytest-of-vsts/pytest-0/test_rename_file_110_txt_file_0/src/file.159.txt
/tmp/pytest-of-vsts/pytest-0/test_rename_file_110_txt_file_0/src/file.160.txt
/tmp/pytest-of-vsts/pytest-0/test_rename_file_110_txt_file_0/src/file.161.txt
/tmp/pytest-of-vsts/pytest-0/test_rename_file_110_txt_file_0/src/file.162.txt
/tmp/pytest-of-vsts/pytest-0/test_rename_file_110_txt_file_0/src/file.163.txt
/tmp/pytest-of-vsts/pytest-0/test_rename_file_110_txt_file_0/src/file.164.txt
/tmp/pytest-of-vsts/pytest-0/test_rename_file_110_txt_file_0/src/file.165.txt
/tmp/pytest-of-vsts/pytest-0/test_rename_file_110_txt_file_0/src/file.166.txt
/tmp/pytest-of-vsts/pytest-0/test_rename_file_110_txt_file_0/src/file.167.txt
/tmp/pytest-of-vsts/pytest-0/test_rename_file_110_txt_file_0/src/file.168.txt
/tmp/pytest-of-vsts/pytest-0/test_rename_file_110_txt_file_0/src/file.169.txt
/tmp/pytest-of-vsts/pytest-0/test_rename_file_110_txt_file_0/src/file.170.txt
/tmp/pytest-of-vsts/pytest-0/test_rename_file_110_txt_file_0/src/file.171.txt
/tmp/pytest-of-vsts/pytest-0/test_rename_file_110_txt_file_0/src/file.172.txt
/tmp/pytest-of-vsts/pytest-0/test_rename_file_110_txt_file_0/src/file.173.txt
/tmp/pytest-of-vsts/pytest-0/test_rename_file_110_txt_file_0/src/file.174.txt
/tmp/pytest-of-vsts/pytest-0/test_rename_file_110_txt_file_0/src/file.175.txt
/tmp/pytest-of-vsts/pytest-0/test_rename_file_110_txt_file_0/src/file.176.txt
/tmp/pytest-of-vsts/pytest-0/test_rename_file_110_txt_file_0/src/file.177.txt
/tmp/pytest-of-vsts/pytest-0/test_rename_file_110_txt_file_0/src/file.178.txt
/tmp/pytest-of-vsts/pytest-0/test_rename_file_110_txt_file_0/src/file.179.txt
/tmp/pytest-of-vsts/pytest-0/test_rename_file_110_txt_file_0/src/file.180.txt
/tmp/pytest-of-vsts/pytest-0/test_rename_file_110_txt_file_0/src/file.181.txt
/tmp/pytest-of-vsts/pytest-0/test_rename_file_110_txt_file_0/src/file.182.txt
/tmp/pytest-of-vsts/pytest-0/test_rename_file_110_txt_file_0/src/file.183.txt
/tmp/pytest-of-vsts/pytest-0/test_rename_file_110_txt_file_0/src/file.184.txt
/tmp/pytest-of-vsts/pytest-0/test_rename_file_110_txt_file_0/src/file.185.txt
/tmp/pytest-of-vsts/pytest-0/test_rename_file_110_txt_file_0/src/file.186.txt
/tmp/pytest-of-vsts/pytest-0/test_rename_file_110_txt_file_0/src/file.187.txt
/tmp/pytest-of-vsts/pytest-0/test_rename_file_110_txt_file_0/src/file.188.txt
/tmp/pytest-of-vsts/pytest-0/test_rename_file_110_txt_file_0/src/file.189.txt
/tmp/pytest-of-vsts/pytest-0/test_rename_file_110_txt_file_0/src/file.190.txt
/tmp/pytest-of-vsts/pytest-0/test_rename_file_110_txt_file_0/src/file.191.txt
/tmp/pytest-of-vsts/pytest-0/test_rename_file_110_txt_file_0/src/file.192.txt
/tmp/pytest-of-vsts/pytest-0/test_rename_file_110_txt_file_0/src/file.193.txt
/tmp/pytest-of-vsts/pytest-0/test_rename_file_110_txt_file_0/src/file.194.txt
/tmp/pytest-of-vsts/pytest-0/test_rename_file_110_txt_file_0/src/file.195.txt
/tmp/pytest-of-vsts/pytest-0/test_rename_file_110_txt_file_0/src/file.196.txt
/tmp/pytest-of-vsts/pytest-0/test_rename_file_110_txt_file_0/src/file.197.txt
/tmp/pytest-of-vsts/pytest-0/test_rename_file_110_txt_file_0/src/file.198.txt
/tmp/pytest-of-vsts/pytest-0/test_rename_file_110_txt_file_0/src/file.199.txt
/tmp/pytest-of-vsts/pytest-0/test_rename_file_110_txt_file_0/src/file.200.txt
/tmp/pytest-of-vsts/pytest-0/test_rename_file_110_txt_file_0/src/file.201.txt
/tmp/pytest-of-vsts/pytest-0/test_rename_file_110_txt_file_0/src/file.202.txt
/tmp/pytest-of-vsts/pytest-0/test_rename_file_110_txt_file_0/src/file.203.txt
/tmp/pytest-of-vsts/pytest-0/test_rename_file_110_txt_file_0/src/file.204.txt
/tmp/pytest-of-vsts/pytest-0/test_rename_file_110_txt_file_0/src/file.205.txt
/tmp/pytest-of-vsts/pytest-0/test_rename_file_110_txt_file_0/src/file.206.txt
/tmp/pytest-of-vsts/pytest-0/test_rename_file_110_txt_file_0/src/file.207.txt
/tmp/pytest-of-vsts/pytest-0/test_rename_file_110_txt_file_0/src/file.208.txt
/tmp/pytest-of-vsts/pytest-0/test_rename_file_110_txt_file_0/src/file.209.txt
/tmp/pytest-of-vsts/pytest-0/test_rename_file_110_txt_file_0/src/file.210.txt
file.###.txt 110 210 0
file.###.txt 110 210 1
file.###.txt 110 210 2
file.###.txt 110 210 3
file.###.txt 110 210 4
file.###.txt 110 210 5
file.###.txt 110 210 6
file.###.txt 110 210 7
file.###.txt 110 210 8
file.###.txt 110 210 9
file.###.txt 110 210 10
file.###.txt 110 210 11
file.###.txt 110 210 12
file.###.txt 110 210 13
file.###.txt 110 210 14
file.###.txt 110 210 15
file.###.txt 110 210 16
file.###.txt 110 210 17
file.###.txt 110 210 18
file.###.txt 110 210 19
file.###.txt 110 210 20
file.###.txt 110 210 21
file.###.txt 110 210 22
file.###.txt 110 210 23
file.###.txt 110 210 24
file.###.txt 110 210 25
file.###.txt 110 210 26
file.###.txt 110 210 27
file.###.txt 110 210 28
file.###.txt 110 210 29
file.###.txt 110 210 30
file.###.txt 110 210 31
file.###.txt 110 210 32
file.###.txt 110 210 33
file.###.txt 110 210 34
file.###.txt 110 210 35
file.###.txt 110 210 36
file.###.txt 110 210 37
file.###.txt 110 210 38
file.###.txt 110 210 39
file.###.txt 110 210 40
file.###.txt 110 210 41
file.###.txt 110 210 42
file.###.txt 110 210 43
file.###.txt 110 210 44
file.###.txt 110 210 45
file.###.txt 110 210 46
file.###.txt 110 210 47
file.###.txt 110 210 48
file.###.txt 110 210 49
file.###.txt 110 210 50
file.###.txt 110 210 51
file.###.txt 110 210 52
file.###.txt 110 210 53
file.###.txt 110 210 54
file.###.txt 110 210 55
file.###.txt 110 210 56
file.###.txt 110 210 57
file.###.txt 110 210 58
file.###.txt 110 210 59
file.###.txt 110 210 60
file.###.txt 110 210 61
file.###.txt 110 210 62
file.###.txt 110 210 63
file.###.txt 110 210 64
file.###.txt 110 210 65
file.###.txt 110 210 66
file.###.txt 110 210 67
file.###.txt 110 210 68
file.###.txt 110 210 69
file.###.txt 110 210 70
file.###.txt 110 210 71
file.###.txt 110 210 72
file.###.txt 110 210 73
file.###.txt 110 210 74
file.###.txt 110 210 75
file.###.txt 110 210 76
file.###.txt 110 210 77
file.###.txt 110 210 78
file.###.txt 110 210 79
file.###.txt 110 210 80
file.###.txt 110 210 81
file.###.txt 110 210 82
file.###.txt 110 210 83
file.###.txt 110 210 84
file.###.txt 110 210 85
file.###.txt 110 210 86
file.###.txt 110 210 87
file.###.txt 110 210 88
file.###.txt 110 210 89
file.###.txt 110 210 90
file.###.txt 110 210 91
file.###.txt 110 210 92
file.###.txt 110 210 93
file.###.txt 110 210 94
file.###.txt 110 210 95
file.###.txt 110 210 96
file.###.txt 110 210 97
file.###.txt 110 210 98
file.###.txt 110 210 99
file.###.txt 110 210 100
file.###.txt 110 210 0
file.###.txt 100 200 0
file.###.txt 110 210 0
------------------
Missing:
file.###.txt 110 210 0
file.###.txt 110 210 1
file.###.txt 110 210 2
file.###.txt 110 210 3
file.###.txt 110 210 4
file.###.txt 110 210 5
file.###.txt 110 210 6
file.###.txt 110 210 7
file.###.txt 110 210 8
file.###.txt 110 210 9
file.###.txt 110 210 10
file.###.txt 110 210 11
file.###.txt 110 210 12
file.###.txt 110 210 13
file.###.txt 110 210 14
file.###.txt 110 210 15
file.###.txt 110 210 16
file.###.txt 110 210 17
file.###.txt 110 210 18
file.###.txt 110 210 19
file.###.txt 110 210 20
file.###.txt 110 210 21
file.###.txt 110 210 22
file.###.txt 110 210 23
file.###.txt 110 210 24
file.###.txt 110 210 25
file.###.txt 110 210 26
file.###.txt 110 210 27
file.###.txt 110 210 28
file.###.txt 110 210 29
file.###.txt 110 210 30
file.###.txt 110 210 31
file.###.txt 110 210 32
file.###.txt 110 210 33
file.###.txt 110 210 34
file.###.txt 110 210 35
file.###.txt 110 210 36
file.###.txt 110 210 37
file.###.txt 110 210 38
file.###.txt 110 210 39
file.###.txt 110 210 40
file.###.txt 110 210 41
file.###.txt 110 210 42
file.###.txt 110 210 43
file.###.txt 110 210 44
file.###.txt 110 210 45
file.###.txt 110 210 46
file.###.txt 110 210 47
file.###.txt 110 210 48
file.###.txt 110 210 49
file.###.txt 110 210 50
file.###.txt 110 210 51
file.###.txt 110 210 52
file.###.txt 110 210 53
file.###.txt 110 210 54
file.###.txt 110 210 55
file.###.txt 110 210 56
file.###.txt 110 210 57
file.###.txt 110 210 58
file.###.txt 110 210 59
file.###.txt 110 210 60
file.###.txt 110 210 61
file.###.txt 110 210 62
file.###.txt 110 210 63
file.###.txt 110 210 64
file.###.txt 110 210 65
file.###.txt 110 210 66
file.###.txt 110 210 67
file.###.txt 110 210 68
file.###.txt 110 210 69
file.###.txt 110 210 70
file.###.txt 110 210 71
file.###.txt 110 210 72
file.###.txt 110 210 73
file.###.txt 110 210 74
file.###.txt 110 210 75
file.###.txt 110 210 76
file.###.txt 110 210 77
file.###.txt 110 210 78
file.###.txt 110 210 79
file.###.txt 110 210 80
file.###.txt 110 210 81
file.###.txt 110 210 82
file.###.txt 110 210 83
file.###.txt 110 210 84
file.###.txt 110 210 85
file.###.txt 110 210 86
file.###.txt 110 210 87
file.###.txt 110 210 88
file.###.txt 110 210 89
file.###.txt 110 210 90
file.###.txt 110 210 91
file.###.txt 110 210 92
file.###.txt 110 210 93
file.###.txt 110 210 94
file.###.txt 110 210 95
file.###.txt 110 210 96
file.###.txt 110 210 97
file.###.txt 110 210 98
file.###.txt 110 210 99
file.###.txt 110 210 100
file.###.txt 100 200 0
file.###.txt 110 210 0
file.###.txt 110 210 1
file.###.txt 110 210 2
file.###.txt 110 210 3
file.###.txt 110 210 4
file.###.txt 110 210 5
file.###.txt 110 210 6
file.###.txt 110 210 7
file.###.txt 110 210 8
file.###.txt 110 210 9
file.###.txt 110 210 10
file.###.txt 110 210 11
file.###.txt 110 210 12
file.###.txt 110 210 13
file.###.txt 110 210 14
file.###.txt 110 210 15
file.###.txt 110 210 16
file.###.txt 110 210 17
file.###.txt 110 210 18
file.###.txt 110 210 19
file.###.txt 110 210 20
file.###.txt 110 210 21
file.###.txt 110 210 22
file.###.txt 110 210 23
file.###.txt 110 210 24
file.###.txt 110 210 25
file.###.txt 110 210 26
file.###.txt 110 210 27
file.###.txt 110 210 28
file.###.txt 110 210 29
file.###.txt 110 210 30
file.###.txt 110 210 31
file.###.txt 110 210 32
file.###.txt 110 210 33
file.###.txt 110 210 34
file.###.txt 110 210 35
file.###.txt 110 210 36
file.###.txt 110 210 37
file.###.txt 110 210 38
file.###.txt 110 210 39
file.###.txt 110 210 40
file.###.txt 110 210 41
file.###.txt 110 210 42
file.###.txt 110 210 43
file.###.txt 110 210 44
file.###.txt 110 210 45
file.###.txt 110 210 46
file.###.txt 110 210 47
file.###.txt 110 210 48
file.###.txt 110 210 49
file.###.txt 110 210 50
file.###.txt 110 210 51
file.###.txt 110 210 52
file.###.txt 110 210 53
file.###.txt 110 210 54
file.###.txt 110 210 55
file.###.txt 110 210 56
file.###.txt 110 210 57
file.###.txt 110 210 58
file.###.txt 110 210 59
file.###.txt 110 210 60
file.###.txt 110 210 61
file.###.txt 110 210 62
file.###.txt 110 210 63
file.###.txt 110 210 64
file.###.txt 110 210 65
file.###.txt 110 210 66
file.###.txt 110 210 67
file.###.txt 110 210 68
file.###.txt 110 210 69
file.###.txt 110 210 70
file.###.txt 110 210 71
file.###.txt 110 210 72
file.###.txt 110 210 73
file.###.txt 110 210 74
file.###.txt 110 210 75
file.###.txt 110 210 76
file.###.txt 110 210 77
file.###.txt 110 210 78
file.###.txt 110 210 79
file.###.txt 110 210 80
file.###.txt 110 210 81
file.###.txt 110 210 82
file.###.txt 110 210 83
file.###.txt 110 210 84
file.###.txt 110 210 85
file.###.txt 110 210 86
file.###.txt 110 210 87
file.###.txt 110 210 88
file.###.txt 110 210 89
file.###.txt 110 210 90
file.###.txt 110 210 91
file.###.txt 110 210 92
file.###.txt 110 210 93
file.###.txt 110 210 94
file.###.txt 110 210 95
file.###.txt 110 210 96
file.###.txt 110 210 97
file.###.txt 110 210 98
file.###.txt 110 210 99
file.###.txt 110 210 100
</system-out></testcase><testcase classname="zdevelop.tests.test_file_seq.TestSeqDisk" file="zdevelop/tests/test_file_seq.py" line="201" name="test_rename[file.110.txt-file-110-3-txt-False1]" time="0.075"><system-out>Original Dir List
file.###.txt 100 200 0
/tmp/pytest-of-vsts/pytest-0/test_rename_file_110_txt_file_1/src/file.100.txt
/tmp/pytest-of-vsts/pytest-0/test_rename_file_110_txt_file_1/src/file.101.txt
/tmp/pytest-of-vsts/pytest-0/test_rename_file_110_txt_file_1/src/file.102.txt
/tmp/pytest-of-vsts/pytest-0/test_rename_file_110_txt_file_1/src/file.103.txt
/tmp/pytest-of-vsts/pytest-0/test_rename_file_110_txt_file_1/src/file.104.txt
/tmp/pytest-of-vsts/pytest-0/test_rename_file_110_txt_file_1/src/file.105.txt
/tmp/pytest-of-vsts/pytest-0/test_rename_file_110_txt_file_1/src/file.106.txt
/tmp/pytest-of-vsts/pytest-0/test_rename_file_110_txt_file_1/src/file.107.txt
/tmp/pytest-of-vsts/pytest-0/test_rename_file_110_txt_file_1/src/file.108.txt
/tmp/pytest-of-vsts/pytest-0/test_rename_file_110_txt_file_1/src/file.109.txt
/tmp/pytest-of-vsts/pytest-0/test_rename_file_110_txt_file_1/src/file.110.txt
/tmp/pytest-of-vsts/pytest-0/test_rename_file_110_txt_file_1/src/file.111.txt
/tmp/pytest-of-vsts/pytest-0/test_rename_file_110_txt_file_1/src/file.112.txt
/tmp/pytest-of-vsts/pytest-0/test_rename_file_110_txt_file_1/src/file.113.txt
/tmp/pytest-of-vsts/pytest-0/test_rename_file_110_txt_file_1/src/file.114.txt
/tmp/pytest-of-vsts/pytest-0/test_rename_file_110_txt_file_1/src/file.115.txt
/tmp/pytest-of-vsts/pytest-0/test_rename_file_110_txt_file_1/src/file.116.txt
/tmp/pytest-of-vsts/pytest-0/test_rename_file_110_txt_file_1/src/file.117.txt
/tmp/pytest-of-vsts/pytest-0/test_rename_file_110_txt_file_1/src/file.118.txt
/tmp/pytest-of-vsts/pytest-0/test_rename_file_110_txt_file_1/src/file.119.txt
/tmp/pytest-of-vsts/pytest-0/test_rename_file_110_txt_file_1/src/file.120.txt
/tmp/pytest-of-vsts/pytest-0/test_rename_file_110_txt_file_1/src/file.121.txt
/tmp/pytest-of-vsts/pytest-0/test_rename_file_110_txt_file_1/src/file.122.txt
/tmp/pytest-of-vsts/pytest-0/test_rename_file_110_txt_file_1/src/file.123.txt
/tmp/pytest-of-vsts/pytest-0/test_rename_file_110_txt_file_1/src/file.124.txt
/tmp/pytest-of-vsts/pytest-0/test_rename_file_110_txt_file_1/src/file.125.txt
/tmp/pytest-of-vsts/pytest-0/test_rename_file_110_txt_file_1/src/file.126.txt
/tmp/pytest-of-vsts/pytest-0/test_rename_file_110_txt_file_1/src/file.127.txt
/tmp/pytest-of-vsts/pytest-0/test_rename_file_110_txt_file_1/src/file.128.txt
/tmp/pytest-of-vsts/pytest-0/test_rename_file_110_txt_file_1/src/file.129.txt
/tmp/pytest-of-vsts/pytest-0/test_rename_file_110_txt_file_1/src/file.130.txt
/tmp/pytest-of-vsts/pytest-0/test_rename_file_110_txt_file_1/src/file.131.txt
/tmp/pytest-of-vsts/pytest-0/test_rename_file_110_txt_file_1/src/file.132.txt
/tmp/pytest-of-vsts/pytest-0/test_rename_file_110_txt_file_1/src/file.133.txt
/tmp/pytest-of-vsts/pytest-0/test_rename_file_110_txt_file_1/src/file.134.txt
/tmp/pytest-of-vsts/pytest-0/test_rename_file_110_txt_file_1/src/file.135.txt
/tmp/pytest-of-vsts/pytest-0/test_rename_file_110_txt_file_1/src/file.136.txt
/tmp/pytest-of-vsts/pytest-0/test_rename_file_110_txt_file_1/src/file.137.txt
/tmp/pytest-of-vsts/pytest-0/test_rename_file_110_txt_file_1/src/file.138.txt
/tmp/pytest-of-vsts/pytest-0/test_rename_file_110_txt_file_1/src/file.139.txt
/tmp/pytest-of-vsts/pytest-0/test_rename_file_110_txt_file_1/src/file.140.txt
/tmp/pytest-of-vsts/pytest-0/test_rename_file_110_txt_file_1/src/file.141.txt
/tmp/pytest-of-vsts/pytest-0/test_rename_file_110_txt_file_1/src/file.142.txt
/tmp/pytest-of-vsts/pytest-0/test_rename_file_110_txt_file_1/src/file.143.txt
/tmp/pytest-of-vsts/pytest-0/test_rename_file_110_txt_file_1/src/file.144.txt
/tmp/pytest-of-vsts/pytest-0/test_rename_file_110_txt_file_1/src/file.145.txt
/tmp/pytest-of-vsts/pytest-0/test_rename_file_110_txt_file_1/src/file.146.txt
/tmp/pytest-of-vsts/pytest-0/test_rename_file_110_txt_file_1/src/file.147.txt
/tmp/pytest-of-vsts/pytest-0/test_rename_file_110_txt_file_1/src/file.148.txt
/tmp/pytest-of-vsts/pytest-0/test_rename_file_110_txt_file_1/src/file.149.txt
/tmp/pytest-of-vsts/pytest-0/test_rename_file_110_txt_file_1/src/file.150.txt
/tmp/pytest-of-vsts/pytest-0/test_rename_file_110_txt_file_1/src/file.151.txt
/tmp/pytest-of-vsts/pytest-0/test_rename_file_110_txt_file_1/src/file.152.txt
/tmp/pytest-of-vsts/pytest-0/test_rename_file_110_txt_file_1/src/file.153.txt
/tmp/pytest-of-vsts/pytest-0/test_rename_file_110_txt_file_1/src/file.154.txt
/tmp/pytest-of-vsts/pytest-0/test_rename_file_110_txt_file_1/src/file.155.txt
/tmp/pytest-of-vsts/pytest-0/test_rename_file_110_txt_file_1/src/file.156.txt
/tmp/pytest-of-vsts/pytest-0/test_rename_file_110_txt_file_1/src/file.157.txt
/tmp/pytest-of-vsts/pytest-0/test_rename_file_110_txt_file_1/src/file.158.txt
/tmp/pytest-of-vsts/pytest-0/test_rename_file_110_txt_file_1/src/file.159.txt
/tmp/pytest-of-vsts/pytest-0/test_rename_file_110_txt_file_1/src/file.160.txt
/tmp/pytest-of-vsts/pytest-0/test_rename_file_110_txt_file_1/src/file.161.txt
/tmp/pytest-of-vsts/pytest-0/test_rename_file_110_txt_file_1/src/file.162.txt
/tmp/pytest-of-vsts/pytest-0/test_rename_file_110_txt_file_1/src/file.163.txt
/tmp/pytest-of-vsts/pytest-0/test_rename_file_110_txt_file_1/src/file.164.txt
/tmp/pytest-of-vsts/pytest-0/test_rename_file_110_txt_file_1/src/file.165.txt
/tmp/pytest-of-vsts/pytest-0/test_rename_file_110_txt_file_1/src/file.166.txt
/tmp/pytest-of-vsts/pytest-0/test_rename_file_110_txt_file_1/src/file.167.txt
/tmp/pytest-of-vsts/pytest-0/test_rename_file_110_txt_file_1/src/file.168.txt
/tmp/pytest-of-vsts/pytest-0/test_rename_file_110_txt_file_1/src/file.169.txt
/tmp/pytest-of-vsts/pytest-0/test_rename_file_110_txt_file_1/src/file.170.txt
/tmp/pytest-of-vsts/pytest-0/test_rename_file_110_txt_file_1/src/file.171.txt
/tmp/pytest-of-vsts/pytest-0/test_rename_file_110_txt_file_1/src/file.172.txt
/tmp/pytest-of-vsts/pytest-0/test_rename_file_110_txt_file_1/src/file.173.txt
/tmp/pytest-of-vsts/pytest-0/test_rename_file_110_txt_file_1/src/file.174.txt
/tmp/pytest-of-vsts/pytest-0/test_rename_file_110_txt_file_1/src/file.175.txt
/tmp/pytest-of-vsts/pytest-0/test_rename_file_110_txt_file_1/src/file.176.txt
/tmp/pytest-of-vsts/pytest-0/test_rename_file_110_txt_file_1/src/file.177.txt
/tmp/pytest-of-vsts/pytest-0/test_rename_file_110_txt_file_1/src/file.178.txt
/tmp/pytest-of-vsts/pytest-0/test_rename_file_110_txt_file_1/src/file.179.txt
/tmp/pytest-of-vsts/pytest-0/test_rename_file_110_txt_file_1/src/file.180.txt
/tmp/pytest-of-vsts/pytest-0/test_rename_file_110_txt_file_1/src/file.181.txt
/tmp/pytest-of-vsts/pytest-0/test_rename_file_110_txt_file_1/src/file.182.txt
/tmp/pytest-of-vsts/pytest-0/test_rename_file_110_txt_file_1/src/file.183.txt
/tmp/pytest-of-vsts/pytest-0/test_rename_file_110_txt_file_1/src/file.184.txt
/tmp/pytest-of-vsts/pytest-0/test_rename_file_110_txt_file_1/src/file.185.txt
/tmp/pytest-of-vsts/pytest-0/test_rename_file_110_txt_file_1/src/file.186.txt
/tmp/pytest-of-vsts/pytest-0/test_rename_file_110_txt_file_1/src/file.187.txt
/tmp/pytest-of-vsts/pytest-0/test_rename_file_110_txt_file_1/src/file.188.txt
/tmp/pytest-of-vsts/pytest-0/test_rename_file_110_txt_file_1/src/file.189.txt
/tmp/pytest-of-vsts/pytest-0/test_rename_file_110_txt_file_1/src/file.190.txt
/tmp/pytest-of-vsts/pytest-0/test_rename_file_110_txt_file_1/src/file.191.txt
/tmp/pytest-of-vsts/pytest-0/test_rename_file_110_txt_file_1/src/file.192.txt
/tmp/pytest-of-vsts/pytest-0/test_rename_file_110_txt_file_1/src/file.193.txt
/tmp/pytest-of-vsts/pytest-0/test_rename_file_110_txt_file_1/src/file.194.txt
/tmp/pytest-of-vsts/pytest-0/test_rename_file_110_txt_file_1/src/file.195.txt
/tmp/pytest-of-vsts/pytest-0/test_rename_file_110_txt_file_1/src/file.196.txt
/tmp/pytest-of-vsts/pytest-0/test_rename_file_110_txt_file_1/src/file.197.txt
/tmp/pytest-of-vsts/pytest-0/test_rename_file_110_txt_file_1/src/file.198.txt
/tmp/pytest-of-vsts/pytest-0/test_rename_file_110_txt_file_1/src/file.199.txt
/tmp/pytest-of-vsts/pytest-0/test_rename_file_110_txt_file_1/src/file.200.txt
------------------
file.###.txt 100 200 0
file.###.txt 100 200 1
file.###.txt 100 200 2
file.###.txt 100 200 3
file.###.txt 100 200 4
file.###.txt 100 200 5
file.###.txt 100 200 6
file.###.txt 100 200 7
file.###.txt 100 200 8
file.###.txt 100 200 9
file.###.txt 100 200 10
file.###.txt 100 200 11
file.###.txt 100 200 12
file.###.txt 100 200 13
file.###.txt 100 200 14
file.###.txt 100 200 15
file.###.txt 100 200 16
file.###.txt 100 200 17
file.###.txt 100 200 18
file.###.txt 100 200 19
file.###.txt 100 200 20
file.###.txt 100 200 21
file.###.txt 100 200 22
file.###.txt 100 200 23
file.###.txt 100 200 24
file.###.txt 100 200 25
file.###.txt 100 200 26
file.###.txt 100 200 27
file.###.txt 100 200 28
file.###.txt 100 200 29
file.###.txt 100 200 30
file.###.txt 100 200 31
file.###.txt 100 200 32
file.###.txt 100 200 33
file.###.txt 100 200 34
file.###.txt 100 200 35
file.###.txt 100 200 36
file.###.txt 100 200 37
file.###.txt 100 200 38
file.###.txt 100 200 39
file.###.txt 100 200 40
file.###.txt 100 200 41
file.###.txt 100 200 42
file.###.txt 100 200 43
file.###.txt 100 200 44
file.###.txt 100 200 45
file.###.txt 100 200 46
file.###.txt 100 200 47
file.###.txt 100 200 48
file.###.txt 100 200 49
file.###.txt 100 200 50
file.###.txt 100 200 51
file.###.txt 100 200 52
file.###.txt 100 200 53
file.###.txt 100 200 54
file.###.txt 100 200 55
file.###.txt 100 200 56
file.###.txt 100 200 57
file.###.txt 100 200 58
file.###.txt 100 200 59
file.###.txt 100 200 60
file.###.txt 100 200 61
file.###.txt 100 200 62
file.###.txt 100 200 63
file.###.txt 100 200 64
file.###.txt 100 200 65
file.###.txt 100 200 66
file.###.txt 100 200 67
file.###.txt 100 200 68
file.###.txt 100 200 69
file.###.txt 100 200 70
file.###.txt 100 200 71
file.###.txt 100 200 72
file.###.txt 100 200 73
file.###.txt 100 200 74
file.###.txt 100 200 75
file.###.txt 100 200 76
file.###.txt 100 200 77
file.###.txt 100 200 78
file.###.txt 100 200 79
file.###.txt 100 200 80
file.###.txt 100 200 81
file.###.txt 100 200 82
file.###.txt 100 200 83
file.###.txt 100 200 84
file.###.txt 100 200 85
file.###.txt 100 200 86
file.###.txt 100 200 87
file.###.txt 100 200 88
file.###.txt 100 200 89
file.###.txt 100 200 90
file.###.txt 100 200 91
file.###.txt 100 200 92
file.###.txt 100 200 93
file.###.txt 100 200 94
file.###.txt 100 200 95
file.###.txt 100 200 96
file.###.txt 100 200 97
file.###.txt 100 200 98
file.###.txt 100 200 99
file.###.txt 100 200 100
file.###.txt 100 200 100
file.###.txt 100 200 99
file.###.txt 100 200 98
file.###.txt 100 200 97
file.###.txt 100 200 96
file.###.txt 100 200 95
file.###.txt 100 200 94
file.###.txt 100 200 93
file.###.txt 100 200 92
file.###.txt 100 200 91
file.###.txt 100 200 90
file.###.txt 100 200 89
file.###.txt 100 200 88
file.###.txt 100 200 87
file.###.txt 100 200 86
file.###.txt 100 200 85
file.###.txt 100 200 84
file.###.txt 100 200 83
file.###.txt 100 200 82
file.###.txt 100 200 81
file.###.txt 100 200 80
file.###.txt 100 200 79
file.###.txt 100 200 78
file.###.txt 100 200 77
file.###.txt 100 200 76
file.###.txt 100 200 75
file.###.txt 100 200 74
file.###.txt 100 200 73
file.###.txt 100 200 72
file.###.txt 100 200 71
file.###.txt 100 200 70
file.###.txt 100 200 69
file.###.txt 100 200 68
file.###.txt 100 200 67
file.###.txt 100 200 66
file.###.txt 100 200 65
file.###.txt 100 200 64
file.###.txt 100 200 63
file.###.txt 100 200 62
file.###.txt 100 200 61
file.###.txt 100 200 60
file.###.txt 100 200 59
file.###.txt 100 200 58
file.###.txt 100 200 57
file.###.txt 100 200 56
file.###.txt 100 200 55
file.###.txt 100 200 54
file.###.txt 100 200 53
file.###.txt 100 200 52
file.###.txt 100 200 51
file.###.txt 100 200 50
file.###.txt 100 200 49
file.###.txt 100 200 48
file.###.txt 100 200 47
file.###.txt 100 200 46
file.###.txt 100 200 45
file.###.txt 100 200 44
file.###.txt 100 200 43
file.###.txt 100 200 42
file.###.txt 100 200 41
file.###.txt 100 200 40
file.###.txt 100 200 39
file.###.txt 100 200 38
file.###.txt 100 200 37
file.###.txt 100 200 36
file.###.txt 100 200 35
file.###.txt 100 200 34
file.###.txt 100 200 33
file.###.txt 100 200 32
file.###.txt 100 200 31
file.###.txt 100 200 30
file.###.txt 100 200 29
file.###.txt 100 200 28
file.###.txt 100 200 27
file.###.txt 100 200 26
file.###.txt 100 200 25
file.###.txt 100 200 24
file.###.txt 100 200 23
file.###.txt 100 200 22
file.###.txt 100 200 21
file.###.txt 100 200 20
file.###.txt 100 200 19
file.###.txt 100 200 18
file.###.txt 100 200 17
file.###.txt 100 200 16
file.###.txt 100 200 15
file.###.txt 100 200 14
file.###.txt 100 200 13
file.###.txt 100 200 12
file.###.txt 100 200 11
file.###.txt 100 200 10
file.###.txt 100 200 9
file.###.txt 100 200 8
file.###.txt 100 200 7
file.###.txt 100 200 6
file.###.txt 100 200 5
file.###.txt 100 200 4
file.###.txt 100 200 3
file.###.txt 100 200 2
file.###.txt 100 200 1
file.###.txt 100 200 0
------------------
Post-rename Dir List
file.###.txt 100 200 0
/tmp/pytest-of-vsts/pytest-0/test_rename_file_110_txt_file_1/src/file.110.txt
/tmp/pytest-of-vsts/pytest-0/test_rename_file_110_txt_file_1/src/file.111.txt
/tmp/pytest-of-vsts/pytest-0/test_rename_file_110_txt_file_1/src/file.112.txt
/tmp/pytest-of-vsts/pytest-0/test_rename_file_110_txt_file_1/src/file.113.txt
/tmp/pytest-of-vsts/pytest-0/test_rename_file_110_txt_file_1/src/file.114.txt
/tmp/pytest-of-vsts/pytest-0/test_rename_file_110_txt_file_1/src/file.115.txt
/tmp/pytest-of-vsts/pytest-0/test_rename_file_110_txt_file_1/src/file.116.txt
/tmp/pytest-of-vsts/pytest-0/test_rename_file_110_txt_file_1/src/file.117.txt
/tmp/pytest-of-vsts/pytest-0/test_rename_file_110_txt_file_1/src/file.118.txt
/tmp/pytest-of-vsts/pytest-0/test_rename_file_110_txt_file_1/src/file.119.txt
/tmp/pytest-of-vsts/pytest-0/test_rename_file_110_txt_file_1/src/file.120.txt
/tmp/pytest-of-vsts/pytest-0/test_rename_file_110_txt_file_1/src/file.121.txt
/tmp/pytest-of-vsts/pytest-0/test_rename_file_110_txt_file_1/src/file.122.txt
/tmp/pytest-of-vsts/pytest-0/test_rename_file_110_txt_file_1/src/file.123.txt
/tmp/pytest-of-vsts/pytest-0/test_rename_file_110_txt_file_1/src/file.124.txt
/tmp/pytest-of-vsts/pytest-0/test_rename_file_110_txt_file_1/src/file.125.txt
/tmp/pytest-of-vsts/pytest-0/test_rename_file_110_txt_file_1/src/file.126.txt
/tmp/pytest-of-vsts/pytest-0/test_rename_file_110_txt_file_1/src/file.127.txt
/tmp/pytest-of-vsts/pytest-0/test_rename_file_110_txt_file_1/src/file.128.txt
/tmp/pytest-of-vsts/pytest-0/test_rename_file_110_txt_file_1/src/file.129.txt
/tmp/pytest-of-vsts/pytest-0/test_rename_file_110_txt_file_1/src/file.130.txt
/tmp/pytest-of-vsts/pytest-0/test_rename_file_110_txt_file_1/src/file.131.txt
/tmp/pytest-of-vsts/pytest-0/test_rename_file_110_txt_file_1/src/file.132.txt
/tmp/pytest-of-vsts/pytest-0/test_rename_file_110_txt_file_1/src/file.133.txt
/tmp/pytest-of-vsts/pytest-0/test_rename_file_110_txt_file_1/src/file.134.txt
/tmp/pytest-of-vsts/pytest-0/test_rename_file_110_txt_file_1/src/file.135.txt
/tmp/pytest-of-vsts/pytest-0/test_rename_file_110_txt_file_1/src/file.136.txt
/tmp/pytest-of-vsts/pytest-0/test_rename_file_110_txt_file_1/src/file.137.txt
/tmp/pytest-of-vsts/pytest-0/test_rename_file_110_txt_file_1/src/file.138.txt
/tmp/pytest-of-vsts/pytest-0/test_rename_file_110_txt_file_1/src/file.139.txt
/tmp/pytest-of-vsts/pytest-0/test_rename_file_110_txt_file_1/src/file.140.txt
/tmp/pytest-of-vsts/pytest-0/test_rename_file_110_txt_file_1/src/file.141.txt
/tmp/pytest-of-vsts/pytest-0/test_rename_file_110_txt_file_1/src/file.142.txt
/tmp/pytest-of-vsts/pytest-0/test_rename_file_110_txt_file_1/src/file.143.txt
/tmp/pytest-of-vsts/pytest-0/test_rename_file_110_txt_file_1/src/file.144.txt
/tmp/pytest-of-vsts/pytest-0/test_rename_file_110_txt_file_1/src/file.145.txt
/tmp/pytest-of-vsts/pytest-0/test_rename_file_110_txt_file_1/src/file.146.txt
/tmp/pytest-of-vsts/pytest-0/test_rename_file_110_txt_file_1/src/file.147.txt
/tmp/pytest-of-vsts/pytest-0/test_rename_file_110_txt_file_1/src/file.148.txt
/tmp/pytest-of-vsts/pytest-0/test_rename_file_110_txt_file_1/src/file.149.txt
/tmp/pytest-of-vsts/pytest-0/test_rename_file_110_txt_file_1/src/file.150.txt
/tmp/pytest-of-vsts/pytest-0/test_rename_file_110_txt_file_1/src/file.151.txt
/tmp/pytest-of-vsts/pytest-0/test_rename_file_110_txt_file_1/src/file.152.txt
/tmp/pytest-of-vsts/pytest-0/test_rename_file_110_txt_file_1/src/file.153.txt
/tmp/pytest-of-vsts/pytest-0/test_rename_file_110_txt_file_1/src/file.154.txt
/tmp/pytest-of-vsts/pytest-0/test_rename_file_110_txt_file_1/src/file.155.txt
/tmp/pytest-of-vsts/pytest-0/test_rename_file_110_txt_file_1/src/file.156.txt
/tmp/pytest-of-vsts/pytest-0/test_rename_file_110_txt_file_1/src/file.157.txt
/tmp/pytest-of-vsts/pytest-0/test_rename_file_110_txt_file_1/src/file.158.txt
/tmp/pytest-of-vsts/pytest-0/test_rename_file_110_txt_file_1/src/file.159.txt
/tmp/pytest-of-vsts/pytest-0/test_rename_file_110_txt_file_1/src/file.160.txt
/tmp/pytest-of-vsts/pytest-0/test_rename_file_110_txt_file_1/src/file.161.txt
/tmp/pytest-of-vsts/pytest-0/test_rename_file_110_txt_file_1/src/file.162.txt
/tmp/pytest-of-vsts/pytest-0/test_rename_file_110_txt_file_1/src/file.163.txt
/tmp/pytest-of-vsts/pytest-0/test_rename_file_110_txt_file_1/src/file.164.txt
/tmp/pytest-of-vsts/pytest-0/test_rename_file_110_txt_file_1/src/file.165.txt
/tmp/pytest-of-vsts/pytest-0/test_rename_file_110_txt_file_1/src/file.166.txt
/tmp/pytest-of-vsts/pytest-0/test_rename_file_110_txt_file_1/src/file.167.txt
/tmp/pytest-of-vsts/pytest-0/test_rename_file_110_txt_file_1/src/file.168.txt
/tmp/pytest-of-vsts/pytest-0/test_rename_file_110_txt_file_1/src/file.169.txt
/tmp/pytest-of-vsts/pytest-0/test_rename_file_110_txt_file_1/src/file.170.txt
/tmp/pytest-of-vsts/pytest-0/test_rename_file_110_txt_file_1/src/file.171.txt
/tmp/pytest-of-vsts/pytest-0/test_rename_file_110_txt_file_1/src/file.172.txt
/tmp/pytest-of-vsts/pytest-0/test_rename_file_110_txt_file_1/src/file.173.txt
/tmp/pytest-of-vsts/pytest-0/test_rename_file_110_txt_file_1/src/file.174.txt
/tmp/pytest-of-vsts/pytest-0/test_rename_file_110_txt_file_1/src/file.175.txt
/tmp/pytest-of-vsts/pytest-0/test_rename_file_110_txt_file_1/src/file.176.txt
/tmp/pytest-of-vsts/pytest-0/test_rename_file_110_txt_file_1/src/file.177.txt
/tmp/pytest-of-vsts/pytest-0/test_rename_file_110_txt_file_1/src/file.178.txt
/tmp/pytest-of-vsts/pytest-0/test_rename_file_110_txt_file_1/src/file.179.txt
/tmp/pytest-of-vsts/pytest-0/test_rename_file_110_txt_file_1/src/file.180.txt
/tmp/pytest-of-vsts/pytest-0/test_rename_file_110_txt_file_1/src/file.181.txt
/tmp/pytest-of-vsts/pytest-0/test_rename_file_110_txt_file_1/src/file.182.txt
/tmp/pytest-of-vsts/pytest-0/test_rename_file_110_txt_file_1/src/file.183.txt
/tmp/pytest-of-vsts/pytest-0/test_rename_file_110_txt_file_1/src/file.184.txt
/tmp/pytest-of-vsts/pytest-0/test_rename_file_110_txt_file_1/src/file.185.txt
/tmp/pytest-of-vsts/pytest-0/test_rename_file_110_txt_file_1/src/file.186.txt
/tmp/pytest-of-vsts/pytest-0/test_rename_file_110_txt_file_1/src/file.187.txt
/tmp/pytest-of-vsts/pytest-0/test_rename_file_110_txt_file_1/src/file.188.txt
/tmp/pytest-of-vsts/pytest-0/test_rename_file_110_txt_file_1/src/file.189.txt
/tmp/pytest-of-vsts/pytest-0/test_rename_file_110_txt_file_1/src/file.190.txt
/tmp/pytest-of-vsts/pytest-0/test_rename_file_110_txt_file_1/src/file.191.txt
/tmp/pytest-of-vsts/pytest-0/test_rename_file_110_txt_file_1/src/file.192.txt
/tmp/pytest-of-vsts/pytest-0/test_rename_file_110_txt_file_1/src/file.193.txt
/tmp/pytest-of-vsts/pytest-0/test_rename_file_110_txt_file_1/src/file.194.txt
/tmp/pytest-of-vsts/pytest-0/test_rename_file_110_txt_file_1/src/file.195.txt
/tmp/pytest-of-vsts/pytest-0/test_rename_file_110_txt_file_1/src/file.196.txt
/tmp/pytest-of-vsts/pytest-0/test_rename_file_110_txt_file_1/src/file.197.txt
/tmp/pytest-of-vsts/pytest-0/test_rename_file_110_txt_file_1/src/file.198.txt
/tmp/pytest-of-vsts/pytest-0/test_rename_file_110_txt_file_1/src/file.199.txt
/tmp/pytest-of-vsts/pytest-0/test_rename_file_110_txt_file_1/src/file.200.txt
/tmp/pytest-of-vsts/pytest-0/test_rename_file_110_txt_file_1/src/file.201.txt
/tmp/pytest-of-vsts/pytest-0/test_rename_file_110_txt_file_1/src/file.202.txt
/tmp/pytest-of-vsts/pytest-0/test_rename_file_110_txt_file_1/src/file.203.txt
/tmp/pytest-of-vsts/pytest-0/test_rename_file_110_txt_file_1/src/file.204.txt
/tmp/pytest-of-vsts/pytest-0/test_rename_file_110_txt_file_1/src/file.205.txt
/tmp/pytest-of-vsts/pytest-0/test_rename_file_110_txt_file_1/src/file.206.txt
/tmp/pytest-of-vsts/pytest-0/test_rename_file_110_txt_file_1/src/file.207.txt
/tmp/pytest-of-vsts/pytest-0/test_rename_file_110_txt_file_1/src/file.208.txt
/tmp/pytest-of-vsts/pytest-0/test_rename_file_110_txt_file_1/src/file.209.txt
/tmp/pytest-of-vsts/pytest-0/test_rename_file_110_txt_file_1/src/file.210.txt
file.###.txt 110 210 0
file.###.txt 110 210 1
file.###.txt 110 210 2
file.###.txt 110 210 3
file.###.txt 110 210 4
file.###.txt 110 210 5
file.###.txt 110 210 6
file.###.txt 110 210 7
file.###.txt 110 210 8
file.###.txt 110 210 9
file.###.txt 110 210 10
file.###.txt 110 210 11
file.###.txt 110 210 12
file.###.txt 110 210 13
file.###.txt 110 210 14
file.###.txt 110 210 15
file.###.txt 110 210 16
file.###.txt 110 210 17
file.###.txt 110 210 18
file.###.txt 110 210 19
file.###.txt 110 210 20
file.###.txt 110 210 21
file.###.txt 110 210 22
file.###.txt 110 210 23
file.###.txt 110 210 24
file.###.txt 110 210 25
file.###.txt 110 210 26
file.###.txt 110 210 27
file.###.txt 110 210 28
file.###.txt 110 210 29
file.###.txt 110 210 30
file.###.txt 110 210 31
file.###.txt 110 210 32
file.###.txt 110 210 33
file.###.txt 110 210 34
file.###.txt 110 210 35
file.###.txt 110 210 36
file.###.txt 110 210 37
file.###.txt 110 210 38
file.###.txt 110 210 39
file.###.txt 110 210 40
file.###.txt 110 210 41
file.###.txt 110 210 42
file.###.txt 110 210 43
file.###.txt 110 210 44
file.###.txt 110 210 45
file.###.txt 110 210 46
file.###.txt 110 210 47
file.###.txt 110 210 48
file.###.txt 110 210 49
file.###.txt 110 210 50
file.###.txt 110 210 51
file.###.txt 110 210 52
file.###.txt 110 210 53
file.###.txt 110 210 54
file.###.txt 110 210 55
file.###.txt 110 210 56
file.###.txt 110 210 57
file.###.txt 110 210 58
file.###.txt 110 210 59
file.###.txt 110 210 60
file.###.txt 110 210 61
file.###.txt 110 210 62
file.###.txt 110 210 63
file.###.txt 110 210 64
file.###.txt 110 210 65
file.###.txt 110 210 66
file.###.txt 110 210 67
file.###.txt 110 210 68
file.###.txt 110 210 69
file.###.txt 110 210 70
file.###.txt 110 210 71
file.###.txt 110 210 72
file.###.txt 110 210 73
file.###.txt 110 210 74
file.###.txt 110 210 75
file.###.txt 110 210 76
file.###.txt 110 210 77
file.###.txt 110 210 78
file.###.txt 110 210 79
file.###.txt 110 210 80
file.###.txt 110 210 81
file.###.txt 110 210 82
file.###.txt 110 210 83
file.###.txt 110 210 84
file.###.txt 110 210 85
file.###.txt 110 210 86
file.###.txt 110 210 87
file.###.txt 110 210 88
file.###.txt 110 210 89
file.###.txt 110 210 90
file.###.txt 110 210 91
file.###.txt 110 210 92
file.###.txt 110 210 93
file.###.txt 110 210 94
file.###.txt 110 210 95
file.###.txt 110 210 96
file.###.txt 110 210 97
file.###.txt 110 210 98
file.###.txt 110 210 99
file.###.txt 110 210 100
file.###.txt 110 210 0
file.###.txt 100 200 0
file.###.txt 110 210 0
------------------
Missing:
file.###.txt 110 210 0
file.###.txt 110 210 1
file.###.txt 110 210 2
file.###.txt 110 210 3
file.###.txt 110 210 4
file.###.txt 110 210 5
file.###.txt 110 210 6
file.###.txt 110 210 7
file.###.txt 110 210 8
file.###.txt 110 210 9
file.###.txt 110 210 10
file.###.txt 110 210 11
file.###.txt 110 210 12
file.###.txt 110 210 13
file.###.txt 110 210 14
file.###.txt 110 210 15
file.###.txt 110 210 16
file.###.txt 110 210 17
file.###.txt 110 210 18
file.###.txt 110 210 19
file.###.txt 110 210 20
file.###.txt 110 210 21
file.###.txt 110 210 22
file.###.txt 110 210 23
file.###.txt 110 210 24
file.###.txt 110 210 25
file.###.txt 110 210 26
file.###.txt 110 210 27
file.###.txt 110 210 28
file.###.txt 110 210 29
file.###.txt 110 210 30
file.###.txt 110 210 31
file.###.txt 110 210 32
file.###.txt 110 210 33
file.###.txt 110 210 34
file.###.txt 110 210 35
file.###.txt 110 210 36
file.###.txt 110 210 37
file.###.txt 110 210 38
file.###.txt 110 210 39
file.###.txt 110 210 40
file.###.txt 110 210 41
file.###.txt 110 210 42
file.###.txt 110 210 43
file.###.txt 110 210 44
file.###.txt 110 210 45
file.###.txt 110 210 46
file.###.txt 110 210 47
file.###.txt 110 210 48
file.###.txt 110 210 49
file.###.txt 110 210 50
file.###.txt 110 210 51
file.###.txt 110 210 52
file.###.txt 110 210 53
file.###.txt 110 210 54
file.###.txt 110 210 55
file.###.txt 110 210 56
file.###.txt 110 210 57
file.###.txt 110 210 58
file.###.txt 110 210 59
file.###.txt 110 210 60
file.###.txt 110 210 61
file.###.txt 110 210 62
file.###.txt 110 210 63
file.###.txt 110 210 64
file.###.txt 110 210 65
file.###.txt 110 210 66
file.###.txt 110 210 67
file.###.txt 110 210 68
file.###.txt 110 210 69
file.###.txt 110 210 70
file.###.txt 110 210 71
file.###.txt 110 210 72
file.###.txt 110 210 73
file.###.txt 110 210 74
file.###.txt 110 210 75
file.###.txt 110 210 76
file.###.txt 110 210 77
file.###.txt 110 210 78
file.###.txt 110 210 79
file.###.txt 110 210 80
file.###.txt 110 210 81
file.###.txt 110 210 82
file.###.txt 110 210 83
file.###.txt 110 210 84
file.###.txt 110 210 85
file.###.txt 110 210 86
file.###.txt 110 210 87
file.###.txt 110 210 88
file.###.txt 110 210 89
file.###.txt 110 210 90
file.###.txt 110 210 91
file.###.txt 110 210 92
file.###.txt 110 210 93
file.###.txt 110 210 94
file.###.txt 110 210 95
file.###.txt 110 210 96
file.###.txt 110 210 97
file.###.txt 110 210 98
file.###.txt 110 210 99
file.###.txt 110 210 100
file.###.txt 100 200 0
file.###.txt 110 210 0
file.###.txt 110 210 1
file.###.txt 110 210 2
file.###.txt 110 210 3
file.###.txt 110 210 4
file.###.txt 110 210 5
file.###.txt 110 210 6
file.###.txt 110 210 7
file.###.txt 110 210 8
file.###.txt 110 210 9
file.###.txt 110 210 10
file.###.txt 110 210 11
file.###.txt 110 210 12
file.###.txt 110 210 13
file.###.txt 110 210 14
file.###.txt 110 210 15
file.###.txt 110 210 16
file.###.txt 110 210 17
file.###.txt 110 210 18
file.###.txt 110 210 19
file.###.txt 110 210 20
file.###.txt 110 210 21
file.###.txt 110 210 22
file.###.txt 110 210 23
file.###.txt 110 210 24
file.###.txt 110 210 25
file.###.txt 110 210 26
file.###.txt 110 210 27
file.###.txt 110 210 28
file.###.txt 110 210 29
file.###.txt 110 210 30
file.###.txt 110 210 31
file.###.txt 110 210 32
file.###.txt 110 210 33
file.###.txt 110 210 34
file.###.txt 110 210 35
file.###.txt 110 210 36
file.###.txt 110 210 37
file.###.txt 110 210 38
file.###.txt 110 210 39
file.###.txt 110 210 40
file.###.txt 110 210 41
file.###.txt 110 210 42
file.###.txt 110 210 43
file.###.txt 110 210 44
file.###.txt 110 210 45
file.###.txt 110 210 46
file.###.txt 110 210 47
file.###.txt 110 210 48
file.###.txt 110 210 49
file.###.txt 110 210 50
file.###.txt 110 210 51
file.###.txt 110 210 52
file.###.txt 110 210 53
file.###.txt 110 210 54
file.###.txt 110 210 55
file.###.txt 110 210 56
file.###.txt 110 210 57
file.###.txt 110 210 58
file.###.txt 110 210 59
file.###.txt 110 210 60
file.###.txt 110 210 61
file.###.txt 110 210 62
file.###.txt 110 210 63
file.###.txt 110 210 64
file.###.txt 110 210 65
file.###.txt 110 210 66
file.###.txt 110 210 67
file.###.txt 110 210 68
file.###.txt 110 210 69
file.###.txt 110 210 70
file.###.txt 110 210 71
file.###.txt 110 210 72
file.###.txt 110 210 73
file.###.txt 110 210 74
file.###.txt 110 210 75
file.###.txt 110 210 76
file.###.txt 110 210 77
file.###.txt 110 210 78
file.###.txt 110 210 79
file.###.txt 110 210 80
file.###.txt 110 210 81
file.###.txt 110 210 82
file.###.txt 110 210 83
file.###.txt 110 210 84
file.###.txt 110 210 85
file.###.txt 110 210 86
file.###.txt 110 210 87
file.###.txt 110 210 88
file.###.txt 110 210 89
file.###.txt 110 210 90
file.###.txt 110 210 91
file.###.txt 110 210 92
file.###.txt 110 210 93
file.###.txt 110 210 94
file.###.txt 110 210 95
file.###.txt 110 210 96
file.###.txt 110 210 97
file.###.txt 110 210 98
file.###.txt 110 210 99
file.###.txt 110 210 100
</system-out></testcase><testcase classname="zdevelop.tests.test_file_seq.TestSeqDisk" file="zdevelop/tests/test_file_seq.py" line="287" name="test_delete[True]" time="0.025"><system-out>file.###.txt 100 200 0
file.###.txt 100 200 0
deleted: /tmp/pytest-of-vsts/pytest-0/test_delete_True_1/src/file.100.txt
file.###.txt 100 200 1
deleted: /tmp/pytest-of-vsts/pytest-0/test_delete_True_1/src/file.101.txt
file.###.txt 100 200 2
deleted: /tmp/pytest-of-vsts/pytest-0/test_delete_True_1/src/file.102.txt
file.###.txt 100 200 3
deleted: /tmp/pytest-of-vsts/pytest-0/test_delete_True_1/src/file.103.txt
file.###.txt 100 200 4
deleted: /tmp/pytest-of-vsts/pytest-0/test_delete_True_1/src/file.104.txt
file.###.txt 100 200 5
deleted: /tmp/pytest-of-vsts/pytest-0/test_delete_True_1/src/file.105.txt
file.###.txt 100 200 6
deleted: /tmp/pytest-of-vsts/pytest-0/test_delete_True_1/src/file.106.txt
file.###.txt 100 200 7
deleted: /tmp/pytest-of-vsts/pytest-0/test_delete_True_1/src/file.107.txt
file.###.txt 100 200 8
deleted: /tmp/pytest-of-vsts/pytest-0/test_delete_True_1/src/file.108.txt
file.###.txt 100 200 9
deleted: /tmp/pytest-of-vsts/pytest-0/test_delete_True_1/src/file.109.txt
file.###.txt 100 200 10
deleted: /tmp/pytest-of-vsts/pytest-0/test_delete_True_1/src/file.110.txt
file.###.txt 100 200 11
deleted: /tmp/pytest-of-vsts/pytest-0/test_delete_True_1/src/file.111.txt
file.###.txt 100 200 12
deleted: /tmp/pytest-of-vsts/pytest-0/test_delete_True_1/src/file.112.txt
file.###.txt 100 200 13
deleted: /tmp/pytest-of-vsts/pytest-0/test_delete_True_1/src/file.113.txt
file.###.txt 100 200 14
deleted: /tmp/pytest-of-vsts/pytest-0/test_delete_True_1/src/file.114.txt
file.###.txt 100 200 15
deleted: /tmp/pytest-of-vsts/pytest-0/test_delete_True_1/src/file.115.txt
file.###.txt 100 200 16
deleted: /tmp/pytest-of-vsts/pytest-0/test_delete_True_1/src/file.116.txt
file.###.txt 100 200 17
deleted: /tmp/pytest-of-vsts/pytest-0/test_delete_True_1/src/file.117.txt
file.###.txt 100 200 18
deleted: /tmp/pytest-of-vsts/pytest-0/test_delete_True_1/src/file.118.txt
file.###.txt 100 200 19
deleted: /tmp/pytest-of-vsts/pytest-0/test_delete_True_1/src/file.119.txt
file.###.txt 100 200 20
deleted: /tmp/pytest-of-vsts/pytest-0/test_delete_True_1/src/file.120.txt
file.###.txt 100 200 21
deleted: /tmp/pytest-of-vsts/pytest-0/test_delete_True_1/src/file.121.txt
file.###.txt 100 200 22
deleted: /tmp/pytest-of-vsts/pytest-0/test_delete_True_1/src/file.122.txt
file.###.txt 100 200 23
deleted: /tmp/pytest-of-vsts/pytest-0/test_delete_True_1/src/file.123.txt
file.###.txt 100 200 24
deleted: /tmp/pytest-of-vsts/pytest-0/test_delete_True_1/src/file.124.txt
file.###.txt 100 200 25
deleted: /tmp/pytest-of-vsts/pytest-0/test_delete_True_1/src/file.125.txt
file.###.txt 100 200 26
deleted: /tmp/pytest-of-vsts/pytest-0/test_delete_True_1/src/file.126.txt
file.###.txt 100 200 27
deleted: /tmp/pytest-of-vsts/pytest-0/test_delete_True_1/src/file.127.txt
file.###.txt 100 200 28
deleted: /tmp/pytest-of-vsts/pytest-0/test_delete_True_1/src/file.128.txt
file.###.txt 100 200 29
deleted: /tmp/pytest-of-vsts/pytest-0/test_delete_True_1/src/file.129.txt
file.###.txt 100 200 30
deleted: /tmp/pytest-of-vsts/pytest-0/test_delete_True_1/src/file.130.txt
file.###.txt 100 200 31
deleted: /tmp/pytest-of-vsts/pytest-0/test_delete_True_1/src/file.131.txt
file.###.txt 100 200 32
deleted: /tmp/pytest-of-vsts/pytest-0/test_delete_True_1/src/file.132.txt
file.###.txt 100 200 33
deleted: /tmp/pytest-of-vsts/pytest-0/test_delete_True_1/src/file.133.txt
file.###.txt 100 200 34
deleted: /tmp/pytest-of-vsts/pytest-0/test_delete_True_1/src/file.134.txt
file.###.txt 100 200 35
deleted: /tmp/pytest-of-vsts/pytest-0/test_delete_True_1/src/file.135.txt
file.###.txt 100 200 36
deleted: /tmp/pytest-of-vsts/pytest-0/test_delete_True_1/src/file.136.txt
file.###.txt 100 200 37
deleted: /tmp/pytest-of-vsts/pytest-0/test_delete_True_1/src/file.137.txt
file.###.txt 100 200 38
deleted: /tmp/pytest-of-vsts/pytest-0/test_delete_True_1/src/file.138.txt
file.###.txt 100 200 39
deleted: /tmp/pytest-of-vsts/pytest-0/test_delete_True_1/src/file.139.txt
file.###.txt 100 200 40
deleted: /tmp/pytest-of-vsts/pytest-0/test_delete_True_1/src/file.140.txt
file.###.txt 100 200 41
deleted: /tmp/pytest-of-vsts/pytest-0/test_delete_True_1/src/file.141.txt
file.###.txt 100 200 42
deleted: /tmp/pytest-of-vsts/pytest-0/test_delete_True_1/src/file.142.txt
file.###.txt 100 200 43
deleted: /tmp/pytest-of-vsts/pytest-0/test_delete_True_1/src/file.143.txt
file.###.txt 100 200 44
deleted: /tmp/pytest-of-vsts/pytest-0/test_delete_True_1/src/file.144.txt
file.###.txt 100 200 45
deleted: /tmp/pytest-of-vsts/pytest-0/test_delete_True_1/src/file.145.txt
file.###.txt 100 200 46
deleted: /tmp/pytest-of-vsts/pytest-0/test_delete_True_1/src/file.146.txt
file.###.txt 100 200 47
deleted: /tmp/pytest-of-vsts/pytest-0/test_delete_True_1/src/file.147.txt
file.###.txt 100 200 48
deleted: /tmp/pytest-of-vsts/pytest-0/test_delete_True_1/src/file.148.txt
file.###.txt 100 200 49
deleted: /tmp/pytest-of-vsts/pytest-0/test_delete_True_1/src/file.149.txt
file.###.txt 100 200 50
deleted: /tmp/pytest-of-vsts/pytest-0/test_delete_True_1/src/file.150.txt
file.###.txt 100 200 51
deleted: /tmp/pytest-of-vsts/pytest-0/test_delete_True_1/src/file.151.txt
file.###.txt 100 200 52
deleted: /tmp/pytest-of-vsts/pytest-0/test_delete_True_1/src/file.152.txt
file.###.txt 100 200 53
deleted: /tmp/pytest-of-vsts/pytest-0/test_delete_True_1/src/file.153.txt
file.###.txt 100 200 54
deleted: /tmp/pytest-of-vsts/pytest-0/test_delete_True_1/src/file.154.txt
file.###.txt 100 200 55
deleted: /tmp/pytest-of-vsts/pytest-0/test_delete_True_1/src/file.155.txt
file.###.txt 100 200 56
deleted: /tmp/pytest-of-vsts/pytest-0/test_delete_True_1/src/file.156.txt
file.###.txt 100 200 57
deleted: /tmp/pytest-of-vsts/pytest-0/test_delete_True_1/src/file.157.txt
file.###.txt 100 200 58
deleted: /tmp/pytest-of-vsts/pytest-0/test_delete_True_1/src/file.158.txt
file.###.txt 100 200 59
deleted: /tmp/pytest-of-vsts/pytest-0/test_delete_True_1/src/file.159.txt
file.###.txt 100 200 60
deleted: /tmp/pytest-of-vsts/pytest-0/test_delete_True_1/src/file.160.txt
file.###.txt 100 200 61
deleted: /tmp/pytest-of-vsts/pytest-0/test_delete_True_1/src/file.161.txt
file.###.txt 100 200 62
deleted: /tmp/pytest-of-vsts/pytest-0/test_delete_True_1/src/file.162.txt
file.###.txt 100 200 63
deleted: /tmp/pytest-of-vsts/pytest-0/test_delete_True_1/src/file.163.txt
file.###.txt 100 200 64
deleted: /tmp/pytest-of-vsts/pytest-0/test_delete_True_1/src/file.164.txt
file.###.txt 100 200 65
deleted: /tmp/pytest-of-vsts/pytest-0/test_delete_True_1/src/file.165.txt
file.###.txt 100 200 66
deleted: /tmp/pytest-of-vsts/pytest-0/test_delete_True_1/src/file.166.txt
file.###.txt 100 200 67
deleted: /tmp/pytest-of-vsts/pytest-0/test_delete_True_1/src/file.167.txt
file.###.txt 100 200 68
deleted: /tmp/pytest-of-vsts/pytest-0/test_delete_True_1/src/file.168.txt
file.###.txt 100 200 69
deleted: /tmp/pytest-of-vsts/pytest-0/test_delete_True_1/src/file.169.txt
file.###.txt 100 200 70
deleted: /tmp/pytest-of-vsts/pytest-0/test_delete_True_1/src/file.170.txt
file.###.txt 100 200 71
deleted: /tmp/pytest-of-vsts/pytest-0/test_delete_True_1/src/file.171.txt
file.###.txt 100 200 72
deleted: /tmp/pytest-of-vsts/pytest-0/test_delete_True_1/src/file.172.txt
file.###.txt 100 200 73
deleted: /tmp/pytest-of-vsts/pytest-0/test_delete_True_1/src/file.173.txt
file.###.txt 100 200 74
deleted: /tmp/pytest-of-vsts/pytest-0/test_delete_True_1/src/file.174.txt
file.###.txt 100 200 75
deleted: /tmp/pytest-of-vsts/pytest-0/test_delete_True_1/src/file.175.txt
file.###.txt 100 200 76
deleted: /tmp/pytest-of-vsts/pytest-0/test_delete_True_1/src/file.176.txt
file.###.txt 100 200 77
deleted: /tmp/pytest-of-vsts/pytest-0/test_delete_True_1/src/file.177.txt
file.###.txt 100 200 78
deleted: /tmp/pytest-of-vsts/pytest-0/test_delete_True_1/src/file.178.txt
file.###.txt 100 200 79
deleted: /tmp/pytest-of-vsts/pytest-0/test_delete_True_1/src/file.179.txt
file.###.txt 100 200 80
deleted: /tmp/pytest-of-vsts/pytest-0/test_delete_True_1/src/file.180.txt
file.###.txt 100 200 81
deleted: /tmp/pytest-of-vsts/pytest-0/test_delete_True_1/src/file.181.txt
file.###.txt 100 200 82
deleted: /tmp/pytest-of-vsts/pytest-0/test_delete_True_1/src/file.182.txt
file.###.txt 100 200 83
deleted: /tmp/pytest-of-vsts/pytest-0/test_delete_True_1/src/file.183.txt
file.###.txt 100 200 84
deleted: /tmp/pytest-of-vsts/pytest-0/test_delete_True_1/src/file.184.txt
file.###.txt 100 200 85
deleted: /tmp/pytest-of-vsts/pytest-0/test_delete_True_1/src/file.185.txt
file.###.txt 100 200 86
deleted: /tmp/pytest-of-vsts/pytest-0/test_delete_True_1/src/file.186.txt
file.###.txt 100 200 87
deleted: /tmp/pytest-of-vsts/pytest-0/test_delete_True_1/src/file.187.txt
file.###.txt 100 200 88
deleted: /tmp/pytest-of-vsts/pytest-0/test_delete_True_1/src/file.188.txt
file.###.txt 100 200 89
deleted: /tmp/pytest-of-vsts/pytest-0/test_delete_True_1/src/file.189.txt
file.###.txt 100 200 90
deleted: /tmp/pytest-of-vsts/pytest-0/test_delete_True_1/src/file.190.txt
file.###.txt 100 200 91
deleted: /tmp/pytest-of-vsts/pytest-0/test_delete_True_1/src/file.191.txt
file.###.txt 100 200 92
deleted: /tmp/pytest-of-vsts/pytest-0/test_delete_True_1/src/file.192.txt
file.###.txt 100 200 93
deleted: /tmp/pytest-of-vsts/pytest-0/test_delete_True_1/src/file.193.txt
file.###.txt 100 200 94
deleted: /tmp/pytest-of-vsts/pytest-0/test_delete_True_1/src/file.194.txt
file.###.txt 100 200 95
deleted: /tmp/pytest-of-vsts/pytest-0/test_delete_True_1/src/file.195.txt
file.###.txt 100 200 96
deleted: /tmp/pytest-of-vsts/pytest-0/test_delete_True_1/src/file.196.txt
file.###.txt 100 200 97
deleted: /tmp/pytest-of-vsts/pytest-0/test_delete_True_1/src/file.197.txt
file.###.txt 100 200 98
deleted: /tmp/pytest-of-vsts/pytest-0/test_delete_True_1/src/file.198.txt
file.###.txt 100 200 99
deleted: /tmp/pytest-of-vsts/pytest-0/test_delete_True_1/src/file.199.txt
file.###.txt 100 200 100
deleted: /tmp/pytest-of-vsts/pytest-0/test_delete_True_1/src/file.200.txt
file.###.txt 100 200 0
--------
Source Dir ls:
file.###.txt 100 200 0
</system-out></testcase><testcase classname="zdevelop.tests.test_file_seq.TestSeqDisk" file="zdevelop/tests/test_file_seq.py" line="287" name="test_delete[False]" time="0.023"><system-out>file.###.txt 100 200 0
file.###.txt 100 200 0
file.###.txt 100 200 1
file.###.txt 100 200 2
file.###.txt 100 200 3
file.###.txt 100 200 4
file.###.txt 100 200 5
file.###.txt 100 200 6
file.###.txt 100 200 7
file.###.txt 100 200 8
file.###.txt 100 200 9
file.###.txt 100 200 10
file.###.txt 100 200 11
file.###.txt 100 200 12
file.###.txt 100 200 13
file.###.txt 100 200 14
file.###.txt 100 200 15
file.###.txt 100 200 16
file.###.txt 100 200 17
file.###.txt 100 200 18
file.###.txt 100 200 19
file.###.txt 100 200 20
file.###.txt 100 200 21
file.###.txt 100 200 22
file.###.txt 100 200 23
file.###.txt 100 200 24
file.###.txt 100 200 25
file.###.txt 100 200 26
file.###.txt 100 200 27
file.###.txt 100 200 28
file.###.txt 100 200 29
file.###.txt 100 200 30
file.###.txt 100 200 31
file.###.txt 100 200 32
file.###.txt 100 200 33
file.###.txt 100 200 34
file.###.txt 100 200 35
file.###.txt 100 200 36
file.###.txt 100 200 37
file.###.txt 100 200 38
file.###.txt 100 200 39
file.###.txt 100 200 40
file.###.txt 100 200 41
file.###.txt 100 200 42
file.###.txt 100 200 43
file.###.txt 100 200 44
file.###.txt 100 200 45
file.###.txt 100 200 46
file.###.txt 100 200 47
file.###.txt 100 200 48
file.###.txt 100 200 49
file.###.txt 100 200 50
file.###.txt 100 200 51
file.###.txt 100 200 52
file.###.txt 100 200 53
file.###.txt 100 200 54
file.###.txt 100 200 55
file.###.txt 100 200 56
file.###.txt 100 200 57
file.###.txt 100 200 58
file.###.txt 100 200 59
file.###.txt 100 200 60
file.###.txt 100 200 61
file.###.txt 100 200 62
file.###.txt 100 200 63
file.###.txt 100 200 64
file.###.txt 100 200 65
file.###.txt 100 200 66
file.###.txt 100 200 67
file.###.txt 100 200 68
file.###.txt 100 200 69
file.###.txt 100 200 70
file.###.txt 100 200 71
file.###.txt 100 200 72
file.###.txt 100 200 73
file.###.txt 100 200 74
file.###.txt 100 200 75
file.###.txt 100 200 76
file.###.txt 100 200 77
file.###.txt 100 200 78
file.###.txt 100 200 79
file.###.txt 100 200 80
file.###.txt 100 200 81
file.###.txt 100 200 82
file.###.txt 100 200 83
file.###.txt 100 200 84
file.###.txt 100 200 85
file.###.txt 100 200 86
file.###.txt 100 200 87
file.###.txt 100 200 88
file.###.txt 100 200 89
file.###.txt 100 200 90
file.###.txt 100 200 91
file.###.txt 100 200 92
file.###.txt 100 200 93
file.###.txt 100 200 94
file.###.txt 100 200 95
file.###.txt 100 200 96
file.###.txt 100 200 97
file.###.txt 100 200 98
file.###.txt 100 200 99
file.###.txt 100 200 100
file.###.txt 100 200 0
--------
Source Dir ls:
file.###.txt 100 200 0
</system-out></testcase><testcase classname="zdevelop.tests.test_file_seq.TestSeqDisk" file="zdevelop/tests/test_file_seq.py" line="311" name="test_chmod[True]" time="0.056"><system-out>file.###.txt 100 200 0
Original mode list:
file.###.txt 100 200 0
33188 /tmp/pytest-of-vsts/pytest-0/test_chmod_True_1/src/file.100.txt
file.###.txt 100 200 1
33188 /tmp/pytest-of-vsts/pytest-0/test_chmod_True_1/src/file.101.txt
file.###.txt 100 200 2
33188 /tmp/pytest-of-vsts/pytest-0/test_chmod_True_1/src/file.102.txt
file.###.txt 100 200 3
33188 /tmp/pytest-of-vsts/pytest-0/test_chmod_True_1/src/file.103.txt
file.###.txt 100 200 4
33188 /tmp/pytest-of-vsts/pytest-0/test_chmod_True_1/src/file.104.txt
file.###.txt 100 200 5
33188 /tmp/pytest-of-vsts/pytest-0/test_chmod_True_1/src/file.105.txt
file.###.txt 100 200 6
33188 /tmp/pytest-of-vsts/pytest-0/test_chmod_True_1/src/file.106.txt
file.###.txt 100 200 7
33188 /tmp/pytest-of-vsts/pytest-0/test_chmod_True_1/src/file.107.txt
file.###.txt 100 200 8
33188 /tmp/pytest-of-vsts/pytest-0/test_chmod_True_1/src/file.108.txt
file.###.txt 100 200 9
33188 /tmp/pytest-of-vsts/pytest-0/test_chmod_True_1/src/file.109.txt
file.###.txt 100 200 10
33188 /tmp/pytest-of-vsts/pytest-0/test_chmod_True_1/src/file.110.txt
file.###.txt 100 200 11
33188 /tmp/pytest-of-vsts/pytest-0/test_chmod_True_1/src/file.111.txt
file.###.txt 100 200 12
33188 /tmp/pytest-of-vsts/pytest-0/test_chmod_True_1/src/file.112.txt
file.###.txt 100 200 13
33188 /tmp/pytest-of-vsts/pytest-0/test_chmod_True_1/src/file.113.txt
file.###.txt 100 200 14
33188 /tmp/pytest-of-vsts/pytest-0/test_chmod_True_1/src/file.114.txt
file.###.txt 100 200 15
33188 /tmp/pytest-of-vsts/pytest-0/test_chmod_True_1/src/file.115.txt
file.###.txt 100 200 16
33188 /tmp/pytest-of-vsts/pytest-0/test_chmod_True_1/src/file.116.txt
file.###.txt 100 200 17
33188 /tmp/pytest-of-vsts/pytest-0/test_chmod_True_1/src/file.117.txt
file.###.txt 100 200 18
33188 /tmp/pytest-of-vsts/pytest-0/test_chmod_True_1/src/file.118.txt
file.###.txt 100 200 19
33188 /tmp/pytest-of-vsts/pytest-0/test_chmod_True_1/src/file.119.txt
file.###.txt 100 200 20
33188 /tmp/pytest-of-vsts/pytest-0/test_chmod_True_1/src/file.120.txt
file.###.txt 100 200 21
33188 /tmp/pytest-of-vsts/pytest-0/test_chmod_True_1/src/file.121.txt
file.###.txt 100 200 22
33188 /tmp/pytest-of-vsts/pytest-0/test_chmod_True_1/src/file.122.txt
file.###.txt 100 200 23
33188 /tmp/pytest-of-vsts/pytest-0/test_chmod_True_1/src/file.123.txt
file.###.txt 100 200 24
33188 /tmp/pytest-of-vsts/pytest-0/test_chmod_True_1/src/file.124.txt
file.###.txt 100 200 25
33188 /tmp/pytest-of-vsts/pytest-0/test_chmod_True_1/src/file.125.txt
file.###.txt 100 200 26
33188 /tmp/pytest-of-vsts/pytest-0/test_chmod_True_1/src/file.126.txt
file.###.txt 100 200 27
33188 /tmp/pytest-of-vsts/pytest-0/test_chmod_True_1/src/file.127.txt
file.###.txt 100 200 28
33188 /tmp/pytest-of-vsts/pytest-0/test_chmod_True_1/src/file.128.txt
file.###.txt 100 200 29
33188 /tmp/pytest-of-vsts/pytest-0/test_chmod_True_1/src/file.129.txt
file.###.txt 100 200 30
33188 /tmp/pytest-of-vsts/pytest-0/test_chmod_True_1/src/file.130.txt
file.###.txt 100 200 31
33188 /tmp/pytest-of-vsts/pytest-0/test_chmod_True_1/src/file.131.txt
file.###.txt 100 200 32
33188 /tmp/pytest-of-vsts/pytest-0/test_chmod_True_1/src/file.132.txt
file.###.txt 100 200 33
33188 /tmp/pytest-of-vsts/pytest-0/test_chmod_True_1/src/file.133.txt
file.###.txt 100 200 34
33188 /tmp/pytest-of-vsts/pytest-0/test_chmod_True_1/src/file.134.txt
file.###.txt 100 200 35
33188 /tmp/pytest-of-vsts/pytest-0/test_chmod_True_1/src/file.135.txt
file.###.txt 100 200 36
33188 /tmp/pytest-of-vsts/pytest-0/test_chmod_True_1/src/file.136.txt
file.###.txt 100 200 37
33188 /tmp/pytest-of-vsts/pytest-0/test_chmod_True_1/src/file.137.txt
file.###.txt 100 200 38
33188 /tmp/pytest-of-vsts/pytest-0/test_chmod_True_1/src/file.138.txt
file.###.txt 100 200 39
33188 /tmp/pytest-of-vsts/pytest-0/test_chmod_True_1/src/file.139.txt
file.###.txt 100 200 40
33188 /tmp/pytest-of-vsts/pytest-0/test_chmod_True_1/src/file.140.txt
file.###.txt 100 200 41
33188 /tmp/pytest-of-vsts/pytest-0/test_chmod_True_1/src/file.141.txt
file.###.txt 100 200 42
33188 /tmp/pytest-of-vsts/pytest-0/test_chmod_True_1/src/file.142.txt
file.###.txt 100 200 43
33188 /tmp/pytest-of-vsts/pytest-0/test_chmod_True_1/src/file.143.txt
file.###.txt 100 200 44
33188 /tmp/pytest-of-vsts/pytest-0/test_chmod_True_1/src/file.144.txt
file.###.txt 100 200 45
33188 /tmp/pytest-of-vsts/pytest-0/test_chmod_True_1/src/file.145.txt
file.###.txt 100 200 46
33188 /tmp/pytest-of-vsts/pytest-0/test_chmod_True_1/src/file.146.txt
file.###.txt 100 200 47
33188 /tmp/pytest-of-vsts/pytest-0/test_chmod_True_1/src/file.147.txt
file.###.txt 100 200 48
33188 /tmp/pytest-of-vsts/pytest-0/test_chmod_True_1/src/file.148.txt
file.###.txt 100 200 49
33188 /tmp/pytest-of-vsts/pytest-0/test_chmod_True_1/src/file.149.txt
file.###.txt 100 200 50
33188 /tmp/pytest-of-vsts/pytest-0/test_chmod_True_1/src/file.150.txt
file.###.txt 100 200 51
33188 /tmp/pytest-of-vsts/pytest-0/test_chmod_True_1/src/file.151.txt
file.###.txt 100 200 52
33188 /tmp/pytest-of-vsts/pytest-0/test_chmod_True_1/src/file.152.txt
file.###.txt 100 200 53
33188 /tmp/pytest-of-vsts/pytest-0/test_chmod_True_1/src/file.153.txt
file.###.txt 100 200 54
33188 /tmp/pytest-of-vsts/pytest-0/test_chmod_True_1/src/file.154.txt
file.###.txt 100 200 55
33188 /tmp/pytest-of-vsts/pytest-0/test_chmod_True_1/src/file.155.txt
file.###.txt 100 200 56
33188 /tmp/pytest-of-vsts/pytest-0/test_chmod_True_1/src/file.156.txt
file.###.txt 100 200 57
33188 /tmp/pytest-of-vsts/pytest-0/test_chmod_True_1/src/file.157.txt
file.###.txt 100 200 58
33188 /tmp/pytest-of-vsts/pytest-0/test_chmod_True_1/src/file.158.txt
file.###.txt 100 200 59
33188 /tmp/pytest-of-vsts/pytest-0/test_chmod_True_1/src/file.159.txt
file.###.txt 100 200 60
33188 /tmp/pytest-of-vsts/pytest-0/test_chmod_True_1/src/file.160.txt
file.###.txt 100 200 61
33188 /tmp/pytest-of-vsts/pytest-0/test_chmod_True_1/src/file.161.txt
file.###.txt 100 200 62
33188 /tmp/pytest-of-vsts/pytest-0/test_chmod_True_1/src/file.162.txt
file.###.txt 100 200 63
33188 /tmp/pytest-of-vsts/pytest-0/test_chmod_True_1/src/file.163.txt
file.###.txt 100 200 64
33188 /tmp/pytest-of-vsts/pytest-0/test_chmod_True_1/src/file.164.txt
file.###.txt 100 200 65
33188 /tmp/pytest-of-vsts/pytest-0/test_chmod_True_1/src/file.165.txt
file.###.txt 100 200 66
33188 /tmp/pytest-of-vsts/pytest-0/test_chmod_True_1/src/file.166.txt
file.###.txt 100 200 67
33188 /tmp/pytest-of-vsts/pytest-0/test_chmod_True_1/src/file.167.txt
file.###.txt 100 200 68
33188 /tmp/pytest-of-vsts/pytest-0/test_chmod_True_1/src/file.168.txt
file.###.txt 100 200 69
33188 /tmp/pytest-of-vsts/pytest-0/test_chmod_True_1/src/file.169.txt
file.###.txt 100 200 70
33188 /tmp/pytest-of-vsts/pytest-0/test_chmod_True_1/src/file.170.txt
file.###.txt 100 200 71
33188 /tmp/pytest-of-vsts/pytest-0/test_chmod_True_1/src/file.171.txt
file.###.txt 100 200 72
33188 /tmp/pytest-of-vsts/pytest-0/test_chmod_True_1/src/file.172.txt
file.###.txt 100 200 73
33188 /tmp/pytest-of-vsts/pytest-0/test_chmod_True_1/src/file.173.txt
file.###.txt 100 200 74
33188 /tmp/pytest-of-vsts/pytest-0/test_chmod_True_1/src/file.174.txt
file.###.txt 100 200 75
33188 /tmp/pytest-of-vsts/pytest-0/test_chmod_True_1/src/file.175.txt
file.###.txt 100 200 76
33188 /tmp/pytest-of-vsts/pytest-0/test_chmod_True_1/src/file.176.txt
file.###.txt 100 200 77
33188 /tmp/pytest-of-vsts/pytest-0/test_chmod_True_1/src/file.177.txt
file.###.txt 100 200 78
33188 /tmp/pytest-of-vsts/pytest-0/test_chmod_True_1/src/file.178.txt
file.###.txt 100 200 79
33188 /tmp/pytest-of-vsts/pytest-0/test_chmod_True_1/src/file.179.txt
file.###.txt 100 200 80
33188 /tmp/pytest-of-vsts/pytest-0/test_chmod_True_1/src/file.180.txt
file.###.txt 100 200 81
33188 /tmp/pytest-of-vsts/pytest-0/test_chmod_True_1/src/file.181.txt
file.###.txt 100 200 82
33188 /tmp/pytest-of-vsts/pytest-0/test_chmod_True_1/src/file.182.txt
file.###.txt 100 200 83
33188 /tmp/pytest-of-vsts/pytest-0/test_chmod_True_1/src/file.183.txt
file.###.txt 100 200 84
33188 /tmp/pytest-of-vsts/pytest-0/test_chmod_True_1/src/file.184.txt
file.###.txt 100 200 85
33188 /tmp/pytest-of-vsts/pytest-0/test_chmod_True_1/src/file.185.txt
file.###.txt 100 200 86
33188 /tmp/pytest-of-vsts/pytest-0/test_chmod_True_1/src/file.186.txt
file.###.txt 100 200 87
33188 /tmp/pytest-of-vsts/pytest-0/test_chmod_True_1/src/file.187.txt
file.###.txt 100 200 88
33188 /tmp/pytest-of-vsts/pytest-0/test_chmod_True_1/src/file.188.txt
file.###.txt 100 200 89
33188 /tmp/pytest-of-vsts/pytest-0/test_chmod_True_1/src/file.189.txt
file.###.txt 100 200 90
33188 /tmp/pytest-of-vsts/pytest-0/test_chmod_True_1/src/file.190.txt
file.###.txt 100 200 91
33188 /tmp/pytest-of-vsts/pytest-0/test_chmod_True_1/src/file.191.txt
file.###.txt 100 200 92
33188 /tmp/pytest-of-vsts/pytest-0/test_chmod_True_1/src/file.192.txt
file.###.txt 100 200 93
33188 /tmp/pytest-of-vsts/pytest-0/test_chmod_True_1/src/file.193.txt
file.###.txt 100 200 94
33188 /tmp/pytest-of-vsts/pytest-0/test_chmod_True_1/src/file.194.txt
file.###.txt 100 200 95
33188 /tmp/pytest-of-vsts/pytest-0/test_chmod_True_1/src/file.195.txt
file.###.txt 100 200 96
33188 /tmp/pytest-of-vsts/pytest-0/test_chmod_True_1/src/file.196.txt
file.###.txt 100 200 97
33188 /tmp/pytest-of-vsts/pytest-0/test_chmod_True_1/src/file.197.txt
file.###.txt 100 200 98
33188 /tmp/pytest-of-vsts/pytest-0/test_chmod_True_1/src/file.198.txt
file.###.txt 100 200 99
33188 /tmp/pytest-of-vsts/pytest-0/test_chmod_True_1/src/file.199.txt
file.###.txt 100 200 100
33188 /tmp/pytest-of-vsts/pytest-0/test_chmod_True_1/src/file.200.txt
--------
file.###.txt 100 200 0
changed: /tmp/pytest-of-vsts/pytest-0/test_chmod_True_1/src/file.100.txt
file.###.txt 100 200 1
changed: /tmp/pytest-of-vsts/pytest-0/test_chmod_True_1/src/file.101.txt
file.###.txt 100 200 2
changed: /tmp/pytest-of-vsts/pytest-0/test_chmod_True_1/src/file.102.txt
file.###.txt 100 200 3
changed: /tmp/pytest-of-vsts/pytest-0/test_chmod_True_1/src/file.103.txt
file.###.txt 100 200 4
changed: /tmp/pytest-of-vsts/pytest-0/test_chmod_True_1/src/file.104.txt
file.###.txt 100 200 5
changed: /tmp/pytest-of-vsts/pytest-0/test_chmod_True_1/src/file.105.txt
file.###.txt 100 200 6
changed: /tmp/pytest-of-vsts/pytest-0/test_chmod_True_1/src/file.106.txt
file.###.txt 100 200 7
changed: /tmp/pytest-of-vsts/pytest-0/test_chmod_True_1/src/file.107.txt
file.###.txt 100 200 8
changed: /tmp/pytest-of-vsts/pytest-0/test_chmod_True_1/src/file.108.txt
file.###.txt 100 200 9
changed: /tmp/pytest-of-vsts/pytest-0/test_chmod_True_1/src/file.109.txt
file.###.txt 100 200 10
changed: /tmp/pytest-of-vsts/pytest-0/test_chmod_True_1/src/file.110.txt
file.###.txt 100 200 11
changed: /tmp/pytest-of-vsts/pytest-0/test_chmod_True_1/src/file.111.txt
file.###.txt 100 200 12
changed: /tmp/pytest-of-vsts/pytest-0/test_chmod_True_1/src/file.112.txt
file.###.txt 100 200 13
changed: /tmp/pytest-of-vsts/pytest-0/test_chmod_True_1/src/file.113.txt
file.###.txt 100 200 14
changed: /tmp/pytest-of-vsts/pytest-0/test_chmod_True_1/src/file.114.txt
file.###.txt 100 200 15
changed: /tmp/pytest-of-vsts/pytest-0/test_chmod_True_1/src/file.115.txt
file.###.txt 100 200 16
changed: /tmp/pytest-of-vsts/pytest-0/test_chmod_True_1/src/file.116.txt
file.###.txt 100 200 17
changed: /tmp/pytest-of-vsts/pytest-0/test_chmod_True_1/src/file.117.txt
file.###.txt 100 200 18
changed: /tmp/pytest-of-vsts/pytest-0/test_chmod_True_1/src/file.118.txt
file.###.txt 100 200 19
changed: /tmp/pytest-of-vsts/pytest-0/test_chmod_True_1/src/file.119.txt
file.###.txt 100 200 20
changed: /tmp/pytest-of-vsts/pytest-0/test_chmod_True_1/src/file.120.txt
file.###.txt 100 200 21
changed: /tmp/pytest-of-vsts/pytest-0/test_chmod_True_1/src/file.121.txt
file.###.txt 100 200 22
changed: /tmp/pytest-of-vsts/pytest-0/test_chmod_True_1/src/file.122.txt
file.###.txt 100 200 23
changed: /tmp/pytest-of-vsts/pytest-0/test_chmod_True_1/src/file.123.txt
file.###.txt 100 200 24
changed: /tmp/pytest-of-vsts/pytest-0/test_chmod_True_1/src/file.124.txt
file.###.txt 100 200 25
changed: /tmp/pytest-of-vsts/pytest-0/test_chmod_True_1/src/file.125.txt
file.###.txt 100 200 26
changed: /tmp/pytest-of-vsts/pytest-0/test_chmod_True_1/src/file.126.txt
file.###.txt 100 200 27
changed: /tmp/pytest-of-vsts/pytest-0/test_chmod_True_1/src/file.127.txt
file.###.txt 100 200 28
changed: /tmp/pytest-of-vsts/pytest-0/test_chmod_True_1/src/file.128.txt
file.###.txt 100 200 29
changed: /tmp/pytest-of-vsts/pytest-0/test_chmod_True_1/src/file.129.txt
file.###.txt 100 200 30
changed: /tmp/pytest-of-vsts/pytest-0/test_chmod_True_1/src/file.130.txt
file.###.txt 100 200 31
changed: /tmp/pytest-of-vsts/pytest-0/test_chmod_True_1/src/file.131.txt
file.###.txt 100 200 32
changed: /tmp/pytest-of-vsts/pytest-0/test_chmod_True_1/src/file.132.txt
file.###.txt 100 200 33
changed: /tmp/pytest-of-vsts/pytest-0/test_chmod_True_1/src/file.133.txt
file.###.txt 100 200 34
changed: /tmp/pytest-of-vsts/pytest-0/test_chmod_True_1/src/file.134.txt
file.###.txt 100 200 35
changed: /tmp/pytest-of-vsts/pytest-0/test_chmod_True_1/src/file.135.txt
file.###.txt 100 200 36
changed: /tmp/pytest-of-vsts/pytest-0/test_chmod_True_1/src/file.136.txt
file.###.txt 100 200 37
changed: /tmp/pytest-of-vsts/pytest-0/test_chmod_True_1/src/file.137.txt
file.###.txt 100 200 38
changed: /tmp/pytest-of-vsts/pytest-0/test_chmod_True_1/src/file.138.txt
file.###.txt 100 200 39
changed: /tmp/pytest-of-vsts/pytest-0/test_chmod_True_1/src/file.139.txt
file.###.txt 100 200 40
changed: /tmp/pytest-of-vsts/pytest-0/test_chmod_True_1/src/file.140.txt
file.###.txt 100 200 41
changed: /tmp/pytest-of-vsts/pytest-0/test_chmod_True_1/src/file.141.txt
file.###.txt 100 200 42
changed: /tmp/pytest-of-vsts/pytest-0/test_chmod_True_1/src/file.142.txt
file.###.txt 100 200 43
changed: /tmp/pytest-of-vsts/pytest-0/test_chmod_True_1/src/file.143.txt
file.###.txt 100 200 44
changed: /tmp/pytest-of-vsts/pytest-0/test_chmod_True_1/src/file.144.txt
file.###.txt 100 200 45
changed: /tmp/pytest-of-vsts/pytest-0/test_chmod_True_1/src/file.145.txt
file.###.txt 100 200 46
changed: /tmp/pytest-of-vsts/pytest-0/test_chmod_True_1/src/file.146.txt
file.###.txt 100 200 47
changed: /tmp/pytest-of-vsts/pytest-0/test_chmod_True_1/src/file.147.txt
file.###.txt 100 200 48
changed: /tmp/pytest-of-vsts/pytest-0/test_chmod_True_1/src/file.148.txt
file.###.txt 100 200 49
changed: /tmp/pytest-of-vsts/pytest-0/test_chmod_True_1/src/file.149.txt
file.###.txt 100 200 50
changed: /tmp/pytest-of-vsts/pytest-0/test_chmod_True_1/src/file.150.txt
file.###.txt 100 200 51
changed: /tmp/pytest-of-vsts/pytest-0/test_chmod_True_1/src/file.151.txt
file.###.txt 100 200 52
changed: /tmp/pytest-of-vsts/pytest-0/test_chmod_True_1/src/file.152.txt
file.###.txt 100 200 53
changed: /tmp/pytest-of-vsts/pytest-0/test_chmod_True_1/src/file.153.txt
file.###.txt 100 200 54
changed: /tmp/pytest-of-vsts/pytest-0/test_chmod_True_1/src/file.154.txt
file.###.txt 100 200 55
changed: /tmp/pytest-of-vsts/pytest-0/test_chmod_True_1/src/file.155.txt
file.###.txt 100 200 56
changed: /tmp/pytest-of-vsts/pytest-0/test_chmod_True_1/src/file.156.txt
file.###.txt 100 200 57
changed: /tmp/pytest-of-vsts/pytest-0/test_chmod_True_1/src/file.157.txt
file.###.txt 100 200 58
changed: /tmp/pytest-of-vsts/pytest-0/test_chmod_True_1/src/file.158.txt
file.###.txt 100 200 59
changed: /tmp/pytest-of-vsts/pytest-0/test_chmod_True_1/src/file.159.txt
file.###.txt 100 200 60
changed: /tmp/pytest-of-vsts/pytest-0/test_chmod_True_1/src/file.160.txt
file.###.txt 100 200 61
changed: /tmp/pytest-of-vsts/pytest-0/test_chmod_True_1/src/file.161.txt
file.###.txt 100 200 62
changed: /tmp/pytest-of-vsts/pytest-0/test_chmod_True_1/src/file.162.txt
file.###.txt 100 200 63
changed: /tmp/pytest-of-vsts/pytest-0/test_chmod_True_1/src/file.163.txt
file.###.txt 100 200 64
changed: /tmp/pytest-of-vsts/pytest-0/test_chmod_True_1/src/file.164.txt
file.###.txt 100 200 65
changed: /tmp/pytest-of-vsts/pytest-0/test_chmod_True_1/src/file.165.txt
file.###.txt 100 200 66
changed: /tmp/pytest-of-vsts/pytest-0/test_chmod_True_1/src/file.166.txt
file.###.txt 100 200 67
changed: /tmp/pytest-of-vsts/pytest-0/test_chmod_True_1/src/file.167.txt
file.###.txt 100 200 68
changed: /tmp/pytest-of-vsts/pytest-0/test_chmod_True_1/src/file.168.txt
file.###.txt 100 200 69
changed: /tmp/pytest-of-vsts/pytest-0/test_chmod_True_1/src/file.169.txt
file.###.txt 100 200 70
changed: /tmp/pytest-of-vsts/pytest-0/test_chmod_True_1/src/file.170.txt
file.###.txt 100 200 71
changed: /tmp/pytest-of-vsts/pytest-0/test_chmod_True_1/src/file.171.txt
file.###.txt 100 200 72
changed: /tmp/pytest-of-vsts/pytest-0/test_chmod_True_1/src/file.172.txt
file.###.txt 100 200 73
changed: /tmp/pytest-of-vsts/pytest-0/test_chmod_True_1/src/file.173.txt
file.###.txt 100 200 74
changed: /tmp/pytest-of-vsts/pytest-0/test_chmod_True_1/src/file.174.txt
file.###.txt 100 200 75
changed: /tmp/pytest-of-vsts/pytest-0/test_chmod_True_1/src/file.175.txt
file.###.txt 100 200 76
changed: /tmp/pytest-of-vsts/pytest-0/test_chmod_True_1/src/file.176.txt
file.###.txt 100 200 77
changed: /tmp/pytest-of-vsts/pytest-0/test_chmod_True_1/src/file.177.txt
file.###.txt 100 200 78
changed: /tmp/pytest-of-vsts/pytest-0/test_chmod_True_1/src/file.178.txt
file.###.txt 100 200 79
changed: /tmp/pytest-of-vsts/pytest-0/test_chmod_True_1/src/file.179.txt
file.###.txt 100 200 80
changed: /tmp/pytest-of-vsts/pytest-0/test_chmod_True_1/src/file.180.txt
file.###.txt 100 200 81
changed: /tmp/pytest-of-vsts/pytest-0/test_chmod_True_1/src/file.181.txt
file.###.txt 100 200 82
changed: /tmp/pytest-of-vsts/pytest-0/test_chmod_True_1/src/file.182.txt
file.###.txt 100 200 83
changed: /tmp/pytest-of-vsts/pytest-0/test_chmod_True_1/src/file.183.txt
file.###.txt 100 200 84
changed: /tmp/pytest-of-vsts/pytest-0/test_chmod_True_1/src/file.184.txt
file.###.txt 100 200 85
changed: /tmp/pytest-of-vsts/pytest-0/test_chmod_True_1/src/file.185.txt
file.###.txt 100 200 86
changed: /tmp/pytest-of-vsts/pytest-0/test_chmod_True_1/src/file.186.txt
file.###.txt 100 200 87
changed: /tmp/pytest-of-vsts/pytest-0/test_chmod_True_1/src/file.187.txt
file.###.txt 100 200 88
changed: /tmp/pytest-of-vsts/pytest-0/test_chmod_True_1/src/file.188.txt
file.###.txt 100 200 89
changed: /tmp/pytest-of-vsts/pytest-0/test_chmod_True_1/src/file.189.txt
file.###.txt 100 200 90
changed: /tmp/pytest-of-vsts/pytest-0/test_chmod_True_1/src/file.190.txt
file.###.txt 100 200 91
changed: /tmp/pytest-of-vsts/pytest-0/test_chmod_True_1/src/file.191.txt
file.###.txt 100 200 92
changed: /tmp/pytest-of-vsts/pytest-0/test_chmod_True_1/src/file.192.txt
file.###.txt 100 200 93
changed: /tmp/pytest-of-vsts/pytest-0/test_chmod_True_1/src/file.193.txt
file.###.txt 100 200 94
changed: /tmp/pytest-of-vsts/pytest-0/test_chmod_True_1/src/file.194.txt
file.###.txt 100 200 95
changed: /tmp/pytest-of-vsts/pytest-0/test_chmod_True_1/src/file.195.txt
file.###.txt 100 200 96
changed: /tmp/pytest-of-vsts/pytest-0/test_chmod_True_1/src/file.196.txt
file.###.txt 100 200 97
changed: /tmp/pytest-of-vsts/pytest-0/test_chmod_True_1/src/file.197.txt
file.###.txt 100 200 98
changed: /tmp/pytest-of-vsts/pytest-0/test_chmod_True_1/src/file.198.txt
file.###.txt 100 200 99
changed: /tmp/pytest-of-vsts/pytest-0/test_chmod_True_1/src/file.199.txt
file.###.txt 100 200 100
changed: /tmp/pytest-of-vsts/pytest-0/test_chmod_True_1/src/file.200.txt
--------
Changed mode list:
file.###.txt 100 200 0
511 /tmp/pytest-of-vsts/pytest-0/test_chmod_True_1/src/file.100.txt
file.###.txt 100 200 1
511 /tmp/pytest-of-vsts/pytest-0/test_chmod_True_1/src/file.101.txt
file.###.txt 100 200 2
511 /tmp/pytest-of-vsts/pytest-0/test_chmod_True_1/src/file.102.txt
file.###.txt 100 200 3
511 /tmp/pytest-of-vsts/pytest-0/test_chmod_True_1/src/file.103.txt
file.###.txt 100 200 4
511 /tmp/pytest-of-vsts/pytest-0/test_chmod_True_1/src/file.104.txt
file.###.txt 100 200 5
511 /tmp/pytest-of-vsts/pytest-0/test_chmod_True_1/src/file.105.txt
file.###.txt 100 200 6
511 /tmp/pytest-of-vsts/pytest-0/test_chmod_True_1/src/file.106.txt
file.###.txt 100 200 7
511 /tmp/pytest-of-vsts/pytest-0/test_chmod_True_1/src/file.107.txt
file.###.txt 100 200 8
511 /tmp/pytest-of-vsts/pytest-0/test_chmod_True_1/src/file.108.txt
file.###.txt 100 200 9
511 /tmp/pytest-of-vsts/pytest-0/test_chmod_True_1/src/file.109.txt
file.###.txt 100 200 10
511 /tmp/pytest-of-vsts/pytest-0/test_chmod_True_1/src/file.110.txt
file.###.txt 100 200 11
511 /tmp/pytest-of-vsts/pytest-0/test_chmod_True_1/src/file.111.txt
file.###.txt 100 200 12
511 /tmp/pytest-of-vsts/pytest-0/test_chmod_True_1/src/file.112.txt
file.###.txt 100 200 13
511 /tmp/pytest-of-vsts/pytest-0/test_chmod_True_1/src/file.113.txt
file.###.txt 100 200 14
511 /tmp/pytest-of-vsts/pytest-0/test_chmod_True_1/src/file.114.txt
file.###.txt 100 200 15
511 /tmp/pytest-of-vsts/pytest-0/test_chmod_True_1/src/file.115.txt
file.###.txt 100 200 16
511 /tmp/pytest-of-vsts/pytest-0/test_chmod_True_1/src/file.116.txt
file.###.txt 100 200 17
511 /tmp/pytest-of-vsts/pytest-0/test_chmod_True_1/src/file.117.txt
file.###.txt 100 200 18
511 /tmp/pytest-of-vsts/pytest-0/test_chmod_True_1/src/file.118.txt
file.###.txt 100 200 19
511 /tmp/pytest-of-vsts/pytest-0/test_chmod_True_1/src/file.119.txt
file.###.txt 100 200 20
511 /tmp/pytest-of-vsts/pytest-0/test_chmod_True_1/src/file.120.txt
file.###.txt 100 200 21
511 /tmp/pytest-of-vsts/pytest-0/test_chmod_True_1/src/file.121.txt
file.###.txt 100 200 22
511 /tmp/pytest-of-vsts/pytest-0/test_chmod_True_1/src/file.122.txt
file.###.txt 100 200 23
511 /tmp/pytest-of-vsts/pytest-0/test_chmod_True_1/src/file.123.txt
file.###.txt 100 200 24
511 /tmp/pytest-of-vsts/pytest-0/test_chmod_True_1/src/file.124.txt
file.###.txt 100 200 25
511 /tmp/pytest-of-vsts/pytest-0/test_chmod_True_1/src/file.125.txt
file.###.txt 100 200 26
511 /tmp/pytest-of-vsts/pytest-0/test_chmod_True_1/src/file.126.txt
file.###.txt 100 200 27
511 /tmp/pytest-of-vsts/pytest-0/test_chmod_True_1/src/file.127.txt
file.###.txt 100 200 28
511 /tmp/pytest-of-vsts/pytest-0/test_chmod_True_1/src/file.128.txt
file.###.txt 100 200 29
511 /tmp/pytest-of-vsts/pytest-0/test_chmod_True_1/src/file.129.txt
file.###.txt 100 200 30
511 /tmp/pytest-of-vsts/pytest-0/test_chmod_True_1/src/file.130.txt
file.###.txt 100 200 31
511 /tmp/pytest-of-vsts/pytest-0/test_chmod_True_1/src/file.131.txt
file.###.txt 100 200 32
511 /tmp/pytest-of-vsts/pytest-0/test_chmod_True_1/src/file.132.txt
file.###.txt 100 200 33
511 /tmp/pytest-of-vsts/pytest-0/test_chmod_True_1/src/file.133.txt
file.###.txt 100 200 34
511 /tmp/pytest-of-vsts/pytest-0/test_chmod_True_1/src/file.134.txt
file.###.txt 100 200 35
511 /tmp/pytest-of-vsts/pytest-0/test_chmod_True_1/src/file.135.txt
file.###.txt 100 200 36
511 /tmp/pytest-of-vsts/pytest-0/test_chmod_True_1/src/file.136.txt
file.###.txt 100 200 37
511 /tmp/pytest-of-vsts/pytest-0/test_chmod_True_1/src/file.137.txt
file.###.txt 100 200 38
511 /tmp/pytest-of-vsts/pytest-0/test_chmod_True_1/src/file.138.txt
file.###.txt 100 200 39
511 /tmp/pytest-of-vsts/pytest-0/test_chmod_True_1/src/file.139.txt
file.###.txt 100 200 40
511 /tmp/pytest-of-vsts/pytest-0/test_chmod_True_1/src/file.140.txt
file.###.txt 100 200 41
511 /tmp/pytest-of-vsts/pytest-0/test_chmod_True_1/src/file.141.txt
file.###.txt 100 200 42
511 /tmp/pytest-of-vsts/pytest-0/test_chmod_True_1/src/file.142.txt
file.###.txt 100 200 43
511 /tmp/pytest-of-vsts/pytest-0/test_chmod_True_1/src/file.143.txt
file.###.txt 100 200 44
511 /tmp/pytest-of-vsts/pytest-0/test_chmod_True_1/src/file.144.txt
file.###.txt 100 200 45
511 /tmp/pytest-of-vsts/pytest-0/test_chmod_True_1/src/file.145.txt
file.###.txt 100 200 46
511 /tmp/pytest-of-vsts/pytest-0/test_chmod_True_1/src/file.146.txt
file.###.txt 100 200 47
511 /tmp/pytest-of-vsts/pytest-0/test_chmod_True_1/src/file.147.txt
file.###.txt 100 200 48
511 /tmp/pytest-of-vsts/pytest-0/test_chmod_True_1/src/file.148.txt
file.###.txt 100 200 49
511 /tmp/pytest-of-vsts/pytest-0/test_chmod_True_1/src/file.149.txt
file.###.txt 100 200 50
511 /tmp/pytest-of-vsts/pytest-0/test_chmod_True_1/src/file.150.txt
file.###.txt 100 200 51
511 /tmp/pytest-of-vsts/pytest-0/test_chmod_True_1/src/file.151.txt
file.###.txt 100 200 52
511 /tmp/pytest-of-vsts/pytest-0/test_chmod_True_1/src/file.152.txt
file.###.txt 100 200 53
511 /tmp/pytest-of-vsts/pytest-0/test_chmod_True_1/src/file.153.txt
file.###.txt 100 200 54
511 /tmp/pytest-of-vsts/pytest-0/test_chmod_True_1/src/file.154.txt
file.###.txt 100 200 55
511 /tmp/pytest-of-vsts/pytest-0/test_chmod_True_1/src/file.155.txt
file.###.txt 100 200 56
511 /tmp/pytest-of-vsts/pytest-0/test_chmod_True_1/src/file.156.txt
file.###.txt 100 200 57
511 /tmp/pytest-of-vsts/pytest-0/test_chmod_True_1/src/file.157.txt
file.###.txt 100 200 58
511 /tmp/pytest-of-vsts/pytest-0/test_chmod_True_1/src/file.158.txt
file.###.txt 100 200 59
511 /tmp/pytest-of-vsts/pytest-0/test_chmod_True_1/src/file.159.txt
file.###.txt 100 200 60
511 /tmp/pytest-of-vsts/pytest-0/test_chmod_True_1/src/file.160.txt
file.###.txt 100 200 61
511 /tmp/pytest-of-vsts/pytest-0/test_chmod_True_1/src/file.161.txt
file.###.txt 100 200 62
511 /tmp/pytest-of-vsts/pytest-0/test_chmod_True_1/src/file.162.txt
file.###.txt 100 200 63
511 /tmp/pytest-of-vsts/pytest-0/test_chmod_True_1/src/file.163.txt
file.###.txt 100 200 64
511 /tmp/pytest-of-vsts/pytest-0/test_chmod_True_1/src/file.164.txt
file.###.txt 100 200 65
511 /tmp/pytest-of-vsts/pytest-0/test_chmod_True_1/src/file.165.txt
file.###.txt 100 200 66
511 /tmp/pytest-of-vsts/pytest-0/test_chmod_True_1/src/file.166.txt
file.###.txt 100 200 67
511 /tmp/pytest-of-vsts/pytest-0/test_chmod_True_1/src/file.167.txt
file.###.txt 100 200 68
511 /tmp/pytest-of-vsts/pytest-0/test_chmod_True_1/src/file.168.txt
file.###.txt 100 200 69
511 /tmp/pytest-of-vsts/pytest-0/test_chmod_True_1/src/file.169.txt
file.###.txt 100 200 70
511 /tmp/pytest-of-vsts/pytest-0/test_chmod_True_1/src/file.170.txt
file.###.txt 100 200 71
511 /tmp/pytest-of-vsts/pytest-0/test_chmod_True_1/src/file.171.txt
file.###.txt 100 200 72
511 /tmp/pytest-of-vsts/pytest-0/test_chmod_True_1/src/file.172.txt
file.###.txt 100 200 73
511 /tmp/pytest-of-vsts/pytest-0/test_chmod_True_1/src/file.173.txt
file.###.txt 100 200 74
511 /tmp/pytest-of-vsts/pytest-0/test_chmod_True_1/src/file.174.txt
file.###.txt 100 200 75
511 /tmp/pytest-of-vsts/pytest-0/test_chmod_True_1/src/file.175.txt
file.###.txt 100 200 76
511 /tmp/pytest-of-vsts/pytest-0/test_chmod_True_1/src/file.176.txt
file.###.txt 100 200 77
511 /tmp/pytest-of-vsts/pytest-0/test_chmod_True_1/src/file.177.txt
file.###.txt 100 200 78
511 /tmp/pytest-of-vsts/pytest-0/test_chmod_True_1/src/file.178.txt
file.###.txt 100 200 79
511 /tmp/pytest-of-vsts/pytest-0/test_chmod_True_1/src/file.179.txt
file.###.txt 100 200 80
511 /tmp/pytest-of-vsts/pytest-0/test_chmod_True_1/src/file.180.txt
file.###.txt 100 200 81
511 /tmp/pytest-of-vsts/pytest-0/test_chmod_True_1/src/file.181.txt
file.###.txt 100 200 82
511 /tmp/pytest-of-vsts/pytest-0/test_chmod_True_1/src/file.182.txt
file.###.txt 100 200 83
511 /tmp/pytest-of-vsts/pytest-0/test_chmod_True_1/src/file.183.txt
file.###.txt 100 200 84
511 /tmp/pytest-of-vsts/pytest-0/test_chmod_True_1/src/file.184.txt
file.###.txt 100 200 85
511 /tmp/pytest-of-vsts/pytest-0/test_chmod_True_1/src/file.185.txt
file.###.txt 100 200 86
511 /tmp/pytest-of-vsts/pytest-0/test_chmod_True_1/src/file.186.txt
file.###.txt 100 200 87
511 /tmp/pytest-of-vsts/pytest-0/test_chmod_True_1/src/file.187.txt
file.###.txt 100 200 88
511 /tmp/pytest-of-vsts/pytest-0/test_chmod_True_1/src/file.188.txt
file.###.txt 100 200 89
511 /tmp/pytest-of-vsts/pytest-0/test_chmod_True_1/src/file.189.txt
file.###.txt 100 200 90
511 /tmp/pytest-of-vsts/pytest-0/test_chmod_True_1/src/file.190.txt
file.###.txt 100 200 91
511 /tmp/pytest-of-vsts/pytest-0/test_chmod_True_1/src/file.191.txt
file.###.txt 100 200 92
511 /tmp/pytest-of-vsts/pytest-0/test_chmod_True_1/src/file.192.txt
file.###.txt 100 200 93
511 /tmp/pytest-of-vsts/pytest-0/test_chmod_True_1/src/file.193.txt
file.###.txt 100 200 94
511 /tmp/pytest-of-vsts/pytest-0/test_chmod_True_1/src/file.194.txt
file.###.txt 100 200 95
511 /tmp/pytest-of-vsts/pytest-0/test_chmod_True_1/src/file.195.txt
file.###.txt 100 200 96
511 /tmp/pytest-of-vsts/pytest-0/test_chmod_True_1/src/file.196.txt
file.###.txt 100 200 97
511 /tmp/pytest-of-vsts/pytest-0/test_chmod_True_1/src/file.197.txt
file.###.txt 100 200 98
511 /tmp/pytest-of-vsts/pytest-0/test_chmod_True_1/src/file.198.txt
file.###.txt 100 200 99
511 /tmp/pytest-of-vsts/pytest-0/test_chmod_True_1/src/file.199.txt
file.###.txt 100 200 100
511 /tmp/pytest-of-vsts/pytest-0/test_chmod_True_1/src/file.200.txt
file.###.txt 100 200 0
file.###.txt 100 200 1
file.###.txt 100 200 2
file.###.txt 100 200 3
file.###.txt 100 200 4
file.###.txt 100 200 5
file.###.txt 100 200 6
file.###.txt 100 200 7
file.###.txt 100 200 8
file.###.txt 100 200 9
file.###.txt 100 200 10
file.###.txt 100 200 11
file.###.txt 100 200 12
file.###.txt 100 200 13
file.###.txt 100 200 14
file.###.txt 100 200 15
file.###.txt 100 200 16
file.###.txt 100 200 17
file.###.txt 100 200 18
file.###.txt 100 200 19
file.###.txt 100 200 20
file.###.txt 100 200 21
file.###.txt 100 200 22
file.###.txt 100 200 23
file.###.txt 100 200 24
file.###.txt 100 200 25
file.###.txt 100 200 26
file.###.txt 100 200 27
file.###.txt 100 200 28
file.###.txt 100 200 29
file.###.txt 100 200 30
file.###.txt 100 200 31
file.###.txt 100 200 32
file.###.txt 100 200 33
file.###.txt 100 200 34
file.###.txt 100 200 35
file.###.txt 100 200 36
file.###.txt 100 200 37
file.###.txt 100 200 38
file.###.txt 100 200 39
file.###.txt 100 200 40
file.###.txt 100 200 41
file.###.txt 100 200 42
file.###.txt 100 200 43
file.###.txt 100 200 44
file.###.txt 100 200 45
file.###.txt 100 200 46
file.###.txt 100 200 47
file.###.txt 100 200 48
file.###.txt 100 200 49
file.###.txt 100 200 50
file.###.txt 100 200 51
file.###.txt 100 200 52
file.###.txt 100 200 53
file.###.txt 100 200 54
file.###.txt 100 200 55
file.###.txt 100 200 56
file.###.txt 100 200 57
file.###.txt 100 200 58
file.###.txt 100 200 59
file.###.txt 100 200 60
file.###.txt 100 200 61
file.###.txt 100 200 62
file.###.txt 100 200 63
file.###.txt 100 200 64
file.###.txt 100 200 65
file.###.txt 100 200 66
file.###.txt 100 200 67
file.###.txt 100 200 68
file.###.txt 100 200 69
file.###.txt 100 200 70
file.###.txt 100 200 71
file.###.txt 100 200 72
file.###.txt 100 200 73
file.###.txt 100 200 74
file.###.txt 100 200 75
file.###.txt 100 200 76
file.###.txt 100 200 77
file.###.txt 100 200 78
file.###.txt 100 200 79
file.###.txt 100 200 80
file.###.txt 100 200 81
file.###.txt 100 200 82
file.###.txt 100 200 83
file.###.txt 100 200 84
file.###.txt 100 200 85
file.###.txt 100 200 86
file.###.txt 100 200 87
file.###.txt 100 200 88
file.###.txt 100 200 89
file.###.txt 100 200 90
file.###.txt 100 200 91
file.###.txt 100 200 92
file.###.txt 100 200 93
file.###.txt 100 200 94
file.###.txt 100 200 95
file.###.txt 100 200 96
file.###.txt 100 200 97
file.###.txt 100 200 98
file.###.txt 100 200 99
file.###.txt 100 200 100
</system-out></testcase><testcase classname="zdevelop.tests.test_file_seq.TestSeqDisk" file="zdevelop/tests/test_file_seq.py" line="311" name="test_chmod[False]" time="0.053"><system-out>file.###.txt 100 200 0
Original mode list:
file.###.txt 100 200 0
33188 /tmp/pytest-of-vsts/pytest-0/test_chmod_False_1/src/file.100.txt
file.###.txt 100 200 1
33188 /tmp/pytest-of-vsts/pytest-0/test_chmod_False_1/src/file.101.txt
file.###.txt 100 200 2
33188 /tmp/pytest-of-vsts/pytest-0/test_chmod_False_1/src/file.102.txt
file.###.txt 100 200 3
33188 /tmp/pytest-of-vsts/pytest-0/test_chmod_False_1/src/file.103.txt
file.###.txt 100 200 4
33188 /tmp/pytest-of-vsts/pytest-0/test_chmod_False_1/src/file.104.txt
file.###.txt 100 200 5
33188 /tmp/pytest-of-vsts/pytest-0/test_chmod_False_1/src/file.105.txt
file.###.txt 100 200 6
33188 /tmp/pytest-of-vsts/pytest-0/test_chmod_False_1/src/file.106.txt
file.###.txt 100 200 7
33188 /tmp/pytest-of-vsts/pytest-0/test_chmod_False_1/src/file.107.txt
file.###.txt 100 200 8
33188 /tmp/pytest-of-vsts/pytest-0/test_chmod_False_1/src/file.108.txt
file.###.txt 100 200 9
33188 /tmp/pytest-of-vsts/pytest-0/test_chmod_False_1/src/file.109.txt
file.###.txt 100 200 10
33188 /tmp/pytest-of-vsts/pytest-0/test_chmod_False_1/src/file.110.txt
file.###.txt 100 200 11
33188 /tmp/pytest-of-vsts/pytest-0/test_chmod_False_1/src/file.111.txt
file.###.txt 100 200 12
33188 /tmp/pytest-of-vsts/pytest-0/test_chmod_False_1/src/file.112.txt
file.###.txt 100 200 13
33188 /tmp/pytest-of-vsts/pytest-0/test_chmod_False_1/src/file.113.txt
file.###.txt 100 200 14
33188 /tmp/pytest-of-vsts/pytest-0/test_chmod_False_1/src/file.114.txt
file.###.txt 100 200 15
33188 /tmp/pytest-of-vsts/pytest-0/test_chmod_False_1/src/file.115.txt
file.###.txt 100 200 16
33188 /tmp/pytest-of-vsts/pytest-0/test_chmod_False_1/src/file.116.txt
file.###.txt 100 200 17
33188 /tmp/pytest-of-vsts/pytest-0/test_chmod_False_1/src/file.117.txt
file.###.txt 100 200 18
33188 /tmp/pytest-of-vsts/pytest-0/test_chmod_False_1/src/file.118.txt
file.###.txt 100 200 19
33188 /tmp/pytest-of-vsts/pytest-0/test_chmod_False_1/src/file.119.txt
file.###.txt 100 200 20
33188 /tmp/pytest-of-vsts/pytest-0/test_chmod_False_1/src/file.120.txt
file.###.txt 100 200 21
33188 /tmp/pytest-of-vsts/pytest-0/test_chmod_False_1/src/file.121.txt
file.###.txt 100 200 22
33188 /tmp/pytest-of-vsts/pytest-0/test_chmod_False_1/src/file.122.txt
file.###.txt 100 200 23
33188 /tmp/pytest-of-vsts/pytest-0/test_chmod_False_1/src/file.123.txt
file.###.txt 100 200 24
33188 /tmp/pytest-of-vsts/pytest-0/test_chmod_False_1/src/file.124.txt
file.###.txt 100 200 25
33188 /tmp/pytest-of-vsts/pytest-0/test_chmod_False_1/src/file.125.txt
file.###.txt 100 200 26
33188 /tmp/pytest-of-vsts/pytest-0/test_chmod_False_1/src/file.126.txt
file.###.txt 100 200 27
33188 /tmp/pytest-of-vsts/pytest-0/test_chmod_False_1/src/file.127.txt
file.###.txt 100 200 28
33188 /tmp/pytest-of-vsts/pytest-0/test_chmod_False_1/src/file.128.txt
file.###.txt 100 200 29
33188 /tmp/pytest-of-vsts/pytest-0/test_chmod_False_1/src/file.129.txt
file.###.txt 100 200 30
33188 /tmp/pytest-of-vsts/pytest-0/test_chmod_False_1/src/file.130.txt
file.###.txt 100 200 31
33188 /tmp/pytest-of-vsts/pytest-0/test_chmod_False_1/src/file.131.txt
file.###.txt 100 200 32
33188 /tmp/pytest-of-vsts/pytest-0/test_chmod_False_1/src/file.132.txt
file.###.txt 100 200 33
33188 /tmp/pytest-of-vsts/pytest-0/test_chmod_False_1/src/file.133.txt
file.###.txt 100 200 34
33188 /tmp/pytest-of-vsts/pytest-0/test_chmod_False_1/src/file.134.txt
file.###.txt 100 200 35
33188 /tmp/pytest-of-vsts/pytest-0/test_chmod_False_1/src/file.135.txt
file.###.txt 100 200 36
33188 /tmp/pytest-of-vsts/pytest-0/test_chmod_False_1/src/file.136.txt
file.###.txt 100 200 37
33188 /tmp/pytest-of-vsts/pytest-0/test_chmod_False_1/src/file.137.txt
file.###.txt 100 200 38
33188 /tmp/pytest-of-vsts/pytest-0/test_chmod_False_1/src/file.138.txt
file.###.txt 100 200 39
33188 /tmp/pytest-of-vsts/pytest-0/test_chmod_False_1/src/file.139.txt
file.###.txt 100 200 40
33188 /tmp/pytest-of-vsts/pytest-0/test_chmod_False_1/src/file.140.txt
file.###.txt 100 200 41
33188 /tmp/pytest-of-vsts/pytest-0/test_chmod_False_1/src/file.141.txt
file.###.txt 100 200 42
33188 /tmp/pytest-of-vsts/pytest-0/test_chmod_False_1/src/file.142.txt
file.###.txt 100 200 43
33188 /tmp/pytest-of-vsts/pytest-0/test_chmod_False_1/src/file.143.txt
file.###.txt 100 200 44
33188 /tmp/pytest-of-vsts/pytest-0/test_chmod_False_1/src/file.144.txt
file.###.txt 100 200 45
33188 /tmp/pytest-of-vsts/pytest-0/test_chmod_False_1/src/file.145.txt
file.###.txt 100 200 46
33188 /tmp/pytest-of-vsts/pytest-0/test_chmod_False_1/src/file.146.txt
file.###.txt 100 200 47
33188 /tmp/pytest-of-vsts/pytest-0/test_chmod_False_1/src/file.147.txt
file.###.txt 100 200 48
33188 /tmp/pytest-of-vsts/pytest-0/test_chmod_False_1/src/file.148.txt
file.###.txt 100 200 49
33188 /tmp/pytest-of-vsts/pytest-0/test_chmod_False_1/src/file.149.txt
file.###.txt 100 200 50
33188 /tmp/pytest-of-vsts/pytest-0/test_chmod_False_1/src/file.150.txt
file.###.txt 100 200 51
33188 /tmp/pytest-of-vsts/pytest-0/test_chmod_False_1/src/file.151.txt
file.###.txt 100 200 52
33188 /tmp/pytest-of-vsts/pytest-0/test_chmod_False_1/src/file.152.txt
file.###.txt 100 200 53
33188 /tmp/pytest-of-vsts/pytest-0/test_chmod_False_1/src/file.153.txt
file.###.txt 100 200 54
33188 /tmp/pytest-of-vsts/pytest-0/test_chmod_False_1/src/file.154.txt
file.###.txt 100 200 55
33188 /tmp/pytest-of-vsts/pytest-0/test_chmod_False_1/src/file.155.txt
file.###.txt 100 200 56
33188 /tmp/pytest-of-vsts/pytest-0/test_chmod_False_1/src/file.156.txt
file.###.txt 100 200 57
33188 /tmp/pytest-of-vsts/pytest-0/test_chmod_False_1/src/file.157.txt
file.###.txt 100 200 58
33188 /tmp/pytest-of-vsts/pytest-0/test_chmod_False_1/src/file.158.txt
file.###.txt 100 200 59
33188 /tmp/pytest-of-vsts/pytest-0/test_chmod_False_1/src/file.159.txt
file.###.txt 100 200 60
33188 /tmp/pytest-of-vsts/pytest-0/test_chmod_False_1/src/file.160.txt
file.###.txt 100 200 61
33188 /tmp/pytest-of-vsts/pytest-0/test_chmod_False_1/src/file.161.txt
file.###.txt 100 200 62
33188 /tmp/pytest-of-vsts/pytest-0/test_chmod_False_1/src/file.162.txt
file.###.txt 100 200 63
33188 /tmp/pytest-of-vsts/pytest-0/test_chmod_False_1/src/file.163.txt
file.###.txt 100 200 64
33188 /tmp/pytest-of-vsts/pytest-0/test_chmod_False_1/src/file.164.txt
file.###.txt 100 200 65
33188 /tmp/pytest-of-vsts/pytest-0/test_chmod_False_1/src/file.165.txt
file.###.txt 100 200 66
33188 /tmp/pytest-of-vsts/pytest-0/test_chmod_False_1/src/file.166.txt
file.###.txt 100 200 67
33188 /tmp/pytest-of-vsts/pytest-0/test_chmod_False_1/src/file.167.txt
file.###.txt 100 200 68
33188 /tmp/pytest-of-vsts/pytest-0/test_chmod_False_1/src/file.168.txt
file.###.txt 100 200 69
33188 /tmp/pytest-of-vsts/pytest-0/test_chmod_False_1/src/file.169.txt
file.###.txt 100 200 70
33188 /tmp/pytest-of-vsts/pytest-0/test_chmod_False_1/src/file.170.txt
file.###.txt 100 200 71
33188 /tmp/pytest-of-vsts/pytest-0/test_chmod_False_1/src/file.171.txt
file.###.txt 100 200 72
33188 /tmp/pytest-of-vsts/pytest-0/test_chmod_False_1/src/file.172.txt
file.###.txt 100 200 73
33188 /tmp/pytest-of-vsts/pytest-0/test_chmod_False_1/src/file.173.txt
file.###.txt 100 200 74
33188 /tmp/pytest-of-vsts/pytest-0/test_chmod_False_1/src/file.174.txt
file.###.txt 100 200 75
33188 /tmp/pytest-of-vsts/pytest-0/test_chmod_False_1/src/file.175.txt
file.###.txt 100 200 76
33188 /tmp/pytest-of-vsts/pytest-0/test_chmod_False_1/src/file.176.txt
file.###.txt 100 200 77
33188 /tmp/pytest-of-vsts/pytest-0/test_chmod_False_1/src/file.177.txt
file.###.txt 100 200 78
33188 /tmp/pytest-of-vsts/pytest-0/test_chmod_False_1/src/file.178.txt
file.###.txt 100 200 79
33188 /tmp/pytest-of-vsts/pytest-0/test_chmod_False_1/src/file.179.txt
file.###.txt 100 200 80
33188 /tmp/pytest-of-vsts/pytest-0/test_chmod_False_1/src/file.180.txt
file.###.txt 100 200 81
33188 /tmp/pytest-of-vsts/pytest-0/test_chmod_False_1/src/file.181.txt
file.###.txt 100 200 82
33188 /tmp/pytest-of-vsts/pytest-0/test_chmod_False_1/src/file.182.txt
file.###.txt 100 200 83
33188 /tmp/pytest-of-vsts/pytest-0/test_chmod_False_1/src/file.183.txt
file.###.txt 100 200 84
33188 /tmp/pytest-of-vsts/pytest-0/test_chmod_False_1/src/file.184.txt
file.###.txt 100 200 85
33188 /tmp/pytest-of-vsts/pytest-0/test_chmod_False_1/src/file.185.txt
file.###.txt 100 200 86
33188 /tmp/pytest-of-vsts/pytest-0/test_chmod_False_1/src/file.186.txt
file.###.txt 100 200 87
33188 /tmp/pytest-of-vsts/pytest-0/test_chmod_False_1/src/file.187.txt
file.###.txt 100 200 88
33188 /tmp/pytest-of-vsts/pytest-0/test_chmod_False_1/src/file.188.txt
file.###.txt 100 200 89
33188 /tmp/pytest-of-vsts/pytest-0/test_chmod_False_1/src/file.189.txt
file.###.txt 100 200 90
33188 /tmp/pytest-of-vsts/pytest-0/test_chmod_False_1/src/file.190.txt
file.###.txt 100 200 91
33188 /tmp/pytest-of-vsts/pytest-0/test_chmod_False_1/src/file.191.txt
file.###.txt 100 200 92
33188 /tmp/pytest-of-vsts/pytest-0/test_chmod_False_1/src/file.192.txt
file.###.txt 100 200 93
33188 /tmp/pytest-of-vsts/pytest-0/test_chmod_False_1/src/file.193.txt
file.###.txt 100 200 94
33188 /tmp/pytest-of-vsts/pytest-0/test_chmod_False_1/src/file.194.txt
file.###.txt 100 200 95
33188 /tmp/pytest-of-vsts/pytest-0/test_chmod_False_1/src/file.195.txt
file.###.txt 100 200 96
33188 /tmp/pytest-of-vsts/pytest-0/test_chmod_False_1/src/file.196.txt
file.###.txt 100 200 97
33188 /tmp/pytest-of-vsts/pytest-0/test_chmod_False_1/src/file.197.txt
file.###.txt 100 200 98
33188 /tmp/pytest-of-vsts/pytest-0/test_chmod_False_1/src/file.198.txt
file.###.txt 100 200 99
33188 /tmp/pytest-of-vsts/pytest-0/test_chmod_False_1/src/file.199.txt
file.###.txt 100 200 100
33188 /tmp/pytest-of-vsts/pytest-0/test_chmod_False_1/src/file.200.txt
--------
file.###.txt 100 200 0
file.###.txt 100 200 1
file.###.txt 100 200 2
file.###.txt 100 200 3
file.###.txt 100 200 4
file.###.txt 100 200 5
file.###.txt 100 200 6
file.###.txt 100 200 7
file.###.txt 100 200 8
file.###.txt 100 200 9
file.###.txt 100 200 10
file.###.txt 100 200 11
file.###.txt 100 200 12
file.###.txt 100 200 13
file.###.txt 100 200 14
file.###.txt 100 200 15
file.###.txt 100 200 16
file.###.txt 100 200 17
file.###.txt 100 200 18
file.###.txt 100 200 19
file.###.txt 100 200 20
file.###.txt 100 200 21
file.###.txt 100 200 22
file.###.txt 100 200 23
file.###.txt 100 200 24
file.###.txt 100 200 25
file.###.txt 100 200 26
file.###.txt 100 200 27
file.###.txt 100 200 28
file.###.txt 100 200 29
file.###.txt 100 200 30
file.###.txt 100 200 31
file.###.txt 100 200 32
file.###.txt 100 200 33
file.###.txt 100 200 34
file.###.txt 100 200 35
file.###.txt 100 200 36
file.###.txt 100 200 37
file.###.txt 100 200 38
file.###.txt 100 200 39
file.###.txt 100 200 40
file.###.txt 100 200 41
file.###.txt 100 200 42
file.###.txt 100 200 43
file.###.txt 100 200 44
file.###.txt 100 200 45
file.###.txt 100 200 46
file.###.txt 100 200 47
file.###.txt 100 200 48
file.###.txt 100 200 49
file.###.txt 100 200 50
file.###.txt 100 200 51
file.###.txt 100 200 52
file.###.txt 100 200 53
file.###.txt 100 200 54
file.###.txt 100 200 55
file.###.txt 100 200 56
file.###.txt 100 200 57
file.###.txt 100 200 58
file.###.txt 100 200 59
file.###.txt 100 200 60
file.###.txt 100 200 61
file.###.txt 100 200 62
file.###.txt 100 200 63
file.###.txt 100 200 64
file.###.txt 100 200 65
file.###.txt 100 200 66
file.###.txt 100 200 67
file.###.txt 100 200 68
file.###.txt 100 200 69
file.###.txt 100 200 70
file.###.txt 100 200 71
file.###.txt 100 200 72
file.###.txt 100 200 73
file.###.txt 100 200 74
file.###.txt 100 200 75
file.###.txt 100 200 76
file.###.txt 100 200 77
file.###.txt 100 200 78
file.###.txt 100 200 79
file.###.txt 100 200 80
file.###.txt 100 200 81
file.###.txt 100 200 82
file.###.txt 100 200 83
file.###.txt 100 200 84
file.###.txt 100 200 85
file.###.txt 100 200 86
file.###.txt 100 200 87
file.###.txt 100 200 88
file.###.txt 100 200 89
file.###.txt 100 200 90
file.###.txt 100 200 91
file.###.txt 100 200 92
file.###.txt 100 200 93
file.###.txt 100 200 94
file.###.txt 100 200 95
file.###.txt 100 200 96
file.###.txt 100 200 97
file.###.txt 100 200 98
file.###.txt 100 200 99
file.###.txt 100 200 100
--------
Changed mode list:
file.###.txt 100 200 0
511 /tmp/pytest-of-vsts/pytest-0/test_chmod_False_1/src/file.100.txt
file.###.txt 100 200 1
511 /tmp/pytest-of-vsts/pytest-0/test_chmod_False_1/src/file.101.txt
file.###.txt 100 200 2
511 /tmp/pytest-of-vsts/pytest-0/test_chmod_False_1/src/file.102.txt
file.###.txt 100 200 3
511 /tmp/pytest-of-vsts/pytest-0/test_chmod_False_1/src/file.103.txt
file.###.txt 100 200 4
511 /tmp/pytest-of-vsts/pytest-0/test_chmod_False_1/src/file.104.txt
file.###.txt 100 200 5
511 /tmp/pytest-of-vsts/pytest-0/test_chmod_False_1/src/file.105.txt
file.###.txt 100 200 6
511 /tmp/pytest-of-vsts/pytest-0/test_chmod_False_1/src/file.106.txt
file.###.txt 100 200 7
511 /tmp/pytest-of-vsts/pytest-0/test_chmod_False_1/src/file.107.txt
file.###.txt 100 200 8
511 /tmp/pytest-of-vsts/pytest-0/test_chmod_False_1/src/file.108.txt
file.###.txt 100 200 9
511 /tmp/pytest-of-vsts/pytest-0/test_chmod_False_1/src/file.109.txt
file.###.txt 100 200 10
511 /tmp/pytest-of-vsts/pytest-0/test_chmod_False_1/src/file.110.txt
file.###.txt 100 200 11
511 /tmp/pytest-of-vsts/pytest-0/test_chmod_False_1/src/file.111.txt
file.###.txt 100 200 12
511 /tmp/pytest-of-vsts/pytest-0/test_chmod_False_1/src/file.112.txt
file.###.txt 100 200 13
511 /tmp/pytest-of-vsts/pytest-0/test_chmod_False_1/src/file.113.txt
file.###.txt 100 200 14
511 /tmp/pytest-of-vsts/pytest-0/test_chmod_False_1/src/file.114.txt
file.###.txt 100 200 15
511 /tmp/pytest-of-vsts/pytest-0/test_chmod_False_1/src/file.115.txt
file.###.txt 100 200 16
511 /tmp/pytest-of-vsts/pytest-0/test_chmod_False_1/src/file.116.txt
file.###.txt 100 200 17
511 /tmp/pytest-of-vsts/pytest-0/test_chmod_False_1/src/file.117.txt
file.###.txt 100 200 18
511 /tmp/pytest-of-vsts/pytest-0/test_chmod_False_1/src/file.118.txt
file.###.txt 100 200 19
511 /tmp/pytest-of-vsts/pytest-0/test_chmod_False_1/src/file.119.txt
file.###.txt 100 200 20
511 /tmp/pytest-of-vsts/pytest-0/test_chmod_False_1/src/file.120.txt
file.###.txt 100 200 21
511 /tmp/pytest-of-vsts/pytest-0/test_chmod_False_1/src/file.121.txt
file.###.txt 100 200 22
511 /tmp/pytest-of-vsts/pytest-0/test_chmod_False_1/src/file.122.txt
file.###.txt 100 200 23
511 /tmp/pytest-of-vsts/pytest-0/test_chmod_False_1/src/file.123.txt
file.###.txt 100 200 24
511 /tmp/pytest-of-vsts/pytest-0/test_chmod_False_1/src/file.124.txt
file.###.txt 100 200 25
511 /tmp/pytest-of-vsts/pytest-0/test_chmod_False_1/src/file.125.txt
file.###.txt 100 200 26
511 /tmp/pytest-of-vsts/pytest-0/test_chmod_False_1/src/file.126.txt
file.###.txt 100 200 27
511 /tmp/pytest-of-vsts/pytest-0/test_chmod_False_1/src/file.127.txt
file.###.txt 100 200 28
511 /tmp/pytest-of-vsts/pytest-0/test_chmod_False_1/src/file.128.txt
file.###.txt 100 200 29
511 /tmp/pytest-of-vsts/pytest-0/test_chmod_False_1/src/file.129.txt
file.###.txt 100 200 30
511 /tmp/pytest-of-vsts/pytest-0/test_chmod_False_1/src/file.130.txt
file.###.txt 100 200 31
511 /tmp/pytest-of-vsts/pytest-0/test_chmod_False_1/src/file.131.txt
file.###.txt 100 200 32
511 /tmp/pytest-of-vsts/pytest-0/test_chmod_False_1/src/file.132.txt
file.###.txt 100 200 33
511 /tmp/pytest-of-vsts/pytest-0/test_chmod_False_1/src/file.133.txt
file.###.txt 100 200 34
511 /tmp/pytest-of-vsts/pytest-0/test_chmod_False_1/src/file.134.txt
file.###.txt 100 200 35
511 /tmp/pytest-of-vsts/pytest-0/test_chmod_False_1/src/file.135.txt
file.###.txt 100 200 36
511 /tmp/pytest-of-vsts/pytest-0/test_chmod_False_1/src/file.136.txt
file.###.txt 100 200 37
511 /tmp/pytest-of-vsts/pytest-0/test_chmod_False_1/src/file.137.txt
file.###.txt 100 200 38
511 /tmp/pytest-of-vsts/pytest-0/test_chmod_False_1/src/file.138.txt
file.###.txt 100 200 39
511 /tmp/pytest-of-vsts/pytest-0/test_chmod_False_1/src/file.139.txt
file.###.txt 100 200 40
511 /tmp/pytest-of-vsts/pytest-0/test_chmod_False_1/src/file.140.txt
file.###.txt 100 200 41
511 /tmp/pytest-of-vsts/pytest-0/test_chmod_False_1/src/file.141.txt
file.###.txt 100 200 42
511 /tmp/pytest-of-vsts/pytest-0/test_chmod_False_1/src/file.142.txt
file.###.txt 100 200 43
511 /tmp/pytest-of-vsts/pytest-0/test_chmod_False_1/src/file.143.txt
file.###.txt 100 200 44
511 /tmp/pytest-of-vsts/pytest-0/test_chmod_False_1/src/file.144.txt
file.###.txt 100 200 45
511 /tmp/pytest-of-vsts/pytest-0/test_chmod_False_1/src/file.145.txt
file.###.txt 100 200 46
511 /tmp/pytest-of-vsts/pytest-0/test_chmod_False_1/src/file.146.txt
file.###.txt 100 200 47
511 /tmp/pytest-of-vsts/pytest-0/test_chmod_False_1/src/file.147.txt
file.###.txt 100 200 48
511 /tmp/pytest-of-vsts/pytest-0/test_chmod_False_1/src/file.148.txt
file.###.txt 100 200 49
511 /tmp/pytest-of-vsts/pytest-0/test_chmod_False_1/src/file.149.txt
file.###.txt 100 200 50
511 /tmp/pytest-of-vsts/pytest-0/test_chmod_False_1/src/file.150.txt
file.###.txt 100 200 51
511 /tmp/pytest-of-vsts/pytest-0/test_chmod_False_1/src/file.151.txt
file.###.txt 100 200 52
511 /tmp/pytest-of-vsts/pytest-0/test_chmod_False_1/src/file.152.txt
file.###.txt 100 200 53
511 /tmp/pytest-of-vsts/pytest-0/test_chmod_False_1/src/file.153.txt
file.###.txt 100 200 54
511 /tmp/pytest-of-vsts/pytest-0/test_chmod_False_1/src/file.154.txt
file.###.txt 100 200 55
511 /tmp/pytest-of-vsts/pytest-0/test_chmod_False_1/src/file.155.txt
file.###.txt 100 200 56
511 /tmp/pytest-of-vsts/pytest-0/test_chmod_False_1/src/file.156.txt
file.###.txt 100 200 57
511 /tmp/pytest-of-vsts/pytest-0/test_chmod_False_1/src/file.157.txt
file.###.txt 100 200 58
511 /tmp/pytest-of-vsts/pytest-0/test_chmod_False_1/src/file.158.txt
file.###.txt 100 200 59
511 /tmp/pytest-of-vsts/pytest-0/test_chmod_False_1/src/file.159.txt
file.###.txt 100 200 60
511 /tmp/pytest-of-vsts/pytest-0/test_chmod_False_1/src/file.160.txt
file.###.txt 100 200 61
511 /tmp/pytest-of-vsts/pytest-0/test_chmod_False_1/src/file.161.txt
file.###.txt 100 200 62
511 /tmp/pytest-of-vsts/pytest-0/test_chmod_False_1/src/file.162.txt
file.###.txt 100 200 63
511 /tmp/pytest-of-vsts/pytest-0/test_chmod_False_1/src/file.163.txt
file.###.txt 100 200 64
511 /tmp/pytest-of-vsts/pytest-0/test_chmod_False_1/src/file.164.txt
file.###.txt 100 200 65
511 /tmp/pytest-of-vsts/pytest-0/test_chmod_False_1/src/file.165.txt
file.###.txt 100 200 66
511 /tmp/pytest-of-vsts/pytest-0/test_chmod_False_1/src/file.166.txt
file.###.txt 100 200 67
511 /tmp/pytest-of-vsts/pytest-0/test_chmod_False_1/src/file.167.txt
file.###.txt 100 200 68
511 /tmp/pytest-of-vsts/pytest-0/test_chmod_False_1/src/file.168.txt
file.###.txt 100 200 69
511 /tmp/pytest-of-vsts/pytest-0/test_chmod_False_1/src/file.169.txt
file.###.txt 100 200 70
511 /tmp/pytest-of-vsts/pytest-0/test_chmod_False_1/src/file.170.txt
file.###.txt 100 200 71
511 /tmp/pytest-of-vsts/pytest-0/test_chmod_False_1/src/file.171.txt
file.###.txt 100 200 72
511 /tmp/pytest-of-vsts/pytest-0/test_chmod_False_1/src/file.172.txt
file.###.txt 100 200 73
511 /tmp/pytest-of-vsts/pytest-0/test_chmod_False_1/src/file.173.txt
file.###.txt 100 200 74
511 /tmp/pytest-of-vsts/pytest-0/test_chmod_False_1/src/file.174.txt
file.###.txt 100 200 75
511 /tmp/pytest-of-vsts/pytest-0/test_chmod_False_1/src/file.175.txt
file.###.txt 100 200 76
511 /tmp/pytest-of-vsts/pytest-0/test_chmod_False_1/src/file.176.txt
file.###.txt 100 200 77
511 /tmp/pytest-of-vsts/pytest-0/test_chmod_False_1/src/file.177.txt
file.###.txt 100 200 78
511 /tmp/pytest-of-vsts/pytest-0/test_chmod_False_1/src/file.178.txt
file.###.txt 100 200 79
511 /tmp/pytest-of-vsts/pytest-0/test_chmod_False_1/src/file.179.txt
file.###.txt 100 200 80
511 /tmp/pytest-of-vsts/pytest-0/test_chmod_False_1/src/file.180.txt
file.###.txt 100 200 81
511 /tmp/pytest-of-vsts/pytest-0/test_chmod_False_1/src/file.181.txt
file.###.txt 100 200 82
511 /tmp/pytest-of-vsts/pytest-0/test_chmod_False_1/src/file.182.txt
file.###.txt 100 200 83
511 /tmp/pytest-of-vsts/pytest-0/test_chmod_False_1/src/file.183.txt
file.###.txt 100 200 84
511 /tmp/pytest-of-vsts/pytest-0/test_chmod_False_1/src/file.184.txt
file.###.txt 100 200 85
511 /tmp/pytest-of-vsts/pytest-0/test_chmod_False_1/src/file.185.txt
file.###.txt 100 200 86
511 /tmp/pytest-of-vsts/pytest-0/test_chmod_False_1/src/file.186.txt
file.###.txt 100 200 87
511 /tmp/pytest-of-vsts/pytest-0/test_chmod_False_1/src/file.187.txt
file.###.txt 100 200 88
511 /tmp/pytest-of-vsts/pytest-0/test_chmod_False_1/src/file.188.txt
file.###.txt 100 200 89
511 /tmp/pytest-of-vsts/pytest-0/test_chmod_False_1/src/file.189.txt
file.###.txt 100 200 90
511 /tmp/pytest-of-vsts/pytest-0/test_chmod_False_1/src/file.190.txt
file.###.txt 100 200 91
511 /tmp/pytest-of-vsts/pytest-0/test_chmod_False_1/src/file.191.txt
file.###.txt 100 200 92
511 /tmp/pytest-of-vsts/pytest-0/test_chmod_False_1/src/file.192.txt
file.###.txt 100 200 93
511 /tmp/pytest-of-vsts/pytest-0/test_chmod_False_1/src/file.193.txt
file.###.txt 100 200 94
511 /tmp/pytest-of-vsts/pytest-0/test_chmod_False_1/src/file.194.txt
file.###.txt 100 200 95
511 /tmp/pytest-of-vsts/pytest-0/test_chmod_False_1/src/file.195.txt
file.###.txt 100 200 96
511 /tmp/pytest-of-vsts/pytest-0/test_chmod_False_1/src/file.196.txt
file.###.txt 100 200 97
511 /tmp/pytest-of-vsts/pytest-0/test_chmod_False_1/src/file.197.txt
file.###.txt 100 200 98
511 /tmp/pytest-of-vsts/pytest-0/test_chmod_False_1/src/file.198.txt
file.###.txt 100 200 99
511 /tmp/pytest-of-vsts/pytest-0/test_chmod_False_1/src/file.199.txt
file.###.txt 100 200 100
511 /tmp/pytest-of-vsts/pytest-0/test_chmod_False_1/src/file.200.txt
file.###.txt 100 200 0
file.###.txt 100 200 1
file.###.txt 100 200 2
file.###.txt 100 200 3
file.###.txt 100 200 4
file.###.txt 100 200 5
file.###.txt 100 200 6
file.###.txt 100 200 7
file.###.txt 100 200 8
file.###.txt 100 200 9
file.###.txt 100 200 10
file.###.txt 100 200 11
file.###.txt 100 200 12
file.###.txt 100 200 13
file.###.txt 100 200 14
file.###.txt 100 200 15
file.###.txt 100 200 16
file.###.txt 100 200 17
file.###.txt 100 200 18
file.###.txt 100 200 19
file.###.txt 100 200 20
file.###.txt 100 200 21
file.###.txt 100 200 22
file.###.txt 100 200 23
file.###.txt 100 200 24
file.###.txt 100 200 25
file.###.txt 100 200 26
file.###.txt 100 200 27
file.###.txt 100 200 28
file.###.txt 100 200 29
file.###.txt 100 200 30
file.###.txt 100 200 31
file.###.txt 100 200 32
file.###.txt 100 200 33
file.###.txt 100 200 34
file.###.txt 100 200 35
file.###.txt 100 200 36
file.###.txt 100 200 37
file.###.txt 100 200 38
file.###.txt 100 200 39
file.###.txt 100 200 40
file.###.txt 100 200 41
file.###.txt 100 200 42
file.###.txt 100 200 43
file.###.txt 100 200 44
file.###.txt 100 200 45
file.###.txt 100 200 46
file.###.txt 100 200 47
file.###.txt 100 200 48
file.###.txt 100 200 49
file.###.txt 100 200 50
file.###.txt 100 200 51
file.###.txt 100 200 52
file.###.txt 100 200 53
file.###.txt 100 200 54
file.###.txt 100 200 55
file.###.txt 100 200 56
file.###.txt 100 200 57
file.###.txt 100 200 58
file.###.txt 100 200 59
file.###.txt 100 200 60
file.###.txt 100 200 61
file.###.txt 100 200 62
file.###.txt 100 200 63
file.###.txt 100 200 64
file.###.txt 100 200 65
file.###.txt 100 200 66
file.###.txt 100 200 67
file.###.txt 100 200 68
file.###.txt 100 200 69
file.###.txt 100 200 70
file.###.txt 100 200 71
file.###.txt 100 200 72
file.###.txt 100 200 73
file.###.txt 100 200 74
file.###.txt 100 200 75
file.###.txt 100 200 76
file.###.txt 100 200 77
file.###.txt 100 200 78
file.###.txt 100 200 79
file.###.txt 100 200 80
file.###.txt 100 200 81
file.###.txt 100 200 82
file.###.txt 100 200 83
file.###.txt 100 200 84
file.###.txt 100 200 85
file.###.txt 100 200 86
file.###.txt 100 200 87
file.###.txt 100 200 88
file.###.txt 100 200 89
file.###.txt 100 200 90
file.###.txt 100 200 91
file.###.txt 100 200 92
file.###.txt 100 200 93
file.###.txt 100 200 94
file.###.txt 100 200 95
file.###.txt 100 200 96
file.###.txt 100 200 97
file.###.txt 100 200 98
file.###.txt 100 200 99
file.###.txt 100 200 100
</system-out></testcase><testcase classname="zdevelop.tests.test_helpers" file="zdevelop/tests/test_helpers.py" line="17" name="test_init_path[/dir/file.mov-str-answer0-False]" time="0.002"></testcase><testcase classname="zdevelop.tests.test_helpers" file="zdevelop/tests/test_helpers.py" line="17" name="test_init_path[/Volumes/media/folder/file.mov-PosixPath-None-True]" time="0.001"></testcase><testcase classname="zdevelop.tests.test_helpers" file="zdevelop/tests/test_helpers.py" line="38" name="test_init_path_pure[/dir/file.mov-answer0]" time="0.001"></testcase><testcase classname="zdevelop.tests.test_helpers" file="zdevelop/tests/test_helpers.py" line="38" name="test_init_path_pure[path1-None]" time="0.001"></testcase><testcase classname="zdevelop.tests.test_helpers" file="zdevelop/tests/test_helpers.py" line="38" name="test_init_path_pure[path2-None]" time="0.001"></testcase><testcase classname="zdevelop.tests.test_helpers" file="zdevelop/tests/test_helpers.py" line="38" name="test_init_path_pure[path3-None]" time="0.001"></testcase><testcase classname="zdevelop.tests.test_helpers" file="zdevelop/tests/test_helpers.py" line="38" name="test_init_path_pure[path4-None]" time="0.001"></testcase><testcase classname="zdevelop.tests.test_helpers" file="zdevelop/tests/test_helpers.py" line="38" name="test_init_path_pure[path5-None]" time="0.002"></testcase></testsuite></testsuites>